[2025-10-09T14:09:54.144+0000] {taskinstance.py:1956} INFO - Dependencies all met for dep_context=non-requeueable deps ti=<TaskInstance: quality_assurance.perform_visual_comparison manual__2025-10-09T14:09:51.806441+00:00 [queued]>
[2025-10-09T14:09:54.150+0000] {taskinstance.py:1956} INFO - Dependencies all met for dep_context=requeueable deps ti=<TaskInstance: quality_assurance.perform_visual_comparison manual__2025-10-09T14:09:51.806441+00:00 [queued]>
[2025-10-09T14:09:54.150+0000] {taskinstance.py:2170} INFO - Starting attempt 1 of 2
[2025-10-09T14:09:54.158+0000] {taskinstance.py:2191} INFO - Executing <Task(PythonOperator): perform_visual_comparison> on 2025-10-09 14:09:51.806441+00:00
[2025-10-09T14:09:54.165+0000] {standard_task_runner.py:60} INFO - Started process 959 to run task
[2025-10-09T14:09:54.167+0000] {standard_task_runner.py:87} INFO - Running: ['***', 'tasks', 'run', 'quality_assurance', 'perform_visual_comparison', 'manual__2025-10-09T14:09:51.806441+00:00', '--job-id', '1189', '--raw', '--subdir', 'DAGS_FOLDER/quality_assurance.py', '--cfg-path', '/tmp/tmp1t6zysin']
[2025-10-09T14:09:54.169+0000] {standard_task_runner.py:88} INFO - Job 1189: Subtask perform_visual_comparison
[2025-10-09T14:09:54.210+0000] {task_command.py:423} INFO - Running <TaskInstance: quality_assurance.perform_visual_comparison manual__2025-10-09T14:09:51.806441+00:00 [running]> on host 9554f3e82501
[2025-10-09T14:09:54.434+0000] {taskinstance.py:2480} INFO - Exporting env vars: AIRFLOW_CTX_DAG_OWNER='pdf-converter' AIRFLOW_CTX_DAG_ID='quality_assurance' AIRFLOW_CTX_TASK_ID='perform_visual_comparison' AIRFLOW_CTX_EXECUTION_DATE='2025-10-09T14:09:51.806441+00:00' AIRFLOW_CTX_TRY_NUMBER='1' AIRFLOW_CTX_DAG_RUN_ID='manual__2025-10-09T14:09:51.806441+00:00'
[2025-10-09T14:09:54.446+0000] {quality_assurance.py:547} INFO - 🔍 Уровень 2: Visual Comparison с Docker Pandoc интеграцией
[2025-10-09T14:09:54.446+0000] {quality_assurance.py:814} INFO - Generating result PDF for document: 1760018830_test_short
[2025-10-09T14:09:54.458+0000] {quality_assurance.py:634} WARNING - ❌ Docker Pandoc service is not responding
[2025-10-09T14:09:54.459+0000] {quality_assurance.py:851} WARNING - Docker Pandoc service not available, falling back to PyMuPDF for 1760018830_test_short
[2025-10-09T14:09:54.459+0000] {quality_assurance.py:172} WARNING - PyMuPDF недоступен, используется базовый Python fallback для генерации PDF
[2025-10-09T14:09:54.502+0000] {quality_assurance.py:764} INFO - 📄 Result PDF создан через базовый Python fallback: /opt/airflow/temp/1760018830_test_short/1760018830_test_short_result.pdf
[2025-10-09T14:09:54.503+0000] {quality_assurance.py:858} INFO - Using fallback-generated PDF for visual comparison: /opt/***/temp/1760018830_test_short/1760018830_test_short_result.pdf
[2025-10-09T14:09:54.503+0000] {quality_assurance.py:324} WARNING - Visual diff helpers unavailable; returning fallback comparison result
[2025-10-09T14:09:54.503+0000] {quality_assurance.py:610} INFO - ✅ Уровень 2 завершен: SSIM=1.000, differences=0
[2025-10-09T14:09:54.503+0000] {python.py:201} INFO - Done. Returned value was: {'level': 2, 'name': 'visual_comparison', 'overall_similarity': 1.0, 'ssim_score': 1.0, 'differences_count': 0, 'issues_found': [], 'processing_time': 0.06809401512145996, 'pandoc_integration': True, 'validation_score': 1.0, 'pages_compared': 0, 'diff_summary': {'status': 'skipped', 'reason': 'visual_diff_unavailable'}, 'diff_image_paths': [], 'result_pdf_path': '/opt/***/temp/1760018830_test_short/1760018830_test_short_result.pdf'}
[2025-10-09T14:09:54.524+0000] {taskinstance.py:1138} INFO - Marking task as SUCCESS. dag_id=quality_assurance, task_id=perform_visual_comparison, execution_date=20251009T140951, start_date=20251009T140954, end_date=20251009T140954
[2025-10-09T14:09:54.579+0000] {local_task_job_runner.py:234} INFO - Task exited with return code 0
[2025-10-09T14:09:54.602+0000] {taskinstance.py:3280} INFO - 0 downstream tasks scheduled from follow-on schedule check
