[2025-10-09T17:00:42.000+0000] {taskinstance.py:1956} INFO - Dependencies all met for dep_context=non-requeueable deps ti=<TaskInstance: document_preprocessing.notify_completion manual__2025-10-09T17:00:17.211320+00:00 [queued]>
[2025-10-09T17:00:42.006+0000] {taskinstance.py:1956} INFO - Dependencies all met for dep_context=requeueable deps ti=<TaskInstance: document_preprocessing.notify_completion manual__2025-10-09T17:00:17.211320+00:00 [queued]>
[2025-10-09T17:00:42.006+0000] {taskinstance.py:2170} INFO - Starting attempt 1 of 3
[2025-10-09T17:00:42.014+0000] {taskinstance.py:2191} INFO - Executing <Task(PythonOperator): notify_completion> on 2025-10-09 17:00:17.211320+00:00
[2025-10-09T17:00:42.019+0000] {standard_task_runner.py:60} INFO - Started process 1058 to run task
[2025-10-09T17:00:42.021+0000] {standard_task_runner.py:87} INFO - Running: ['***', 'tasks', 'run', 'document_preprocessing', 'notify_completion', 'manual__2025-10-09T17:00:17.211320+00:00', '--job-id', '1269', '--raw', '--subdir', 'DAGS_FOLDER/document_preprocessing.py', '--cfg-path', '/tmp/tmp7o4pn_v2']
[2025-10-09T17:00:42.022+0000] {standard_task_runner.py:88} INFO - Job 1269: Subtask notify_completion
[2025-10-09T17:00:42.068+0000] {task_command.py:423} INFO - Running <TaskInstance: document_preprocessing.notify_completion manual__2025-10-09T17:00:17.211320+00:00 [running]> on host 55aa37341c5f
[2025-10-09T17:00:42.133+0000] {taskinstance.py:2480} INFO - Exporting env vars: AIRFLOW_CTX_DAG_OWNER='pdf-converter' AIRFLOW_CTX_DAG_ID='document_preprocessing' AIRFLOW_CTX_TASK_ID='notify_completion' AIRFLOW_CTX_EXECUTION_DATE='2025-10-09T17:00:17.211320+00:00' AIRFLOW_CTX_TRY_NUMBER='1' AIRFLOW_CTX_DAG_RUN_ID='manual__2025-10-09T17:00:17.211320+00:00'
[2025-10-09T17:00:42.155+0000] {shared_utils.py:224} INFO - 
✅ УСПЕШНОЕ ЗАВЕРШЕНИЕ
DAG: document_preprocessing
Task: notify_completion
Время: 2025-10-09T17:00:42.155674
Результат: Обработка завершена

[2025-10-09T17:00:42.155+0000] {document_preprocessing.py:549} INFO - 
✅ DOCUMENT PREPROCESSING ЗАВЕРШЕН УСПЕШНО
📄 Файл: test_short.pdf
📊 Страниц: 5
⏱️ Время: 20.84с
🔍 OCR: Да
📋 Таблицы: Да
📁 Файл: /opt/***/temp/doc_1760029219/doc_1760029219_intermediate.json
✅ Готов для следующей стадии

[2025-10-09T17:00:42.156+0000] {python.py:201} INFO - Done. Returned value was: None
[2025-10-09T17:00:42.164+0000] {taskinstance.py:1138} INFO - Marking task as SUCCESS. dag_id=document_preprocessing, task_id=notify_completion, execution_date=20251009T170017, start_date=20251009T170042, end_date=20251009T170042
[2025-10-09T17:00:42.193+0000] {local_task_job_runner.py:234} INFO - Task exited with return code 0
[2025-10-09T17:00:42.209+0000] {taskinstance.py:3280} INFO - 0 downstream tasks scheduled from follow-on schedule check
