[2025-10-14T16:49:42.950+0000] {processor.py:161} INFO - Started process (PID=5982) to work on /opt/airflow/dags/content_transformation.py
[2025-10-14T16:49:42.951+0000] {processor.py:830} INFO - Processing file /opt/airflow/dags/content_transformation.py for tasks to queue
[2025-10-14T16:49:42.952+0000] {logging_mixin.py:188} INFO - [2025-10-14T16:49:42.952+0000] {dagbag.py:538} INFO - Filling up the DagBag from /opt/airflow/dags/content_transformation.py
[2025-10-14T16:49:42.969+0000] {logging_mixin.py:188} INFO - [2025-10-14T16:49:42.968+0000] {dagbag.py:348} ERROR - Failed to import: /opt/airflow/dags/content_transformation.py
Traceback (most recent call last):
  File "/home/airflow/.local/lib/python3.11/site-packages/airflow/models/dagbag.py", line 344, in parse
    loader.exec_module(new_module)
  File "<frozen importlib._bootstrap_external>", line 940, in exec_module
  File "<frozen importlib._bootstrap>", line 241, in _call_with_frames_removed
  File "/opt/airflow/dags/content_transformation.py", line 70, in <module>
    TRANSLATOR_PACKAGE_ROOT = _ensure_translator_importable()
                              ^^^^^^^^^^^^^^^^^^^^^^^^^^^^^^^
  File "/opt/airflow/dags/content_transformation.py", line 62, in _ensure_translator_importable
    raise ModuleNotFoundError(
ModuleNotFoundError: translator package could not be located. Ensure the project directory containing the translator module is mounted into the Airflow image or provide its location via TRANSLATOR_PACKAGE_PATH.
[2025-10-14T16:49:42.970+0000] {processor.py:842} WARNING - No viable dags retrieved from /opt/airflow/dags/content_transformation.py
[2025-10-14T16:49:42.988+0000] {processor.py:183} INFO - Processing /opt/airflow/dags/content_transformation.py took 0.040 seconds
[2025-10-14T16:50:52.147+0000] {processor.py:161} INFO - Started process (PID=99) to work on /opt/airflow/dags/content_transformation.py
[2025-10-14T16:50:52.148+0000] {processor.py:830} INFO - Processing file /opt/airflow/dags/content_transformation.py for tasks to queue
[2025-10-14T16:50:52.149+0000] {logging_mixin.py:188} INFO - [2025-10-14T16:50:52.149+0000] {dagbag.py:538} INFO - Filling up the DagBag from /opt/airflow/dags/content_transformation.py
[2025-10-14T16:50:52.177+0000] {logging_mixin.py:188} INFO - [2025-10-14T16:50:52.177+0000] {shared_utils.py:452} INFO - Инициализированы пути обработки: ['input_pdf', 'temp_dir', 'output_md', 'logs', 'work_dir']
[2025-10-14T16:50:52.177+0000] {logging_mixin.py:188} INFO - [2025-10-14T16:50:52.177+0000] {shared_utils.py:456} INFO - Настроены URL сервисов: ['document_processor', 'translator', 'quality_assurance', 'airflow']
[2025-10-14T16:50:52.195+0000] {processor.py:840} INFO - DAG(s) 'content_transformation' retrieved from /opt/airflow/dags/content_transformation.py
[2025-10-14T16:50:52.222+0000] {logging_mixin.py:188} INFO - [2025-10-14T16:50:52.222+0000] {dag.py:3036} INFO - Sync 1 DAGs
[2025-10-14T16:50:52.236+0000] {logging_mixin.py:188} INFO - [2025-10-14T16:50:52.236+0000] {dag.py:3823} INFO - Setting next_dagrun for content_transformation to None, run_after=None
[2025-10-14T16:50:52.254+0000] {processor.py:183} INFO - Processing /opt/airflow/dags/content_transformation.py took 0.109 seconds
[2025-10-14T16:51:22.498+0000] {processor.py:161} INFO - Started process (PID=112) to work on /opt/airflow/dags/content_transformation.py
[2025-10-14T16:51:22.499+0000] {processor.py:830} INFO - Processing file /opt/airflow/dags/content_transformation.py for tasks to queue
[2025-10-14T16:51:22.500+0000] {logging_mixin.py:188} INFO - [2025-10-14T16:51:22.500+0000] {dagbag.py:538} INFO - Filling up the DagBag from /opt/airflow/dags/content_transformation.py
[2025-10-14T16:51:22.519+0000] {logging_mixin.py:188} INFO - [2025-10-14T16:51:22.519+0000] {shared_utils.py:452} INFO - Инициализированы пути обработки: ['input_pdf', 'temp_dir', 'output_md', 'logs', 'work_dir']
[2025-10-14T16:51:22.519+0000] {logging_mixin.py:188} INFO - [2025-10-14T16:51:22.519+0000] {shared_utils.py:456} INFO - Настроены URL сервисов: ['document_processor', 'translator', 'quality_assurance', 'airflow']
[2025-10-14T16:51:22.525+0000] {processor.py:840} INFO - DAG(s) 'content_transformation' retrieved from /opt/airflow/dags/content_transformation.py
[2025-10-14T16:51:22.786+0000] {logging_mixin.py:188} INFO - [2025-10-14T16:51:22.786+0000] {dag.py:3036} INFO - Sync 1 DAGs
[2025-10-14T16:51:22.794+0000] {logging_mixin.py:188} INFO - [2025-10-14T16:51:22.794+0000] {dag.py:3823} INFO - Setting next_dagrun for content_transformation to None, run_after=None
[2025-10-14T16:51:22.805+0000] {processor.py:183} INFO - Processing /opt/airflow/dags/content_transformation.py took 0.310 seconds
[2025-10-14T16:51:53.068+0000] {processor.py:161} INFO - Started process (PID=125) to work on /opt/airflow/dags/content_transformation.py
[2025-10-14T16:51:53.069+0000] {processor.py:830} INFO - Processing file /opt/airflow/dags/content_transformation.py for tasks to queue
[2025-10-14T16:51:53.070+0000] {logging_mixin.py:188} INFO - [2025-10-14T16:51:53.070+0000] {dagbag.py:538} INFO - Filling up the DagBag from /opt/airflow/dags/content_transformation.py
[2025-10-14T16:51:53.089+0000] {logging_mixin.py:188} INFO - [2025-10-14T16:51:53.089+0000] {shared_utils.py:452} INFO - Инициализированы пути обработки: ['input_pdf', 'temp_dir', 'output_md', 'logs', 'work_dir']
[2025-10-14T16:51:53.089+0000] {logging_mixin.py:188} INFO - [2025-10-14T16:51:53.089+0000] {shared_utils.py:456} INFO - Настроены URL сервисов: ['document_processor', 'translator', 'quality_assurance', 'airflow']
[2025-10-14T16:51:53.095+0000] {processor.py:840} INFO - DAG(s) 'content_transformation' retrieved from /opt/airflow/dags/content_transformation.py
[2025-10-14T16:51:53.113+0000] {logging_mixin.py:188} INFO - [2025-10-14T16:51:53.113+0000] {dag.py:3036} INFO - Sync 1 DAGs
[2025-10-14T16:51:53.123+0000] {logging_mixin.py:188} INFO - [2025-10-14T16:51:53.123+0000] {dag.py:3823} INFO - Setting next_dagrun for content_transformation to None, run_after=None
[2025-10-14T16:51:53.135+0000] {processor.py:183} INFO - Processing /opt/airflow/dags/content_transformation.py took 0.069 seconds
[2025-10-14T16:52:23.380+0000] {processor.py:161} INFO - Started process (PID=138) to work on /opt/airflow/dags/content_transformation.py
[2025-10-14T16:52:23.380+0000] {processor.py:830} INFO - Processing file /opt/airflow/dags/content_transformation.py for tasks to queue
[2025-10-14T16:52:23.382+0000] {logging_mixin.py:188} INFO - [2025-10-14T16:52:23.382+0000] {dagbag.py:538} INFO - Filling up the DagBag from /opt/airflow/dags/content_transformation.py
[2025-10-14T16:52:23.401+0000] {logging_mixin.py:188} INFO - [2025-10-14T16:52:23.401+0000] {shared_utils.py:452} INFO - Инициализированы пути обработки: ['input_pdf', 'temp_dir', 'output_md', 'logs', 'work_dir']
[2025-10-14T16:52:23.402+0000] {logging_mixin.py:188} INFO - [2025-10-14T16:52:23.401+0000] {shared_utils.py:456} INFO - Настроены URL сервисов: ['document_processor', 'translator', 'quality_assurance', 'airflow']
[2025-10-14T16:52:23.407+0000] {processor.py:840} INFO - DAG(s) 'content_transformation' retrieved from /opt/airflow/dags/content_transformation.py
[2025-10-14T16:52:23.430+0000] {logging_mixin.py:188} INFO - [2025-10-14T16:52:23.430+0000] {dag.py:3036} INFO - Sync 1 DAGs
[2025-10-14T16:52:23.440+0000] {logging_mixin.py:188} INFO - [2025-10-14T16:52:23.440+0000] {dag.py:3823} INFO - Setting next_dagrun for content_transformation to None, run_after=None
[2025-10-14T16:52:23.452+0000] {processor.py:183} INFO - Processing /opt/airflow/dags/content_transformation.py took 0.075 seconds
[2025-10-14T16:52:53.766+0000] {processor.py:161} INFO - Started process (PID=151) to work on /opt/airflow/dags/content_transformation.py
[2025-10-14T16:52:53.767+0000] {processor.py:830} INFO - Processing file /opt/airflow/dags/content_transformation.py for tasks to queue
[2025-10-14T16:52:53.768+0000] {logging_mixin.py:188} INFO - [2025-10-14T16:52:53.768+0000] {dagbag.py:538} INFO - Filling up the DagBag from /opt/airflow/dags/content_transformation.py
[2025-10-14T16:52:53.788+0000] {logging_mixin.py:188} INFO - [2025-10-14T16:52:53.788+0000] {shared_utils.py:452} INFO - Инициализированы пути обработки: ['input_pdf', 'temp_dir', 'output_md', 'logs', 'work_dir']
[2025-10-14T16:52:53.788+0000] {logging_mixin.py:188} INFO - [2025-10-14T16:52:53.788+0000] {shared_utils.py:456} INFO - Настроены URL сервисов: ['document_processor', 'translator', 'quality_assurance', 'airflow']
[2025-10-14T16:52:53.795+0000] {processor.py:840} INFO - DAG(s) 'content_transformation' retrieved from /opt/airflow/dags/content_transformation.py
[2025-10-14T16:52:53.814+0000] {logging_mixin.py:188} INFO - [2025-10-14T16:52:53.814+0000] {dag.py:3036} INFO - Sync 1 DAGs
[2025-10-14T16:52:53.824+0000] {logging_mixin.py:188} INFO - [2025-10-14T16:52:53.824+0000] {dag.py:3823} INFO - Setting next_dagrun for content_transformation to None, run_after=None
[2025-10-14T16:52:53.836+0000] {processor.py:183} INFO - Processing /opt/airflow/dags/content_transformation.py took 0.073 seconds
[2025-10-14T16:53:24.108+0000] {processor.py:161} INFO - Started process (PID=164) to work on /opt/airflow/dags/content_transformation.py
[2025-10-14T16:53:24.109+0000] {processor.py:830} INFO - Processing file /opt/airflow/dags/content_transformation.py for tasks to queue
[2025-10-14T16:53:24.110+0000] {logging_mixin.py:188} INFO - [2025-10-14T16:53:24.110+0000] {dagbag.py:538} INFO - Filling up the DagBag from /opt/airflow/dags/content_transformation.py
[2025-10-14T16:53:24.129+0000] {logging_mixin.py:188} INFO - [2025-10-14T16:53:24.129+0000] {shared_utils.py:452} INFO - Инициализированы пути обработки: ['input_pdf', 'temp_dir', 'output_md', 'logs', 'work_dir']
[2025-10-14T16:53:24.129+0000] {logging_mixin.py:188} INFO - [2025-10-14T16:53:24.129+0000] {shared_utils.py:456} INFO - Настроены URL сервисов: ['document_processor', 'translator', 'quality_assurance', 'airflow']
[2025-10-14T16:53:24.135+0000] {processor.py:840} INFO - DAG(s) 'content_transformation' retrieved from /opt/airflow/dags/content_transformation.py
[2025-10-14T16:53:24.154+0000] {logging_mixin.py:188} INFO - [2025-10-14T16:53:24.154+0000] {dag.py:3036} INFO - Sync 1 DAGs
[2025-10-14T16:53:24.164+0000] {logging_mixin.py:188} INFO - [2025-10-14T16:53:24.164+0000] {dag.py:3823} INFO - Setting next_dagrun for content_transformation to None, run_after=None
[2025-10-14T16:53:24.176+0000] {processor.py:183} INFO - Processing /opt/airflow/dags/content_transformation.py took 0.071 seconds
[2025-10-14T16:53:54.481+0000] {processor.py:161} INFO - Started process (PID=177) to work on /opt/airflow/dags/content_transformation.py
[2025-10-14T16:53:54.481+0000] {processor.py:830} INFO - Processing file /opt/airflow/dags/content_transformation.py for tasks to queue
[2025-10-14T16:53:54.483+0000] {logging_mixin.py:188} INFO - [2025-10-14T16:53:54.483+0000] {dagbag.py:538} INFO - Filling up the DagBag from /opt/airflow/dags/content_transformation.py
[2025-10-14T16:53:54.502+0000] {logging_mixin.py:188} INFO - [2025-10-14T16:53:54.501+0000] {shared_utils.py:452} INFO - Инициализированы пути обработки: ['input_pdf', 'temp_dir', 'output_md', 'logs', 'work_dir']
[2025-10-14T16:53:54.502+0000] {logging_mixin.py:188} INFO - [2025-10-14T16:53:54.502+0000] {shared_utils.py:456} INFO - Настроены URL сервисов: ['document_processor', 'translator', 'quality_assurance', 'airflow']
[2025-10-14T16:53:54.508+0000] {processor.py:840} INFO - DAG(s) 'content_transformation' retrieved from /opt/airflow/dags/content_transformation.py
[2025-10-14T16:53:54.528+0000] {logging_mixin.py:188} INFO - [2025-10-14T16:53:54.528+0000] {dag.py:3036} INFO - Sync 1 DAGs
[2025-10-14T16:53:54.538+0000] {logging_mixin.py:188} INFO - [2025-10-14T16:53:54.538+0000] {dag.py:3823} INFO - Setting next_dagrun for content_transformation to None, run_after=None
[2025-10-14T16:53:54.551+0000] {processor.py:183} INFO - Processing /opt/airflow/dags/content_transformation.py took 0.073 seconds
[2025-10-14T16:54:24.787+0000] {processor.py:161} INFO - Started process (PID=190) to work on /opt/airflow/dags/content_transformation.py
[2025-10-14T16:54:24.787+0000] {processor.py:830} INFO - Processing file /opt/airflow/dags/content_transformation.py for tasks to queue
[2025-10-14T16:54:24.789+0000] {logging_mixin.py:188} INFO - [2025-10-14T16:54:24.789+0000] {dagbag.py:538} INFO - Filling up the DagBag from /opt/airflow/dags/content_transformation.py
[2025-10-14T16:54:24.808+0000] {logging_mixin.py:188} INFO - [2025-10-14T16:54:24.808+0000] {shared_utils.py:452} INFO - Инициализированы пути обработки: ['input_pdf', 'temp_dir', 'output_md', 'logs', 'work_dir']
[2025-10-14T16:54:24.808+0000] {logging_mixin.py:188} INFO - [2025-10-14T16:54:24.808+0000] {shared_utils.py:456} INFO - Настроены URL сервисов: ['document_processor', 'translator', 'quality_assurance', 'airflow']
[2025-10-14T16:54:24.814+0000] {processor.py:840} INFO - DAG(s) 'content_transformation' retrieved from /opt/airflow/dags/content_transformation.py
[2025-10-14T16:54:24.833+0000] {logging_mixin.py:188} INFO - [2025-10-14T16:54:24.832+0000] {dag.py:3036} INFO - Sync 1 DAGs
[2025-10-14T16:54:24.842+0000] {logging_mixin.py:188} INFO - [2025-10-14T16:54:24.842+0000] {dag.py:3823} INFO - Setting next_dagrun for content_transformation to None, run_after=None
[2025-10-14T16:54:24.855+0000] {processor.py:183} INFO - Processing /opt/airflow/dags/content_transformation.py took 0.070 seconds
[2025-10-14T16:54:55.181+0000] {processor.py:161} INFO - Started process (PID=203) to work on /opt/airflow/dags/content_transformation.py
[2025-10-14T16:54:55.182+0000] {processor.py:830} INFO - Processing file /opt/airflow/dags/content_transformation.py for tasks to queue
[2025-10-14T16:54:55.183+0000] {logging_mixin.py:188} INFO - [2025-10-14T16:54:55.183+0000] {dagbag.py:538} INFO - Filling up the DagBag from /opt/airflow/dags/content_transformation.py
[2025-10-14T16:54:55.202+0000] {logging_mixin.py:188} INFO - [2025-10-14T16:54:55.202+0000] {shared_utils.py:452} INFO - Инициализированы пути обработки: ['input_pdf', 'temp_dir', 'output_md', 'logs', 'work_dir']
[2025-10-14T16:54:55.203+0000] {logging_mixin.py:188} INFO - [2025-10-14T16:54:55.203+0000] {shared_utils.py:456} INFO - Настроены URL сервисов: ['document_processor', 'translator', 'quality_assurance', 'airflow']
[2025-10-14T16:54:55.208+0000] {processor.py:840} INFO - DAG(s) 'content_transformation' retrieved from /opt/airflow/dags/content_transformation.py
[2025-10-14T16:54:55.227+0000] {logging_mixin.py:188} INFO - [2025-10-14T16:54:55.227+0000] {dag.py:3036} INFO - Sync 1 DAGs
[2025-10-14T16:54:55.237+0000] {logging_mixin.py:188} INFO - [2025-10-14T16:54:55.237+0000] {dag.py:3823} INFO - Setting next_dagrun for content_transformation to None, run_after=None
[2025-10-14T16:54:55.249+0000] {processor.py:183} INFO - Processing /opt/airflow/dags/content_transformation.py took 0.070 seconds
[2025-10-14T16:55:25.475+0000] {processor.py:161} INFO - Started process (PID=216) to work on /opt/airflow/dags/content_transformation.py
[2025-10-14T16:55:25.476+0000] {processor.py:830} INFO - Processing file /opt/airflow/dags/content_transformation.py for tasks to queue
[2025-10-14T16:55:25.477+0000] {logging_mixin.py:188} INFO - [2025-10-14T16:55:25.477+0000] {dagbag.py:538} INFO - Filling up the DagBag from /opt/airflow/dags/content_transformation.py
[2025-10-14T16:55:25.497+0000] {logging_mixin.py:188} INFO - [2025-10-14T16:55:25.497+0000] {shared_utils.py:452} INFO - Инициализированы пути обработки: ['input_pdf', 'temp_dir', 'output_md', 'logs', 'work_dir']
[2025-10-14T16:55:25.497+0000] {logging_mixin.py:188} INFO - [2025-10-14T16:55:25.497+0000] {shared_utils.py:456} INFO - Настроены URL сервисов: ['document_processor', 'translator', 'quality_assurance', 'airflow']
[2025-10-14T16:55:25.503+0000] {processor.py:840} INFO - DAG(s) 'content_transformation' retrieved from /opt/airflow/dags/content_transformation.py
[2025-10-14T16:55:25.521+0000] {logging_mixin.py:188} INFO - [2025-10-14T16:55:25.521+0000] {dag.py:3036} INFO - Sync 1 DAGs
[2025-10-14T16:55:25.530+0000] {logging_mixin.py:188} INFO - [2025-10-14T16:55:25.530+0000] {dag.py:3823} INFO - Setting next_dagrun for content_transformation to None, run_after=None
[2025-10-14T16:55:25.543+0000] {processor.py:183} INFO - Processing /opt/airflow/dags/content_transformation.py took 0.071 seconds
[2025-10-14T16:55:55.858+0000] {processor.py:161} INFO - Started process (PID=229) to work on /opt/airflow/dags/content_transformation.py
[2025-10-14T16:55:55.858+0000] {processor.py:830} INFO - Processing file /opt/airflow/dags/content_transformation.py for tasks to queue
[2025-10-14T16:55:55.860+0000] {logging_mixin.py:188} INFO - [2025-10-14T16:55:55.860+0000] {dagbag.py:538} INFO - Filling up the DagBag from /opt/airflow/dags/content_transformation.py
[2025-10-14T16:55:55.879+0000] {logging_mixin.py:188} INFO - [2025-10-14T16:55:55.878+0000] {shared_utils.py:452} INFO - Инициализированы пути обработки: ['input_pdf', 'temp_dir', 'output_md', 'logs', 'work_dir']
[2025-10-14T16:55:55.879+0000] {logging_mixin.py:188} INFO - [2025-10-14T16:55:55.879+0000] {shared_utils.py:456} INFO - Настроены URL сервисов: ['document_processor', 'translator', 'quality_assurance', 'airflow']
[2025-10-14T16:55:55.885+0000] {processor.py:840} INFO - DAG(s) 'content_transformation' retrieved from /opt/airflow/dags/content_transformation.py
[2025-10-14T16:55:55.904+0000] {logging_mixin.py:188} INFO - [2025-10-14T16:55:55.904+0000] {dag.py:3036} INFO - Sync 1 DAGs
[2025-10-14T16:55:55.913+0000] {logging_mixin.py:188} INFO - [2025-10-14T16:55:55.913+0000] {dag.py:3823} INFO - Setting next_dagrun for content_transformation to None, run_after=None
[2025-10-14T16:55:55.925+0000] {processor.py:183} INFO - Processing /opt/airflow/dags/content_transformation.py took 0.070 seconds
[2025-10-14T16:56:26.153+0000] {processor.py:161} INFO - Started process (PID=242) to work on /opt/airflow/dags/content_transformation.py
[2025-10-14T16:56:26.154+0000] {processor.py:830} INFO - Processing file /opt/airflow/dags/content_transformation.py for tasks to queue
[2025-10-14T16:56:26.155+0000] {logging_mixin.py:188} INFO - [2025-10-14T16:56:26.155+0000] {dagbag.py:538} INFO - Filling up the DagBag from /opt/airflow/dags/content_transformation.py
[2025-10-14T16:56:26.174+0000] {logging_mixin.py:188} INFO - [2025-10-14T16:56:26.174+0000] {shared_utils.py:452} INFO - Инициализированы пути обработки: ['input_pdf', 'temp_dir', 'output_md', 'logs', 'work_dir']
[2025-10-14T16:56:26.175+0000] {logging_mixin.py:188} INFO - [2025-10-14T16:56:26.175+0000] {shared_utils.py:456} INFO - Настроены URL сервисов: ['document_processor', 'translator', 'quality_assurance', 'airflow']
[2025-10-14T16:56:26.180+0000] {processor.py:840} INFO - DAG(s) 'content_transformation' retrieved from /opt/airflow/dags/content_transformation.py
[2025-10-14T16:56:26.200+0000] {logging_mixin.py:188} INFO - [2025-10-14T16:56:26.199+0000] {dag.py:3036} INFO - Sync 1 DAGs
[2025-10-14T16:56:26.209+0000] {logging_mixin.py:188} INFO - [2025-10-14T16:56:26.209+0000] {dag.py:3823} INFO - Setting next_dagrun for content_transformation to None, run_after=None
[2025-10-14T16:56:26.222+0000] {processor.py:183} INFO - Processing /opt/airflow/dags/content_transformation.py took 0.071 seconds
[2025-10-14T16:56:56.451+0000] {processor.py:161} INFO - Started process (PID=256) to work on /opt/airflow/dags/content_transformation.py
[2025-10-14T16:56:56.451+0000] {processor.py:830} INFO - Processing file /opt/airflow/dags/content_transformation.py for tasks to queue
[2025-10-14T16:56:56.453+0000] {logging_mixin.py:188} INFO - [2025-10-14T16:56:56.453+0000] {dagbag.py:538} INFO - Filling up the DagBag from /opt/airflow/dags/content_transformation.py
[2025-10-14T16:56:56.473+0000] {logging_mixin.py:188} INFO - [2025-10-14T16:56:56.473+0000] {shared_utils.py:452} INFO - Инициализированы пути обработки: ['input_pdf', 'temp_dir', 'output_md', 'logs', 'work_dir']
[2025-10-14T16:56:56.473+0000] {logging_mixin.py:188} INFO - [2025-10-14T16:56:56.473+0000] {shared_utils.py:456} INFO - Настроены URL сервисов: ['document_processor', 'translator', 'quality_assurance', 'airflow']
[2025-10-14T16:56:56.479+0000] {processor.py:840} INFO - DAG(s) 'content_transformation' retrieved from /opt/airflow/dags/content_transformation.py
[2025-10-14T16:56:56.498+0000] {logging_mixin.py:188} INFO - [2025-10-14T16:56:56.497+0000] {dag.py:3036} INFO - Sync 1 DAGs
[2025-10-14T16:56:56.507+0000] {logging_mixin.py:188} INFO - [2025-10-14T16:56:56.507+0000] {dag.py:3823} INFO - Setting next_dagrun for content_transformation to None, run_after=None
[2025-10-14T16:56:56.519+0000] {processor.py:183} INFO - Processing /opt/airflow/dags/content_transformation.py took 0.071 seconds
[2025-10-14T16:57:26.873+0000] {processor.py:161} INFO - Started process (PID=269) to work on /opt/airflow/dags/content_transformation.py
[2025-10-14T16:57:26.874+0000] {processor.py:830} INFO - Processing file /opt/airflow/dags/content_transformation.py for tasks to queue
[2025-10-14T16:57:26.875+0000] {logging_mixin.py:188} INFO - [2025-10-14T16:57:26.875+0000] {dagbag.py:538} INFO - Filling up the DagBag from /opt/airflow/dags/content_transformation.py
[2025-10-14T16:57:26.895+0000] {logging_mixin.py:188} INFO - [2025-10-14T16:57:26.895+0000] {shared_utils.py:452} INFO - Инициализированы пути обработки: ['input_pdf', 'temp_dir', 'output_md', 'logs', 'work_dir']
[2025-10-14T16:57:26.896+0000] {logging_mixin.py:188} INFO - [2025-10-14T16:57:26.896+0000] {shared_utils.py:456} INFO - Настроены URL сервисов: ['document_processor', 'translator', 'quality_assurance', 'airflow']
[2025-10-14T16:57:26.902+0000] {processor.py:840} INFO - DAG(s) 'content_transformation' retrieved from /opt/airflow/dags/content_transformation.py
[2025-10-14T16:57:26.920+0000] {logging_mixin.py:188} INFO - [2025-10-14T16:57:26.920+0000] {dag.py:3036} INFO - Sync 1 DAGs
[2025-10-14T16:57:26.930+0000] {logging_mixin.py:188} INFO - [2025-10-14T16:57:26.930+0000] {dag.py:3823} INFO - Setting next_dagrun for content_transformation to None, run_after=None
[2025-10-14T16:57:26.943+0000] {processor.py:183} INFO - Processing /opt/airflow/dags/content_transformation.py took 0.073 seconds
[2025-10-14T16:57:57.174+0000] {processor.py:161} INFO - Started process (PID=282) to work on /opt/airflow/dags/content_transformation.py
[2025-10-14T16:57:57.175+0000] {processor.py:830} INFO - Processing file /opt/airflow/dags/content_transformation.py for tasks to queue
[2025-10-14T16:57:57.176+0000] {logging_mixin.py:188} INFO - [2025-10-14T16:57:57.176+0000] {dagbag.py:538} INFO - Filling up the DagBag from /opt/airflow/dags/content_transformation.py
[2025-10-14T16:57:57.196+0000] {logging_mixin.py:188} INFO - [2025-10-14T16:57:57.196+0000] {shared_utils.py:452} INFO - Инициализированы пути обработки: ['input_pdf', 'temp_dir', 'output_md', 'logs', 'work_dir']
[2025-10-14T16:57:57.196+0000] {logging_mixin.py:188} INFO - [2025-10-14T16:57:57.196+0000] {shared_utils.py:456} INFO - Настроены URL сервисов: ['document_processor', 'translator', 'quality_assurance', 'airflow']
[2025-10-14T16:57:57.202+0000] {processor.py:840} INFO - DAG(s) 'content_transformation' retrieved from /opt/airflow/dags/content_transformation.py
[2025-10-14T16:57:57.221+0000] {logging_mixin.py:188} INFO - [2025-10-14T16:57:57.220+0000] {dag.py:3036} INFO - Sync 1 DAGs
[2025-10-14T16:57:57.230+0000] {logging_mixin.py:188} INFO - [2025-10-14T16:57:57.230+0000] {dag.py:3823} INFO - Setting next_dagrun for content_transformation to None, run_after=None
[2025-10-14T16:57:57.242+0000] {processor.py:183} INFO - Processing /opt/airflow/dags/content_transformation.py took 0.071 seconds
[2025-10-14T16:58:27.553+0000] {processor.py:161} INFO - Started process (PID=295) to work on /opt/airflow/dags/content_transformation.py
[2025-10-14T16:58:27.554+0000] {processor.py:830} INFO - Processing file /opt/airflow/dags/content_transformation.py for tasks to queue
[2025-10-14T16:58:27.555+0000] {logging_mixin.py:188} INFO - [2025-10-14T16:58:27.555+0000] {dagbag.py:538} INFO - Filling up the DagBag from /opt/airflow/dags/content_transformation.py
[2025-10-14T16:58:27.574+0000] {logging_mixin.py:188} INFO - [2025-10-14T16:58:27.574+0000] {shared_utils.py:452} INFO - Инициализированы пути обработки: ['input_pdf', 'temp_dir', 'output_md', 'logs', 'work_dir']
[2025-10-14T16:58:27.574+0000] {logging_mixin.py:188} INFO - [2025-10-14T16:58:27.574+0000] {shared_utils.py:456} INFO - Настроены URL сервисов: ['document_processor', 'translator', 'quality_assurance', 'airflow']
[2025-10-14T16:58:27.580+0000] {processor.py:840} INFO - DAG(s) 'content_transformation' retrieved from /opt/airflow/dags/content_transformation.py
[2025-10-14T16:58:27.599+0000] {logging_mixin.py:188} INFO - [2025-10-14T16:58:27.598+0000] {dag.py:3036} INFO - Sync 1 DAGs
[2025-10-14T16:58:27.608+0000] {logging_mixin.py:188} INFO - [2025-10-14T16:58:27.608+0000] {dag.py:3823} INFO - Setting next_dagrun for content_transformation to None, run_after=None
[2025-10-14T16:58:27.620+0000] {processor.py:183} INFO - Processing /opt/airflow/dags/content_transformation.py took 0.070 seconds
[2025-10-14T16:58:57.846+0000] {processor.py:161} INFO - Started process (PID=308) to work on /opt/airflow/dags/content_transformation.py
[2025-10-14T16:58:57.846+0000] {processor.py:830} INFO - Processing file /opt/airflow/dags/content_transformation.py for tasks to queue
[2025-10-14T16:58:57.848+0000] {logging_mixin.py:188} INFO - [2025-10-14T16:58:57.847+0000] {dagbag.py:538} INFO - Filling up the DagBag from /opt/airflow/dags/content_transformation.py
[2025-10-14T16:58:57.866+0000] {logging_mixin.py:188} INFO - [2025-10-14T16:58:57.866+0000] {shared_utils.py:452} INFO - Инициализированы пути обработки: ['input_pdf', 'temp_dir', 'output_md', 'logs', 'work_dir']
[2025-10-14T16:58:57.866+0000] {logging_mixin.py:188} INFO - [2025-10-14T16:58:57.866+0000] {shared_utils.py:456} INFO - Настроены URL сервисов: ['document_processor', 'translator', 'quality_assurance', 'airflow']
[2025-10-14T16:58:57.872+0000] {processor.py:840} INFO - DAG(s) 'content_transformation' retrieved from /opt/airflow/dags/content_transformation.py
[2025-10-14T16:58:57.891+0000] {logging_mixin.py:188} INFO - [2025-10-14T16:58:57.890+0000] {dag.py:3036} INFO - Sync 1 DAGs
[2025-10-14T16:58:57.900+0000] {logging_mixin.py:188} INFO - [2025-10-14T16:58:57.900+0000] {dag.py:3823} INFO - Setting next_dagrun for content_transformation to None, run_after=None
[2025-10-14T16:58:57.913+0000] {processor.py:183} INFO - Processing /opt/airflow/dags/content_transformation.py took 0.069 seconds
[2025-10-14T16:59:28.228+0000] {processor.py:161} INFO - Started process (PID=321) to work on /opt/airflow/dags/content_transformation.py
[2025-10-14T16:59:28.229+0000] {processor.py:830} INFO - Processing file /opt/airflow/dags/content_transformation.py for tasks to queue
[2025-10-14T16:59:28.230+0000] {logging_mixin.py:188} INFO - [2025-10-14T16:59:28.230+0000] {dagbag.py:538} INFO - Filling up the DagBag from /opt/airflow/dags/content_transformation.py
[2025-10-14T16:59:28.249+0000] {logging_mixin.py:188} INFO - [2025-10-14T16:59:28.248+0000] {shared_utils.py:452} INFO - Инициализированы пути обработки: ['input_pdf', 'temp_dir', 'output_md', 'logs', 'work_dir']
[2025-10-14T16:59:28.249+0000] {logging_mixin.py:188} INFO - [2025-10-14T16:59:28.249+0000] {shared_utils.py:456} INFO - Настроены URL сервисов: ['document_processor', 'translator', 'quality_assurance', 'airflow']
[2025-10-14T16:59:28.254+0000] {processor.py:840} INFO - DAG(s) 'content_transformation' retrieved from /opt/airflow/dags/content_transformation.py
[2025-10-14T16:59:28.273+0000] {logging_mixin.py:188} INFO - [2025-10-14T16:59:28.273+0000] {dag.py:3036} INFO - Sync 1 DAGs
[2025-10-14T16:59:28.283+0000] {logging_mixin.py:188} INFO - [2025-10-14T16:59:28.283+0000] {dag.py:3823} INFO - Setting next_dagrun for content_transformation to None, run_after=None
[2025-10-14T16:59:28.295+0000] {processor.py:183} INFO - Processing /opt/airflow/dags/content_transformation.py took 0.069 seconds
[2025-10-14T16:59:58.517+0000] {processor.py:161} INFO - Started process (PID=334) to work on /opt/airflow/dags/content_transformation.py
[2025-10-14T16:59:58.518+0000] {processor.py:830} INFO - Processing file /opt/airflow/dags/content_transformation.py for tasks to queue
[2025-10-14T16:59:58.519+0000] {logging_mixin.py:188} INFO - [2025-10-14T16:59:58.519+0000] {dagbag.py:538} INFO - Filling up the DagBag from /opt/airflow/dags/content_transformation.py
[2025-10-14T16:59:58.538+0000] {logging_mixin.py:188} INFO - [2025-10-14T16:59:58.538+0000] {shared_utils.py:452} INFO - Инициализированы пути обработки: ['input_pdf', 'temp_dir', 'output_md', 'logs', 'work_dir']
[2025-10-14T16:59:58.538+0000] {logging_mixin.py:188} INFO - [2025-10-14T16:59:58.538+0000] {shared_utils.py:456} INFO - Настроены URL сервисов: ['document_processor', 'translator', 'quality_assurance', 'airflow']
[2025-10-14T16:59:58.544+0000] {processor.py:840} INFO - DAG(s) 'content_transformation' retrieved from /opt/airflow/dags/content_transformation.py
[2025-10-14T16:59:58.564+0000] {logging_mixin.py:188} INFO - [2025-10-14T16:59:58.564+0000] {dag.py:3036} INFO - Sync 1 DAGs
[2025-10-14T16:59:58.574+0000] {logging_mixin.py:188} INFO - [2025-10-14T16:59:58.574+0000] {dag.py:3823} INFO - Setting next_dagrun for content_transformation to None, run_after=None
[2025-10-14T16:59:58.586+0000] {processor.py:183} INFO - Processing /opt/airflow/dags/content_transformation.py took 0.071 seconds
[2025-10-14T17:00:28.896+0000] {processor.py:161} INFO - Started process (PID=347) to work on /opt/airflow/dags/content_transformation.py
[2025-10-14T17:00:28.896+0000] {processor.py:830} INFO - Processing file /opt/airflow/dags/content_transformation.py for tasks to queue
[2025-10-14T17:00:28.898+0000] {logging_mixin.py:188} INFO - [2025-10-14T17:00:28.897+0000] {dagbag.py:538} INFO - Filling up the DagBag from /opt/airflow/dags/content_transformation.py
[2025-10-14T17:00:28.916+0000] {logging_mixin.py:188} INFO - [2025-10-14T17:00:28.916+0000] {shared_utils.py:452} INFO - Инициализированы пути обработки: ['input_pdf', 'temp_dir', 'output_md', 'logs', 'work_dir']
[2025-10-14T17:00:28.917+0000] {logging_mixin.py:188} INFO - [2025-10-14T17:00:28.917+0000] {shared_utils.py:456} INFO - Настроены URL сервисов: ['document_processor', 'translator', 'quality_assurance', 'airflow']
[2025-10-14T17:00:28.922+0000] {processor.py:840} INFO - DAG(s) 'content_transformation' retrieved from /opt/airflow/dags/content_transformation.py
[2025-10-14T17:00:28.942+0000] {logging_mixin.py:188} INFO - [2025-10-14T17:00:28.942+0000] {dag.py:3036} INFO - Sync 1 DAGs
[2025-10-14T17:00:28.953+0000] {logging_mixin.py:188} INFO - [2025-10-14T17:00:28.953+0000] {dag.py:3823} INFO - Setting next_dagrun for content_transformation to None, run_after=None
[2025-10-14T17:00:28.965+0000] {processor.py:183} INFO - Processing /opt/airflow/dags/content_transformation.py took 0.072 seconds
[2025-10-14T17:00:59.191+0000] {processor.py:161} INFO - Started process (PID=360) to work on /opt/airflow/dags/content_transformation.py
[2025-10-14T17:00:59.192+0000] {processor.py:830} INFO - Processing file /opt/airflow/dags/content_transformation.py for tasks to queue
[2025-10-14T17:00:59.193+0000] {logging_mixin.py:188} INFO - [2025-10-14T17:00:59.193+0000] {dagbag.py:538} INFO - Filling up the DagBag from /opt/airflow/dags/content_transformation.py
[2025-10-14T17:00:59.212+0000] {logging_mixin.py:188} INFO - [2025-10-14T17:00:59.212+0000] {shared_utils.py:452} INFO - Инициализированы пути обработки: ['input_pdf', 'temp_dir', 'output_md', 'logs', 'work_dir']
[2025-10-14T17:00:59.212+0000] {logging_mixin.py:188} INFO - [2025-10-14T17:00:59.212+0000] {shared_utils.py:456} INFO - Настроены URL сервисов: ['document_processor', 'translator', 'quality_assurance', 'airflow']
[2025-10-14T17:00:59.218+0000] {processor.py:840} INFO - DAG(s) 'content_transformation' retrieved from /opt/airflow/dags/content_transformation.py
[2025-10-14T17:00:59.236+0000] {logging_mixin.py:188} INFO - [2025-10-14T17:00:59.236+0000] {dag.py:3036} INFO - Sync 1 DAGs
[2025-10-14T17:00:59.245+0000] {logging_mixin.py:188} INFO - [2025-10-14T17:00:59.245+0000] {dag.py:3823} INFO - Setting next_dagrun for content_transformation to None, run_after=None
[2025-10-14T17:00:59.257+0000] {processor.py:183} INFO - Processing /opt/airflow/dags/content_transformation.py took 0.069 seconds
[2025-10-14T17:01:29.484+0000] {processor.py:161} INFO - Started process (PID=373) to work on /opt/airflow/dags/content_transformation.py
[2025-10-14T17:01:29.485+0000] {processor.py:830} INFO - Processing file /opt/airflow/dags/content_transformation.py for tasks to queue
[2025-10-14T17:01:29.486+0000] {logging_mixin.py:188} INFO - [2025-10-14T17:01:29.486+0000] {dagbag.py:538} INFO - Filling up the DagBag from /opt/airflow/dags/content_transformation.py
[2025-10-14T17:01:29.505+0000] {logging_mixin.py:188} INFO - [2025-10-14T17:01:29.505+0000] {shared_utils.py:452} INFO - Инициализированы пути обработки: ['input_pdf', 'temp_dir', 'output_md', 'logs', 'work_dir']
[2025-10-14T17:01:29.505+0000] {logging_mixin.py:188} INFO - [2025-10-14T17:01:29.505+0000] {shared_utils.py:456} INFO - Настроены URL сервисов: ['document_processor', 'translator', 'quality_assurance', 'airflow']
[2025-10-14T17:01:29.511+0000] {processor.py:840} INFO - DAG(s) 'content_transformation' retrieved from /opt/airflow/dags/content_transformation.py
[2025-10-14T17:01:29.530+0000] {logging_mixin.py:188} INFO - [2025-10-14T17:01:29.530+0000] {dag.py:3036} INFO - Sync 1 DAGs
[2025-10-14T17:01:29.539+0000] {logging_mixin.py:188} INFO - [2025-10-14T17:01:29.539+0000] {dag.py:3823} INFO - Setting next_dagrun for content_transformation to None, run_after=None
[2025-10-14T17:01:29.552+0000] {processor.py:183} INFO - Processing /opt/airflow/dags/content_transformation.py took 0.070 seconds
[2025-10-14T17:01:59.871+0000] {processor.py:161} INFO - Started process (PID=386) to work on /opt/airflow/dags/content_transformation.py
[2025-10-14T17:01:59.871+0000] {processor.py:830} INFO - Processing file /opt/airflow/dags/content_transformation.py for tasks to queue
[2025-10-14T17:01:59.873+0000] {logging_mixin.py:188} INFO - [2025-10-14T17:01:59.873+0000] {dagbag.py:538} INFO - Filling up the DagBag from /opt/airflow/dags/content_transformation.py
[2025-10-14T17:01:59.892+0000] {logging_mixin.py:188} INFO - [2025-10-14T17:01:59.892+0000] {shared_utils.py:452} INFO - Инициализированы пути обработки: ['input_pdf', 'temp_dir', 'output_md', 'logs', 'work_dir']
[2025-10-14T17:01:59.892+0000] {logging_mixin.py:188} INFO - [2025-10-14T17:01:59.892+0000] {shared_utils.py:456} INFO - Настроены URL сервисов: ['document_processor', 'translator', 'quality_assurance', 'airflow']
[2025-10-14T17:01:59.898+0000] {processor.py:840} INFO - DAG(s) 'content_transformation' retrieved from /opt/airflow/dags/content_transformation.py
[2025-10-14T17:01:59.918+0000] {logging_mixin.py:188} INFO - [2025-10-14T17:01:59.918+0000] {dag.py:3036} INFO - Sync 1 DAGs
[2025-10-14T17:01:59.928+0000] {logging_mixin.py:188} INFO - [2025-10-14T17:01:59.928+0000] {dag.py:3823} INFO - Setting next_dagrun for content_transformation to None, run_after=None
[2025-10-14T17:01:59.940+0000] {processor.py:183} INFO - Processing /opt/airflow/dags/content_transformation.py took 0.072 seconds
[2025-10-14T17:02:30.183+0000] {processor.py:161} INFO - Started process (PID=399) to work on /opt/airflow/dags/content_transformation.py
[2025-10-14T17:02:30.184+0000] {processor.py:830} INFO - Processing file /opt/airflow/dags/content_transformation.py for tasks to queue
[2025-10-14T17:02:30.185+0000] {logging_mixin.py:188} INFO - [2025-10-14T17:02:30.185+0000] {dagbag.py:538} INFO - Filling up the DagBag from /opt/airflow/dags/content_transformation.py
[2025-10-14T17:02:30.204+0000] {logging_mixin.py:188} INFO - [2025-10-14T17:02:30.204+0000] {shared_utils.py:452} INFO - Инициализированы пути обработки: ['input_pdf', 'temp_dir', 'output_md', 'logs', 'work_dir']
[2025-10-14T17:02:30.204+0000] {logging_mixin.py:188} INFO - [2025-10-14T17:02:30.204+0000] {shared_utils.py:456} INFO - Настроены URL сервисов: ['document_processor', 'translator', 'quality_assurance', 'airflow']
[2025-10-14T17:02:30.210+0000] {processor.py:840} INFO - DAG(s) 'content_transformation' retrieved from /opt/airflow/dags/content_transformation.py
[2025-10-14T17:02:30.229+0000] {logging_mixin.py:188} INFO - [2025-10-14T17:02:30.229+0000] {dag.py:3036} INFO - Sync 1 DAGs
[2025-10-14T17:02:30.238+0000] {logging_mixin.py:188} INFO - [2025-10-14T17:02:30.238+0000] {dag.py:3823} INFO - Setting next_dagrun for content_transformation to None, run_after=None
[2025-10-14T17:02:30.251+0000] {processor.py:183} INFO - Processing /opt/airflow/dags/content_transformation.py took 0.070 seconds
[2025-10-14T17:03:00.599+0000] {processor.py:161} INFO - Started process (PID=412) to work on /opt/airflow/dags/content_transformation.py
[2025-10-14T17:03:00.600+0000] {processor.py:830} INFO - Processing file /opt/airflow/dags/content_transformation.py for tasks to queue
[2025-10-14T17:03:00.601+0000] {logging_mixin.py:188} INFO - [2025-10-14T17:03:00.601+0000] {dagbag.py:538} INFO - Filling up the DagBag from /opt/airflow/dags/content_transformation.py
[2025-10-14T17:03:00.620+0000] {logging_mixin.py:188} INFO - [2025-10-14T17:03:00.620+0000] {shared_utils.py:452} INFO - Инициализированы пути обработки: ['input_pdf', 'temp_dir', 'output_md', 'logs', 'work_dir']
[2025-10-14T17:03:00.620+0000] {logging_mixin.py:188} INFO - [2025-10-14T17:03:00.620+0000] {shared_utils.py:456} INFO - Настроены URL сервисов: ['document_processor', 'translator', 'quality_assurance', 'airflow']
[2025-10-14T17:03:00.626+0000] {processor.py:840} INFO - DAG(s) 'content_transformation' retrieved from /opt/airflow/dags/content_transformation.py
[2025-10-14T17:03:00.644+0000] {logging_mixin.py:188} INFO - [2025-10-14T17:03:00.644+0000] {dag.py:3036} INFO - Sync 1 DAGs
[2025-10-14T17:03:00.654+0000] {logging_mixin.py:188} INFO - [2025-10-14T17:03:00.654+0000] {dag.py:3823} INFO - Setting next_dagrun for content_transformation to None, run_after=None
[2025-10-14T17:03:00.666+0000] {processor.py:183} INFO - Processing /opt/airflow/dags/content_transformation.py took 0.070 seconds
[2025-10-14T17:03:30.892+0000] {processor.py:161} INFO - Started process (PID=425) to work on /opt/airflow/dags/content_transformation.py
[2025-10-14T17:03:30.893+0000] {processor.py:830} INFO - Processing file /opt/airflow/dags/content_transformation.py for tasks to queue
[2025-10-14T17:03:30.894+0000] {logging_mixin.py:188} INFO - [2025-10-14T17:03:30.894+0000] {dagbag.py:538} INFO - Filling up the DagBag from /opt/airflow/dags/content_transformation.py
[2025-10-14T17:03:30.913+0000] {logging_mixin.py:188} INFO - [2025-10-14T17:03:30.912+0000] {shared_utils.py:452} INFO - Инициализированы пути обработки: ['input_pdf', 'temp_dir', 'output_md', 'logs', 'work_dir']
[2025-10-14T17:03:30.913+0000] {logging_mixin.py:188} INFO - [2025-10-14T17:03:30.913+0000] {shared_utils.py:456} INFO - Настроены URL сервисов: ['document_processor', 'translator', 'quality_assurance', 'airflow']
[2025-10-14T17:03:30.918+0000] {processor.py:840} INFO - DAG(s) 'content_transformation' retrieved from /opt/airflow/dags/content_transformation.py
[2025-10-14T17:03:30.937+0000] {logging_mixin.py:188} INFO - [2025-10-14T17:03:30.937+0000] {dag.py:3036} INFO - Sync 1 DAGs
[2025-10-14T17:03:30.947+0000] {logging_mixin.py:188} INFO - [2025-10-14T17:03:30.947+0000] {dag.py:3823} INFO - Setting next_dagrun for content_transformation to None, run_after=None
[2025-10-14T17:03:30.959+0000] {processor.py:183} INFO - Processing /opt/airflow/dags/content_transformation.py took 0.069 seconds
[2025-10-14T17:04:01.272+0000] {processor.py:161} INFO - Started process (PID=438) to work on /opt/airflow/dags/content_transformation.py
[2025-10-14T17:04:01.272+0000] {processor.py:830} INFO - Processing file /opt/airflow/dags/content_transformation.py for tasks to queue
[2025-10-14T17:04:01.274+0000] {logging_mixin.py:188} INFO - [2025-10-14T17:04:01.273+0000] {dagbag.py:538} INFO - Filling up the DagBag from /opt/airflow/dags/content_transformation.py
[2025-10-14T17:04:01.292+0000] {logging_mixin.py:188} INFO - [2025-10-14T17:04:01.292+0000] {shared_utils.py:452} INFO - Инициализированы пути обработки: ['input_pdf', 'temp_dir', 'output_md', 'logs', 'work_dir']
[2025-10-14T17:04:01.292+0000] {logging_mixin.py:188} INFO - [2025-10-14T17:04:01.292+0000] {shared_utils.py:456} INFO - Настроены URL сервисов: ['document_processor', 'translator', 'quality_assurance', 'airflow']
[2025-10-14T17:04:01.298+0000] {processor.py:840} INFO - DAG(s) 'content_transformation' retrieved from /opt/airflow/dags/content_transformation.py
[2025-10-14T17:04:01.319+0000] {logging_mixin.py:188} INFO - [2025-10-14T17:04:01.319+0000] {dag.py:3036} INFO - Sync 1 DAGs
[2025-10-14T17:04:01.329+0000] {logging_mixin.py:188} INFO - [2025-10-14T17:04:01.329+0000] {dag.py:3823} INFO - Setting next_dagrun for content_transformation to None, run_after=None
[2025-10-14T17:04:01.341+0000] {processor.py:183} INFO - Processing /opt/airflow/dags/content_transformation.py took 0.072 seconds
[2025-10-14T17:04:31.578+0000] {processor.py:161} INFO - Started process (PID=451) to work on /opt/airflow/dags/content_transformation.py
[2025-10-14T17:04:31.579+0000] {processor.py:830} INFO - Processing file /opt/airflow/dags/content_transformation.py for tasks to queue
[2025-10-14T17:04:31.580+0000] {logging_mixin.py:188} INFO - [2025-10-14T17:04:31.580+0000] {dagbag.py:538} INFO - Filling up the DagBag from /opt/airflow/dags/content_transformation.py
[2025-10-14T17:04:31.600+0000] {logging_mixin.py:188} INFO - [2025-10-14T17:04:31.600+0000] {shared_utils.py:452} INFO - Инициализированы пути обработки: ['input_pdf', 'temp_dir', 'output_md', 'logs', 'work_dir']
[2025-10-14T17:04:31.600+0000] {logging_mixin.py:188} INFO - [2025-10-14T17:04:31.600+0000] {shared_utils.py:456} INFO - Настроены URL сервисов: ['document_processor', 'translator', 'quality_assurance', 'airflow']
[2025-10-14T17:04:31.606+0000] {processor.py:840} INFO - DAG(s) 'content_transformation' retrieved from /opt/airflow/dags/content_transformation.py
[2025-10-14T17:04:31.625+0000] {logging_mixin.py:188} INFO - [2025-10-14T17:04:31.624+0000] {dag.py:3036} INFO - Sync 1 DAGs
[2025-10-14T17:04:31.634+0000] {logging_mixin.py:188} INFO - [2025-10-14T17:04:31.634+0000] {dag.py:3823} INFO - Setting next_dagrun for content_transformation to None, run_after=None
[2025-10-14T17:04:31.647+0000] {processor.py:183} INFO - Processing /opt/airflow/dags/content_transformation.py took 0.071 seconds
[2025-10-14T17:05:01.969+0000] {processor.py:161} INFO - Started process (PID=464) to work on /opt/airflow/dags/content_transformation.py
[2025-10-14T17:05:01.969+0000] {processor.py:830} INFO - Processing file /opt/airflow/dags/content_transformation.py for tasks to queue
[2025-10-14T17:05:01.971+0000] {logging_mixin.py:188} INFO - [2025-10-14T17:05:01.971+0000] {dagbag.py:538} INFO - Filling up the DagBag from /opt/airflow/dags/content_transformation.py
[2025-10-14T17:05:01.989+0000] {logging_mixin.py:188} INFO - [2025-10-14T17:05:01.989+0000] {shared_utils.py:452} INFO - Инициализированы пути обработки: ['input_pdf', 'temp_dir', 'output_md', 'logs', 'work_dir']
[2025-10-14T17:05:01.990+0000] {logging_mixin.py:188} INFO - [2025-10-14T17:05:01.989+0000] {shared_utils.py:456} INFO - Настроены URL сервисов: ['document_processor', 'translator', 'quality_assurance', 'airflow']
[2025-10-14T17:05:01.995+0000] {processor.py:840} INFO - DAG(s) 'content_transformation' retrieved from /opt/airflow/dags/content_transformation.py
[2025-10-14T17:05:02.014+0000] {logging_mixin.py:188} INFO - [2025-10-14T17:05:02.014+0000] {dag.py:3036} INFO - Sync 1 DAGs
[2025-10-14T17:05:02.023+0000] {logging_mixin.py:188} INFO - [2025-10-14T17:05:02.023+0000] {dag.py:3823} INFO - Setting next_dagrun for content_transformation to None, run_after=None
[2025-10-14T17:05:02.035+0000] {processor.py:183} INFO - Processing /opt/airflow/dags/content_transformation.py took 0.069 seconds
[2025-10-14T17:05:32.272+0000] {processor.py:161} INFO - Started process (PID=477) to work on /opt/airflow/dags/content_transformation.py
[2025-10-14T17:05:32.272+0000] {processor.py:830} INFO - Processing file /opt/airflow/dags/content_transformation.py for tasks to queue
[2025-10-14T17:05:32.274+0000] {logging_mixin.py:188} INFO - [2025-10-14T17:05:32.273+0000] {dagbag.py:538} INFO - Filling up the DagBag from /opt/airflow/dags/content_transformation.py
[2025-10-14T17:05:32.292+0000] {logging_mixin.py:188} INFO - [2025-10-14T17:05:32.292+0000] {shared_utils.py:452} INFO - Инициализированы пути обработки: ['input_pdf', 'temp_dir', 'output_md', 'logs', 'work_dir']
[2025-10-14T17:05:32.292+0000] {logging_mixin.py:188} INFO - [2025-10-14T17:05:32.292+0000] {shared_utils.py:456} INFO - Настроены URL сервисов: ['document_processor', 'translator', 'quality_assurance', 'airflow']
[2025-10-14T17:05:32.298+0000] {processor.py:840} INFO - DAG(s) 'content_transformation' retrieved from /opt/airflow/dags/content_transformation.py
[2025-10-14T17:05:32.317+0000] {logging_mixin.py:188} INFO - [2025-10-14T17:05:32.317+0000] {dag.py:3036} INFO - Sync 1 DAGs
[2025-10-14T17:05:32.326+0000] {logging_mixin.py:188} INFO - [2025-10-14T17:05:32.326+0000] {dag.py:3823} INFO - Setting next_dagrun for content_transformation to None, run_after=None
[2025-10-14T17:05:32.338+0000] {processor.py:183} INFO - Processing /opt/airflow/dags/content_transformation.py took 0.069 seconds
[2025-10-14T17:06:02.658+0000] {processor.py:161} INFO - Started process (PID=490) to work on /opt/airflow/dags/content_transformation.py
[2025-10-14T17:06:02.658+0000] {processor.py:830} INFO - Processing file /opt/airflow/dags/content_transformation.py for tasks to queue
[2025-10-14T17:06:02.660+0000] {logging_mixin.py:188} INFO - [2025-10-14T17:06:02.660+0000] {dagbag.py:538} INFO - Filling up the DagBag from /opt/airflow/dags/content_transformation.py
[2025-10-14T17:06:02.680+0000] {logging_mixin.py:188} INFO - [2025-10-14T17:06:02.679+0000] {shared_utils.py:452} INFO - Инициализированы пути обработки: ['input_pdf', 'temp_dir', 'output_md', 'logs', 'work_dir']
[2025-10-14T17:06:02.680+0000] {logging_mixin.py:188} INFO - [2025-10-14T17:06:02.680+0000] {shared_utils.py:456} INFO - Настроены URL сервисов: ['document_processor', 'translator', 'quality_assurance', 'airflow']
[2025-10-14T17:06:02.686+0000] {processor.py:840} INFO - DAG(s) 'content_transformation' retrieved from /opt/airflow/dags/content_transformation.py
[2025-10-14T17:06:02.705+0000] {logging_mixin.py:188} INFO - [2025-10-14T17:06:02.705+0000] {dag.py:3036} INFO - Sync 1 DAGs
[2025-10-14T17:06:02.715+0000] {logging_mixin.py:188} INFO - [2025-10-14T17:06:02.715+0000] {dag.py:3823} INFO - Setting next_dagrun for content_transformation to None, run_after=None
[2025-10-14T17:06:02.727+0000] {processor.py:183} INFO - Processing /opt/airflow/dags/content_transformation.py took 0.073 seconds
[2025-10-14T17:06:32.954+0000] {processor.py:161} INFO - Started process (PID=503) to work on /opt/airflow/dags/content_transformation.py
[2025-10-14T17:06:32.955+0000] {processor.py:830} INFO - Processing file /opt/airflow/dags/content_transformation.py for tasks to queue
[2025-10-14T17:06:32.956+0000] {logging_mixin.py:188} INFO - [2025-10-14T17:06:32.956+0000] {dagbag.py:538} INFO - Filling up the DagBag from /opt/airflow/dags/content_transformation.py
[2025-10-14T17:06:32.975+0000] {logging_mixin.py:188} INFO - [2025-10-14T17:06:32.974+0000] {shared_utils.py:452} INFO - Инициализированы пути обработки: ['input_pdf', 'temp_dir', 'output_md', 'logs', 'work_dir']
[2025-10-14T17:06:32.975+0000] {logging_mixin.py:188} INFO - [2025-10-14T17:06:32.975+0000] {shared_utils.py:456} INFO - Настроены URL сервисов: ['document_processor', 'translator', 'quality_assurance', 'airflow']
[2025-10-14T17:06:32.980+0000] {processor.py:840} INFO - DAG(s) 'content_transformation' retrieved from /opt/airflow/dags/content_transformation.py
[2025-10-14T17:06:32.999+0000] {logging_mixin.py:188} INFO - [2025-10-14T17:06:32.999+0000] {dag.py:3036} INFO - Sync 1 DAGs
[2025-10-14T17:06:33.009+0000] {logging_mixin.py:188} INFO - [2025-10-14T17:06:33.009+0000] {dag.py:3823} INFO - Setting next_dagrun for content_transformation to None, run_after=None
[2025-10-14T17:06:33.021+0000] {processor.py:183} INFO - Processing /opt/airflow/dags/content_transformation.py took 0.070 seconds
[2025-10-14T17:07:03.222+0000] {processor.py:161} INFO - Started process (PID=515) to work on /opt/airflow/dags/content_transformation.py
[2025-10-14T17:07:03.223+0000] {processor.py:830} INFO - Processing file /opt/airflow/dags/content_transformation.py for tasks to queue
[2025-10-14T17:07:03.224+0000] {logging_mixin.py:188} INFO - [2025-10-14T17:07:03.224+0000] {dagbag.py:538} INFO - Filling up the DagBag from /opt/airflow/dags/content_transformation.py
[2025-10-14T17:07:03.243+0000] {logging_mixin.py:188} INFO - [2025-10-14T17:07:03.243+0000] {shared_utils.py:452} INFO - Инициализированы пути обработки: ['input_pdf', 'temp_dir', 'output_md', 'logs', 'work_dir']
[2025-10-14T17:07:03.243+0000] {logging_mixin.py:188} INFO - [2025-10-14T17:07:03.243+0000] {shared_utils.py:456} INFO - Настроены URL сервисов: ['document_processor', 'translator', 'quality_assurance', 'airflow']
[2025-10-14T17:07:03.249+0000] {processor.py:840} INFO - DAG(s) 'content_transformation' retrieved from /opt/airflow/dags/content_transformation.py
[2025-10-14T17:07:03.268+0000] {logging_mixin.py:188} INFO - [2025-10-14T17:07:03.267+0000] {dag.py:3036} INFO - Sync 1 DAGs
[2025-10-14T17:07:03.277+0000] {logging_mixin.py:188} INFO - [2025-10-14T17:07:03.277+0000] {dag.py:3823} INFO - Setting next_dagrun for content_transformation to None, run_after=None
[2025-10-14T17:07:03.290+0000] {processor.py:183} INFO - Processing /opt/airflow/dags/content_transformation.py took 0.070 seconds
[2025-10-14T17:07:33.929+0000] {processor.py:161} INFO - Started process (PID=528) to work on /opt/airflow/dags/content_transformation.py
[2025-10-14T17:07:33.930+0000] {processor.py:830} INFO - Processing file /opt/airflow/dags/content_transformation.py for tasks to queue
[2025-10-14T17:07:33.931+0000] {logging_mixin.py:188} INFO - [2025-10-14T17:07:33.931+0000] {dagbag.py:538} INFO - Filling up the DagBag from /opt/airflow/dags/content_transformation.py
[2025-10-14T17:07:33.950+0000] {logging_mixin.py:188} INFO - [2025-10-14T17:07:33.950+0000] {shared_utils.py:452} INFO - Инициализированы пути обработки: ['input_pdf', 'temp_dir', 'output_md', 'logs', 'work_dir']
[2025-10-14T17:07:33.950+0000] {logging_mixin.py:188} INFO - [2025-10-14T17:07:33.950+0000] {shared_utils.py:456} INFO - Настроены URL сервисов: ['document_processor', 'translator', 'quality_assurance', 'airflow']
[2025-10-14T17:07:33.955+0000] {processor.py:840} INFO - DAG(s) 'content_transformation' retrieved from /opt/airflow/dags/content_transformation.py
[2025-10-14T17:07:33.975+0000] {logging_mixin.py:188} INFO - [2025-10-14T17:07:33.974+0000] {dag.py:3036} INFO - Sync 1 DAGs
[2025-10-14T17:07:33.985+0000] {logging_mixin.py:188} INFO - [2025-10-14T17:07:33.985+0000] {dag.py:3823} INFO - Setting next_dagrun for content_transformation to None, run_after=None
[2025-10-14T17:07:33.998+0000] {processor.py:183} INFO - Processing /opt/airflow/dags/content_transformation.py took 0.072 seconds
