[2025-10-14T16:49:34.912+0000] {processor.py:161} INFO - Started process (PID=5981) to work on /opt/airflow/dags/document_preprocessing.py
[2025-10-14T16:49:34.913+0000] {processor.py:830} INFO - Processing file /opt/airflow/dags/document_preprocessing.py for tasks to queue
[2025-10-14T16:49:34.914+0000] {logging_mixin.py:188} INFO - [2025-10-14T16:49:34.914+0000] {dagbag.py:538} INFO - Filling up the DagBag from /opt/airflow/dags/document_preprocessing.py
[2025-10-14T16:49:34.925+0000] {logging_mixin.py:188} INFO - [2025-10-14T16:49:34.924+0000] {shared_utils.py:452} INFO - Инициализированы пути обработки: ['input_pdf', 'temp_dir', 'output_md', 'logs', 'work_dir']
[2025-10-14T16:49:34.925+0000] {logging_mixin.py:188} INFO - [2025-10-14T16:49:34.925+0000] {shared_utils.py:456} INFO - Настроены URL сервисов: ['document_processor', 'translator', 'quality_assurance', 'airflow']
[2025-10-14T16:49:34.929+0000] {processor.py:840} INFO - DAG(s) 'document_preprocessing' retrieved from /opt/airflow/dags/document_preprocessing.py
[2025-10-14T16:49:34.949+0000] {logging_mixin.py:188} INFO - [2025-10-14T16:49:34.949+0000] {dag.py:3036} INFO - Sync 1 DAGs
[2025-10-14T16:49:34.959+0000] {logging_mixin.py:188} INFO - [2025-10-14T16:49:34.958+0000] {dag.py:3823} INFO - Setting next_dagrun for document_preprocessing to None, run_after=None
[2025-10-14T16:49:34.970+0000] {processor.py:183} INFO - Processing /opt/airflow/dags/document_preprocessing.py took 0.060 seconds
[2025-10-14T16:50:52.403+0000] {processor.py:161} INFO - Started process (PID=105) to work on /opt/airflow/dags/document_preprocessing.py
[2025-10-14T16:50:52.404+0000] {processor.py:830} INFO - Processing file /opt/airflow/dags/document_preprocessing.py for tasks to queue
[2025-10-14T16:50:52.405+0000] {logging_mixin.py:188} INFO - [2025-10-14T16:50:52.405+0000] {dagbag.py:538} INFO - Filling up the DagBag from /opt/airflow/dags/document_preprocessing.py
[2025-10-14T16:50:52.416+0000] {logging_mixin.py:188} INFO - [2025-10-14T16:50:52.416+0000] {shared_utils.py:452} INFO - Инициализированы пути обработки: ['input_pdf', 'temp_dir', 'output_md', 'logs', 'work_dir']
[2025-10-14T16:50:52.416+0000] {logging_mixin.py:188} INFO - [2025-10-14T16:50:52.416+0000] {shared_utils.py:456} INFO - Настроены URL сервисов: ['document_processor', 'translator', 'quality_assurance', 'airflow']
[2025-10-14T16:50:52.421+0000] {processor.py:840} INFO - DAG(s) 'document_preprocessing' retrieved from /opt/airflow/dags/document_preprocessing.py
[2025-10-14T16:50:52.434+0000] {logging_mixin.py:188} INFO - [2025-10-14T16:50:52.434+0000] {dag.py:3036} INFO - Sync 1 DAGs
[2025-10-14T16:50:52.445+0000] {logging_mixin.py:188} INFO - [2025-10-14T16:50:52.445+0000] {dag.py:3823} INFO - Setting next_dagrun for document_preprocessing to None, run_after=None
[2025-10-14T16:50:52.459+0000] {processor.py:183} INFO - Processing /opt/airflow/dags/document_preprocessing.py took 0.059 seconds
[2025-10-14T16:51:22.831+0000] {processor.py:161} INFO - Started process (PID=116) to work on /opt/airflow/dags/document_preprocessing.py
[2025-10-14T16:51:22.832+0000] {processor.py:830} INFO - Processing file /opt/airflow/dags/document_preprocessing.py for tasks to queue
[2025-10-14T16:51:22.833+0000] {logging_mixin.py:188} INFO - [2025-10-14T16:51:22.833+0000] {dagbag.py:538} INFO - Filling up the DagBag from /opt/airflow/dags/document_preprocessing.py
[2025-10-14T16:51:22.844+0000] {logging_mixin.py:188} INFO - [2025-10-14T16:51:22.843+0000] {shared_utils.py:452} INFO - Инициализированы пути обработки: ['input_pdf', 'temp_dir', 'output_md', 'logs', 'work_dir']
[2025-10-14T16:51:22.844+0000] {logging_mixin.py:188} INFO - [2025-10-14T16:51:22.844+0000] {shared_utils.py:456} INFO - Настроены URL сервисов: ['document_processor', 'translator', 'quality_assurance', 'airflow']
[2025-10-14T16:51:22.849+0000] {processor.py:840} INFO - DAG(s) 'document_preprocessing' retrieved from /opt/airflow/dags/document_preprocessing.py
[2025-10-14T16:51:22.923+0000] {logging_mixin.py:188} INFO - [2025-10-14T16:51:22.923+0000] {dag.py:3036} INFO - Sync 1 DAGs
[2025-10-14T16:51:22.931+0000] {logging_mixin.py:188} INFO - [2025-10-14T16:51:22.931+0000] {dag.py:3823} INFO - Setting next_dagrun for document_preprocessing to None, run_after=None
[2025-10-14T16:51:22.943+0000] {processor.py:183} INFO - Processing /opt/airflow/dags/document_preprocessing.py took 0.115 seconds
[2025-10-14T16:51:53.216+0000] {processor.py:161} INFO - Started process (PID=129) to work on /opt/airflow/dags/document_preprocessing.py
[2025-10-14T16:51:53.216+0000] {processor.py:830} INFO - Processing file /opt/airflow/dags/document_preprocessing.py for tasks to queue
[2025-10-14T16:51:53.218+0000] {logging_mixin.py:188} INFO - [2025-10-14T16:51:53.217+0000] {dagbag.py:538} INFO - Filling up the DagBag from /opt/airflow/dags/document_preprocessing.py
[2025-10-14T16:51:53.228+0000] {logging_mixin.py:188} INFO - [2025-10-14T16:51:53.228+0000] {shared_utils.py:452} INFO - Инициализированы пути обработки: ['input_pdf', 'temp_dir', 'output_md', 'logs', 'work_dir']
[2025-10-14T16:51:53.228+0000] {logging_mixin.py:188} INFO - [2025-10-14T16:51:53.228+0000] {shared_utils.py:456} INFO - Настроены URL сервисов: ['document_processor', 'translator', 'quality_assurance', 'airflow']
[2025-10-14T16:51:53.233+0000] {processor.py:840} INFO - DAG(s) 'document_preprocessing' retrieved from /opt/airflow/dags/document_preprocessing.py
[2025-10-14T16:51:53.253+0000] {logging_mixin.py:188} INFO - [2025-10-14T16:51:53.253+0000] {dag.py:3036} INFO - Sync 1 DAGs
[2025-10-14T16:51:53.263+0000] {logging_mixin.py:188} INFO - [2025-10-14T16:51:53.263+0000] {dag.py:3823} INFO - Setting next_dagrun for document_preprocessing to None, run_after=None
[2025-10-14T16:51:53.275+0000] {processor.py:183} INFO - Processing /opt/airflow/dags/document_preprocessing.py took 0.062 seconds
[2025-10-14T16:52:23.522+0000] {processor.py:161} INFO - Started process (PID=142) to work on /opt/airflow/dags/document_preprocessing.py
[2025-10-14T16:52:23.522+0000] {processor.py:830} INFO - Processing file /opt/airflow/dags/document_preprocessing.py for tasks to queue
[2025-10-14T16:52:23.524+0000] {logging_mixin.py:188} INFO - [2025-10-14T16:52:23.524+0000] {dagbag.py:538} INFO - Filling up the DagBag from /opt/airflow/dags/document_preprocessing.py
[2025-10-14T16:52:23.534+0000] {logging_mixin.py:188} INFO - [2025-10-14T16:52:23.534+0000] {shared_utils.py:452} INFO - Инициализированы пути обработки: ['input_pdf', 'temp_dir', 'output_md', 'logs', 'work_dir']
[2025-10-14T16:52:23.534+0000] {logging_mixin.py:188} INFO - [2025-10-14T16:52:23.534+0000] {shared_utils.py:456} INFO - Настроены URL сервисов: ['document_processor', 'translator', 'quality_assurance', 'airflow']
[2025-10-14T16:52:23.539+0000] {processor.py:840} INFO - DAG(s) 'document_preprocessing' retrieved from /opt/airflow/dags/document_preprocessing.py
[2025-10-14T16:52:23.560+0000] {logging_mixin.py:188} INFO - [2025-10-14T16:52:23.559+0000] {dag.py:3036} INFO - Sync 1 DAGs
[2025-10-14T16:52:23.570+0000] {logging_mixin.py:188} INFO - [2025-10-14T16:52:23.569+0000] {dag.py:3823} INFO - Setting next_dagrun for document_preprocessing to None, run_after=None
[2025-10-14T16:52:23.582+0000] {processor.py:183} INFO - Processing /opt/airflow/dags/document_preprocessing.py took 0.062 seconds
[2025-10-14T16:52:53.911+0000] {processor.py:161} INFO - Started process (PID=155) to work on /opt/airflow/dags/document_preprocessing.py
[2025-10-14T16:52:53.911+0000] {processor.py:830} INFO - Processing file /opt/airflow/dags/document_preprocessing.py for tasks to queue
[2025-10-14T16:52:53.913+0000] {logging_mixin.py:188} INFO - [2025-10-14T16:52:53.913+0000] {dagbag.py:538} INFO - Filling up the DagBag from /opt/airflow/dags/document_preprocessing.py
[2025-10-14T16:52:53.924+0000] {logging_mixin.py:188} INFO - [2025-10-14T16:52:53.924+0000] {shared_utils.py:452} INFO - Инициализированы пути обработки: ['input_pdf', 'temp_dir', 'output_md', 'logs', 'work_dir']
[2025-10-14T16:52:53.924+0000] {logging_mixin.py:188} INFO - [2025-10-14T16:52:53.924+0000] {shared_utils.py:456} INFO - Настроены URL сервисов: ['document_processor', 'translator', 'quality_assurance', 'airflow']
[2025-10-14T16:52:53.929+0000] {processor.py:840} INFO - DAG(s) 'document_preprocessing' retrieved from /opt/airflow/dags/document_preprocessing.py
[2025-10-14T16:52:53.954+0000] {logging_mixin.py:188} INFO - [2025-10-14T16:52:53.954+0000] {dag.py:3036} INFO - Sync 1 DAGs
[2025-10-14T16:52:53.967+0000] {logging_mixin.py:188} INFO - [2025-10-14T16:52:53.967+0000] {dag.py:3823} INFO - Setting next_dagrun for document_preprocessing to None, run_after=None
[2025-10-14T16:52:53.982+0000] {processor.py:183} INFO - Processing /opt/airflow/dags/document_preprocessing.py took 0.074 seconds
[2025-10-14T16:53:24.252+0000] {processor.py:161} INFO - Started process (PID=168) to work on /opt/airflow/dags/document_preprocessing.py
[2025-10-14T16:53:24.253+0000] {processor.py:830} INFO - Processing file /opt/airflow/dags/document_preprocessing.py for tasks to queue
[2025-10-14T16:53:24.254+0000] {logging_mixin.py:188} INFO - [2025-10-14T16:53:24.254+0000] {dagbag.py:538} INFO - Filling up the DagBag from /opt/airflow/dags/document_preprocessing.py
[2025-10-14T16:53:24.265+0000] {logging_mixin.py:188} INFO - [2025-10-14T16:53:24.264+0000] {shared_utils.py:452} INFO - Инициализированы пути обработки: ['input_pdf', 'temp_dir', 'output_md', 'logs', 'work_dir']
[2025-10-14T16:53:24.265+0000] {logging_mixin.py:188} INFO - [2025-10-14T16:53:24.265+0000] {shared_utils.py:456} INFO - Настроены URL сервисов: ['document_processor', 'translator', 'quality_assurance', 'airflow']
[2025-10-14T16:53:24.270+0000] {processor.py:840} INFO - DAG(s) 'document_preprocessing' retrieved from /opt/airflow/dags/document_preprocessing.py
[2025-10-14T16:53:24.289+0000] {logging_mixin.py:188} INFO - [2025-10-14T16:53:24.289+0000] {dag.py:3036} INFO - Sync 1 DAGs
[2025-10-14T16:53:24.299+0000] {logging_mixin.py:188} INFO - [2025-10-14T16:53:24.299+0000] {dag.py:3823} INFO - Setting next_dagrun for document_preprocessing to None, run_after=None
[2025-10-14T16:53:24.311+0000] {processor.py:183} INFO - Processing /opt/airflow/dags/document_preprocessing.py took 0.061 seconds
[2025-10-14T16:53:54.632+0000] {processor.py:161} INFO - Started process (PID=181) to work on /opt/airflow/dags/document_preprocessing.py
[2025-10-14T16:53:54.633+0000] {processor.py:830} INFO - Processing file /opt/airflow/dags/document_preprocessing.py for tasks to queue
[2025-10-14T16:53:54.634+0000] {logging_mixin.py:188} INFO - [2025-10-14T16:53:54.634+0000] {dagbag.py:538} INFO - Filling up the DagBag from /opt/airflow/dags/document_preprocessing.py
[2025-10-14T16:53:54.644+0000] {logging_mixin.py:188} INFO - [2025-10-14T16:53:54.644+0000] {shared_utils.py:452} INFO - Инициализированы пути обработки: ['input_pdf', 'temp_dir', 'output_md', 'logs', 'work_dir']
[2025-10-14T16:53:54.644+0000] {logging_mixin.py:188} INFO - [2025-10-14T16:53:54.644+0000] {shared_utils.py:456} INFO - Настроены URL сервисов: ['document_processor', 'translator', 'quality_assurance', 'airflow']
[2025-10-14T16:53:54.649+0000] {processor.py:840} INFO - DAG(s) 'document_preprocessing' retrieved from /opt/airflow/dags/document_preprocessing.py
[2025-10-14T16:53:54.669+0000] {logging_mixin.py:188} INFO - [2025-10-14T16:53:54.669+0000] {dag.py:3036} INFO - Sync 1 DAGs
[2025-10-14T16:53:54.679+0000] {logging_mixin.py:188} INFO - [2025-10-14T16:53:54.678+0000] {dag.py:3823} INFO - Setting next_dagrun for document_preprocessing to None, run_after=None
[2025-10-14T16:53:54.690+0000] {processor.py:183} INFO - Processing /opt/airflow/dags/document_preprocessing.py took 0.060 seconds
[2025-10-14T16:54:24.934+0000] {processor.py:161} INFO - Started process (PID=194) to work on /opt/airflow/dags/document_preprocessing.py
[2025-10-14T16:54:24.935+0000] {processor.py:830} INFO - Processing file /opt/airflow/dags/document_preprocessing.py for tasks to queue
[2025-10-14T16:54:24.936+0000] {logging_mixin.py:188} INFO - [2025-10-14T16:54:24.936+0000] {dagbag.py:538} INFO - Filling up the DagBag from /opt/airflow/dags/document_preprocessing.py
[2025-10-14T16:54:24.947+0000] {logging_mixin.py:188} INFO - [2025-10-14T16:54:24.946+0000] {shared_utils.py:452} INFO - Инициализированы пути обработки: ['input_pdf', 'temp_dir', 'output_md', 'logs', 'work_dir']
[2025-10-14T16:54:24.947+0000] {logging_mixin.py:188} INFO - [2025-10-14T16:54:24.947+0000] {shared_utils.py:456} INFO - Настроены URL сервисов: ['document_processor', 'translator', 'quality_assurance', 'airflow']
[2025-10-14T16:54:24.952+0000] {processor.py:840} INFO - DAG(s) 'document_preprocessing' retrieved from /opt/airflow/dags/document_preprocessing.py
[2025-10-14T16:54:24.972+0000] {logging_mixin.py:188} INFO - [2025-10-14T16:54:24.972+0000] {dag.py:3036} INFO - Sync 1 DAGs
[2025-10-14T16:54:24.982+0000] {logging_mixin.py:188} INFO - [2025-10-14T16:54:24.982+0000] {dag.py:3823} INFO - Setting next_dagrun for document_preprocessing to None, run_after=None
[2025-10-14T16:54:24.996+0000] {processor.py:183} INFO - Processing /opt/airflow/dags/document_preprocessing.py took 0.065 seconds
[2025-10-14T16:54:55.325+0000] {processor.py:161} INFO - Started process (PID=207) to work on /opt/airflow/dags/document_preprocessing.py
[2025-10-14T16:54:55.326+0000] {processor.py:830} INFO - Processing file /opt/airflow/dags/document_preprocessing.py for tasks to queue
[2025-10-14T16:54:55.327+0000] {logging_mixin.py:188} INFO - [2025-10-14T16:54:55.327+0000] {dagbag.py:538} INFO - Filling up the DagBag from /opt/airflow/dags/document_preprocessing.py
[2025-10-14T16:54:55.338+0000] {logging_mixin.py:188} INFO - [2025-10-14T16:54:55.337+0000] {shared_utils.py:452} INFO - Инициализированы пути обработки: ['input_pdf', 'temp_dir', 'output_md', 'logs', 'work_dir']
[2025-10-14T16:54:55.338+0000] {logging_mixin.py:188} INFO - [2025-10-14T16:54:55.338+0000] {shared_utils.py:456} INFO - Настроены URL сервисов: ['document_processor', 'translator', 'quality_assurance', 'airflow']
[2025-10-14T16:54:55.342+0000] {processor.py:840} INFO - DAG(s) 'document_preprocessing' retrieved from /opt/airflow/dags/document_preprocessing.py
[2025-10-14T16:54:55.362+0000] {logging_mixin.py:188} INFO - [2025-10-14T16:54:55.362+0000] {dag.py:3036} INFO - Sync 1 DAGs
[2025-10-14T16:54:55.372+0000] {logging_mixin.py:188} INFO - [2025-10-14T16:54:55.372+0000] {dag.py:3823} INFO - Setting next_dagrun for document_preprocessing to None, run_after=None
[2025-10-14T16:54:55.383+0000] {processor.py:183} INFO - Processing /opt/airflow/dags/document_preprocessing.py took 0.061 seconds
[2025-10-14T16:55:25.618+0000] {processor.py:161} INFO - Started process (PID=220) to work on /opt/airflow/dags/document_preprocessing.py
[2025-10-14T16:55:25.619+0000] {processor.py:830} INFO - Processing file /opt/airflow/dags/document_preprocessing.py for tasks to queue
[2025-10-14T16:55:25.620+0000] {logging_mixin.py:188} INFO - [2025-10-14T16:55:25.620+0000] {dagbag.py:538} INFO - Filling up the DagBag from /opt/airflow/dags/document_preprocessing.py
[2025-10-14T16:55:25.631+0000] {logging_mixin.py:188} INFO - [2025-10-14T16:55:25.630+0000] {shared_utils.py:452} INFO - Инициализированы пути обработки: ['input_pdf', 'temp_dir', 'output_md', 'logs', 'work_dir']
[2025-10-14T16:55:25.631+0000] {logging_mixin.py:188} INFO - [2025-10-14T16:55:25.631+0000] {shared_utils.py:456} INFO - Настроены URL сервисов: ['document_processor', 'translator', 'quality_assurance', 'airflow']
[2025-10-14T16:55:25.636+0000] {processor.py:840} INFO - DAG(s) 'document_preprocessing' retrieved from /opt/airflow/dags/document_preprocessing.py
[2025-10-14T16:55:25.655+0000] {logging_mixin.py:188} INFO - [2025-10-14T16:55:25.655+0000] {dag.py:3036} INFO - Sync 1 DAGs
[2025-10-14T16:55:25.664+0000] {logging_mixin.py:188} INFO - [2025-10-14T16:55:25.664+0000] {dag.py:3823} INFO - Setting next_dagrun for document_preprocessing to None, run_after=None
[2025-10-14T16:55:25.676+0000] {processor.py:183} INFO - Processing /opt/airflow/dags/document_preprocessing.py took 0.060 seconds
[2025-10-14T16:55:56.004+0000] {processor.py:161} INFO - Started process (PID=233) to work on /opt/airflow/dags/document_preprocessing.py
[2025-10-14T16:55:56.005+0000] {processor.py:830} INFO - Processing file /opt/airflow/dags/document_preprocessing.py for tasks to queue
[2025-10-14T16:55:56.006+0000] {logging_mixin.py:188} INFO - [2025-10-14T16:55:56.006+0000] {dagbag.py:538} INFO - Filling up the DagBag from /opt/airflow/dags/document_preprocessing.py
[2025-10-14T16:55:56.017+0000] {logging_mixin.py:188} INFO - [2025-10-14T16:55:56.017+0000] {shared_utils.py:452} INFO - Инициализированы пути обработки: ['input_pdf', 'temp_dir', 'output_md', 'logs', 'work_dir']
[2025-10-14T16:55:56.017+0000] {logging_mixin.py:188} INFO - [2025-10-14T16:55:56.017+0000] {shared_utils.py:456} INFO - Настроены URL сервисов: ['document_processor', 'translator', 'quality_assurance', 'airflow']
[2025-10-14T16:55:56.021+0000] {processor.py:840} INFO - DAG(s) 'document_preprocessing' retrieved from /opt/airflow/dags/document_preprocessing.py
[2025-10-14T16:55:56.041+0000] {logging_mixin.py:188} INFO - [2025-10-14T16:55:56.041+0000] {dag.py:3036} INFO - Sync 1 DAGs
[2025-10-14T16:55:56.051+0000] {logging_mixin.py:188} INFO - [2025-10-14T16:55:56.051+0000] {dag.py:3823} INFO - Setting next_dagrun for document_preprocessing to None, run_after=None
[2025-10-14T16:55:56.063+0000] {processor.py:183} INFO - Processing /opt/airflow/dags/document_preprocessing.py took 0.061 seconds
[2025-10-14T16:56:26.297+0000] {processor.py:161} INFO - Started process (PID=246) to work on /opt/airflow/dags/document_preprocessing.py
[2025-10-14T16:56:26.298+0000] {processor.py:830} INFO - Processing file /opt/airflow/dags/document_preprocessing.py for tasks to queue
[2025-10-14T16:56:26.299+0000] {logging_mixin.py:188} INFO - [2025-10-14T16:56:26.299+0000] {dagbag.py:538} INFO - Filling up the DagBag from /opt/airflow/dags/document_preprocessing.py
[2025-10-14T16:56:26.309+0000] {logging_mixin.py:188} INFO - [2025-10-14T16:56:26.309+0000] {shared_utils.py:452} INFO - Инициализированы пути обработки: ['input_pdf', 'temp_dir', 'output_md', 'logs', 'work_dir']
[2025-10-14T16:56:26.309+0000] {logging_mixin.py:188} INFO - [2025-10-14T16:56:26.309+0000] {shared_utils.py:456} INFO - Настроены URL сервисов: ['document_processor', 'translator', 'quality_assurance', 'airflow']
[2025-10-14T16:56:26.313+0000] {processor.py:840} INFO - DAG(s) 'document_preprocessing' retrieved from /opt/airflow/dags/document_preprocessing.py
[2025-10-14T16:56:26.333+0000] {logging_mixin.py:188} INFO - [2025-10-14T16:56:26.333+0000] {dag.py:3036} INFO - Sync 1 DAGs
[2025-10-14T16:56:26.343+0000] {logging_mixin.py:188} INFO - [2025-10-14T16:56:26.343+0000] {dag.py:3823} INFO - Setting next_dagrun for document_preprocessing to None, run_after=None
[2025-10-14T16:56:26.354+0000] {processor.py:183} INFO - Processing /opt/airflow/dags/document_preprocessing.py took 0.060 seconds
[2025-10-14T16:56:56.697+0000] {processor.py:161} INFO - Started process (PID=260) to work on /opt/airflow/dags/document_preprocessing.py
[2025-10-14T16:56:56.698+0000] {processor.py:830} INFO - Processing file /opt/airflow/dags/document_preprocessing.py for tasks to queue
[2025-10-14T16:56:56.699+0000] {logging_mixin.py:188} INFO - [2025-10-14T16:56:56.699+0000] {dagbag.py:538} INFO - Filling up the DagBag from /opt/airflow/dags/document_preprocessing.py
[2025-10-14T16:56:56.710+0000] {logging_mixin.py:188} INFO - [2025-10-14T16:56:56.710+0000] {shared_utils.py:452} INFO - Инициализированы пути обработки: ['input_pdf', 'temp_dir', 'output_md', 'logs', 'work_dir']
[2025-10-14T16:56:56.710+0000] {logging_mixin.py:188} INFO - [2025-10-14T16:56:56.710+0000] {shared_utils.py:456} INFO - Настроены URL сервисов: ['document_processor', 'translator', 'quality_assurance', 'airflow']
[2025-10-14T16:56:56.715+0000] {processor.py:840} INFO - DAG(s) 'document_preprocessing' retrieved from /opt/airflow/dags/document_preprocessing.py
[2025-10-14T16:56:56.737+0000] {logging_mixin.py:188} INFO - [2025-10-14T16:56:56.736+0000] {dag.py:3036} INFO - Sync 1 DAGs
[2025-10-14T16:56:56.747+0000] {logging_mixin.py:188} INFO - [2025-10-14T16:56:56.747+0000] {dag.py:3823} INFO - Setting next_dagrun for document_preprocessing to None, run_after=None
[2025-10-14T16:56:56.759+0000] {processor.py:183} INFO - Processing /opt/airflow/dags/document_preprocessing.py took 0.065 seconds
[2025-10-14T16:57:27.014+0000] {processor.py:161} INFO - Started process (PID=273) to work on /opt/airflow/dags/document_preprocessing.py
[2025-10-14T16:57:27.015+0000] {processor.py:830} INFO - Processing file /opt/airflow/dags/document_preprocessing.py for tasks to queue
[2025-10-14T16:57:27.016+0000] {logging_mixin.py:188} INFO - [2025-10-14T16:57:27.016+0000] {dagbag.py:538} INFO - Filling up the DagBag from /opt/airflow/dags/document_preprocessing.py
[2025-10-14T16:57:27.027+0000] {logging_mixin.py:188} INFO - [2025-10-14T16:57:27.027+0000] {shared_utils.py:452} INFO - Инициализированы пути обработки: ['input_pdf', 'temp_dir', 'output_md', 'logs', 'work_dir']
[2025-10-14T16:57:27.027+0000] {logging_mixin.py:188} INFO - [2025-10-14T16:57:27.027+0000] {shared_utils.py:456} INFO - Настроены URL сервисов: ['document_processor', 'translator', 'quality_assurance', 'airflow']
[2025-10-14T16:57:27.032+0000] {processor.py:840} INFO - DAG(s) 'document_preprocessing' retrieved from /opt/airflow/dags/document_preprocessing.py
[2025-10-14T16:57:27.053+0000] {logging_mixin.py:188} INFO - [2025-10-14T16:57:27.053+0000] {dag.py:3036} INFO - Sync 1 DAGs
[2025-10-14T16:57:27.063+0000] {logging_mixin.py:188} INFO - [2025-10-14T16:57:27.063+0000] {dag.py:3823} INFO - Setting next_dagrun for document_preprocessing to None, run_after=None
[2025-10-14T16:57:27.076+0000] {processor.py:183} INFO - Processing /opt/airflow/dags/document_preprocessing.py took 0.064 seconds
[2025-10-14T16:57:57.310+0000] {processor.py:161} INFO - Started process (PID=286) to work on /opt/airflow/dags/document_preprocessing.py
[2025-10-14T16:57:57.311+0000] {processor.py:830} INFO - Processing file /opt/airflow/dags/document_preprocessing.py for tasks to queue
[2025-10-14T16:57:57.312+0000] {logging_mixin.py:188} INFO - [2025-10-14T16:57:57.312+0000] {dagbag.py:538} INFO - Filling up the DagBag from /opt/airflow/dags/document_preprocessing.py
[2025-10-14T16:57:57.322+0000] {logging_mixin.py:188} INFO - [2025-10-14T16:57:57.322+0000] {shared_utils.py:452} INFO - Инициализированы пути обработки: ['input_pdf', 'temp_dir', 'output_md', 'logs', 'work_dir']
[2025-10-14T16:57:57.322+0000] {logging_mixin.py:188} INFO - [2025-10-14T16:57:57.322+0000] {shared_utils.py:456} INFO - Настроены URL сервисов: ['document_processor', 'translator', 'quality_assurance', 'airflow']
[2025-10-14T16:57:57.327+0000] {processor.py:840} INFO - DAG(s) 'document_preprocessing' retrieved from /opt/airflow/dags/document_preprocessing.py
[2025-10-14T16:57:57.347+0000] {logging_mixin.py:188} INFO - [2025-10-14T16:57:57.346+0000] {dag.py:3036} INFO - Sync 1 DAGs
[2025-10-14T16:57:57.356+0000] {logging_mixin.py:188} INFO - [2025-10-14T16:57:57.356+0000] {dag.py:3823} INFO - Setting next_dagrun for document_preprocessing to None, run_after=None
[2025-10-14T16:57:57.368+0000] {processor.py:183} INFO - Processing /opt/airflow/dags/document_preprocessing.py took 0.059 seconds
[2025-10-14T16:58:27.696+0000] {processor.py:161} INFO - Started process (PID=299) to work on /opt/airflow/dags/document_preprocessing.py
[2025-10-14T16:58:27.697+0000] {processor.py:830} INFO - Processing file /opt/airflow/dags/document_preprocessing.py for tasks to queue
[2025-10-14T16:58:27.698+0000] {logging_mixin.py:188} INFO - [2025-10-14T16:58:27.698+0000] {dagbag.py:538} INFO - Filling up the DagBag from /opt/airflow/dags/document_preprocessing.py
[2025-10-14T16:58:27.709+0000] {logging_mixin.py:188} INFO - [2025-10-14T16:58:27.708+0000] {shared_utils.py:452} INFO - Инициализированы пути обработки: ['input_pdf', 'temp_dir', 'output_md', 'logs', 'work_dir']
[2025-10-14T16:58:27.709+0000] {logging_mixin.py:188} INFO - [2025-10-14T16:58:27.709+0000] {shared_utils.py:456} INFO - Настроены URL сервисов: ['document_processor', 'translator', 'quality_assurance', 'airflow']
[2025-10-14T16:58:27.714+0000] {processor.py:840} INFO - DAG(s) 'document_preprocessing' retrieved from /opt/airflow/dags/document_preprocessing.py
[2025-10-14T16:58:27.733+0000] {logging_mixin.py:188} INFO - [2025-10-14T16:58:27.733+0000] {dag.py:3036} INFO - Sync 1 DAGs
[2025-10-14T16:58:27.743+0000] {logging_mixin.py:188} INFO - [2025-10-14T16:58:27.743+0000] {dag.py:3823} INFO - Setting next_dagrun for document_preprocessing to None, run_after=None
[2025-10-14T16:58:27.754+0000] {processor.py:183} INFO - Processing /opt/airflow/dags/document_preprocessing.py took 0.061 seconds
[2025-10-14T16:58:57.993+0000] {processor.py:161} INFO - Started process (PID=312) to work on /opt/airflow/dags/document_preprocessing.py
[2025-10-14T16:58:57.994+0000] {processor.py:830} INFO - Processing file /opt/airflow/dags/document_preprocessing.py for tasks to queue
[2025-10-14T16:58:57.995+0000] {logging_mixin.py:188} INFO - [2025-10-14T16:58:57.995+0000] {dagbag.py:538} INFO - Filling up the DagBag from /opt/airflow/dags/document_preprocessing.py
[2025-10-14T16:58:58.006+0000] {logging_mixin.py:188} INFO - [2025-10-14T16:58:58.006+0000] {shared_utils.py:452} INFO - Инициализированы пути обработки: ['input_pdf', 'temp_dir', 'output_md', 'logs', 'work_dir']
[2025-10-14T16:58:58.006+0000] {logging_mixin.py:188} INFO - [2025-10-14T16:58:58.006+0000] {shared_utils.py:456} INFO - Настроены URL сервисов: ['document_processor', 'translator', 'quality_assurance', 'airflow']
[2025-10-14T16:58:58.011+0000] {processor.py:840} INFO - DAG(s) 'document_preprocessing' retrieved from /opt/airflow/dags/document_preprocessing.py
[2025-10-14T16:58:58.030+0000] {logging_mixin.py:188} INFO - [2025-10-14T16:58:58.030+0000] {dag.py:3036} INFO - Sync 1 DAGs
[2025-10-14T16:58:58.040+0000] {logging_mixin.py:188} INFO - [2025-10-14T16:58:58.040+0000] {dag.py:3823} INFO - Setting next_dagrun for document_preprocessing to None, run_after=None
[2025-10-14T16:58:58.052+0000] {processor.py:183} INFO - Processing /opt/airflow/dags/document_preprocessing.py took 0.061 seconds
[2025-10-14T16:59:28.373+0000] {processor.py:161} INFO - Started process (PID=325) to work on /opt/airflow/dags/document_preprocessing.py
[2025-10-14T16:59:28.373+0000] {processor.py:830} INFO - Processing file /opt/airflow/dags/document_preprocessing.py for tasks to queue
[2025-10-14T16:59:28.375+0000] {logging_mixin.py:188} INFO - [2025-10-14T16:59:28.375+0000] {dagbag.py:538} INFO - Filling up the DagBag from /opt/airflow/dags/document_preprocessing.py
[2025-10-14T16:59:28.385+0000] {logging_mixin.py:188} INFO - [2025-10-14T16:59:28.385+0000] {shared_utils.py:452} INFO - Инициализированы пути обработки: ['input_pdf', 'temp_dir', 'output_md', 'logs', 'work_dir']
[2025-10-14T16:59:28.386+0000] {logging_mixin.py:188} INFO - [2025-10-14T16:59:28.386+0000] {shared_utils.py:456} INFO - Настроены URL сервисов: ['document_processor', 'translator', 'quality_assurance', 'airflow']
[2025-10-14T16:59:28.390+0000] {processor.py:840} INFO - DAG(s) 'document_preprocessing' retrieved from /opt/airflow/dags/document_preprocessing.py
[2025-10-14T16:59:28.411+0000] {logging_mixin.py:188} INFO - [2025-10-14T16:59:28.410+0000] {dag.py:3036} INFO - Sync 1 DAGs
[2025-10-14T16:59:28.421+0000] {logging_mixin.py:188} INFO - [2025-10-14T16:59:28.420+0000] {dag.py:3823} INFO - Setting next_dagrun for document_preprocessing to None, run_after=None
[2025-10-14T16:59:28.433+0000] {processor.py:183} INFO - Processing /opt/airflow/dags/document_preprocessing.py took 0.063 seconds
[2025-10-14T16:59:58.659+0000] {processor.py:161} INFO - Started process (PID=338) to work on /opt/airflow/dags/document_preprocessing.py
[2025-10-14T16:59:58.659+0000] {processor.py:830} INFO - Processing file /opt/airflow/dags/document_preprocessing.py for tasks to queue
[2025-10-14T16:59:58.661+0000] {logging_mixin.py:188} INFO - [2025-10-14T16:59:58.661+0000] {dagbag.py:538} INFO - Filling up the DagBag from /opt/airflow/dags/document_preprocessing.py
[2025-10-14T16:59:58.671+0000] {logging_mixin.py:188} INFO - [2025-10-14T16:59:58.671+0000] {shared_utils.py:452} INFO - Инициализированы пути обработки: ['input_pdf', 'temp_dir', 'output_md', 'logs', 'work_dir']
[2025-10-14T16:59:58.671+0000] {logging_mixin.py:188} INFO - [2025-10-14T16:59:58.671+0000] {shared_utils.py:456} INFO - Настроены URL сервисов: ['document_processor', 'translator', 'quality_assurance', 'airflow']
[2025-10-14T16:59:58.676+0000] {processor.py:840} INFO - DAG(s) 'document_preprocessing' retrieved from /opt/airflow/dags/document_preprocessing.py
[2025-10-14T16:59:58.698+0000] {logging_mixin.py:188} INFO - [2025-10-14T16:59:58.698+0000] {dag.py:3036} INFO - Sync 1 DAGs
[2025-10-14T16:59:58.709+0000] {logging_mixin.py:188} INFO - [2025-10-14T16:59:58.709+0000] {dag.py:3823} INFO - Setting next_dagrun for document_preprocessing to None, run_after=None
[2025-10-14T16:59:58.721+0000] {processor.py:183} INFO - Processing /opt/airflow/dags/document_preprocessing.py took 0.065 seconds
[2025-10-14T17:00:29.039+0000] {processor.py:161} INFO - Started process (PID=351) to work on /opt/airflow/dags/document_preprocessing.py
[2025-10-14T17:00:29.040+0000] {processor.py:830} INFO - Processing file /opt/airflow/dags/document_preprocessing.py for tasks to queue
[2025-10-14T17:00:29.041+0000] {logging_mixin.py:188} INFO - [2025-10-14T17:00:29.041+0000] {dagbag.py:538} INFO - Filling up the DagBag from /opt/airflow/dags/document_preprocessing.py
[2025-10-14T17:00:29.051+0000] {logging_mixin.py:188} INFO - [2025-10-14T17:00:29.051+0000] {shared_utils.py:452} INFO - Инициализированы пути обработки: ['input_pdf', 'temp_dir', 'output_md', 'logs', 'work_dir']
[2025-10-14T17:00:29.052+0000] {logging_mixin.py:188} INFO - [2025-10-14T17:00:29.052+0000] {shared_utils.py:456} INFO - Настроены URL сервисов: ['document_processor', 'translator', 'quality_assurance', 'airflow']
[2025-10-14T17:00:29.056+0000] {processor.py:840} INFO - DAG(s) 'document_preprocessing' retrieved from /opt/airflow/dags/document_preprocessing.py
[2025-10-14T17:00:29.076+0000] {logging_mixin.py:188} INFO - [2025-10-14T17:00:29.076+0000] {dag.py:3036} INFO - Sync 1 DAGs
[2025-10-14T17:00:29.086+0000] {logging_mixin.py:188} INFO - [2025-10-14T17:00:29.086+0000] {dag.py:3823} INFO - Setting next_dagrun for document_preprocessing to None, run_after=None
[2025-10-14T17:00:29.097+0000] {processor.py:183} INFO - Processing /opt/airflow/dags/document_preprocessing.py took 0.061 seconds
[2025-10-14T17:00:59.335+0000] {processor.py:161} INFO - Started process (PID=364) to work on /opt/airflow/dags/document_preprocessing.py
[2025-10-14T17:00:59.335+0000] {processor.py:830} INFO - Processing file /opt/airflow/dags/document_preprocessing.py for tasks to queue
[2025-10-14T17:00:59.337+0000] {logging_mixin.py:188} INFO - [2025-10-14T17:00:59.336+0000] {dagbag.py:538} INFO - Filling up the DagBag from /opt/airflow/dags/document_preprocessing.py
[2025-10-14T17:00:59.347+0000] {logging_mixin.py:188} INFO - [2025-10-14T17:00:59.347+0000] {shared_utils.py:452} INFO - Инициализированы пути обработки: ['input_pdf', 'temp_dir', 'output_md', 'logs', 'work_dir']
[2025-10-14T17:00:59.347+0000] {logging_mixin.py:188} INFO - [2025-10-14T17:00:59.347+0000] {shared_utils.py:456} INFO - Настроены URL сервисов: ['document_processor', 'translator', 'quality_assurance', 'airflow']
[2025-10-14T17:00:59.352+0000] {processor.py:840} INFO - DAG(s) 'document_preprocessing' retrieved from /opt/airflow/dags/document_preprocessing.py
[2025-10-14T17:00:59.372+0000] {logging_mixin.py:188} INFO - [2025-10-14T17:00:59.372+0000] {dag.py:3036} INFO - Sync 1 DAGs
[2025-10-14T17:00:59.381+0000] {logging_mixin.py:188} INFO - [2025-10-14T17:00:59.381+0000] {dag.py:3823} INFO - Setting next_dagrun for document_preprocessing to None, run_after=None
[2025-10-14T17:00:59.393+0000] {processor.py:183} INFO - Processing /opt/airflow/dags/document_preprocessing.py took 0.061 seconds
[2025-10-14T17:01:29.735+0000] {processor.py:161} INFO - Started process (PID=377) to work on /opt/airflow/dags/document_preprocessing.py
[2025-10-14T17:01:29.735+0000] {processor.py:830} INFO - Processing file /opt/airflow/dags/document_preprocessing.py for tasks to queue
[2025-10-14T17:01:29.737+0000] {logging_mixin.py:188} INFO - [2025-10-14T17:01:29.737+0000] {dagbag.py:538} INFO - Filling up the DagBag from /opt/airflow/dags/document_preprocessing.py
[2025-10-14T17:01:29.747+0000] {logging_mixin.py:188} INFO - [2025-10-14T17:01:29.747+0000] {shared_utils.py:452} INFO - Инициализированы пути обработки: ['input_pdf', 'temp_dir', 'output_md', 'logs', 'work_dir']
[2025-10-14T17:01:29.748+0000] {logging_mixin.py:188} INFO - [2025-10-14T17:01:29.747+0000] {shared_utils.py:456} INFO - Настроены URL сервисов: ['document_processor', 'translator', 'quality_assurance', 'airflow']
[2025-10-14T17:01:29.752+0000] {processor.py:840} INFO - DAG(s) 'document_preprocessing' retrieved from /opt/airflow/dags/document_preprocessing.py
[2025-10-14T17:01:29.772+0000] {logging_mixin.py:188} INFO - [2025-10-14T17:01:29.772+0000] {dag.py:3036} INFO - Sync 1 DAGs
[2025-10-14T17:01:29.781+0000] {logging_mixin.py:188} INFO - [2025-10-14T17:01:29.781+0000] {dag.py:3823} INFO - Setting next_dagrun for document_preprocessing to None, run_after=None
[2025-10-14T17:01:29.793+0000] {processor.py:183} INFO - Processing /opt/airflow/dags/document_preprocessing.py took 0.061 seconds
[2025-10-14T17:02:00.012+0000] {processor.py:161} INFO - Started process (PID=390) to work on /opt/airflow/dags/document_preprocessing.py
[2025-10-14T17:02:00.012+0000] {processor.py:830} INFO - Processing file /opt/airflow/dags/document_preprocessing.py for tasks to queue
[2025-10-14T17:02:00.014+0000] {logging_mixin.py:188} INFO - [2025-10-14T17:02:00.014+0000] {dagbag.py:538} INFO - Filling up the DagBag from /opt/airflow/dags/document_preprocessing.py
[2025-10-14T17:02:00.024+0000] {logging_mixin.py:188} INFO - [2025-10-14T17:02:00.024+0000] {shared_utils.py:452} INFO - Инициализированы пути обработки: ['input_pdf', 'temp_dir', 'output_md', 'logs', 'work_dir']
[2025-10-14T17:02:00.025+0000] {logging_mixin.py:188} INFO - [2025-10-14T17:02:00.024+0000] {shared_utils.py:456} INFO - Настроены URL сервисов: ['document_processor', 'translator', 'quality_assurance', 'airflow']
[2025-10-14T17:02:00.030+0000] {processor.py:840} INFO - DAG(s) 'document_preprocessing' retrieved from /opt/airflow/dags/document_preprocessing.py
[2025-10-14T17:02:00.050+0000] {logging_mixin.py:188} INFO - [2025-10-14T17:02:00.050+0000] {dag.py:3036} INFO - Sync 1 DAGs
[2025-10-14T17:02:00.059+0000] {logging_mixin.py:188} INFO - [2025-10-14T17:02:00.059+0000] {dag.py:3823} INFO - Setting next_dagrun for document_preprocessing to None, run_after=None
[2025-10-14T17:02:00.071+0000] {processor.py:183} INFO - Processing /opt/airflow/dags/document_preprocessing.py took 0.062 seconds
[2025-10-14T17:02:30.438+0000] {processor.py:161} INFO - Started process (PID=403) to work on /opt/airflow/dags/document_preprocessing.py
[2025-10-14T17:02:30.439+0000] {processor.py:830} INFO - Processing file /opt/airflow/dags/document_preprocessing.py for tasks to queue
[2025-10-14T17:02:30.440+0000] {logging_mixin.py:188} INFO - [2025-10-14T17:02:30.440+0000] {dagbag.py:538} INFO - Filling up the DagBag from /opt/airflow/dags/document_preprocessing.py
[2025-10-14T17:02:30.451+0000] {logging_mixin.py:188} INFO - [2025-10-14T17:02:30.450+0000] {shared_utils.py:452} INFO - Инициализированы пути обработки: ['input_pdf', 'temp_dir', 'output_md', 'logs', 'work_dir']
[2025-10-14T17:02:30.451+0000] {logging_mixin.py:188} INFO - [2025-10-14T17:02:30.451+0000] {shared_utils.py:456} INFO - Настроены URL сервисов: ['document_processor', 'translator', 'quality_assurance', 'airflow']
[2025-10-14T17:02:30.456+0000] {processor.py:840} INFO - DAG(s) 'document_preprocessing' retrieved from /opt/airflow/dags/document_preprocessing.py
[2025-10-14T17:02:30.476+0000] {logging_mixin.py:188} INFO - [2025-10-14T17:02:30.476+0000] {dag.py:3036} INFO - Sync 1 DAGs
[2025-10-14T17:02:30.485+0000] {logging_mixin.py:188} INFO - [2025-10-14T17:02:30.485+0000] {dag.py:3823} INFO - Setting next_dagrun for document_preprocessing to None, run_after=None
[2025-10-14T17:02:30.497+0000] {processor.py:183} INFO - Processing /opt/airflow/dags/document_preprocessing.py took 0.061 seconds
[2025-10-14T17:03:00.743+0000] {processor.py:161} INFO - Started process (PID=416) to work on /opt/airflow/dags/document_preprocessing.py
[2025-10-14T17:03:00.744+0000] {processor.py:830} INFO - Processing file /opt/airflow/dags/document_preprocessing.py for tasks to queue
[2025-10-14T17:03:00.745+0000] {logging_mixin.py:188} INFO - [2025-10-14T17:03:00.745+0000] {dagbag.py:538} INFO - Filling up the DagBag from /opt/airflow/dags/document_preprocessing.py
[2025-10-14T17:03:00.755+0000] {logging_mixin.py:188} INFO - [2025-10-14T17:03:00.755+0000] {shared_utils.py:452} INFO - Инициализированы пути обработки: ['input_pdf', 'temp_dir', 'output_md', 'logs', 'work_dir']
[2025-10-14T17:03:00.756+0000] {logging_mixin.py:188} INFO - [2025-10-14T17:03:00.755+0000] {shared_utils.py:456} INFO - Настроены URL сервисов: ['document_processor', 'translator', 'quality_assurance', 'airflow']
[2025-10-14T17:03:00.760+0000] {processor.py:840} INFO - DAG(s) 'document_preprocessing' retrieved from /opt/airflow/dags/document_preprocessing.py
[2025-10-14T17:03:00.780+0000] {logging_mixin.py:188} INFO - [2025-10-14T17:03:00.780+0000] {dag.py:3036} INFO - Sync 1 DAGs
[2025-10-14T17:03:00.789+0000] {logging_mixin.py:188} INFO - [2025-10-14T17:03:00.789+0000] {dag.py:3823} INFO - Setting next_dagrun for document_preprocessing to None, run_after=None
[2025-10-14T17:03:00.802+0000] {processor.py:183} INFO - Processing /opt/airflow/dags/document_preprocessing.py took 0.061 seconds
[2025-10-14T17:03:31.036+0000] {processor.py:161} INFO - Started process (PID=429) to work on /opt/airflow/dags/document_preprocessing.py
[2025-10-14T17:03:31.036+0000] {processor.py:830} INFO - Processing file /opt/airflow/dags/document_preprocessing.py for tasks to queue
[2025-10-14T17:03:31.038+0000] {logging_mixin.py:188} INFO - [2025-10-14T17:03:31.038+0000] {dagbag.py:538} INFO - Filling up the DagBag from /opt/airflow/dags/document_preprocessing.py
[2025-10-14T17:03:31.048+0000] {logging_mixin.py:188} INFO - [2025-10-14T17:03:31.048+0000] {shared_utils.py:452} INFO - Инициализированы пути обработки: ['input_pdf', 'temp_dir', 'output_md', 'logs', 'work_dir']
[2025-10-14T17:03:31.048+0000] {logging_mixin.py:188} INFO - [2025-10-14T17:03:31.048+0000] {shared_utils.py:456} INFO - Настроены URL сервисов: ['document_processor', 'translator', 'quality_assurance', 'airflow']
[2025-10-14T17:03:31.053+0000] {processor.py:840} INFO - DAG(s) 'document_preprocessing' retrieved from /opt/airflow/dags/document_preprocessing.py
[2025-10-14T17:03:31.073+0000] {logging_mixin.py:188} INFO - [2025-10-14T17:03:31.072+0000] {dag.py:3036} INFO - Sync 1 DAGs
[2025-10-14T17:03:31.082+0000] {logging_mixin.py:188} INFO - [2025-10-14T17:03:31.082+0000] {dag.py:3823} INFO - Setting next_dagrun for document_preprocessing to None, run_after=None
[2025-10-14T17:03:31.094+0000] {processor.py:183} INFO - Processing /opt/airflow/dags/document_preprocessing.py took 0.060 seconds
[2025-10-14T17:04:01.413+0000] {processor.py:161} INFO - Started process (PID=442) to work on /opt/airflow/dags/document_preprocessing.py
[2025-10-14T17:04:01.413+0000] {processor.py:830} INFO - Processing file /opt/airflow/dags/document_preprocessing.py for tasks to queue
[2025-10-14T17:04:01.414+0000] {logging_mixin.py:188} INFO - [2025-10-14T17:04:01.414+0000] {dagbag.py:538} INFO - Filling up the DagBag from /opt/airflow/dags/document_preprocessing.py
[2025-10-14T17:04:01.424+0000] {logging_mixin.py:188} INFO - [2025-10-14T17:04:01.424+0000] {shared_utils.py:452} INFO - Инициализированы пути обработки: ['input_pdf', 'temp_dir', 'output_md', 'logs', 'work_dir']
[2025-10-14T17:04:01.425+0000] {logging_mixin.py:188} INFO - [2025-10-14T17:04:01.424+0000] {shared_utils.py:456} INFO - Настроены URL сервисов: ['document_processor', 'translator', 'quality_assurance', 'airflow']
[2025-10-14T17:04:01.429+0000] {processor.py:840} INFO - DAG(s) 'document_preprocessing' retrieved from /opt/airflow/dags/document_preprocessing.py
[2025-10-14T17:04:01.451+0000] {logging_mixin.py:188} INFO - [2025-10-14T17:04:01.451+0000] {dag.py:3036} INFO - Sync 1 DAGs
[2025-10-14T17:04:01.461+0000] {logging_mixin.py:188} INFO - [2025-10-14T17:04:01.461+0000] {dag.py:3823} INFO - Setting next_dagrun for document_preprocessing to None, run_after=None
[2025-10-14T17:04:01.473+0000] {processor.py:183} INFO - Processing /opt/airflow/dags/document_preprocessing.py took 0.063 seconds
[2025-10-14T17:04:31.722+0000] {processor.py:161} INFO - Started process (PID=455) to work on /opt/airflow/dags/document_preprocessing.py
[2025-10-14T17:04:31.723+0000] {processor.py:830} INFO - Processing file /opt/airflow/dags/document_preprocessing.py for tasks to queue
[2025-10-14T17:04:31.724+0000] {logging_mixin.py:188} INFO - [2025-10-14T17:04:31.724+0000] {dagbag.py:538} INFO - Filling up the DagBag from /opt/airflow/dags/document_preprocessing.py
[2025-10-14T17:04:31.734+0000] {logging_mixin.py:188} INFO - [2025-10-14T17:04:31.734+0000] {shared_utils.py:452} INFO - Инициализированы пути обработки: ['input_pdf', 'temp_dir', 'output_md', 'logs', 'work_dir']
[2025-10-14T17:04:31.735+0000] {logging_mixin.py:188} INFO - [2025-10-14T17:04:31.735+0000] {shared_utils.py:456} INFO - Настроены URL сервисов: ['document_processor', 'translator', 'quality_assurance', 'airflow']
[2025-10-14T17:04:31.739+0000] {processor.py:840} INFO - DAG(s) 'document_preprocessing' retrieved from /opt/airflow/dags/document_preprocessing.py
[2025-10-14T17:04:31.760+0000] {logging_mixin.py:188} INFO - [2025-10-14T17:04:31.759+0000] {dag.py:3036} INFO - Sync 1 DAGs
[2025-10-14T17:04:31.770+0000] {logging_mixin.py:188} INFO - [2025-10-14T17:04:31.769+0000] {dag.py:3823} INFO - Setting next_dagrun for document_preprocessing to None, run_after=None
[2025-10-14T17:04:31.781+0000] {processor.py:183} INFO - Processing /opt/airflow/dags/document_preprocessing.py took 0.062 seconds
[2025-10-14T17:05:02.110+0000] {processor.py:161} INFO - Started process (PID=468) to work on /opt/airflow/dags/document_preprocessing.py
[2025-10-14T17:05:02.111+0000] {processor.py:830} INFO - Processing file /opt/airflow/dags/document_preprocessing.py for tasks to queue
[2025-10-14T17:05:02.112+0000] {logging_mixin.py:188} INFO - [2025-10-14T17:05:02.112+0000] {dagbag.py:538} INFO - Filling up the DagBag from /opt/airflow/dags/document_preprocessing.py
[2025-10-14T17:05:02.122+0000] {logging_mixin.py:188} INFO - [2025-10-14T17:05:02.122+0000] {shared_utils.py:452} INFO - Инициализированы пути обработки: ['input_pdf', 'temp_dir', 'output_md', 'logs', 'work_dir']
[2025-10-14T17:05:02.122+0000] {logging_mixin.py:188} INFO - [2025-10-14T17:05:02.122+0000] {shared_utils.py:456} INFO - Настроены URL сервисов: ['document_processor', 'translator', 'quality_assurance', 'airflow']
[2025-10-14T17:05:02.127+0000] {processor.py:840} INFO - DAG(s) 'document_preprocessing' retrieved from /opt/airflow/dags/document_preprocessing.py
[2025-10-14T17:05:02.147+0000] {logging_mixin.py:188} INFO - [2025-10-14T17:05:02.147+0000] {dag.py:3036} INFO - Sync 1 DAGs
[2025-10-14T17:05:02.156+0000] {logging_mixin.py:188} INFO - [2025-10-14T17:05:02.156+0000] {dag.py:3823} INFO - Setting next_dagrun for document_preprocessing to None, run_after=None
[2025-10-14T17:05:02.168+0000] {processor.py:183} INFO - Processing /opt/airflow/dags/document_preprocessing.py took 0.060 seconds
[2025-10-14T17:05:32.417+0000] {processor.py:161} INFO - Started process (PID=481) to work on /opt/airflow/dags/document_preprocessing.py
[2025-10-14T17:05:32.418+0000] {processor.py:830} INFO - Processing file /opt/airflow/dags/document_preprocessing.py for tasks to queue
[2025-10-14T17:05:32.419+0000] {logging_mixin.py:188} INFO - [2025-10-14T17:05:32.419+0000] {dagbag.py:538} INFO - Filling up the DagBag from /opt/airflow/dags/document_preprocessing.py
[2025-10-14T17:05:32.430+0000] {logging_mixin.py:188} INFO - [2025-10-14T17:05:32.429+0000] {shared_utils.py:452} INFO - Инициализированы пути обработки: ['input_pdf', 'temp_dir', 'output_md', 'logs', 'work_dir']
[2025-10-14T17:05:32.430+0000] {logging_mixin.py:188} INFO - [2025-10-14T17:05:32.430+0000] {shared_utils.py:456} INFO - Настроены URL сервисов: ['document_processor', 'translator', 'quality_assurance', 'airflow']
[2025-10-14T17:05:32.435+0000] {processor.py:840} INFO - DAG(s) 'document_preprocessing' retrieved from /opt/airflow/dags/document_preprocessing.py
[2025-10-14T17:05:32.455+0000] {logging_mixin.py:188} INFO - [2025-10-14T17:05:32.455+0000] {dag.py:3036} INFO - Sync 1 DAGs
[2025-10-14T17:05:32.465+0000] {logging_mixin.py:188} INFO - [2025-10-14T17:05:32.465+0000] {dag.py:3823} INFO - Setting next_dagrun for document_preprocessing to None, run_after=None
[2025-10-14T17:05:32.476+0000] {processor.py:183} INFO - Processing /opt/airflow/dags/document_preprocessing.py took 0.062 seconds
[2025-10-14T17:06:02.801+0000] {processor.py:161} INFO - Started process (PID=494) to work on /opt/airflow/dags/document_preprocessing.py
[2025-10-14T17:06:02.801+0000] {processor.py:830} INFO - Processing file /opt/airflow/dags/document_preprocessing.py for tasks to queue
[2025-10-14T17:06:02.803+0000] {logging_mixin.py:188} INFO - [2025-10-14T17:06:02.803+0000] {dagbag.py:538} INFO - Filling up the DagBag from /opt/airflow/dags/document_preprocessing.py
[2025-10-14T17:06:02.813+0000] {logging_mixin.py:188} INFO - [2025-10-14T17:06:02.813+0000] {shared_utils.py:452} INFO - Инициализированы пути обработки: ['input_pdf', 'temp_dir', 'output_md', 'logs', 'work_dir']
[2025-10-14T17:06:02.813+0000] {logging_mixin.py:188} INFO - [2025-10-14T17:06:02.813+0000] {shared_utils.py:456} INFO - Настроены URL сервисов: ['document_processor', 'translator', 'quality_assurance', 'airflow']
[2025-10-14T17:06:02.818+0000] {processor.py:840} INFO - DAG(s) 'document_preprocessing' retrieved from /opt/airflow/dags/document_preprocessing.py
[2025-10-14T17:06:02.837+0000] {logging_mixin.py:188} INFO - [2025-10-14T17:06:02.837+0000] {dag.py:3036} INFO - Sync 1 DAGs
[2025-10-14T17:06:02.847+0000] {logging_mixin.py:188} INFO - [2025-10-14T17:06:02.847+0000] {dag.py:3823} INFO - Setting next_dagrun for document_preprocessing to None, run_after=None
[2025-10-14T17:06:02.858+0000] {processor.py:183} INFO - Processing /opt/airflow/dags/document_preprocessing.py took 0.060 seconds
[2025-10-14T17:06:33.101+0000] {processor.py:161} INFO - Started process (PID=507) to work on /opt/airflow/dags/document_preprocessing.py
[2025-10-14T17:06:33.102+0000] {processor.py:830} INFO - Processing file /opt/airflow/dags/document_preprocessing.py for tasks to queue
[2025-10-14T17:06:33.103+0000] {logging_mixin.py:188} INFO - [2025-10-14T17:06:33.103+0000] {dagbag.py:538} INFO - Filling up the DagBag from /opt/airflow/dags/document_preprocessing.py
[2025-10-14T17:06:33.114+0000] {logging_mixin.py:188} INFO - [2025-10-14T17:06:33.113+0000] {shared_utils.py:452} INFO - Инициализированы пути обработки: ['input_pdf', 'temp_dir', 'output_md', 'logs', 'work_dir']
[2025-10-14T17:06:33.114+0000] {logging_mixin.py:188} INFO - [2025-10-14T17:06:33.114+0000] {shared_utils.py:456} INFO - Настроены URL сервисов: ['document_processor', 'translator', 'quality_assurance', 'airflow']
[2025-10-14T17:06:33.119+0000] {processor.py:840} INFO - DAG(s) 'document_preprocessing' retrieved from /opt/airflow/dags/document_preprocessing.py
[2025-10-14T17:06:33.138+0000] {logging_mixin.py:188} INFO - [2025-10-14T17:06:33.138+0000] {dag.py:3036} INFO - Sync 1 DAGs
[2025-10-14T17:06:33.148+0000] {logging_mixin.py:188} INFO - [2025-10-14T17:06:33.148+0000] {dag.py:3823} INFO - Setting next_dagrun for document_preprocessing to None, run_after=None
[2025-10-14T17:06:33.160+0000] {processor.py:183} INFO - Processing /opt/airflow/dags/document_preprocessing.py took 0.062 seconds
[2025-10-14T17:07:03.755+0000] {processor.py:161} INFO - Started process (PID=521) to work on /opt/airflow/dags/document_preprocessing.py
[2025-10-14T17:07:03.756+0000] {processor.py:830} INFO - Processing file /opt/airflow/dags/document_preprocessing.py for tasks to queue
[2025-10-14T17:07:03.757+0000] {logging_mixin.py:188} INFO - [2025-10-14T17:07:03.757+0000] {dagbag.py:538} INFO - Filling up the DagBag from /opt/airflow/dags/document_preprocessing.py
[2025-10-14T17:07:03.768+0000] {logging_mixin.py:188} INFO - [2025-10-14T17:07:03.768+0000] {shared_utils.py:452} INFO - Инициализированы пути обработки: ['input_pdf', 'temp_dir', 'output_md', 'logs', 'work_dir']
[2025-10-14T17:07:03.768+0000] {logging_mixin.py:188} INFO - [2025-10-14T17:07:03.768+0000] {shared_utils.py:456} INFO - Настроены URL сервисов: ['document_processor', 'translator', 'quality_assurance', 'airflow']
[2025-10-14T17:07:03.773+0000] {processor.py:840} INFO - DAG(s) 'document_preprocessing' retrieved from /opt/airflow/dags/document_preprocessing.py
[2025-10-14T17:07:03.794+0000] {logging_mixin.py:188} INFO - [2025-10-14T17:07:03.794+0000] {dag.py:3036} INFO - Sync 1 DAGs
[2025-10-14T17:07:03.804+0000] {logging_mixin.py:188} INFO - [2025-10-14T17:07:03.804+0000] {dag.py:3823} INFO - Setting next_dagrun for document_preprocessing to None, run_after=None
[2025-10-14T17:07:03.817+0000] {processor.py:183} INFO - Processing /opt/airflow/dags/document_preprocessing.py took 0.064 seconds
[2025-10-14T17:07:34.162+0000] {processor.py:161} INFO - Started process (PID=534) to work on /opt/airflow/dags/document_preprocessing.py
[2025-10-14T17:07:34.163+0000] {processor.py:830} INFO - Processing file /opt/airflow/dags/document_preprocessing.py for tasks to queue
[2025-10-14T17:07:34.164+0000] {logging_mixin.py:188} INFO - [2025-10-14T17:07:34.164+0000] {dagbag.py:538} INFO - Filling up the DagBag from /opt/airflow/dags/document_preprocessing.py
[2025-10-14T17:07:34.175+0000] {logging_mixin.py:188} INFO - [2025-10-14T17:07:34.175+0000] {shared_utils.py:452} INFO - Инициализированы пути обработки: ['input_pdf', 'temp_dir', 'output_md', 'logs', 'work_dir']
[2025-10-14T17:07:34.175+0000] {logging_mixin.py:188} INFO - [2025-10-14T17:07:34.175+0000] {shared_utils.py:456} INFO - Настроены URL сервисов: ['document_processor', 'translator', 'quality_assurance', 'airflow']
[2025-10-14T17:07:34.181+0000] {processor.py:840} INFO - DAG(s) 'document_preprocessing' retrieved from /opt/airflow/dags/document_preprocessing.py
[2025-10-14T17:07:34.202+0000] {logging_mixin.py:188} INFO - [2025-10-14T17:07:34.202+0000] {dag.py:3036} INFO - Sync 1 DAGs
[2025-10-14T17:07:34.212+0000] {logging_mixin.py:188} INFO - [2025-10-14T17:07:34.212+0000] {dag.py:3823} INFO - Setting next_dagrun for document_preprocessing to None, run_after=None
[2025-10-14T17:07:34.225+0000] {processor.py:183} INFO - Processing /opt/airflow/dags/document_preprocessing.py took 0.065 seconds
