[2025-10-14T16:49:34.834+0000] {processor.py:161} INFO - Started process (PID=5980) to work on /opt/airflow/dags/orchestrator_dag.py
[2025-10-14T16:49:34.835+0000] {processor.py:830} INFO - Processing file /opt/airflow/dags/orchestrator_dag.py for tasks to queue
[2025-10-14T16:49:34.836+0000] {logging_mixin.py:188} INFO - [2025-10-14T16:49:34.836+0000] {dagbag.py:538} INFO - Filling up the DagBag from /opt/airflow/dags/orchestrator_dag.py
[2025-10-14T16:49:34.846+0000] {logging_mixin.py:188} INFO - [2025-10-14T16:49:34.846+0000] {shared_utils.py:452} INFO - Инициализированы пути обработки: ['input_pdf', 'temp_dir', 'output_md', 'logs', 'work_dir']
[2025-10-14T16:49:34.846+0000] {logging_mixin.py:188} INFO - [2025-10-14T16:49:34.846+0000] {shared_utils.py:456} INFO - Настроены URL сервисов: ['document_processor', 'translator', 'quality_assurance', 'airflow']
[2025-10-14T16:49:34.852+0000] {processor.py:840} INFO - DAG(s) 'orchestrator_dag' retrieved from /opt/airflow/dags/orchestrator_dag.py
[2025-10-14T16:49:34.878+0000] {logging_mixin.py:188} INFO - [2025-10-14T16:49:34.878+0000] {dag.py:3036} INFO - Sync 1 DAGs
[2025-10-14T16:49:34.888+0000] {logging_mixin.py:188} INFO - [2025-10-14T16:49:34.888+0000] {dag.py:3823} INFO - Setting next_dagrun for orchestrator_dag to None, run_after=None
[2025-10-14T16:49:34.900+0000] {processor.py:183} INFO - Processing /opt/airflow/dags/orchestrator_dag.py took 0.069 seconds
[2025-10-14T16:50:52.323+0000] {processor.py:161} INFO - Started process (PID=103) to work on /opt/airflow/dags/orchestrator_dag.py
[2025-10-14T16:50:52.324+0000] {processor.py:830} INFO - Processing file /opt/airflow/dags/orchestrator_dag.py for tasks to queue
[2025-10-14T16:50:52.325+0000] {logging_mixin.py:188} INFO - [2025-10-14T16:50:52.325+0000] {dagbag.py:538} INFO - Filling up the DagBag from /opt/airflow/dags/orchestrator_dag.py
[2025-10-14T16:50:52.336+0000] {logging_mixin.py:188} INFO - [2025-10-14T16:50:52.335+0000] {shared_utils.py:452} INFO - Инициализированы пути обработки: ['input_pdf', 'temp_dir', 'output_md', 'logs', 'work_dir']
[2025-10-14T16:50:52.336+0000] {logging_mixin.py:188} INFO - [2025-10-14T16:50:52.336+0000] {shared_utils.py:456} INFO - Настроены URL сервисов: ['document_processor', 'translator', 'quality_assurance', 'airflow']
[2025-10-14T16:50:52.342+0000] {processor.py:840} INFO - DAG(s) 'orchestrator_dag' retrieved from /opt/airflow/dags/orchestrator_dag.py
[2025-10-14T16:50:52.355+0000] {logging_mixin.py:188} INFO - [2025-10-14T16:50:52.355+0000] {dag.py:3036} INFO - Sync 1 DAGs
[2025-10-14T16:50:52.366+0000] {logging_mixin.py:188} INFO - [2025-10-14T16:50:52.366+0000] {dag.py:3823} INFO - Setting next_dagrun for orchestrator_dag to None, run_after=None
[2025-10-14T16:50:52.379+0000] {processor.py:183} INFO - Processing /opt/airflow/dags/orchestrator_dag.py took 0.059 seconds
[2025-10-14T16:51:22.815+0000] {processor.py:161} INFO - Started process (PID=115) to work on /opt/airflow/dags/orchestrator_dag.py
[2025-10-14T16:51:22.815+0000] {processor.py:830} INFO - Processing file /opt/airflow/dags/orchestrator_dag.py for tasks to queue
[2025-10-14T16:51:22.817+0000] {logging_mixin.py:188} INFO - [2025-10-14T16:51:22.817+0000] {dagbag.py:538} INFO - Filling up the DagBag from /opt/airflow/dags/orchestrator_dag.py
[2025-10-14T16:51:22.827+0000] {logging_mixin.py:188} INFO - [2025-10-14T16:51:22.827+0000] {shared_utils.py:452} INFO - Инициализированы пути обработки: ['input_pdf', 'temp_dir', 'output_md', 'logs', 'work_dir']
[2025-10-14T16:51:22.827+0000] {logging_mixin.py:188} INFO - [2025-10-14T16:51:22.827+0000] {shared_utils.py:456} INFO - Настроены URL сервисов: ['document_processor', 'translator', 'quality_assurance', 'airflow']
[2025-10-14T16:51:22.833+0000] {processor.py:840} INFO - DAG(s) 'orchestrator_dag' retrieved from /opt/airflow/dags/orchestrator_dag.py
[2025-10-14T16:51:22.914+0000] {logging_mixin.py:188} INFO - [2025-10-14T16:51:22.914+0000] {dag.py:3036} INFO - Sync 1 DAGs
[2025-10-14T16:51:22.922+0000] {logging_mixin.py:188} INFO - [2025-10-14T16:51:22.922+0000] {dag.py:3823} INFO - Setting next_dagrun for orchestrator_dag to None, run_after=None
[2025-10-14T16:51:22.937+0000] {processor.py:183} INFO - Processing /opt/airflow/dags/orchestrator_dag.py took 0.125 seconds
[2025-10-14T16:51:53.159+0000] {processor.py:161} INFO - Started process (PID=128) to work on /opt/airflow/dags/orchestrator_dag.py
[2025-10-14T16:51:53.160+0000] {processor.py:830} INFO - Processing file /opt/airflow/dags/orchestrator_dag.py for tasks to queue
[2025-10-14T16:51:53.161+0000] {logging_mixin.py:188} INFO - [2025-10-14T16:51:53.161+0000] {dagbag.py:538} INFO - Filling up the DagBag from /opt/airflow/dags/orchestrator_dag.py
[2025-10-14T16:51:53.172+0000] {logging_mixin.py:188} INFO - [2025-10-14T16:51:53.172+0000] {shared_utils.py:452} INFO - Инициализированы пути обработки: ['input_pdf', 'temp_dir', 'output_md', 'logs', 'work_dir']
[2025-10-14T16:51:53.172+0000] {logging_mixin.py:188} INFO - [2025-10-14T16:51:53.172+0000] {shared_utils.py:456} INFO - Настроены URL сервисов: ['document_processor', 'translator', 'quality_assurance', 'airflow']
[2025-10-14T16:51:53.178+0000] {processor.py:840} INFO - DAG(s) 'orchestrator_dag' retrieved from /opt/airflow/dags/orchestrator_dag.py
[2025-10-14T16:51:53.205+0000] {logging_mixin.py:188} INFO - [2025-10-14T16:51:53.204+0000] {dag.py:3036} INFO - Sync 1 DAGs
[2025-10-14T16:51:53.214+0000] {logging_mixin.py:188} INFO - [2025-10-14T16:51:53.214+0000] {dag.py:3823} INFO - Setting next_dagrun for orchestrator_dag to None, run_after=None
[2025-10-14T16:51:53.227+0000] {processor.py:183} INFO - Processing /opt/airflow/dags/orchestrator_dag.py took 0.070 seconds
[2025-10-14T16:52:23.473+0000] {processor.py:161} INFO - Started process (PID=141) to work on /opt/airflow/dags/orchestrator_dag.py
[2025-10-14T16:52:23.474+0000] {processor.py:830} INFO - Processing file /opt/airflow/dags/orchestrator_dag.py for tasks to queue
[2025-10-14T16:52:23.476+0000] {logging_mixin.py:188} INFO - [2025-10-14T16:52:23.475+0000] {dagbag.py:538} INFO - Filling up the DagBag from /opt/airflow/dags/orchestrator_dag.py
[2025-10-14T16:52:23.486+0000] {logging_mixin.py:188} INFO - [2025-10-14T16:52:23.486+0000] {shared_utils.py:452} INFO - Инициализированы пути обработки: ['input_pdf', 'temp_dir', 'output_md', 'logs', 'work_dir']
[2025-10-14T16:52:23.486+0000] {logging_mixin.py:188} INFO - [2025-10-14T16:52:23.486+0000] {shared_utils.py:456} INFO - Настроены URL сервисов: ['document_processor', 'translator', 'quality_assurance', 'airflow']
[2025-10-14T16:52:23.492+0000] {processor.py:840} INFO - DAG(s) 'orchestrator_dag' retrieved from /opt/airflow/dags/orchestrator_dag.py
[2025-10-14T16:52:23.518+0000] {logging_mixin.py:188} INFO - [2025-10-14T16:52:23.518+0000] {dag.py:3036} INFO - Sync 1 DAGs
[2025-10-14T16:52:23.527+0000] {logging_mixin.py:188} INFO - [2025-10-14T16:52:23.527+0000] {dag.py:3823} INFO - Setting next_dagrun for orchestrator_dag to None, run_after=None
[2025-10-14T16:52:23.540+0000] {processor.py:183} INFO - Processing /opt/airflow/dags/orchestrator_dag.py took 0.069 seconds
[2025-10-14T16:52:53.861+0000] {processor.py:161} INFO - Started process (PID=154) to work on /opt/airflow/dags/orchestrator_dag.py
[2025-10-14T16:52:53.861+0000] {processor.py:830} INFO - Processing file /opt/airflow/dags/orchestrator_dag.py for tasks to queue
[2025-10-14T16:52:53.863+0000] {logging_mixin.py:188} INFO - [2025-10-14T16:52:53.863+0000] {dagbag.py:538} INFO - Filling up the DagBag from /opt/airflow/dags/orchestrator_dag.py
[2025-10-14T16:52:53.873+0000] {logging_mixin.py:188} INFO - [2025-10-14T16:52:53.873+0000] {shared_utils.py:452} INFO - Инициализированы пути обработки: ['input_pdf', 'temp_dir', 'output_md', 'logs', 'work_dir']
[2025-10-14T16:52:53.873+0000] {logging_mixin.py:188} INFO - [2025-10-14T16:52:53.873+0000] {shared_utils.py:456} INFO - Настроены URL сервисов: ['document_processor', 'translator', 'quality_assurance', 'airflow']
[2025-10-14T16:52:53.880+0000] {processor.py:840} INFO - DAG(s) 'orchestrator_dag' retrieved from /opt/airflow/dags/orchestrator_dag.py
[2025-10-14T16:52:53.905+0000] {logging_mixin.py:188} INFO - [2025-10-14T16:52:53.905+0000] {dag.py:3036} INFO - Sync 1 DAGs
[2025-10-14T16:52:53.916+0000] {logging_mixin.py:188} INFO - [2025-10-14T16:52:53.916+0000] {dag.py:3823} INFO - Setting next_dagrun for orchestrator_dag to None, run_after=None
[2025-10-14T16:52:53.928+0000] {processor.py:183} INFO - Processing /opt/airflow/dags/orchestrator_dag.py took 0.070 seconds
[2025-10-14T16:53:24.198+0000] {processor.py:161} INFO - Started process (PID=167) to work on /opt/airflow/dags/orchestrator_dag.py
[2025-10-14T16:53:24.198+0000] {processor.py:830} INFO - Processing file /opt/airflow/dags/orchestrator_dag.py for tasks to queue
[2025-10-14T16:53:24.200+0000] {logging_mixin.py:188} INFO - [2025-10-14T16:53:24.200+0000] {dagbag.py:538} INFO - Filling up the DagBag from /opt/airflow/dags/orchestrator_dag.py
[2025-10-14T16:53:24.210+0000] {logging_mixin.py:188} INFO - [2025-10-14T16:53:24.209+0000] {shared_utils.py:452} INFO - Инициализированы пути обработки: ['input_pdf', 'temp_dir', 'output_md', 'logs', 'work_dir']
[2025-10-14T16:53:24.210+0000] {logging_mixin.py:188} INFO - [2025-10-14T16:53:24.210+0000] {shared_utils.py:456} INFO - Настроены URL сервисов: ['document_processor', 'translator', 'quality_assurance', 'airflow']
[2025-10-14T16:53:24.216+0000] {processor.py:840} INFO - DAG(s) 'orchestrator_dag' retrieved from /opt/airflow/dags/orchestrator_dag.py
[2025-10-14T16:53:24.241+0000] {logging_mixin.py:188} INFO - [2025-10-14T16:53:24.241+0000] {dag.py:3036} INFO - Sync 1 DAGs
[2025-10-14T16:53:24.250+0000] {logging_mixin.py:188} INFO - [2025-10-14T16:53:24.250+0000] {dag.py:3823} INFO - Setting next_dagrun for orchestrator_dag to None, run_after=None
[2025-10-14T16:53:24.262+0000] {processor.py:183} INFO - Processing /opt/airflow/dags/orchestrator_dag.py took 0.066 seconds
[2025-10-14T16:53:54.580+0000] {processor.py:161} INFO - Started process (PID=180) to work on /opt/airflow/dags/orchestrator_dag.py
[2025-10-14T16:53:54.580+0000] {processor.py:830} INFO - Processing file /opt/airflow/dags/orchestrator_dag.py for tasks to queue
[2025-10-14T16:53:54.582+0000] {logging_mixin.py:188} INFO - [2025-10-14T16:53:54.581+0000] {dagbag.py:538} INFO - Filling up the DagBag from /opt/airflow/dags/orchestrator_dag.py
[2025-10-14T16:53:54.592+0000] {logging_mixin.py:188} INFO - [2025-10-14T16:53:54.592+0000] {shared_utils.py:452} INFO - Инициализированы пути обработки: ['input_pdf', 'temp_dir', 'output_md', 'logs', 'work_dir']
[2025-10-14T16:53:54.592+0000] {logging_mixin.py:188} INFO - [2025-10-14T16:53:54.592+0000] {shared_utils.py:456} INFO - Настроены URL сервисов: ['document_processor', 'translator', 'quality_assurance', 'airflow']
[2025-10-14T16:53:54.598+0000] {processor.py:840} INFO - DAG(s) 'orchestrator_dag' retrieved from /opt/airflow/dags/orchestrator_dag.py
[2025-10-14T16:53:54.624+0000] {logging_mixin.py:188} INFO - [2025-10-14T16:53:54.624+0000] {dag.py:3036} INFO - Sync 1 DAGs
[2025-10-14T16:53:54.634+0000] {logging_mixin.py:188} INFO - [2025-10-14T16:53:54.634+0000] {dag.py:3823} INFO - Setting next_dagrun for orchestrator_dag to None, run_after=None
[2025-10-14T16:53:54.645+0000] {processor.py:183} INFO - Processing /opt/airflow/dags/orchestrator_dag.py took 0.068 seconds
[2025-10-14T16:54:24.878+0000] {processor.py:161} INFO - Started process (PID=193) to work on /opt/airflow/dags/orchestrator_dag.py
[2025-10-14T16:54:24.878+0000] {processor.py:830} INFO - Processing file /opt/airflow/dags/orchestrator_dag.py for tasks to queue
[2025-10-14T16:54:24.880+0000] {logging_mixin.py:188} INFO - [2025-10-14T16:54:24.879+0000] {dagbag.py:538} INFO - Filling up the DagBag from /opt/airflow/dags/orchestrator_dag.py
[2025-10-14T16:54:24.890+0000] {logging_mixin.py:188} INFO - [2025-10-14T16:54:24.890+0000] {shared_utils.py:452} INFO - Инициализированы пути обработки: ['input_pdf', 'temp_dir', 'output_md', 'logs', 'work_dir']
[2025-10-14T16:54:24.890+0000] {logging_mixin.py:188} INFO - [2025-10-14T16:54:24.890+0000] {shared_utils.py:456} INFO - Настроены URL сервисов: ['document_processor', 'translator', 'quality_assurance', 'airflow']
[2025-10-14T16:54:24.897+0000] {processor.py:840} INFO - DAG(s) 'orchestrator_dag' retrieved from /opt/airflow/dags/orchestrator_dag.py
[2025-10-14T16:54:24.923+0000] {logging_mixin.py:188} INFO - [2025-10-14T16:54:24.923+0000] {dag.py:3036} INFO - Sync 1 DAGs
[2025-10-14T16:54:24.933+0000] {logging_mixin.py:188} INFO - [2025-10-14T16:54:24.933+0000] {dag.py:3823} INFO - Setting next_dagrun for orchestrator_dag to None, run_after=None
[2025-10-14T16:54:24.945+0000] {processor.py:183} INFO - Processing /opt/airflow/dags/orchestrator_dag.py took 0.069 seconds
[2025-10-14T16:54:55.270+0000] {processor.py:161} INFO - Started process (PID=206) to work on /opt/airflow/dags/orchestrator_dag.py
[2025-10-14T16:54:55.271+0000] {processor.py:830} INFO - Processing file /opt/airflow/dags/orchestrator_dag.py for tasks to queue
[2025-10-14T16:54:55.272+0000] {logging_mixin.py:188} INFO - [2025-10-14T16:54:55.272+0000] {dagbag.py:538} INFO - Filling up the DagBag from /opt/airflow/dags/orchestrator_dag.py
[2025-10-14T16:54:55.282+0000] {logging_mixin.py:188} INFO - [2025-10-14T16:54:55.282+0000] {shared_utils.py:452} INFO - Инициализированы пути обработки: ['input_pdf', 'temp_dir', 'output_md', 'logs', 'work_dir']
[2025-10-14T16:54:55.283+0000] {logging_mixin.py:188} INFO - [2025-10-14T16:54:55.282+0000] {shared_utils.py:456} INFO - Настроены URL сервисов: ['document_processor', 'translator', 'quality_assurance', 'airflow']
[2025-10-14T16:54:55.289+0000] {processor.py:840} INFO - DAG(s) 'orchestrator_dag' retrieved from /opt/airflow/dags/orchestrator_dag.py
[2025-10-14T16:54:55.315+0000] {logging_mixin.py:188} INFO - [2025-10-14T16:54:55.315+0000] {dag.py:3036} INFO - Sync 1 DAGs
[2025-10-14T16:54:55.324+0000] {logging_mixin.py:188} INFO - [2025-10-14T16:54:55.324+0000] {dag.py:3823} INFO - Setting next_dagrun for orchestrator_dag to None, run_after=None
[2025-10-14T16:54:55.336+0000] {processor.py:183} INFO - Processing /opt/airflow/dags/orchestrator_dag.py took 0.069 seconds
[2025-10-14T16:55:25.566+0000] {processor.py:161} INFO - Started process (PID=219) to work on /opt/airflow/dags/orchestrator_dag.py
[2025-10-14T16:55:25.567+0000] {processor.py:830} INFO - Processing file /opt/airflow/dags/orchestrator_dag.py for tasks to queue
[2025-10-14T16:55:25.568+0000] {logging_mixin.py:188} INFO - [2025-10-14T16:55:25.568+0000] {dagbag.py:538} INFO - Filling up the DagBag from /opt/airflow/dags/orchestrator_dag.py
[2025-10-14T16:55:25.579+0000] {logging_mixin.py:188} INFO - [2025-10-14T16:55:25.578+0000] {shared_utils.py:452} INFO - Инициализированы пути обработки: ['input_pdf', 'temp_dir', 'output_md', 'logs', 'work_dir']
[2025-10-14T16:55:25.579+0000] {logging_mixin.py:188} INFO - [2025-10-14T16:55:25.579+0000] {shared_utils.py:456} INFO - Настроены URL сервисов: ['document_processor', 'translator', 'quality_assurance', 'airflow']
[2025-10-14T16:55:25.585+0000] {processor.py:840} INFO - DAG(s) 'orchestrator_dag' retrieved from /opt/airflow/dags/orchestrator_dag.py
[2025-10-14T16:55:25.610+0000] {logging_mixin.py:188} INFO - [2025-10-14T16:55:25.610+0000] {dag.py:3036} INFO - Sync 1 DAGs
[2025-10-14T16:55:25.620+0000] {logging_mixin.py:188} INFO - [2025-10-14T16:55:25.620+0000] {dag.py:3823} INFO - Setting next_dagrun for orchestrator_dag to None, run_after=None
[2025-10-14T16:55:25.632+0000] {processor.py:183} INFO - Processing /opt/airflow/dags/orchestrator_dag.py took 0.068 seconds
[2025-10-14T16:55:55.947+0000] {processor.py:161} INFO - Started process (PID=232) to work on /opt/airflow/dags/orchestrator_dag.py
[2025-10-14T16:55:55.948+0000] {processor.py:830} INFO - Processing file /opt/airflow/dags/orchestrator_dag.py for tasks to queue
[2025-10-14T16:55:55.949+0000] {logging_mixin.py:188} INFO - [2025-10-14T16:55:55.949+0000] {dagbag.py:538} INFO - Filling up the DagBag from /opt/airflow/dags/orchestrator_dag.py
[2025-10-14T16:55:55.959+0000] {logging_mixin.py:188} INFO - [2025-10-14T16:55:55.959+0000] {shared_utils.py:452} INFO - Инициализированы пути обработки: ['input_pdf', 'temp_dir', 'output_md', 'logs', 'work_dir']
[2025-10-14T16:55:55.960+0000] {logging_mixin.py:188} INFO - [2025-10-14T16:55:55.959+0000] {shared_utils.py:456} INFO - Настроены URL сервисов: ['document_processor', 'translator', 'quality_assurance', 'airflow']
[2025-10-14T16:55:55.966+0000] {processor.py:840} INFO - DAG(s) 'orchestrator_dag' retrieved from /opt/airflow/dags/orchestrator_dag.py
[2025-10-14T16:55:55.991+0000] {logging_mixin.py:188} INFO - [2025-10-14T16:55:55.991+0000] {dag.py:3036} INFO - Sync 1 DAGs
[2025-10-14T16:55:56.000+0000] {logging_mixin.py:188} INFO - [2025-10-14T16:55:56.000+0000] {dag.py:3823} INFO - Setting next_dagrun for orchestrator_dag to None, run_after=None
[2025-10-14T16:55:56.012+0000] {processor.py:183} INFO - Processing /opt/airflow/dags/orchestrator_dag.py took 0.068 seconds
[2025-10-14T16:56:26.245+0000] {processor.py:161} INFO - Started process (PID=245) to work on /opt/airflow/dags/orchestrator_dag.py
[2025-10-14T16:56:26.245+0000] {processor.py:830} INFO - Processing file /opt/airflow/dags/orchestrator_dag.py for tasks to queue
[2025-10-14T16:56:26.247+0000] {logging_mixin.py:188} INFO - [2025-10-14T16:56:26.246+0000] {dagbag.py:538} INFO - Filling up the DagBag from /opt/airflow/dags/orchestrator_dag.py
[2025-10-14T16:56:26.256+0000] {logging_mixin.py:188} INFO - [2025-10-14T16:56:26.256+0000] {shared_utils.py:452} INFO - Инициализированы пути обработки: ['input_pdf', 'temp_dir', 'output_md', 'logs', 'work_dir']
[2025-10-14T16:56:26.257+0000] {logging_mixin.py:188} INFO - [2025-10-14T16:56:26.256+0000] {shared_utils.py:456} INFO - Настроены URL сервисов: ['document_processor', 'translator', 'quality_assurance', 'airflow']
[2025-10-14T16:56:26.262+0000] {processor.py:840} INFO - DAG(s) 'orchestrator_dag' retrieved from /opt/airflow/dags/orchestrator_dag.py
[2025-10-14T16:56:26.288+0000] {logging_mixin.py:188} INFO - [2025-10-14T16:56:26.288+0000] {dag.py:3036} INFO - Sync 1 DAGs
[2025-10-14T16:56:26.298+0000] {logging_mixin.py:188} INFO - [2025-10-14T16:56:26.298+0000] {dag.py:3823} INFO - Setting next_dagrun for orchestrator_dag to None, run_after=None
[2025-10-14T16:56:26.309+0000] {processor.py:183} INFO - Processing /opt/airflow/dags/orchestrator_dag.py took 0.067 seconds
[2025-10-14T16:56:56.543+0000] {processor.py:161} INFO - Started process (PID=259) to work on /opt/airflow/dags/orchestrator_dag.py
[2025-10-14T16:56:56.544+0000] {processor.py:830} INFO - Processing file /opt/airflow/dags/orchestrator_dag.py for tasks to queue
[2025-10-14T16:56:56.546+0000] {logging_mixin.py:188} INFO - [2025-10-14T16:56:56.545+0000] {dagbag.py:538} INFO - Filling up the DagBag from /opt/airflow/dags/orchestrator_dag.py
[2025-10-14T16:56:56.556+0000] {logging_mixin.py:188} INFO - [2025-10-14T16:56:56.555+0000] {shared_utils.py:452} INFO - Инициализированы пути обработки: ['input_pdf', 'temp_dir', 'output_md', 'logs', 'work_dir']
[2025-10-14T16:56:56.556+0000] {logging_mixin.py:188} INFO - [2025-10-14T16:56:56.556+0000] {shared_utils.py:456} INFO - Настроены URL сервисов: ['document_processor', 'translator', 'quality_assurance', 'airflow']
[2025-10-14T16:56:56.562+0000] {processor.py:840} INFO - DAG(s) 'orchestrator_dag' retrieved from /opt/airflow/dags/orchestrator_dag.py
[2025-10-14T16:56:56.589+0000] {logging_mixin.py:188} INFO - [2025-10-14T16:56:56.589+0000] {dag.py:3036} INFO - Sync 1 DAGs
[2025-10-14T16:56:56.719+0000] {logging_mixin.py:188} INFO - [2025-10-14T16:56:56.719+0000] {dag.py:3823} INFO - Setting next_dagrun for orchestrator_dag to None, run_after=None
[2025-10-14T16:56:56.731+0000] {processor.py:183} INFO - Processing /opt/airflow/dags/orchestrator_dag.py took 0.190 seconds
[2025-10-14T16:57:26.967+0000] {processor.py:161} INFO - Started process (PID=272) to work on /opt/airflow/dags/orchestrator_dag.py
[2025-10-14T16:57:26.968+0000] {processor.py:830} INFO - Processing file /opt/airflow/dags/orchestrator_dag.py for tasks to queue
[2025-10-14T16:57:26.969+0000] {logging_mixin.py:188} INFO - [2025-10-14T16:57:26.969+0000] {dagbag.py:538} INFO - Filling up the DagBag from /opt/airflow/dags/orchestrator_dag.py
[2025-10-14T16:57:26.979+0000] {logging_mixin.py:188} INFO - [2025-10-14T16:57:26.979+0000] {shared_utils.py:452} INFO - Инициализированы пути обработки: ['input_pdf', 'temp_dir', 'output_md', 'logs', 'work_dir']
[2025-10-14T16:57:26.980+0000] {logging_mixin.py:188} INFO - [2025-10-14T16:57:26.979+0000] {shared_utils.py:456} INFO - Настроены URL сервисов: ['document_processor', 'translator', 'quality_assurance', 'airflow']
[2025-10-14T16:57:26.986+0000] {processor.py:840} INFO - DAG(s) 'orchestrator_dag' retrieved from /opt/airflow/dags/orchestrator_dag.py
[2025-10-14T16:57:27.012+0000] {logging_mixin.py:188} INFO - [2025-10-14T16:57:27.012+0000] {dag.py:3036} INFO - Sync 1 DAGs
[2025-10-14T16:57:27.022+0000] {logging_mixin.py:188} INFO - [2025-10-14T16:57:27.022+0000] {dag.py:3823} INFO - Setting next_dagrun for orchestrator_dag to None, run_after=None
[2025-10-14T16:57:27.033+0000] {processor.py:183} INFO - Processing /opt/airflow/dags/orchestrator_dag.py took 0.069 seconds
[2025-10-14T16:57:57.264+0000] {processor.py:161} INFO - Started process (PID=285) to work on /opt/airflow/dags/orchestrator_dag.py
[2025-10-14T16:57:57.265+0000] {processor.py:830} INFO - Processing file /opt/airflow/dags/orchestrator_dag.py for tasks to queue
[2025-10-14T16:57:57.266+0000] {logging_mixin.py:188} INFO - [2025-10-14T16:57:57.266+0000] {dagbag.py:538} INFO - Filling up the DagBag from /opt/airflow/dags/orchestrator_dag.py
[2025-10-14T16:57:57.276+0000] {logging_mixin.py:188} INFO - [2025-10-14T16:57:57.276+0000] {shared_utils.py:452} INFO - Инициализированы пути обработки: ['input_pdf', 'temp_dir', 'output_md', 'logs', 'work_dir']
[2025-10-14T16:57:57.276+0000] {logging_mixin.py:188} INFO - [2025-10-14T16:57:57.276+0000] {shared_utils.py:456} INFO - Настроены URL сервисов: ['document_processor', 'translator', 'quality_assurance', 'airflow']
[2025-10-14T16:57:57.282+0000] {processor.py:840} INFO - DAG(s) 'orchestrator_dag' retrieved from /opt/airflow/dags/orchestrator_dag.py
[2025-10-14T16:57:57.308+0000] {logging_mixin.py:188} INFO - [2025-10-14T16:57:57.308+0000] {dag.py:3036} INFO - Sync 1 DAGs
[2025-10-14T16:57:57.318+0000] {logging_mixin.py:188} INFO - [2025-10-14T16:57:57.318+0000] {dag.py:3823} INFO - Setting next_dagrun for orchestrator_dag to None, run_after=None
[2025-10-14T16:57:57.329+0000] {processor.py:183} INFO - Processing /opt/airflow/dags/orchestrator_dag.py took 0.067 seconds
[2025-10-14T16:58:27.641+0000] {processor.py:161} INFO - Started process (PID=298) to work on /opt/airflow/dags/orchestrator_dag.py
[2025-10-14T16:58:27.642+0000] {processor.py:830} INFO - Processing file /opt/airflow/dags/orchestrator_dag.py for tasks to queue
[2025-10-14T16:58:27.643+0000] {logging_mixin.py:188} INFO - [2025-10-14T16:58:27.643+0000] {dagbag.py:538} INFO - Filling up the DagBag from /opt/airflow/dags/orchestrator_dag.py
[2025-10-14T16:58:27.653+0000] {logging_mixin.py:188} INFO - [2025-10-14T16:58:27.652+0000] {shared_utils.py:452} INFO - Инициализированы пути обработки: ['input_pdf', 'temp_dir', 'output_md', 'logs', 'work_dir']
[2025-10-14T16:58:27.653+0000] {logging_mixin.py:188} INFO - [2025-10-14T16:58:27.653+0000] {shared_utils.py:456} INFO - Настроены URL сервисов: ['document_processor', 'translator', 'quality_assurance', 'airflow']
[2025-10-14T16:58:27.659+0000] {processor.py:840} INFO - DAG(s) 'orchestrator_dag' retrieved from /opt/airflow/dags/orchestrator_dag.py
[2025-10-14T16:58:27.685+0000] {logging_mixin.py:188} INFO - [2025-10-14T16:58:27.684+0000] {dag.py:3036} INFO - Sync 1 DAGs
[2025-10-14T16:58:27.694+0000] {logging_mixin.py:188} INFO - [2025-10-14T16:58:27.694+0000] {dag.py:3823} INFO - Setting next_dagrun for orchestrator_dag to None, run_after=None
[2025-10-14T16:58:27.705+0000] {processor.py:183} INFO - Processing /opt/airflow/dags/orchestrator_dag.py took 0.066 seconds
[2025-10-14T16:58:57.935+0000] {processor.py:161} INFO - Started process (PID=311) to work on /opt/airflow/dags/orchestrator_dag.py
[2025-10-14T16:58:57.936+0000] {processor.py:830} INFO - Processing file /opt/airflow/dags/orchestrator_dag.py for tasks to queue
[2025-10-14T16:58:57.937+0000] {logging_mixin.py:188} INFO - [2025-10-14T16:58:57.937+0000] {dagbag.py:538} INFO - Filling up the DagBag from /opt/airflow/dags/orchestrator_dag.py
[2025-10-14T16:58:57.947+0000] {logging_mixin.py:188} INFO - [2025-10-14T16:58:57.947+0000] {shared_utils.py:452} INFO - Инициализированы пути обработки: ['input_pdf', 'temp_dir', 'output_md', 'logs', 'work_dir']
[2025-10-14T16:58:57.948+0000] {logging_mixin.py:188} INFO - [2025-10-14T16:58:57.948+0000] {shared_utils.py:456} INFO - Настроены URL сервисов: ['document_processor', 'translator', 'quality_assurance', 'airflow']
[2025-10-14T16:58:57.954+0000] {processor.py:840} INFO - DAG(s) 'orchestrator_dag' retrieved from /opt/airflow/dags/orchestrator_dag.py
[2025-10-14T16:58:57.983+0000] {logging_mixin.py:188} INFO - [2025-10-14T16:58:57.983+0000] {dag.py:3036} INFO - Sync 1 DAGs
[2025-10-14T16:58:57.994+0000] {logging_mixin.py:188} INFO - [2025-10-14T16:58:57.994+0000] {dag.py:3823} INFO - Setting next_dagrun for orchestrator_dag to None, run_after=None
[2025-10-14T16:58:58.006+0000] {processor.py:183} INFO - Processing /opt/airflow/dags/orchestrator_dag.py took 0.073 seconds
[2025-10-14T16:59:28.316+0000] {processor.py:161} INFO - Started process (PID=324) to work on /opt/airflow/dags/orchestrator_dag.py
[2025-10-14T16:59:28.317+0000] {processor.py:830} INFO - Processing file /opt/airflow/dags/orchestrator_dag.py for tasks to queue
[2025-10-14T16:59:28.319+0000] {logging_mixin.py:188} INFO - [2025-10-14T16:59:28.318+0000] {dagbag.py:538} INFO - Filling up the DagBag from /opt/airflow/dags/orchestrator_dag.py
[2025-10-14T16:59:28.329+0000] {logging_mixin.py:188} INFO - [2025-10-14T16:59:28.329+0000] {shared_utils.py:452} INFO - Инициализированы пути обработки: ['input_pdf', 'temp_dir', 'output_md', 'logs', 'work_dir']
[2025-10-14T16:59:28.329+0000] {logging_mixin.py:188} INFO - [2025-10-14T16:59:28.329+0000] {shared_utils.py:456} INFO - Настроены URL сервисов: ['document_processor', 'translator', 'quality_assurance', 'airflow']
[2025-10-14T16:59:28.335+0000] {processor.py:840} INFO - DAG(s) 'orchestrator_dag' retrieved from /opt/airflow/dags/orchestrator_dag.py
[2025-10-14T16:59:28.361+0000] {logging_mixin.py:188} INFO - [2025-10-14T16:59:28.361+0000] {dag.py:3036} INFO - Sync 1 DAGs
[2025-10-14T16:59:28.371+0000] {logging_mixin.py:188} INFO - [2025-10-14T16:59:28.371+0000] {dag.py:3823} INFO - Setting next_dagrun for orchestrator_dag to None, run_after=None
[2025-10-14T16:59:28.383+0000] {processor.py:183} INFO - Processing /opt/airflow/dags/orchestrator_dag.py took 0.069 seconds
[2025-10-14T16:59:58.609+0000] {processor.py:161} INFO - Started process (PID=337) to work on /opt/airflow/dags/orchestrator_dag.py
[2025-10-14T16:59:58.610+0000] {processor.py:830} INFO - Processing file /opt/airflow/dags/orchestrator_dag.py for tasks to queue
[2025-10-14T16:59:58.611+0000] {logging_mixin.py:188} INFO - [2025-10-14T16:59:58.611+0000] {dagbag.py:538} INFO - Filling up the DagBag from /opt/airflow/dags/orchestrator_dag.py
[2025-10-14T16:59:58.621+0000] {logging_mixin.py:188} INFO - [2025-10-14T16:59:58.621+0000] {shared_utils.py:452} INFO - Инициализированы пути обработки: ['input_pdf', 'temp_dir', 'output_md', 'logs', 'work_dir']
[2025-10-14T16:59:58.621+0000] {logging_mixin.py:188} INFO - [2025-10-14T16:59:58.621+0000] {shared_utils.py:456} INFO - Настроены URL сервисов: ['document_processor', 'translator', 'quality_assurance', 'airflow']
[2025-10-14T16:59:58.627+0000] {processor.py:840} INFO - DAG(s) 'orchestrator_dag' retrieved from /opt/airflow/dags/orchestrator_dag.py
[2025-10-14T16:59:58.653+0000] {logging_mixin.py:188} INFO - [2025-10-14T16:59:58.653+0000] {dag.py:3036} INFO - Sync 1 DAGs
[2025-10-14T16:59:58.662+0000] {logging_mixin.py:188} INFO - [2025-10-14T16:59:58.662+0000] {dag.py:3823} INFO - Setting next_dagrun for orchestrator_dag to None, run_after=None
[2025-10-14T16:59:58.674+0000] {processor.py:183} INFO - Processing /opt/airflow/dags/orchestrator_dag.py took 0.067 seconds
[2025-10-14T17:00:28.988+0000] {processor.py:161} INFO - Started process (PID=350) to work on /opt/airflow/dags/orchestrator_dag.py
[2025-10-14T17:00:28.989+0000] {processor.py:830} INFO - Processing file /opt/airflow/dags/orchestrator_dag.py for tasks to queue
[2025-10-14T17:00:28.990+0000] {logging_mixin.py:188} INFO - [2025-10-14T17:00:28.990+0000] {dagbag.py:538} INFO - Filling up the DagBag from /opt/airflow/dags/orchestrator_dag.py
[2025-10-14T17:00:29.000+0000] {logging_mixin.py:188} INFO - [2025-10-14T17:00:29.000+0000] {shared_utils.py:452} INFO - Инициализированы пути обработки: ['input_pdf', 'temp_dir', 'output_md', 'logs', 'work_dir']
[2025-10-14T17:00:29.000+0000] {logging_mixin.py:188} INFO - [2025-10-14T17:00:29.000+0000] {shared_utils.py:456} INFO - Настроены URL сервисов: ['document_processor', 'translator', 'quality_assurance', 'airflow']
[2025-10-14T17:00:29.006+0000] {processor.py:840} INFO - DAG(s) 'orchestrator_dag' retrieved from /opt/airflow/dags/orchestrator_dag.py
[2025-10-14T17:00:29.031+0000] {logging_mixin.py:188} INFO - [2025-10-14T17:00:29.031+0000] {dag.py:3036} INFO - Sync 1 DAGs
[2025-10-14T17:00:29.041+0000] {logging_mixin.py:188} INFO - [2025-10-14T17:00:29.040+0000] {dag.py:3823} INFO - Setting next_dagrun for orchestrator_dag to None, run_after=None
[2025-10-14T17:00:29.052+0000] {processor.py:183} INFO - Processing /opt/airflow/dags/orchestrator_dag.py took 0.066 seconds
[2025-10-14T17:00:59.278+0000] {processor.py:161} INFO - Started process (PID=363) to work on /opt/airflow/dags/orchestrator_dag.py
[2025-10-14T17:00:59.279+0000] {processor.py:830} INFO - Processing file /opt/airflow/dags/orchestrator_dag.py for tasks to queue
[2025-10-14T17:00:59.280+0000] {logging_mixin.py:188} INFO - [2025-10-14T17:00:59.280+0000] {dagbag.py:538} INFO - Filling up the DagBag from /opt/airflow/dags/orchestrator_dag.py
[2025-10-14T17:00:59.290+0000] {logging_mixin.py:188} INFO - [2025-10-14T17:00:59.290+0000] {shared_utils.py:452} INFO - Инициализированы пути обработки: ['input_pdf', 'temp_dir', 'output_md', 'logs', 'work_dir']
[2025-10-14T17:00:59.290+0000] {logging_mixin.py:188} INFO - [2025-10-14T17:00:59.290+0000] {shared_utils.py:456} INFO - Настроены URL сервисов: ['document_processor', 'translator', 'quality_assurance', 'airflow']
[2025-10-14T17:00:59.296+0000] {processor.py:840} INFO - DAG(s) 'orchestrator_dag' retrieved from /opt/airflow/dags/orchestrator_dag.py
[2025-10-14T17:00:59.321+0000] {logging_mixin.py:188} INFO - [2025-10-14T17:00:59.321+0000] {dag.py:3036} INFO - Sync 1 DAGs
[2025-10-14T17:00:59.331+0000] {logging_mixin.py:188} INFO - [2025-10-14T17:00:59.331+0000] {dag.py:3823} INFO - Setting next_dagrun for orchestrator_dag to None, run_after=None
[2025-10-14T17:00:59.342+0000] {processor.py:183} INFO - Processing /opt/airflow/dags/orchestrator_dag.py took 0.067 seconds
[2025-10-14T17:01:29.724+0000] {processor.py:161} INFO - Started process (PID=376) to work on /opt/airflow/dags/orchestrator_dag.py
[2025-10-14T17:01:29.725+0000] {processor.py:830} INFO - Processing file /opt/airflow/dags/orchestrator_dag.py for tasks to queue
[2025-10-14T17:01:29.726+0000] {logging_mixin.py:188} INFO - [2025-10-14T17:01:29.726+0000] {dagbag.py:538} INFO - Filling up the DagBag from /opt/airflow/dags/orchestrator_dag.py
[2025-10-14T17:01:29.735+0000] {logging_mixin.py:188} INFO - [2025-10-14T17:01:29.735+0000] {shared_utils.py:452} INFO - Инициализированы пути обработки: ['input_pdf', 'temp_dir', 'output_md', 'logs', 'work_dir']
[2025-10-14T17:01:29.735+0000] {logging_mixin.py:188} INFO - [2025-10-14T17:01:29.735+0000] {shared_utils.py:456} INFO - Настроены URL сервисов: ['document_processor', 'translator', 'quality_assurance', 'airflow']
[2025-10-14T17:01:29.741+0000] {processor.py:840} INFO - DAG(s) 'orchestrator_dag' retrieved from /opt/airflow/dags/orchestrator_dag.py
[2025-10-14T17:01:29.768+0000] {logging_mixin.py:188} INFO - [2025-10-14T17:01:29.768+0000] {dag.py:3036} INFO - Sync 1 DAGs
[2025-10-14T17:01:29.778+0000] {logging_mixin.py:188} INFO - [2025-10-14T17:01:29.778+0000] {dag.py:3823} INFO - Setting next_dagrun for orchestrator_dag to None, run_after=None
[2025-10-14T17:01:29.790+0000] {processor.py:183} INFO - Processing /opt/airflow/dags/orchestrator_dag.py took 0.068 seconds
[2025-10-14T17:01:59.964+0000] {processor.py:161} INFO - Started process (PID=389) to work on /opt/airflow/dags/orchestrator_dag.py
[2025-10-14T17:01:59.964+0000] {processor.py:830} INFO - Processing file /opt/airflow/dags/orchestrator_dag.py for tasks to queue
[2025-10-14T17:01:59.966+0000] {logging_mixin.py:188} INFO - [2025-10-14T17:01:59.965+0000] {dagbag.py:538} INFO - Filling up the DagBag from /opt/airflow/dags/orchestrator_dag.py
[2025-10-14T17:01:59.975+0000] {logging_mixin.py:188} INFO - [2025-10-14T17:01:59.975+0000] {shared_utils.py:452} INFO - Инициализированы пути обработки: ['input_pdf', 'temp_dir', 'output_md', 'logs', 'work_dir']
[2025-10-14T17:01:59.976+0000] {logging_mixin.py:188} INFO - [2025-10-14T17:01:59.975+0000] {shared_utils.py:456} INFO - Настроены URL сервисов: ['document_processor', 'translator', 'quality_assurance', 'airflow']
[2025-10-14T17:01:59.981+0000] {processor.py:840} INFO - DAG(s) 'orchestrator_dag' retrieved from /opt/airflow/dags/orchestrator_dag.py
[2025-10-14T17:02:00.007+0000] {logging_mixin.py:188} INFO - [2025-10-14T17:02:00.007+0000] {dag.py:3036} INFO - Sync 1 DAGs
[2025-10-14T17:02:00.017+0000] {logging_mixin.py:188} INFO - [2025-10-14T17:02:00.017+0000] {dag.py:3823} INFO - Setting next_dagrun for orchestrator_dag to None, run_after=None
[2025-10-14T17:02:00.028+0000] {processor.py:183} INFO - Processing /opt/airflow/dags/orchestrator_dag.py took 0.067 seconds
[2025-10-14T17:02:30.273+0000] {processor.py:161} INFO - Started process (PID=402) to work on /opt/airflow/dags/orchestrator_dag.py
[2025-10-14T17:02:30.274+0000] {processor.py:830} INFO - Processing file /opt/airflow/dags/orchestrator_dag.py for tasks to queue
[2025-10-14T17:02:30.275+0000] {logging_mixin.py:188} INFO - [2025-10-14T17:02:30.275+0000] {dagbag.py:538} INFO - Filling up the DagBag from /opt/airflow/dags/orchestrator_dag.py
[2025-10-14T17:02:30.286+0000] {logging_mixin.py:188} INFO - [2025-10-14T17:02:30.285+0000] {shared_utils.py:452} INFO - Инициализированы пути обработки: ['input_pdf', 'temp_dir', 'output_md', 'logs', 'work_dir']
[2025-10-14T17:02:30.286+0000] {logging_mixin.py:188} INFO - [2025-10-14T17:02:30.286+0000] {shared_utils.py:456} INFO - Настроены URL сервисов: ['document_processor', 'translator', 'quality_assurance', 'airflow']
[2025-10-14T17:02:30.292+0000] {processor.py:840} INFO - DAG(s) 'orchestrator_dag' retrieved from /opt/airflow/dags/orchestrator_dag.py
[2025-10-14T17:02:30.320+0000] {logging_mixin.py:188} INFO - [2025-10-14T17:02:30.320+0000] {dag.py:3036} INFO - Sync 1 DAGs
[2025-10-14T17:02:30.439+0000] {logging_mixin.py:188} INFO - [2025-10-14T17:02:30.438+0000] {dag.py:3823} INFO - Setting next_dagrun for orchestrator_dag to None, run_after=None
[2025-10-14T17:02:30.450+0000] {processor.py:183} INFO - Processing /opt/airflow/dags/orchestrator_dag.py took 0.179 seconds
[2025-10-14T17:03:00.688+0000] {processor.py:161} INFO - Started process (PID=415) to work on /opt/airflow/dags/orchestrator_dag.py
[2025-10-14T17:03:00.688+0000] {processor.py:830} INFO - Processing file /opt/airflow/dags/orchestrator_dag.py for tasks to queue
[2025-10-14T17:03:00.690+0000] {logging_mixin.py:188} INFO - [2025-10-14T17:03:00.689+0000] {dagbag.py:538} INFO - Filling up the DagBag from /opt/airflow/dags/orchestrator_dag.py
[2025-10-14T17:03:00.699+0000] {logging_mixin.py:188} INFO - [2025-10-14T17:03:00.699+0000] {shared_utils.py:452} INFO - Инициализированы пути обработки: ['input_pdf', 'temp_dir', 'output_md', 'logs', 'work_dir']
[2025-10-14T17:03:00.699+0000] {logging_mixin.py:188} INFO - [2025-10-14T17:03:00.699+0000] {shared_utils.py:456} INFO - Настроены URL сервисов: ['document_processor', 'translator', 'quality_assurance', 'airflow']
[2025-10-14T17:03:00.705+0000] {processor.py:840} INFO - DAG(s) 'orchestrator_dag' retrieved from /opt/airflow/dags/orchestrator_dag.py
[2025-10-14T17:03:00.730+0000] {logging_mixin.py:188} INFO - [2025-10-14T17:03:00.730+0000] {dag.py:3036} INFO - Sync 1 DAGs
[2025-10-14T17:03:00.740+0000] {logging_mixin.py:188} INFO - [2025-10-14T17:03:00.740+0000] {dag.py:3823} INFO - Setting next_dagrun for orchestrator_dag to None, run_after=None
[2025-10-14T17:03:00.751+0000] {processor.py:183} INFO - Processing /opt/airflow/dags/orchestrator_dag.py took 0.066 seconds
[2025-10-14T17:03:30.980+0000] {processor.py:161} INFO - Started process (PID=428) to work on /opt/airflow/dags/orchestrator_dag.py
[2025-10-14T17:03:30.981+0000] {processor.py:830} INFO - Processing file /opt/airflow/dags/orchestrator_dag.py for tasks to queue
[2025-10-14T17:03:30.982+0000] {logging_mixin.py:188} INFO - [2025-10-14T17:03:30.982+0000] {dagbag.py:538} INFO - Filling up the DagBag from /opt/airflow/dags/orchestrator_dag.py
[2025-10-14T17:03:30.992+0000] {logging_mixin.py:188} INFO - [2025-10-14T17:03:30.992+0000] {shared_utils.py:452} INFO - Инициализированы пути обработки: ['input_pdf', 'temp_dir', 'output_md', 'logs', 'work_dir']
[2025-10-14T17:03:30.992+0000] {logging_mixin.py:188} INFO - [2025-10-14T17:03:30.992+0000] {shared_utils.py:456} INFO - Настроены URL сервисов: ['document_processor', 'translator', 'quality_assurance', 'airflow']
[2025-10-14T17:03:30.998+0000] {processor.py:840} INFO - DAG(s) 'orchestrator_dag' retrieved from /opt/airflow/dags/orchestrator_dag.py
[2025-10-14T17:03:31.025+0000] {logging_mixin.py:188} INFO - [2025-10-14T17:03:31.024+0000] {dag.py:3036} INFO - Sync 1 DAGs
[2025-10-14T17:03:31.034+0000] {logging_mixin.py:188} INFO - [2025-10-14T17:03:31.034+0000] {dag.py:3823} INFO - Setting next_dagrun for orchestrator_dag to None, run_after=None
[2025-10-14T17:03:31.046+0000] {processor.py:183} INFO - Processing /opt/airflow/dags/orchestrator_dag.py took 0.068 seconds
[2025-10-14T17:04:01.365+0000] {processor.py:161} INFO - Started process (PID=441) to work on /opt/airflow/dags/orchestrator_dag.py
[2025-10-14T17:04:01.365+0000] {processor.py:830} INFO - Processing file /opt/airflow/dags/orchestrator_dag.py for tasks to queue
[2025-10-14T17:04:01.367+0000] {logging_mixin.py:188} INFO - [2025-10-14T17:04:01.366+0000] {dagbag.py:538} INFO - Filling up the DagBag from /opt/airflow/dags/orchestrator_dag.py
[2025-10-14T17:04:01.376+0000] {logging_mixin.py:188} INFO - [2025-10-14T17:04:01.376+0000] {shared_utils.py:452} INFO - Инициализированы пути обработки: ['input_pdf', 'temp_dir', 'output_md', 'logs', 'work_dir']
[2025-10-14T17:04:01.377+0000] {logging_mixin.py:188} INFO - [2025-10-14T17:04:01.377+0000] {shared_utils.py:456} INFO - Настроены URL сервисов: ['document_processor', 'translator', 'quality_assurance', 'airflow']
[2025-10-14T17:04:01.383+0000] {processor.py:840} INFO - DAG(s) 'orchestrator_dag' retrieved from /opt/airflow/dags/orchestrator_dag.py
[2025-10-14T17:04:01.411+0000] {logging_mixin.py:188} INFO - [2025-10-14T17:04:01.410+0000] {dag.py:3036} INFO - Sync 1 DAGs
[2025-10-14T17:04:01.420+0000] {logging_mixin.py:188} INFO - [2025-10-14T17:04:01.420+0000] {dag.py:3823} INFO - Setting next_dagrun for orchestrator_dag to None, run_after=None
[2025-10-14T17:04:01.432+0000] {processor.py:183} INFO - Processing /opt/airflow/dags/orchestrator_dag.py took 0.070 seconds
[2025-10-14T17:04:31.670+0000] {processor.py:161} INFO - Started process (PID=454) to work on /opt/airflow/dags/orchestrator_dag.py
[2025-10-14T17:04:31.671+0000] {processor.py:830} INFO - Processing file /opt/airflow/dags/orchestrator_dag.py for tasks to queue
[2025-10-14T17:04:31.673+0000] {logging_mixin.py:188} INFO - [2025-10-14T17:04:31.672+0000] {dagbag.py:538} INFO - Filling up the DagBag from /opt/airflow/dags/orchestrator_dag.py
[2025-10-14T17:04:31.683+0000] {logging_mixin.py:188} INFO - [2025-10-14T17:04:31.683+0000] {shared_utils.py:452} INFO - Инициализированы пути обработки: ['input_pdf', 'temp_dir', 'output_md', 'logs', 'work_dir']
[2025-10-14T17:04:31.683+0000] {logging_mixin.py:188} INFO - [2025-10-14T17:04:31.683+0000] {shared_utils.py:456} INFO - Настроены URL сервисов: ['document_processor', 'translator', 'quality_assurance', 'airflow']
[2025-10-14T17:04:31.689+0000] {processor.py:840} INFO - DAG(s) 'orchestrator_dag' retrieved from /opt/airflow/dags/orchestrator_dag.py
[2025-10-14T17:04:31.716+0000] {logging_mixin.py:188} INFO - [2025-10-14T17:04:31.716+0000] {dag.py:3036} INFO - Sync 1 DAGs
[2025-10-14T17:04:31.726+0000] {logging_mixin.py:188} INFO - [2025-10-14T17:04:31.725+0000] {dag.py:3823} INFO - Setting next_dagrun for orchestrator_dag to None, run_after=None
[2025-10-14T17:04:31.737+0000] {processor.py:183} INFO - Processing /opt/airflow/dags/orchestrator_dag.py took 0.069 seconds
[2025-10-14T17:05:02.057+0000] {processor.py:161} INFO - Started process (PID=467) to work on /opt/airflow/dags/orchestrator_dag.py
[2025-10-14T17:05:02.058+0000] {processor.py:830} INFO - Processing file /opt/airflow/dags/orchestrator_dag.py for tasks to queue
[2025-10-14T17:05:02.059+0000] {logging_mixin.py:188} INFO - [2025-10-14T17:05:02.059+0000] {dagbag.py:538} INFO - Filling up the DagBag from /opt/airflow/dags/orchestrator_dag.py
[2025-10-14T17:05:02.069+0000] {logging_mixin.py:188} INFO - [2025-10-14T17:05:02.069+0000] {shared_utils.py:452} INFO - Инициализированы пути обработки: ['input_pdf', 'temp_dir', 'output_md', 'logs', 'work_dir']
[2025-10-14T17:05:02.069+0000] {logging_mixin.py:188} INFO - [2025-10-14T17:05:02.069+0000] {shared_utils.py:456} INFO - Настроены URL сервисов: ['document_processor', 'translator', 'quality_assurance', 'airflow']
[2025-10-14T17:05:02.075+0000] {processor.py:840} INFO - DAG(s) 'orchestrator_dag' retrieved from /opt/airflow/dags/orchestrator_dag.py
[2025-10-14T17:05:02.101+0000] {logging_mixin.py:188} INFO - [2025-10-14T17:05:02.101+0000] {dag.py:3036} INFO - Sync 1 DAGs
[2025-10-14T17:05:02.111+0000] {logging_mixin.py:188} INFO - [2025-10-14T17:05:02.111+0000] {dag.py:3823} INFO - Setting next_dagrun for orchestrator_dag to None, run_after=None
[2025-10-14T17:05:02.123+0000] {processor.py:183} INFO - Processing /opt/airflow/dags/orchestrator_dag.py took 0.069 seconds
[2025-10-14T17:05:32.359+0000] {processor.py:161} INFO - Started process (PID=480) to work on /opt/airflow/dags/orchestrator_dag.py
[2025-10-14T17:05:32.360+0000] {processor.py:830} INFO - Processing file /opt/airflow/dags/orchestrator_dag.py for tasks to queue
[2025-10-14T17:05:32.361+0000] {logging_mixin.py:188} INFO - [2025-10-14T17:05:32.361+0000] {dagbag.py:538} INFO - Filling up the DagBag from /opt/airflow/dags/orchestrator_dag.py
[2025-10-14T17:05:32.371+0000] {logging_mixin.py:188} INFO - [2025-10-14T17:05:32.371+0000] {shared_utils.py:452} INFO - Инициализированы пути обработки: ['input_pdf', 'temp_dir', 'output_md', 'logs', 'work_dir']
[2025-10-14T17:05:32.371+0000] {logging_mixin.py:188} INFO - [2025-10-14T17:05:32.371+0000] {shared_utils.py:456} INFO - Настроены URL сервисов: ['document_processor', 'translator', 'quality_assurance', 'airflow']
[2025-10-14T17:05:32.377+0000] {processor.py:840} INFO - DAG(s) 'orchestrator_dag' retrieved from /opt/airflow/dags/orchestrator_dag.py
[2025-10-14T17:05:32.402+0000] {logging_mixin.py:188} INFO - [2025-10-14T17:05:32.402+0000] {dag.py:3036} INFO - Sync 1 DAGs
[2025-10-14T17:05:32.411+0000] {logging_mixin.py:188} INFO - [2025-10-14T17:05:32.411+0000] {dag.py:3823} INFO - Setting next_dagrun for orchestrator_dag to None, run_after=None
[2025-10-14T17:05:32.422+0000] {processor.py:183} INFO - Processing /opt/airflow/dags/orchestrator_dag.py took 0.065 seconds
[2025-10-14T17:06:02.750+0000] {processor.py:161} INFO - Started process (PID=493) to work on /opt/airflow/dags/orchestrator_dag.py
[2025-10-14T17:06:02.750+0000] {processor.py:830} INFO - Processing file /opt/airflow/dags/orchestrator_dag.py for tasks to queue
[2025-10-14T17:06:02.752+0000] {logging_mixin.py:188} INFO - [2025-10-14T17:06:02.751+0000] {dagbag.py:538} INFO - Filling up the DagBag from /opt/airflow/dags/orchestrator_dag.py
[2025-10-14T17:06:02.762+0000] {logging_mixin.py:188} INFO - [2025-10-14T17:06:02.762+0000] {shared_utils.py:452} INFO - Инициализированы пути обработки: ['input_pdf', 'temp_dir', 'output_md', 'logs', 'work_dir']
[2025-10-14T17:06:02.762+0000] {logging_mixin.py:188} INFO - [2025-10-14T17:06:02.762+0000] {shared_utils.py:456} INFO - Настроены URL сервисов: ['document_processor', 'translator', 'quality_assurance', 'airflow']
[2025-10-14T17:06:02.768+0000] {processor.py:840} INFO - DAG(s) 'orchestrator_dag' retrieved from /opt/airflow/dags/orchestrator_dag.py
[2025-10-14T17:06:02.795+0000] {logging_mixin.py:188} INFO - [2025-10-14T17:06:02.794+0000] {dag.py:3036} INFO - Sync 1 DAGs
[2025-10-14T17:06:02.804+0000] {logging_mixin.py:188} INFO - [2025-10-14T17:06:02.804+0000] {dag.py:3823} INFO - Setting next_dagrun for orchestrator_dag to None, run_after=None
[2025-10-14T17:06:02.816+0000] {processor.py:183} INFO - Processing /opt/airflow/dags/orchestrator_dag.py took 0.069 seconds
[2025-10-14T17:06:33.045+0000] {processor.py:161} INFO - Started process (PID=506) to work on /opt/airflow/dags/orchestrator_dag.py
[2025-10-14T17:06:33.046+0000] {processor.py:830} INFO - Processing file /opt/airflow/dags/orchestrator_dag.py for tasks to queue
[2025-10-14T17:06:33.047+0000] {logging_mixin.py:188} INFO - [2025-10-14T17:06:33.047+0000] {dagbag.py:538} INFO - Filling up the DagBag from /opt/airflow/dags/orchestrator_dag.py
[2025-10-14T17:06:33.057+0000] {logging_mixin.py:188} INFO - [2025-10-14T17:06:33.057+0000] {shared_utils.py:452} INFO - Инициализированы пути обработки: ['input_pdf', 'temp_dir', 'output_md', 'logs', 'work_dir']
[2025-10-14T17:06:33.057+0000] {logging_mixin.py:188} INFO - [2025-10-14T17:06:33.057+0000] {shared_utils.py:456} INFO - Настроены URL сервисов: ['document_processor', 'translator', 'quality_assurance', 'airflow']
[2025-10-14T17:06:33.064+0000] {processor.py:840} INFO - DAG(s) 'orchestrator_dag' retrieved from /opt/airflow/dags/orchestrator_dag.py
[2025-10-14T17:06:33.090+0000] {logging_mixin.py:188} INFO - [2025-10-14T17:06:33.090+0000] {dag.py:3036} INFO - Sync 1 DAGs
[2025-10-14T17:06:33.100+0000] {logging_mixin.py:188} INFO - [2025-10-14T17:06:33.100+0000] {dag.py:3823} INFO - Setting next_dagrun for orchestrator_dag to None, run_after=None
[2025-10-14T17:06:33.111+0000] {processor.py:183} INFO - Processing /opt/airflow/dags/orchestrator_dag.py took 0.068 seconds
[2025-10-14T17:07:03.744+0000] {processor.py:161} INFO - Started process (PID=520) to work on /opt/airflow/dags/orchestrator_dag.py
[2025-10-14T17:07:03.745+0000] {processor.py:830} INFO - Processing file /opt/airflow/dags/orchestrator_dag.py for tasks to queue
[2025-10-14T17:07:03.746+0000] {logging_mixin.py:188} INFO - [2025-10-14T17:07:03.746+0000] {dagbag.py:538} INFO - Filling up the DagBag from /opt/airflow/dags/orchestrator_dag.py
[2025-10-14T17:07:03.756+0000] {logging_mixin.py:188} INFO - [2025-10-14T17:07:03.755+0000] {shared_utils.py:452} INFO - Инициализированы пути обработки: ['input_pdf', 'temp_dir', 'output_md', 'logs', 'work_dir']
[2025-10-14T17:07:03.756+0000] {logging_mixin.py:188} INFO - [2025-10-14T17:07:03.756+0000] {shared_utils.py:456} INFO - Настроены URL сервисов: ['document_processor', 'translator', 'quality_assurance', 'airflow']
[2025-10-14T17:07:03.761+0000] {processor.py:840} INFO - DAG(s) 'orchestrator_dag' retrieved from /opt/airflow/dags/orchestrator_dag.py
[2025-10-14T17:07:03.789+0000] {logging_mixin.py:188} INFO - [2025-10-14T17:07:03.788+0000] {dag.py:3036} INFO - Sync 1 DAGs
[2025-10-14T17:07:03.798+0000] {logging_mixin.py:188} INFO - [2025-10-14T17:07:03.798+0000] {dag.py:3823} INFO - Setting next_dagrun for orchestrator_dag to None, run_after=None
[2025-10-14T17:07:03.810+0000] {processor.py:183} INFO - Processing /opt/airflow/dags/orchestrator_dag.py took 0.068 seconds
[2025-10-14T17:07:34.071+0000] {processor.py:161} INFO - Started process (PID=532) to work on /opt/airflow/dags/orchestrator_dag.py
[2025-10-14T17:07:34.072+0000] {processor.py:830} INFO - Processing file /opt/airflow/dags/orchestrator_dag.py for tasks to queue
[2025-10-14T17:07:34.074+0000] {logging_mixin.py:188} INFO - [2025-10-14T17:07:34.073+0000] {dagbag.py:538} INFO - Filling up the DagBag from /opt/airflow/dags/orchestrator_dag.py
[2025-10-14T17:07:34.084+0000] {logging_mixin.py:188} INFO - [2025-10-14T17:07:34.084+0000] {shared_utils.py:452} INFO - Инициализированы пути обработки: ['input_pdf', 'temp_dir', 'output_md', 'logs', 'work_dir']
[2025-10-14T17:07:34.084+0000] {logging_mixin.py:188} INFO - [2025-10-14T17:07:34.084+0000] {shared_utils.py:456} INFO - Настроены URL сервисов: ['document_processor', 'translator', 'quality_assurance', 'airflow']
[2025-10-14T17:07:34.090+0000] {processor.py:840} INFO - DAG(s) 'orchestrator_dag' retrieved from /opt/airflow/dags/orchestrator_dag.py
[2025-10-14T17:07:34.117+0000] {logging_mixin.py:188} INFO - [2025-10-14T17:07:34.117+0000] {dag.py:3036} INFO - Sync 1 DAGs
[2025-10-14T17:07:34.127+0000] {logging_mixin.py:188} INFO - [2025-10-14T17:07:34.127+0000] {dag.py:3823} INFO - Setting next_dagrun for orchestrator_dag to None, run_after=None
[2025-10-14T17:07:34.139+0000] {processor.py:183} INFO - Processing /opt/airflow/dags/orchestrator_dag.py took 0.070 seconds
