[2025-10-14T16:49:33.808+0000] {processor.py:161} INFO - Started process (PID=5978) to work on /opt/airflow/dags/shared_utils.py
[2025-10-14T16:49:33.808+0000] {processor.py:830} INFO - Processing file /opt/airflow/dags/shared_utils.py for tasks to queue
[2025-10-14T16:49:33.810+0000] {logging_mixin.py:188} INFO - [2025-10-14T16:49:33.810+0000] {dagbag.py:538} INFO - Filling up the DagBag from /opt/airflow/dags/shared_utils.py
[2025-10-14T16:49:33.816+0000] {logging_mixin.py:188} INFO - [2025-10-14T16:49:33.816+0000] {shared_utils.py:452} INFO - Инициализированы пути обработки: ['input_pdf', 'temp_dir', 'output_md', 'logs', 'work_dir']
[2025-10-14T16:49:33.817+0000] {logging_mixin.py:188} INFO - [2025-10-14T16:49:33.816+0000] {shared_utils.py:456} INFO - Настроены URL сервисов: ['document_processor', 'translator', 'quality_assurance', 'airflow']
[2025-10-14T16:49:33.817+0000] {processor.py:842} WARNING - No viable dags retrieved from /opt/airflow/dags/shared_utils.py
[2025-10-14T16:49:33.830+0000] {processor.py:183} INFO - Processing /opt/airflow/dags/shared_utils.py took 0.025 seconds
[2025-10-14T16:50:52.157+0000] {processor.py:161} INFO - Started process (PID=100) to work on /opt/airflow/dags/shared_utils.py
[2025-10-14T16:50:52.158+0000] {processor.py:830} INFO - Processing file /opt/airflow/dags/shared_utils.py for tasks to queue
[2025-10-14T16:50:52.159+0000] {logging_mixin.py:188} INFO - [2025-10-14T16:50:52.159+0000] {dagbag.py:538} INFO - Filling up the DagBag from /opt/airflow/dags/shared_utils.py
[2025-10-14T16:50:52.168+0000] {logging_mixin.py:188} INFO - [2025-10-14T16:50:52.168+0000] {shared_utils.py:452} INFO - Инициализированы пути обработки: ['input_pdf', 'temp_dir', 'output_md', 'logs', 'work_dir']
[2025-10-14T16:50:52.168+0000] {logging_mixin.py:188} INFO - [2025-10-14T16:50:52.168+0000] {shared_utils.py:456} INFO - Настроены URL сервисов: ['document_processor', 'translator', 'quality_assurance', 'airflow']
[2025-10-14T16:50:52.168+0000] {processor.py:842} WARNING - No viable dags retrieved from /opt/airflow/dags/shared_utils.py
[2025-10-14T16:50:52.186+0000] {processor.py:183} INFO - Processing /opt/airflow/dags/shared_utils.py took 0.031 seconds
[2025-10-14T16:51:22.508+0000] {processor.py:161} INFO - Started process (PID=113) to work on /opt/airflow/dags/shared_utils.py
[2025-10-14T16:51:22.509+0000] {processor.py:830} INFO - Processing file /opt/airflow/dags/shared_utils.py for tasks to queue
[2025-10-14T16:51:22.510+0000] {logging_mixin.py:188} INFO - [2025-10-14T16:51:22.510+0000] {dagbag.py:538} INFO - Filling up the DagBag from /opt/airflow/dags/shared_utils.py
[2025-10-14T16:51:22.516+0000] {logging_mixin.py:188} INFO - [2025-10-14T16:51:22.516+0000] {shared_utils.py:452} INFO - Инициализированы пути обработки: ['input_pdf', 'temp_dir', 'output_md', 'logs', 'work_dir']
[2025-10-14T16:51:22.516+0000] {logging_mixin.py:188} INFO - [2025-10-14T16:51:22.516+0000] {shared_utils.py:456} INFO - Настроены URL сервисов: ['document_processor', 'translator', 'quality_assurance', 'airflow']
[2025-10-14T16:51:22.516+0000] {processor.py:842} WARNING - No viable dags retrieved from /opt/airflow/dags/shared_utils.py
[2025-10-14T16:51:22.529+0000] {processor.py:183} INFO - Processing /opt/airflow/dags/shared_utils.py took 0.024 seconds
[2025-10-14T16:51:53.077+0000] {processor.py:161} INFO - Started process (PID=126) to work on /opt/airflow/dags/shared_utils.py
[2025-10-14T16:51:53.078+0000] {processor.py:830} INFO - Processing file /opt/airflow/dags/shared_utils.py for tasks to queue
[2025-10-14T16:51:53.079+0000] {logging_mixin.py:188} INFO - [2025-10-14T16:51:53.079+0000] {dagbag.py:538} INFO - Filling up the DagBag from /opt/airflow/dags/shared_utils.py
[2025-10-14T16:51:53.085+0000] {logging_mixin.py:188} INFO - [2025-10-14T16:51:53.085+0000] {shared_utils.py:452} INFO - Инициализированы пути обработки: ['input_pdf', 'temp_dir', 'output_md', 'logs', 'work_dir']
[2025-10-14T16:51:53.086+0000] {logging_mixin.py:188} INFO - [2025-10-14T16:51:53.086+0000] {shared_utils.py:456} INFO - Настроены URL сервисов: ['document_processor', 'translator', 'quality_assurance', 'airflow']
[2025-10-14T16:51:53.086+0000] {processor.py:842} WARNING - No viable dags retrieved from /opt/airflow/dags/shared_utils.py
[2025-10-14T16:51:53.099+0000] {processor.py:183} INFO - Processing /opt/airflow/dags/shared_utils.py took 0.024 seconds
[2025-10-14T16:52:23.389+0000] {processor.py:161} INFO - Started process (PID=139) to work on /opt/airflow/dags/shared_utils.py
[2025-10-14T16:52:23.389+0000] {processor.py:830} INFO - Processing file /opt/airflow/dags/shared_utils.py for tasks to queue
[2025-10-14T16:52:23.391+0000] {logging_mixin.py:188} INFO - [2025-10-14T16:52:23.391+0000] {dagbag.py:538} INFO - Filling up the DagBag from /opt/airflow/dags/shared_utils.py
[2025-10-14T16:52:23.397+0000] {logging_mixin.py:188} INFO - [2025-10-14T16:52:23.397+0000] {shared_utils.py:452} INFO - Инициализированы пути обработки: ['input_pdf', 'temp_dir', 'output_md', 'logs', 'work_dir']
[2025-10-14T16:52:23.397+0000] {logging_mixin.py:188} INFO - [2025-10-14T16:52:23.397+0000] {shared_utils.py:456} INFO - Настроены URL сервисов: ['document_processor', 'translator', 'quality_assurance', 'airflow']
[2025-10-14T16:52:23.397+0000] {processor.py:842} WARNING - No viable dags retrieved from /opt/airflow/dags/shared_utils.py
[2025-10-14T16:52:23.410+0000] {processor.py:183} INFO - Processing /opt/airflow/dags/shared_utils.py took 0.024 seconds
[2025-10-14T16:52:53.776+0000] {processor.py:161} INFO - Started process (PID=152) to work on /opt/airflow/dags/shared_utils.py
[2025-10-14T16:52:53.776+0000] {processor.py:830} INFO - Processing file /opt/airflow/dags/shared_utils.py for tasks to queue
[2025-10-14T16:52:53.778+0000] {logging_mixin.py:188} INFO - [2025-10-14T16:52:53.777+0000] {dagbag.py:538} INFO - Filling up the DagBag from /opt/airflow/dags/shared_utils.py
[2025-10-14T16:52:53.784+0000] {logging_mixin.py:188} INFO - [2025-10-14T16:52:53.784+0000] {shared_utils.py:452} INFO - Инициализированы пути обработки: ['input_pdf', 'temp_dir', 'output_md', 'logs', 'work_dir']
[2025-10-14T16:52:53.784+0000] {logging_mixin.py:188} INFO - [2025-10-14T16:52:53.784+0000] {shared_utils.py:456} INFO - Настроены URL сервисов: ['document_processor', 'translator', 'quality_assurance', 'airflow']
[2025-10-14T16:52:53.784+0000] {processor.py:842} WARNING - No viable dags retrieved from /opt/airflow/dags/shared_utils.py
[2025-10-14T16:52:53.798+0000] {processor.py:183} INFO - Processing /opt/airflow/dags/shared_utils.py took 0.025 seconds
[2025-10-14T16:53:24.119+0000] {processor.py:161} INFO - Started process (PID=165) to work on /opt/airflow/dags/shared_utils.py
[2025-10-14T16:53:24.119+0000] {processor.py:830} INFO - Processing file /opt/airflow/dags/shared_utils.py for tasks to queue
[2025-10-14T16:53:24.121+0000] {logging_mixin.py:188} INFO - [2025-10-14T16:53:24.120+0000] {dagbag.py:538} INFO - Filling up the DagBag from /opt/airflow/dags/shared_utils.py
[2025-10-14T16:53:24.127+0000] {logging_mixin.py:188} INFO - [2025-10-14T16:53:24.127+0000] {shared_utils.py:452} INFO - Инициализированы пути обработки: ['input_pdf', 'temp_dir', 'output_md', 'logs', 'work_dir']
[2025-10-14T16:53:24.127+0000] {logging_mixin.py:188} INFO - [2025-10-14T16:53:24.127+0000] {shared_utils.py:456} INFO - Настроены URL сервисов: ['document_processor', 'translator', 'quality_assurance', 'airflow']
[2025-10-14T16:53:24.127+0000] {processor.py:842} WARNING - No viable dags retrieved from /opt/airflow/dags/shared_utils.py
[2025-10-14T16:53:24.141+0000] {processor.py:183} INFO - Processing /opt/airflow/dags/shared_utils.py took 0.025 seconds
[2025-10-14T16:53:54.491+0000] {processor.py:161} INFO - Started process (PID=178) to work on /opt/airflow/dags/shared_utils.py
[2025-10-14T16:53:54.491+0000] {processor.py:830} INFO - Processing file /opt/airflow/dags/shared_utils.py for tasks to queue
[2025-10-14T16:53:54.493+0000] {logging_mixin.py:188} INFO - [2025-10-14T16:53:54.493+0000] {dagbag.py:538} INFO - Filling up the DagBag from /opt/airflow/dags/shared_utils.py
[2025-10-14T16:53:54.499+0000] {logging_mixin.py:188} INFO - [2025-10-14T16:53:54.499+0000] {shared_utils.py:452} INFO - Инициализированы пути обработки: ['input_pdf', 'temp_dir', 'output_md', 'logs', 'work_dir']
[2025-10-14T16:53:54.499+0000] {logging_mixin.py:188} INFO - [2025-10-14T16:53:54.499+0000] {shared_utils.py:456} INFO - Настроены URL сервисов: ['document_processor', 'translator', 'quality_assurance', 'airflow']
[2025-10-14T16:53:54.500+0000] {processor.py:842} WARNING - No viable dags retrieved from /opt/airflow/dags/shared_utils.py
[2025-10-14T16:53:54.513+0000] {processor.py:183} INFO - Processing /opt/airflow/dags/shared_utils.py took 0.025 seconds
[2025-10-14T16:54:24.797+0000] {processor.py:161} INFO - Started process (PID=191) to work on /opt/airflow/dags/shared_utils.py
[2025-10-14T16:54:24.797+0000] {processor.py:830} INFO - Processing file /opt/airflow/dags/shared_utils.py for tasks to queue
[2025-10-14T16:54:24.799+0000] {logging_mixin.py:188} INFO - [2025-10-14T16:54:24.799+0000] {dagbag.py:538} INFO - Filling up the DagBag from /opt/airflow/dags/shared_utils.py
[2025-10-14T16:54:24.805+0000] {logging_mixin.py:188} INFO - [2025-10-14T16:54:24.805+0000] {shared_utils.py:452} INFO - Инициализированы пути обработки: ['input_pdf', 'temp_dir', 'output_md', 'logs', 'work_dir']
[2025-10-14T16:54:24.806+0000] {logging_mixin.py:188} INFO - [2025-10-14T16:54:24.806+0000] {shared_utils.py:456} INFO - Настроены URL сервисов: ['document_processor', 'translator', 'quality_assurance', 'airflow']
[2025-10-14T16:54:24.806+0000] {processor.py:842} WARNING - No viable dags retrieved from /opt/airflow/dags/shared_utils.py
[2025-10-14T16:54:24.819+0000] {processor.py:183} INFO - Processing /opt/airflow/dags/shared_utils.py took 0.025 seconds
[2025-10-14T16:54:55.192+0000] {processor.py:161} INFO - Started process (PID=204) to work on /opt/airflow/dags/shared_utils.py
[2025-10-14T16:54:55.192+0000] {processor.py:830} INFO - Processing file /opt/airflow/dags/shared_utils.py for tasks to queue
[2025-10-14T16:54:55.194+0000] {logging_mixin.py:188} INFO - [2025-10-14T16:54:55.194+0000] {dagbag.py:538} INFO - Filling up the DagBag from /opt/airflow/dags/shared_utils.py
[2025-10-14T16:54:55.200+0000] {logging_mixin.py:188} INFO - [2025-10-14T16:54:55.200+0000] {shared_utils.py:452} INFO - Инициализированы пути обработки: ['input_pdf', 'temp_dir', 'output_md', 'logs', 'work_dir']
[2025-10-14T16:54:55.201+0000] {logging_mixin.py:188} INFO - [2025-10-14T16:54:55.201+0000] {shared_utils.py:456} INFO - Настроены URL сервисов: ['document_processor', 'translator', 'quality_assurance', 'airflow']
[2025-10-14T16:54:55.201+0000] {processor.py:842} WARNING - No viable dags retrieved from /opt/airflow/dags/shared_utils.py
[2025-10-14T16:54:55.214+0000] {processor.py:183} INFO - Processing /opt/airflow/dags/shared_utils.py took 0.024 seconds
[2025-10-14T16:55:25.484+0000] {processor.py:161} INFO - Started process (PID=217) to work on /opt/airflow/dags/shared_utils.py
[2025-10-14T16:55:25.485+0000] {processor.py:830} INFO - Processing file /opt/airflow/dags/shared_utils.py for tasks to queue
[2025-10-14T16:55:25.486+0000] {logging_mixin.py:188} INFO - [2025-10-14T16:55:25.486+0000] {dagbag.py:538} INFO - Filling up the DagBag from /opt/airflow/dags/shared_utils.py
[2025-10-14T16:55:25.492+0000] {logging_mixin.py:188} INFO - [2025-10-14T16:55:25.492+0000] {shared_utils.py:452} INFO - Инициализированы пути обработки: ['input_pdf', 'temp_dir', 'output_md', 'logs', 'work_dir']
[2025-10-14T16:55:25.492+0000] {logging_mixin.py:188} INFO - [2025-10-14T16:55:25.492+0000] {shared_utils.py:456} INFO - Настроены URL сервисов: ['document_processor', 'translator', 'quality_assurance', 'airflow']
[2025-10-14T16:55:25.493+0000] {processor.py:842} WARNING - No viable dags retrieved from /opt/airflow/dags/shared_utils.py
[2025-10-14T16:55:25.506+0000] {processor.py:183} INFO - Processing /opt/airflow/dags/shared_utils.py took 0.024 seconds
[2025-10-14T16:55:55.868+0000] {processor.py:161} INFO - Started process (PID=230) to work on /opt/airflow/dags/shared_utils.py
[2025-10-14T16:55:55.869+0000] {processor.py:830} INFO - Processing file /opt/airflow/dags/shared_utils.py for tasks to queue
[2025-10-14T16:55:55.870+0000] {logging_mixin.py:188} INFO - [2025-10-14T16:55:55.870+0000] {dagbag.py:538} INFO - Filling up the DagBag from /opt/airflow/dags/shared_utils.py
[2025-10-14T16:55:55.877+0000] {logging_mixin.py:188} INFO - [2025-10-14T16:55:55.877+0000] {shared_utils.py:452} INFO - Инициализированы пути обработки: ['input_pdf', 'temp_dir', 'output_md', 'logs', 'work_dir']
[2025-10-14T16:55:55.877+0000] {logging_mixin.py:188} INFO - [2025-10-14T16:55:55.877+0000] {shared_utils.py:456} INFO - Настроены URL сервисов: ['document_processor', 'translator', 'quality_assurance', 'airflow']
[2025-10-14T16:55:55.877+0000] {processor.py:842} WARNING - No viable dags retrieved from /opt/airflow/dags/shared_utils.py
[2025-10-14T16:55:55.890+0000] {processor.py:183} INFO - Processing /opt/airflow/dags/shared_utils.py took 0.024 seconds
[2025-10-14T16:56:26.163+0000] {processor.py:161} INFO - Started process (PID=243) to work on /opt/airflow/dags/shared_utils.py
[2025-10-14T16:56:26.164+0000] {processor.py:830} INFO - Processing file /opt/airflow/dags/shared_utils.py for tasks to queue
[2025-10-14T16:56:26.165+0000] {logging_mixin.py:188} INFO - [2025-10-14T16:56:26.165+0000] {dagbag.py:538} INFO - Filling up the DagBag from /opt/airflow/dags/shared_utils.py
[2025-10-14T16:56:26.172+0000] {logging_mixin.py:188} INFO - [2025-10-14T16:56:26.172+0000] {shared_utils.py:452} INFO - Инициализированы пути обработки: ['input_pdf', 'temp_dir', 'output_md', 'logs', 'work_dir']
[2025-10-14T16:56:26.172+0000] {logging_mixin.py:188} INFO - [2025-10-14T16:56:26.172+0000] {shared_utils.py:456} INFO - Настроены URL сервисов: ['document_processor', 'translator', 'quality_assurance', 'airflow']
[2025-10-14T16:56:26.172+0000] {processor.py:842} WARNING - No viable dags retrieved from /opt/airflow/dags/shared_utils.py
[2025-10-14T16:56:26.186+0000] {processor.py:183} INFO - Processing /opt/airflow/dags/shared_utils.py took 0.025 seconds
[2025-10-14T16:56:56.460+0000] {processor.py:161} INFO - Started process (PID=257) to work on /opt/airflow/dags/shared_utils.py
[2025-10-14T16:56:56.460+0000] {processor.py:830} INFO - Processing file /opt/airflow/dags/shared_utils.py for tasks to queue
[2025-10-14T16:56:56.462+0000] {logging_mixin.py:188} INFO - [2025-10-14T16:56:56.462+0000] {dagbag.py:538} INFO - Filling up the DagBag from /opt/airflow/dags/shared_utils.py
[2025-10-14T16:56:56.468+0000] {logging_mixin.py:188} INFO - [2025-10-14T16:56:56.468+0000] {shared_utils.py:452} INFO - Инициализированы пути обработки: ['input_pdf', 'temp_dir', 'output_md', 'logs', 'work_dir']
[2025-10-14T16:56:56.468+0000] {logging_mixin.py:188} INFO - [2025-10-14T16:56:56.468+0000] {shared_utils.py:456} INFO - Настроены URL сервисов: ['document_processor', 'translator', 'quality_assurance', 'airflow']
[2025-10-14T16:56:56.468+0000] {processor.py:842} WARNING - No viable dags retrieved from /opt/airflow/dags/shared_utils.py
[2025-10-14T16:56:56.482+0000] {processor.py:183} INFO - Processing /opt/airflow/dags/shared_utils.py took 0.024 seconds
[2025-10-14T16:57:26.882+0000] {processor.py:161} INFO - Started process (PID=270) to work on /opt/airflow/dags/shared_utils.py
[2025-10-14T16:57:26.882+0000] {processor.py:830} INFO - Processing file /opt/airflow/dags/shared_utils.py for tasks to queue
[2025-10-14T16:57:26.884+0000] {logging_mixin.py:188} INFO - [2025-10-14T16:57:26.884+0000] {dagbag.py:538} INFO - Filling up the DagBag from /opt/airflow/dags/shared_utils.py
[2025-10-14T16:57:26.890+0000] {logging_mixin.py:188} INFO - [2025-10-14T16:57:26.890+0000] {shared_utils.py:452} INFO - Инициализированы пути обработки: ['input_pdf', 'temp_dir', 'output_md', 'logs', 'work_dir']
[2025-10-14T16:57:26.890+0000] {logging_mixin.py:188} INFO - [2025-10-14T16:57:26.890+0000] {shared_utils.py:456} INFO - Настроены URL сервисов: ['document_processor', 'translator', 'quality_assurance', 'airflow']
[2025-10-14T16:57:26.890+0000] {processor.py:842} WARNING - No viable dags retrieved from /opt/airflow/dags/shared_utils.py
[2025-10-14T16:57:26.904+0000] {processor.py:183} INFO - Processing /opt/airflow/dags/shared_utils.py took 0.025 seconds
[2025-10-14T16:57:57.183+0000] {processor.py:161} INFO - Started process (PID=283) to work on /opt/airflow/dags/shared_utils.py
[2025-10-14T16:57:57.183+0000] {processor.py:830} INFO - Processing file /opt/airflow/dags/shared_utils.py for tasks to queue
[2025-10-14T16:57:57.185+0000] {logging_mixin.py:188} INFO - [2025-10-14T16:57:57.185+0000] {dagbag.py:538} INFO - Filling up the DagBag from /opt/airflow/dags/shared_utils.py
[2025-10-14T16:57:57.191+0000] {logging_mixin.py:188} INFO - [2025-10-14T16:57:57.191+0000] {shared_utils.py:452} INFO - Инициализированы пути обработки: ['input_pdf', 'temp_dir', 'output_md', 'logs', 'work_dir']
[2025-10-14T16:57:57.191+0000] {logging_mixin.py:188} INFO - [2025-10-14T16:57:57.191+0000] {shared_utils.py:456} INFO - Настроены URL сервисов: ['document_processor', 'translator', 'quality_assurance', 'airflow']
[2025-10-14T16:57:57.191+0000] {processor.py:842} WARNING - No viable dags retrieved from /opt/airflow/dags/shared_utils.py
[2025-10-14T16:57:57.203+0000] {processor.py:183} INFO - Processing /opt/airflow/dags/shared_utils.py took 0.023 seconds
[2025-10-14T16:58:27.563+0000] {processor.py:161} INFO - Started process (PID=296) to work on /opt/airflow/dags/shared_utils.py
[2025-10-14T16:58:27.563+0000] {processor.py:830} INFO - Processing file /opt/airflow/dags/shared_utils.py for tasks to queue
[2025-10-14T16:58:27.565+0000] {logging_mixin.py:188} INFO - [2025-10-14T16:58:27.565+0000] {dagbag.py:538} INFO - Filling up the DagBag from /opt/airflow/dags/shared_utils.py
[2025-10-14T16:58:27.571+0000] {logging_mixin.py:188} INFO - [2025-10-14T16:58:27.571+0000] {shared_utils.py:452} INFO - Инициализированы пути обработки: ['input_pdf', 'temp_dir', 'output_md', 'logs', 'work_dir']
[2025-10-14T16:58:27.571+0000] {logging_mixin.py:188} INFO - [2025-10-14T16:58:27.571+0000] {shared_utils.py:456} INFO - Настроены URL сервисов: ['document_processor', 'translator', 'quality_assurance', 'airflow']
[2025-10-14T16:58:27.572+0000] {processor.py:842} WARNING - No viable dags retrieved from /opt/airflow/dags/shared_utils.py
[2025-10-14T16:58:27.585+0000] {processor.py:183} INFO - Processing /opt/airflow/dags/shared_utils.py took 0.024 seconds
[2025-10-14T16:58:57.856+0000] {processor.py:161} INFO - Started process (PID=309) to work on /opt/airflow/dags/shared_utils.py
[2025-10-14T16:58:57.856+0000] {processor.py:830} INFO - Processing file /opt/airflow/dags/shared_utils.py for tasks to queue
[2025-10-14T16:58:57.858+0000] {logging_mixin.py:188} INFO - [2025-10-14T16:58:57.857+0000] {dagbag.py:538} INFO - Filling up the DagBag from /opt/airflow/dags/shared_utils.py
[2025-10-14T16:58:57.864+0000] {logging_mixin.py:188} INFO - [2025-10-14T16:58:57.864+0000] {shared_utils.py:452} INFO - Инициализированы пути обработки: ['input_pdf', 'temp_dir', 'output_md', 'logs', 'work_dir']
[2025-10-14T16:58:57.864+0000] {logging_mixin.py:188} INFO - [2025-10-14T16:58:57.864+0000] {shared_utils.py:456} INFO - Настроены URL сервисов: ['document_processor', 'translator', 'quality_assurance', 'airflow']
[2025-10-14T16:58:57.864+0000] {processor.py:842} WARNING - No viable dags retrieved from /opt/airflow/dags/shared_utils.py
[2025-10-14T16:58:57.878+0000] {processor.py:183} INFO - Processing /opt/airflow/dags/shared_utils.py took 0.025 seconds
[2025-10-14T16:59:28.238+0000] {processor.py:161} INFO - Started process (PID=322) to work on /opt/airflow/dags/shared_utils.py
[2025-10-14T16:59:28.239+0000] {processor.py:830} INFO - Processing file /opt/airflow/dags/shared_utils.py for tasks to queue
[2025-10-14T16:59:28.240+0000] {logging_mixin.py:188} INFO - [2025-10-14T16:59:28.240+0000] {dagbag.py:538} INFO - Filling up the DagBag from /opt/airflow/dags/shared_utils.py
[2025-10-14T16:59:28.246+0000] {logging_mixin.py:188} INFO - [2025-10-14T16:59:28.246+0000] {shared_utils.py:452} INFO - Инициализированы пути обработки: ['input_pdf', 'temp_dir', 'output_md', 'logs', 'work_dir']
[2025-10-14T16:59:28.246+0000] {logging_mixin.py:188} INFO - [2025-10-14T16:59:28.246+0000] {shared_utils.py:456} INFO - Настроены URL сервисов: ['document_processor', 'translator', 'quality_assurance', 'airflow']
[2025-10-14T16:59:28.247+0000] {processor.py:842} WARNING - No viable dags retrieved from /opt/airflow/dags/shared_utils.py
[2025-10-14T16:59:28.260+0000] {processor.py:183} INFO - Processing /opt/airflow/dags/shared_utils.py took 0.024 seconds
[2025-10-14T16:59:58.527+0000] {processor.py:161} INFO - Started process (PID=335) to work on /opt/airflow/dags/shared_utils.py
[2025-10-14T16:59:58.528+0000] {processor.py:830} INFO - Processing file /opt/airflow/dags/shared_utils.py for tasks to queue
[2025-10-14T16:59:58.529+0000] {logging_mixin.py:188} INFO - [2025-10-14T16:59:58.529+0000] {dagbag.py:538} INFO - Filling up the DagBag from /opt/airflow/dags/shared_utils.py
[2025-10-14T16:59:58.535+0000] {logging_mixin.py:188} INFO - [2025-10-14T16:59:58.535+0000] {shared_utils.py:452} INFO - Инициализированы пути обработки: ['input_pdf', 'temp_dir', 'output_md', 'logs', 'work_dir']
[2025-10-14T16:59:58.536+0000] {logging_mixin.py:188} INFO - [2025-10-14T16:59:58.536+0000] {shared_utils.py:456} INFO - Настроены URL сервисов: ['document_processor', 'translator', 'quality_assurance', 'airflow']
[2025-10-14T16:59:58.536+0000] {processor.py:842} WARNING - No viable dags retrieved from /opt/airflow/dags/shared_utils.py
[2025-10-14T16:59:58.549+0000] {processor.py:183} INFO - Processing /opt/airflow/dags/shared_utils.py took 0.025 seconds
[2025-10-14T17:00:28.906+0000] {processor.py:161} INFO - Started process (PID=348) to work on /opt/airflow/dags/shared_utils.py
[2025-10-14T17:00:28.907+0000] {processor.py:830} INFO - Processing file /opt/airflow/dags/shared_utils.py for tasks to queue
[2025-10-14T17:00:28.908+0000] {logging_mixin.py:188} INFO - [2025-10-14T17:00:28.908+0000] {dagbag.py:538} INFO - Filling up the DagBag from /opt/airflow/dags/shared_utils.py
[2025-10-14T17:00:28.914+0000] {logging_mixin.py:188} INFO - [2025-10-14T17:00:28.914+0000] {shared_utils.py:452} INFO - Инициализированы пути обработки: ['input_pdf', 'temp_dir', 'output_md', 'logs', 'work_dir']
[2025-10-14T17:00:28.915+0000] {logging_mixin.py:188} INFO - [2025-10-14T17:00:28.915+0000] {shared_utils.py:456} INFO - Настроены URL сервисов: ['document_processor', 'translator', 'quality_assurance', 'airflow']
[2025-10-14T17:00:28.915+0000] {processor.py:842} WARNING - No viable dags retrieved from /opt/airflow/dags/shared_utils.py
[2025-10-14T17:00:28.928+0000] {processor.py:183} INFO - Processing /opt/airflow/dags/shared_utils.py took 0.025 seconds
[2025-10-14T17:00:59.201+0000] {processor.py:161} INFO - Started process (PID=361) to work on /opt/airflow/dags/shared_utils.py
[2025-10-14T17:00:59.201+0000] {processor.py:830} INFO - Processing file /opt/airflow/dags/shared_utils.py for tasks to queue
[2025-10-14T17:00:59.203+0000] {logging_mixin.py:188} INFO - [2025-10-14T17:00:59.203+0000] {dagbag.py:538} INFO - Filling up the DagBag from /opt/airflow/dags/shared_utils.py
[2025-10-14T17:00:59.209+0000] {logging_mixin.py:188} INFO - [2025-10-14T17:00:59.209+0000] {shared_utils.py:452} INFO - Инициализированы пути обработки: ['input_pdf', 'temp_dir', 'output_md', 'logs', 'work_dir']
[2025-10-14T17:00:59.209+0000] {logging_mixin.py:188} INFO - [2025-10-14T17:00:59.209+0000] {shared_utils.py:456} INFO - Настроены URL сервисов: ['document_processor', 'translator', 'quality_assurance', 'airflow']
[2025-10-14T17:00:59.210+0000] {processor.py:842} WARNING - No viable dags retrieved from /opt/airflow/dags/shared_utils.py
[2025-10-14T17:00:59.222+0000] {processor.py:183} INFO - Processing /opt/airflow/dags/shared_utils.py took 0.024 seconds
[2025-10-14T17:01:29.494+0000] {processor.py:161} INFO - Started process (PID=374) to work on /opt/airflow/dags/shared_utils.py
[2025-10-14T17:01:29.495+0000] {processor.py:830} INFO - Processing file /opt/airflow/dags/shared_utils.py for tasks to queue
[2025-10-14T17:01:29.496+0000] {logging_mixin.py:188} INFO - [2025-10-14T17:01:29.496+0000] {dagbag.py:538} INFO - Filling up the DagBag from /opt/airflow/dags/shared_utils.py
[2025-10-14T17:01:29.502+0000] {logging_mixin.py:188} INFO - [2025-10-14T17:01:29.502+0000] {shared_utils.py:452} INFO - Инициализированы пути обработки: ['input_pdf', 'temp_dir', 'output_md', 'logs', 'work_dir']
[2025-10-14T17:01:29.503+0000] {logging_mixin.py:188} INFO - [2025-10-14T17:01:29.503+0000] {shared_utils.py:456} INFO - Настроены URL сервисов: ['document_processor', 'translator', 'quality_assurance', 'airflow']
[2025-10-14T17:01:29.503+0000] {processor.py:842} WARNING - No viable dags retrieved from /opt/airflow/dags/shared_utils.py
[2025-10-14T17:01:29.516+0000] {processor.py:183} INFO - Processing /opt/airflow/dags/shared_utils.py took 0.025 seconds
[2025-10-14T17:01:59.880+0000] {processor.py:161} INFO - Started process (PID=387) to work on /opt/airflow/dags/shared_utils.py
[2025-10-14T17:01:59.881+0000] {processor.py:830} INFO - Processing file /opt/airflow/dags/shared_utils.py for tasks to queue
[2025-10-14T17:01:59.882+0000] {logging_mixin.py:188} INFO - [2025-10-14T17:01:59.882+0000] {dagbag.py:538} INFO - Filling up the DagBag from /opt/airflow/dags/shared_utils.py
[2025-10-14T17:01:59.889+0000] {logging_mixin.py:188} INFO - [2025-10-14T17:01:59.889+0000] {shared_utils.py:452} INFO - Инициализированы пути обработки: ['input_pdf', 'temp_dir', 'output_md', 'logs', 'work_dir']
[2025-10-14T17:01:59.889+0000] {logging_mixin.py:188} INFO - [2025-10-14T17:01:59.889+0000] {shared_utils.py:456} INFO - Настроены URL сервисов: ['document_processor', 'translator', 'quality_assurance', 'airflow']
[2025-10-14T17:01:59.889+0000] {processor.py:842} WARNING - No viable dags retrieved from /opt/airflow/dags/shared_utils.py
[2025-10-14T17:01:59.902+0000] {processor.py:183} INFO - Processing /opt/airflow/dags/shared_utils.py took 0.025 seconds
[2025-10-14T17:02:30.192+0000] {processor.py:161} INFO - Started process (PID=400) to work on /opt/airflow/dags/shared_utils.py
[2025-10-14T17:02:30.193+0000] {processor.py:830} INFO - Processing file /opt/airflow/dags/shared_utils.py for tasks to queue
[2025-10-14T17:02:30.194+0000] {logging_mixin.py:188} INFO - [2025-10-14T17:02:30.194+0000] {dagbag.py:538} INFO - Filling up the DagBag from /opt/airflow/dags/shared_utils.py
[2025-10-14T17:02:30.201+0000] {logging_mixin.py:188} INFO - [2025-10-14T17:02:30.201+0000] {shared_utils.py:452} INFO - Инициализированы пути обработки: ['input_pdf', 'temp_dir', 'output_md', 'logs', 'work_dir']
[2025-10-14T17:02:30.201+0000] {logging_mixin.py:188} INFO - [2025-10-14T17:02:30.201+0000] {shared_utils.py:456} INFO - Настроены URL сервисов: ['document_processor', 'translator', 'quality_assurance', 'airflow']
[2025-10-14T17:02:30.201+0000] {processor.py:842} WARNING - No viable dags retrieved from /opt/airflow/dags/shared_utils.py
[2025-10-14T17:02:30.214+0000] {processor.py:183} INFO - Processing /opt/airflow/dags/shared_utils.py took 0.024 seconds
[2025-10-14T17:03:00.609+0000] {processor.py:161} INFO - Started process (PID=413) to work on /opt/airflow/dags/shared_utils.py
[2025-10-14T17:03:00.610+0000] {processor.py:830} INFO - Processing file /opt/airflow/dags/shared_utils.py for tasks to queue
[2025-10-14T17:03:00.611+0000] {logging_mixin.py:188} INFO - [2025-10-14T17:03:00.611+0000] {dagbag.py:538} INFO - Filling up the DagBag from /opt/airflow/dags/shared_utils.py
[2025-10-14T17:03:00.618+0000] {logging_mixin.py:188} INFO - [2025-10-14T17:03:00.617+0000] {shared_utils.py:452} INFO - Инициализированы пути обработки: ['input_pdf', 'temp_dir', 'output_md', 'logs', 'work_dir']
[2025-10-14T17:03:00.618+0000] {logging_mixin.py:188} INFO - [2025-10-14T17:03:00.618+0000] {shared_utils.py:456} INFO - Настроены URL сервисов: ['document_processor', 'translator', 'quality_assurance', 'airflow']
[2025-10-14T17:03:00.618+0000] {processor.py:842} WARNING - No viable dags retrieved from /opt/airflow/dags/shared_utils.py
[2025-10-14T17:03:00.631+0000] {processor.py:183} INFO - Processing /opt/airflow/dags/shared_utils.py took 0.025 seconds
[2025-10-14T17:03:30.902+0000] {processor.py:161} INFO - Started process (PID=426) to work on /opt/airflow/dags/shared_utils.py
[2025-10-14T17:03:30.903+0000] {processor.py:830} INFO - Processing file /opt/airflow/dags/shared_utils.py for tasks to queue
[2025-10-14T17:03:30.904+0000] {logging_mixin.py:188} INFO - [2025-10-14T17:03:30.904+0000] {dagbag.py:538} INFO - Filling up the DagBag from /opt/airflow/dags/shared_utils.py
[2025-10-14T17:03:30.911+0000] {logging_mixin.py:188} INFO - [2025-10-14T17:03:30.910+0000] {shared_utils.py:452} INFO - Инициализированы пути обработки: ['input_pdf', 'temp_dir', 'output_md', 'logs', 'work_dir']
[2025-10-14T17:03:30.911+0000] {logging_mixin.py:188} INFO - [2025-10-14T17:03:30.911+0000] {shared_utils.py:456} INFO - Настроены URL сервисов: ['document_processor', 'translator', 'quality_assurance', 'airflow']
[2025-10-14T17:03:30.911+0000] {processor.py:842} WARNING - No viable dags retrieved from /opt/airflow/dags/shared_utils.py
[2025-10-14T17:03:30.924+0000] {processor.py:183} INFO - Processing /opt/airflow/dags/shared_utils.py took 0.025 seconds
[2025-10-14T17:04:01.282+0000] {processor.py:161} INFO - Started process (PID=439) to work on /opt/airflow/dags/shared_utils.py
[2025-10-14T17:04:01.282+0000] {processor.py:830} INFO - Processing file /opt/airflow/dags/shared_utils.py for tasks to queue
[2025-10-14T17:04:01.284+0000] {logging_mixin.py:188} INFO - [2025-10-14T17:04:01.283+0000] {dagbag.py:538} INFO - Filling up the DagBag from /opt/airflow/dags/shared_utils.py
[2025-10-14T17:04:01.290+0000] {logging_mixin.py:188} INFO - [2025-10-14T17:04:01.290+0000] {shared_utils.py:452} INFO - Инициализированы пути обработки: ['input_pdf', 'temp_dir', 'output_md', 'logs', 'work_dir']
[2025-10-14T17:04:01.290+0000] {logging_mixin.py:188} INFO - [2025-10-14T17:04:01.290+0000] {shared_utils.py:456} INFO - Настроены URL сервисов: ['document_processor', 'translator', 'quality_assurance', 'airflow']
[2025-10-14T17:04:01.290+0000] {processor.py:842} WARNING - No viable dags retrieved from /opt/airflow/dags/shared_utils.py
[2025-10-14T17:04:01.304+0000] {processor.py:183} INFO - Processing /opt/airflow/dags/shared_utils.py took 0.025 seconds
[2025-10-14T17:04:31.588+0000] {processor.py:161} INFO - Started process (PID=452) to work on /opt/airflow/dags/shared_utils.py
[2025-10-14T17:04:31.589+0000] {processor.py:830} INFO - Processing file /opt/airflow/dags/shared_utils.py for tasks to queue
[2025-10-14T17:04:31.590+0000] {logging_mixin.py:188} INFO - [2025-10-14T17:04:31.590+0000] {dagbag.py:538} INFO - Filling up the DagBag from /opt/airflow/dags/shared_utils.py
[2025-10-14T17:04:31.596+0000] {logging_mixin.py:188} INFO - [2025-10-14T17:04:31.596+0000] {shared_utils.py:452} INFO - Инициализированы пути обработки: ['input_pdf', 'temp_dir', 'output_md', 'logs', 'work_dir']
[2025-10-14T17:04:31.596+0000] {logging_mixin.py:188} INFO - [2025-10-14T17:04:31.596+0000] {shared_utils.py:456} INFO - Настроены URL сервисов: ['document_processor', 'translator', 'quality_assurance', 'airflow']
[2025-10-14T17:04:31.596+0000] {processor.py:842} WARNING - No viable dags retrieved from /opt/airflow/dags/shared_utils.py
[2025-10-14T17:04:31.610+0000] {processor.py:183} INFO - Processing /opt/airflow/dags/shared_utils.py took 0.025 seconds
[2025-10-14T17:05:01.979+0000] {processor.py:161} INFO - Started process (PID=465) to work on /opt/airflow/dags/shared_utils.py
[2025-10-14T17:05:01.980+0000] {processor.py:830} INFO - Processing file /opt/airflow/dags/shared_utils.py for tasks to queue
[2025-10-14T17:05:01.981+0000] {logging_mixin.py:188} INFO - [2025-10-14T17:05:01.981+0000] {dagbag.py:538} INFO - Filling up the DagBag from /opt/airflow/dags/shared_utils.py
[2025-10-14T17:05:01.987+0000] {logging_mixin.py:188} INFO - [2025-10-14T17:05:01.987+0000] {shared_utils.py:452} INFO - Инициализированы пути обработки: ['input_pdf', 'temp_dir', 'output_md', 'logs', 'work_dir']
[2025-10-14T17:05:01.988+0000] {logging_mixin.py:188} INFO - [2025-10-14T17:05:01.987+0000] {shared_utils.py:456} INFO - Настроены URL сервисов: ['document_processor', 'translator', 'quality_assurance', 'airflow']
[2025-10-14T17:05:01.988+0000] {processor.py:842} WARNING - No viable dags retrieved from /opt/airflow/dags/shared_utils.py
[2025-10-14T17:05:02.001+0000] {processor.py:183} INFO - Processing /opt/airflow/dags/shared_utils.py took 0.024 seconds
[2025-10-14T17:05:32.282+0000] {processor.py:161} INFO - Started process (PID=478) to work on /opt/airflow/dags/shared_utils.py
[2025-10-14T17:05:32.283+0000] {processor.py:830} INFO - Processing file /opt/airflow/dags/shared_utils.py for tasks to queue
[2025-10-14T17:05:32.284+0000] {logging_mixin.py:188} INFO - [2025-10-14T17:05:32.284+0000] {dagbag.py:538} INFO - Filling up the DagBag from /opt/airflow/dags/shared_utils.py
[2025-10-14T17:05:32.290+0000] {logging_mixin.py:188} INFO - [2025-10-14T17:05:32.290+0000] {shared_utils.py:452} INFO - Инициализированы пути обработки: ['input_pdf', 'temp_dir', 'output_md', 'logs', 'work_dir']
[2025-10-14T17:05:32.290+0000] {logging_mixin.py:188} INFO - [2025-10-14T17:05:32.290+0000] {shared_utils.py:456} INFO - Настроены URL сервисов: ['document_processor', 'translator', 'quality_assurance', 'airflow']
[2025-10-14T17:05:32.291+0000] {processor.py:842} WARNING - No viable dags retrieved from /opt/airflow/dags/shared_utils.py
[2025-10-14T17:05:32.304+0000] {processor.py:183} INFO - Processing /opt/airflow/dags/shared_utils.py took 0.025 seconds
[2025-10-14T17:06:02.667+0000] {processor.py:161} INFO - Started process (PID=491) to work on /opt/airflow/dags/shared_utils.py
[2025-10-14T17:06:02.668+0000] {processor.py:830} INFO - Processing file /opt/airflow/dags/shared_utils.py for tasks to queue
[2025-10-14T17:06:02.669+0000] {logging_mixin.py:188} INFO - [2025-10-14T17:06:02.669+0000] {dagbag.py:538} INFO - Filling up the DagBag from /opt/airflow/dags/shared_utils.py
[2025-10-14T17:06:02.676+0000] {logging_mixin.py:188} INFO - [2025-10-14T17:06:02.676+0000] {shared_utils.py:452} INFO - Инициализированы пути обработки: ['input_pdf', 'temp_dir', 'output_md', 'logs', 'work_dir']
[2025-10-14T17:06:02.676+0000] {logging_mixin.py:188} INFO - [2025-10-14T17:06:02.676+0000] {shared_utils.py:456} INFO - Настроены URL сервисов: ['document_processor', 'translator', 'quality_assurance', 'airflow']
[2025-10-14T17:06:02.676+0000] {processor.py:842} WARNING - No viable dags retrieved from /opt/airflow/dags/shared_utils.py
[2025-10-14T17:06:02.689+0000] {processor.py:183} INFO - Processing /opt/airflow/dags/shared_utils.py took 0.024 seconds
[2025-10-14T17:06:32.964+0000] {processor.py:161} INFO - Started process (PID=504) to work on /opt/airflow/dags/shared_utils.py
[2025-10-14T17:06:32.964+0000] {processor.py:830} INFO - Processing file /opt/airflow/dags/shared_utils.py for tasks to queue
[2025-10-14T17:06:32.966+0000] {logging_mixin.py:188} INFO - [2025-10-14T17:06:32.966+0000] {dagbag.py:538} INFO - Filling up the DagBag from /opt/airflow/dags/shared_utils.py
[2025-10-14T17:06:32.972+0000] {logging_mixin.py:188} INFO - [2025-10-14T17:06:32.972+0000] {shared_utils.py:452} INFO - Инициализированы пути обработки: ['input_pdf', 'temp_dir', 'output_md', 'logs', 'work_dir']
[2025-10-14T17:06:32.973+0000] {logging_mixin.py:188} INFO - [2025-10-14T17:06:32.972+0000] {shared_utils.py:456} INFO - Настроены URL сервисов: ['document_processor', 'translator', 'quality_assurance', 'airflow']
[2025-10-14T17:06:32.973+0000] {processor.py:842} WARNING - No viable dags retrieved from /opt/airflow/dags/shared_utils.py
[2025-10-14T17:06:32.986+0000] {processor.py:183} INFO - Processing /opt/airflow/dags/shared_utils.py took 0.024 seconds
[2025-10-14T17:07:03.232+0000] {processor.py:161} INFO - Started process (PID=516) to work on /opt/airflow/dags/shared_utils.py
[2025-10-14T17:07:03.233+0000] {processor.py:830} INFO - Processing file /opt/airflow/dags/shared_utils.py for tasks to queue
[2025-10-14T17:07:03.234+0000] {logging_mixin.py:188} INFO - [2025-10-14T17:07:03.234+0000] {dagbag.py:538} INFO - Filling up the DagBag from /opt/airflow/dags/shared_utils.py
[2025-10-14T17:07:03.241+0000] {logging_mixin.py:188} INFO - [2025-10-14T17:07:03.241+0000] {shared_utils.py:452} INFO - Инициализированы пути обработки: ['input_pdf', 'temp_dir', 'output_md', 'logs', 'work_dir']
[2025-10-14T17:07:03.241+0000] {logging_mixin.py:188} INFO - [2025-10-14T17:07:03.241+0000] {shared_utils.py:456} INFO - Настроены URL сервисов: ['document_processor', 'translator', 'quality_assurance', 'airflow']
[2025-10-14T17:07:03.241+0000] {processor.py:842} WARNING - No viable dags retrieved from /opt/airflow/dags/shared_utils.py
[2025-10-14T17:07:03.254+0000] {processor.py:183} INFO - Processing /opt/airflow/dags/shared_utils.py took 0.025 seconds
[2025-10-14T17:07:33.939+0000] {processor.py:161} INFO - Started process (PID=529) to work on /opt/airflow/dags/shared_utils.py
[2025-10-14T17:07:33.939+0000] {processor.py:830} INFO - Processing file /opt/airflow/dags/shared_utils.py for tasks to queue
[2025-10-14T17:07:33.941+0000] {logging_mixin.py:188} INFO - [2025-10-14T17:07:33.941+0000] {dagbag.py:538} INFO - Filling up the DagBag from /opt/airflow/dags/shared_utils.py
[2025-10-14T17:07:33.947+0000] {logging_mixin.py:188} INFO - [2025-10-14T17:07:33.947+0000] {shared_utils.py:452} INFO - Инициализированы пути обработки: ['input_pdf', 'temp_dir', 'output_md', 'logs', 'work_dir']
[2025-10-14T17:07:33.947+0000] {logging_mixin.py:188} INFO - [2025-10-14T17:07:33.947+0000] {shared_utils.py:456} INFO - Настроены URL сервисов: ['document_processor', 'translator', 'quality_assurance', 'airflow']
[2025-10-14T17:07:33.947+0000] {processor.py:842} WARNING - No viable dags retrieved from /opt/airflow/dags/shared_utils.py
[2025-10-14T17:07:33.961+0000] {processor.py:183} INFO - Processing /opt/airflow/dags/shared_utils.py took 0.025 seconds
