[2025-10-07T12:16:58.950+0000] {taskinstance.py:1956} INFO - Dependencies all met for dep_context=non-requeueable deps ti=<TaskInstance: orchestrator_dag.trigger_stage4_quality_assurance manual__2025-10-07T12:13:45.634151+00:00 [queued]>
[2025-10-07T12:16:58.956+0000] {taskinstance.py:1956} INFO - Dependencies all met for dep_context=requeueable deps ti=<TaskInstance: orchestrator_dag.trigger_stage4_quality_assurance manual__2025-10-07T12:13:45.634151+00:00 [queued]>
[2025-10-07T12:16:58.956+0000] {taskinstance.py:2170} INFO - Starting attempt 1 of 2
[2025-10-07T12:16:58.964+0000] {taskinstance.py:2191} INFO - Executing <Task(TriggerDagRunOperator): trigger_stage4_quality_assurance> on 2025-10-07 12:13:45.634151+00:00
[2025-10-07T12:16:58.969+0000] {standard_task_runner.py:60} INFO - Started process 177095 to run task
[2025-10-07T12:16:58.971+0000] {standard_task_runner.py:87} INFO - Running: ['***', 'tasks', 'run', 'orchestrator_dag', 'trigger_stage4_quality_assurance', 'manual__2025-10-07T12:13:45.634151+00:00', '--job-id', '989', '--raw', '--subdir', 'DAGS_FOLDER/orchestrator_dag.py', '--cfg-path', '/tmp/tmp_vhr5vc2']
[2025-10-07T12:16:58.972+0000] {standard_task_runner.py:88} INFO - Job 989: Subtask trigger_stage4_quality_assurance
[2025-10-07T12:16:59.016+0000] {task_command.py:423} INFO - Running <TaskInstance: orchestrator_dag.trigger_stage4_quality_assurance manual__2025-10-07T12:13:45.634151+00:00 [running]> on host 64801ed803bd
[2025-10-07T12:16:59.096+0000] {taskinstance.py:2480} INFO - Exporting env vars: AIRFLOW_CTX_DAG_OWNER='pdf-converter' AIRFLOW_CTX_DAG_ID='orchestrator_dag' AIRFLOW_CTX_TASK_ID='trigger_stage4_quality_assurance' AIRFLOW_CTX_EXECUTION_DATE='2025-10-07T12:13:45.634151+00:00' AIRFLOW_CTX_TRY_NUMBER='1' AIRFLOW_CTX_DAG_RUN_ID='manual__2025-10-07T12:13:45.634151+00:00'
[2025-10-07T12:16:59.162+0000] {trigger_dagrun.py:210} INFO - Waiting for quality_assurance on 2025-10-07 12:16:59.097437+00:00 to become allowed state ['success'] ...
[2025-10-07T12:17:29.171+0000] {trigger_dagrun.py:210} INFO - Waiting for quality_assurance on 2025-10-07 12:16:59.097437+00:00 to become allowed state ['success'] ...
[2025-10-07T12:17:59.179+0000] {trigger_dagrun.py:210} INFO - Waiting for quality_assurance on 2025-10-07 12:16:59.097437+00:00 to become allowed state ['success'] ...
[2025-10-07T12:18:29.187+0000] {trigger_dagrun.py:210} INFO - Waiting for quality_assurance on 2025-10-07 12:16:59.097437+00:00 to become allowed state ['success'] ...
[2025-10-07T12:18:59.196+0000] {trigger_dagrun.py:210} INFO - Waiting for quality_assurance on 2025-10-07 12:16:59.097437+00:00 to become allowed state ['success'] ...
[2025-10-07T12:19:29.205+0000] {trigger_dagrun.py:210} INFO - Waiting for quality_assurance on 2025-10-07 12:16:59.097437+00:00 to become allowed state ['success'] ...
[2025-10-07T12:19:59.213+0000] {trigger_dagrun.py:210} INFO - Waiting for quality_assurance on 2025-10-07 12:16:59.097437+00:00 to become allowed state ['success'] ...
[2025-10-07T12:20:29.221+0000] {trigger_dagrun.py:210} INFO - Waiting for quality_assurance on 2025-10-07 12:16:59.097437+00:00 to become allowed state ['success'] ...
[2025-10-07T12:20:59.230+0000] {trigger_dagrun.py:210} INFO - Waiting for quality_assurance on 2025-10-07 12:16:59.097437+00:00 to become allowed state ['success'] ...
[2025-10-07T12:21:29.238+0000] {trigger_dagrun.py:210} INFO - Waiting for quality_assurance on 2025-10-07 12:16:59.097437+00:00 to become allowed state ['success'] ...
[2025-10-07T12:21:59.246+0000] {trigger_dagrun.py:210} INFO - Waiting for quality_assurance on 2025-10-07 12:16:59.097437+00:00 to become allowed state ['success'] ...
[2025-10-07T12:22:29.255+0000] {trigger_dagrun.py:210} INFO - Waiting for quality_assurance on 2025-10-07 12:16:59.097437+00:00 to become allowed state ['success'] ...
[2025-10-07T12:22:59.264+0000] {trigger_dagrun.py:210} INFO - Waiting for quality_assurance on 2025-10-07 12:16:59.097437+00:00 to become allowed state ['success'] ...
[2025-10-07T12:23:29.273+0000] {trigger_dagrun.py:210} INFO - Waiting for quality_assurance on 2025-10-07 12:16:59.097437+00:00 to become allowed state ['success'] ...
[2025-10-07T12:23:59.281+0000] {trigger_dagrun.py:210} INFO - Waiting for quality_assurance on 2025-10-07 12:16:59.097437+00:00 to become allowed state ['success'] ...
[2025-10-07T12:24:29.290+0000] {trigger_dagrun.py:210} INFO - Waiting for quality_assurance on 2025-10-07 12:16:59.097437+00:00 to become allowed state ['success'] ...
[2025-10-07T12:24:59.299+0000] {trigger_dagrun.py:210} INFO - Waiting for quality_assurance on 2025-10-07 12:16:59.097437+00:00 to become allowed state ['success'] ...
[2025-10-07T12:25:29.307+0000] {trigger_dagrun.py:210} INFO - Waiting for quality_assurance on 2025-10-07 12:16:59.097437+00:00 to become allowed state ['success'] ...
[2025-10-07T12:25:59.316+0000] {trigger_dagrun.py:210} INFO - Waiting for quality_assurance on 2025-10-07 12:16:59.097437+00:00 to become allowed state ['success'] ...
[2025-10-07T12:26:29.325+0000] {trigger_dagrun.py:223} INFO - quality_assurance finished with allowed state success
[2025-10-07T12:26:29.336+0000] {taskinstance.py:1138} INFO - Marking task as SUCCESS. dag_id=orchestrator_dag, task_id=trigger_stage4_quality_assurance, execution_date=20251007T121345, start_date=20251007T121658, end_date=20251007T122629
[2025-10-07T12:26:29.382+0000] {local_task_job_runner.py:234} INFO - Task exited with return code 0
[2025-10-07T12:26:29.405+0000] {taskinstance.py:3280} INFO - 1 downstream tasks scheduled from follow-on schedule check
