[2025-10-16T10:08:08.625+0000] {taskinstance.py:1956} INFO - Dependencies all met for dep_context=non-requeueable deps ti=<TaskInstance: quality_assurance.perform_visual_comparison manual__2025-10-16T10:08:05.226814+00:00 [queued]>
[2025-10-16T10:08:08.631+0000] {taskinstance.py:1956} INFO - Dependencies all met for dep_context=requeueable deps ti=<TaskInstance: quality_assurance.perform_visual_comparison manual__2025-10-16T10:08:05.226814+00:00 [queued]>
[2025-10-16T10:08:08.632+0000] {taskinstance.py:2170} INFO - Starting attempt 1 of 2
[2025-10-16T10:08:08.641+0000] {taskinstance.py:2191} INFO - Executing <Task(PythonOperator): perform_visual_comparison> on 2025-10-16 10:08:05.226814+00:00
[2025-10-16T10:08:08.648+0000] {standard_task_runner.py:60} INFO - Started process 756 to run task
[2025-10-16T10:08:08.651+0000] {standard_task_runner.py:87} INFO - Running: ['***', 'tasks', 'run', 'quality_assurance', 'perform_visual_comparison', 'manual__2025-10-16T10:08:05.226814+00:00', '--job-id', '1637', '--raw', '--subdir', 'DAGS_FOLDER/quality_assurance.py', '--cfg-path', '/tmp/tmp2ty39z4o']
[2025-10-16T10:08:08.653+0000] {standard_task_runner.py:88} INFO - Job 1637: Subtask perform_visual_comparison
[2025-10-16T10:08:08.697+0000] {task_command.py:423} INFO - Running <TaskInstance: quality_assurance.perform_visual_comparison manual__2025-10-16T10:08:05.226814+00:00 [running]> on host b43a95b9d13d
[2025-10-16T10:08:08.925+0000] {taskinstance.py:2480} INFO - Exporting env vars: AIRFLOW_CTX_DAG_OWNER='pdf-converter' AIRFLOW_CTX_DAG_ID='quality_assurance' AIRFLOW_CTX_TASK_ID='perform_visual_comparison' AIRFLOW_CTX_EXECUTION_DATE='2025-10-16T10:08:05.226814+00:00' AIRFLOW_CTX_TRY_NUMBER='1' AIRFLOW_CTX_DAG_RUN_ID='manual__2025-10-16T10:08:05.226814+00:00'
[2025-10-16T10:08:08.937+0000] {quality_assurance.py:925} INFO - 🔍 Уровень 2: Visual Comparison с Docker Pandoc интеграцией
[2025-10-16T10:08:08.937+0000] {quality_assurance.py:1192} INFO - Generating result PDF for document: 1760609154_test_short
[2025-10-16T10:08:08.950+0000] {quality_assurance.py:1012} WARNING - ❌ Docker Pandoc service is not responding
[2025-10-16T10:08:08.950+0000] {quality_assurance.py:1229} WARNING - Docker Pandoc service not available, falling back to PyMuPDF for 1760609154_test_short
[2025-10-16T10:08:08.950+0000] {quality_assurance.py:233} WARNING - PyMuPDF недоступен, используется базовый Python fallback для генерации PDF
[2025-10-16T10:08:09.005+0000] {quality_assurance.py:1142} INFO - 📄 Result PDF создан через базовый Python fallback: /opt/airflow/temp/1760609154_test_short/1760609154_test_short_result.pdf
[2025-10-16T10:08:09.006+0000] {quality_assurance.py:1236} INFO - Using fallback-generated PDF for visual comparison: /opt/***/temp/1760609154_test_short/1760609154_test_short_result.pdf
[2025-10-16T10:08:09.006+0000] {quality_assurance.py:388} WARNING - Visual diff helpers unavailable; returning fallback comparison result
[2025-10-16T10:08:09.006+0000] {quality_assurance.py:988} INFO - ✅ Уровень 2 завершен: SSIM=1.000, differences=0
[2025-10-16T10:08:09.006+0000] {python.py:201} INFO - Done. Returned value was: {'level': 2, 'name': 'visual_comparison', 'overall_similarity': 1.0, 'ssim_score': 1.0, 'differences_count': 0, 'issues_found': [], 'processing_time': 0.08030200004577637, 'pandoc_integration': True, 'validation_score': 1.0, 'pages_compared': 0, 'diff_summary': {'status': 'skipped', 'reason': 'visual_diff_unavailable'}, 'diff_image_paths': [], 'result_pdf_path': '/opt/***/temp/1760609154_test_short/1760609154_test_short_result.pdf'}
[2025-10-16T10:08:09.028+0000] {taskinstance.py:1138} INFO - Marking task as SUCCESS. dag_id=quality_assurance, task_id=perform_visual_comparison, execution_date=20251016T100805, start_date=20251016T100808, end_date=20251016T100809
[2025-10-16T10:08:09.062+0000] {local_task_job_runner.py:234} INFO - Task exited with return code 0
[2025-10-16T10:08:09.216+0000] {taskinstance.py:3280} INFO - 0 downstream tasks scheduled from follow-on schedule check
