[2025-10-08T13:32:37.310+0000] {processor.py:161} INFO - Started process (PID=571) to work on /opt/airflow/dags/content_transformation.py
[2025-10-08T13:32:37.310+0000] {processor.py:830} INFO - Processing file /opt/airflow/dags/content_transformation.py for tasks to queue
[2025-10-08T13:32:37.311+0000] {logging_mixin.py:188} INFO - [2025-10-08T13:32:37.311+0000] {dagbag.py:538} INFO - Filling up the DagBag from /opt/airflow/dags/content_transformation.py
[2025-10-08T13:32:37.326+0000] {logging_mixin.py:188} INFO - [2025-10-08T13:32:37.326+0000] {shared_utils.py:409} INFO - Инициализированы пути обработки: ['input_pdf', 'temp_dir', 'output_md', 'logs', 'work_dir']
[2025-10-08T13:32:37.326+0000] {logging_mixin.py:188} INFO - [2025-10-08T13:32:37.326+0000] {shared_utils.py:413} INFO - Настроены URL сервисов: ['document_processor', 'translator', 'quality_assurance', 'airflow']
[2025-10-08T13:32:37.331+0000] {processor.py:840} INFO - DAG(s) 'content_transformation' retrieved from /opt/airflow/dags/content_transformation.py
[2025-10-08T13:32:37.348+0000] {logging_mixin.py:188} INFO - [2025-10-08T13:32:37.348+0000] {dag.py:3036} INFO - Sync 1 DAGs
[2025-10-08T13:32:37.357+0000] {logging_mixin.py:188} INFO - [2025-10-08T13:32:37.357+0000] {dag.py:3823} INFO - Setting next_dagrun for content_transformation to None, run_after=None
[2025-10-08T13:32:37.369+0000] {processor.py:183} INFO - Processing /opt/airflow/dags/content_transformation.py took 0.062 seconds
[2025-10-08T13:33:07.576+0000] {processor.py:161} INFO - Started process (PID=584) to work on /opt/airflow/dags/content_transformation.py
[2025-10-08T13:33:07.577+0000] {processor.py:830} INFO - Processing file /opt/airflow/dags/content_transformation.py for tasks to queue
[2025-10-08T13:33:07.578+0000] {logging_mixin.py:188} INFO - [2025-10-08T13:33:07.578+0000] {dagbag.py:538} INFO - Filling up the DagBag from /opt/airflow/dags/content_transformation.py
[2025-10-08T13:33:07.593+0000] {logging_mixin.py:188} INFO - [2025-10-08T13:33:07.593+0000] {shared_utils.py:409} INFO - Инициализированы пути обработки: ['input_pdf', 'temp_dir', 'output_md', 'logs', 'work_dir']
[2025-10-08T13:33:07.593+0000] {logging_mixin.py:188} INFO - [2025-10-08T13:33:07.593+0000] {shared_utils.py:413} INFO - Настроены URL сервисов: ['document_processor', 'translator', 'quality_assurance', 'airflow']
[2025-10-08T13:33:07.599+0000] {processor.py:840} INFO - DAG(s) 'content_transformation' retrieved from /opt/airflow/dags/content_transformation.py
[2025-10-08T13:33:07.618+0000] {logging_mixin.py:188} INFO - [2025-10-08T13:33:07.617+0000] {dag.py:3036} INFO - Sync 1 DAGs
[2025-10-08T13:33:07.627+0000] {logging_mixin.py:188} INFO - [2025-10-08T13:33:07.627+0000] {dag.py:3823} INFO - Setting next_dagrun for content_transformation to None, run_after=None
[2025-10-08T13:33:07.639+0000] {processor.py:183} INFO - Processing /opt/airflow/dags/content_transformation.py took 0.065 seconds
[2025-10-08T13:33:37.913+0000] {processor.py:161} INFO - Started process (PID=597) to work on /opt/airflow/dags/content_transformation.py
[2025-10-08T13:33:37.913+0000] {processor.py:830} INFO - Processing file /opt/airflow/dags/content_transformation.py for tasks to queue
[2025-10-08T13:33:37.915+0000] {logging_mixin.py:188} INFO - [2025-10-08T13:33:37.915+0000] {dagbag.py:538} INFO - Filling up the DagBag from /opt/airflow/dags/content_transformation.py
[2025-10-08T13:33:37.929+0000] {logging_mixin.py:188} INFO - [2025-10-08T13:33:37.929+0000] {shared_utils.py:409} INFO - Инициализированы пути обработки: ['input_pdf', 'temp_dir', 'output_md', 'logs', 'work_dir']
[2025-10-08T13:33:37.930+0000] {logging_mixin.py:188} INFO - [2025-10-08T13:33:37.930+0000] {shared_utils.py:413} INFO - Настроены URL сервисов: ['document_processor', 'translator', 'quality_assurance', 'airflow']
[2025-10-08T13:33:37.935+0000] {processor.py:840} INFO - DAG(s) 'content_transformation' retrieved from /opt/airflow/dags/content_transformation.py
[2025-10-08T13:33:37.952+0000] {logging_mixin.py:188} INFO - [2025-10-08T13:33:37.952+0000] {dag.py:3036} INFO - Sync 1 DAGs
[2025-10-08T13:33:37.962+0000] {logging_mixin.py:188} INFO - [2025-10-08T13:33:37.962+0000] {dag.py:3823} INFO - Setting next_dagrun for content_transformation to None, run_after=None
[2025-10-08T13:33:37.974+0000] {processor.py:183} INFO - Processing /opt/airflow/dags/content_transformation.py took 0.063 seconds
[2025-10-08T13:34:08.177+0000] {processor.py:161} INFO - Started process (PID=610) to work on /opt/airflow/dags/content_transformation.py
[2025-10-08T13:34:08.178+0000] {processor.py:830} INFO - Processing file /opt/airflow/dags/content_transformation.py for tasks to queue
[2025-10-08T13:34:08.179+0000] {logging_mixin.py:188} INFO - [2025-10-08T13:34:08.179+0000] {dagbag.py:538} INFO - Filling up the DagBag from /opt/airflow/dags/content_transformation.py
[2025-10-08T13:34:08.194+0000] {logging_mixin.py:188} INFO - [2025-10-08T13:34:08.194+0000] {shared_utils.py:409} INFO - Инициализированы пути обработки: ['input_pdf', 'temp_dir', 'output_md', 'logs', 'work_dir']
[2025-10-08T13:34:08.194+0000] {logging_mixin.py:188} INFO - [2025-10-08T13:34:08.194+0000] {shared_utils.py:413} INFO - Настроены URL сервисов: ['document_processor', 'translator', 'quality_assurance', 'airflow']
[2025-10-08T13:34:08.199+0000] {processor.py:840} INFO - DAG(s) 'content_transformation' retrieved from /opt/airflow/dags/content_transformation.py
[2025-10-08T13:34:08.218+0000] {logging_mixin.py:188} INFO - [2025-10-08T13:34:08.218+0000] {dag.py:3036} INFO - Sync 1 DAGs
[2025-10-08T13:34:08.227+0000] {logging_mixin.py:188} INFO - [2025-10-08T13:34:08.227+0000] {dag.py:3823} INFO - Setting next_dagrun for content_transformation to None, run_after=None
[2025-10-08T13:34:08.239+0000] {processor.py:183} INFO - Processing /opt/airflow/dags/content_transformation.py took 0.064 seconds
[2025-10-08T13:34:38.440+0000] {processor.py:161} INFO - Started process (PID=623) to work on /opt/airflow/dags/content_transformation.py
[2025-10-08T13:34:38.441+0000] {processor.py:830} INFO - Processing file /opt/airflow/dags/content_transformation.py for tasks to queue
[2025-10-08T13:34:38.442+0000] {logging_mixin.py:188} INFO - [2025-10-08T13:34:38.442+0000] {dagbag.py:538} INFO - Filling up the DagBag from /opt/airflow/dags/content_transformation.py
[2025-10-08T13:34:38.456+0000] {logging_mixin.py:188} INFO - [2025-10-08T13:34:38.456+0000] {shared_utils.py:409} INFO - Инициализированы пути обработки: ['input_pdf', 'temp_dir', 'output_md', 'logs', 'work_dir']
[2025-10-08T13:34:38.457+0000] {logging_mixin.py:188} INFO - [2025-10-08T13:34:38.456+0000] {shared_utils.py:413} INFO - Настроены URL сервисов: ['document_processor', 'translator', 'quality_assurance', 'airflow']
[2025-10-08T13:34:38.462+0000] {processor.py:840} INFO - DAG(s) 'content_transformation' retrieved from /opt/airflow/dags/content_transformation.py
[2025-10-08T13:34:38.479+0000] {logging_mixin.py:188} INFO - [2025-10-08T13:34:38.479+0000] {dag.py:3036} INFO - Sync 1 DAGs
[2025-10-08T13:34:38.489+0000] {logging_mixin.py:188} INFO - [2025-10-08T13:34:38.489+0000] {dag.py:3823} INFO - Setting next_dagrun for content_transformation to None, run_after=None
[2025-10-08T13:34:38.500+0000] {processor.py:183} INFO - Processing /opt/airflow/dags/content_transformation.py took 0.062 seconds
[2025-10-08T13:35:08.788+0000] {processor.py:161} INFO - Started process (PID=636) to work on /opt/airflow/dags/content_transformation.py
[2025-10-08T13:35:08.789+0000] {processor.py:830} INFO - Processing file /opt/airflow/dags/content_transformation.py for tasks to queue
[2025-10-08T13:35:08.790+0000] {logging_mixin.py:188} INFO - [2025-10-08T13:35:08.790+0000] {dagbag.py:538} INFO - Filling up the DagBag from /opt/airflow/dags/content_transformation.py
[2025-10-08T13:35:08.806+0000] {logging_mixin.py:188} INFO - [2025-10-08T13:35:08.806+0000] {shared_utils.py:409} INFO - Инициализированы пути обработки: ['input_pdf', 'temp_dir', 'output_md', 'logs', 'work_dir']
[2025-10-08T13:35:08.806+0000] {logging_mixin.py:188} INFO - [2025-10-08T13:35:08.806+0000] {shared_utils.py:413} INFO - Настроены URL сервисов: ['document_processor', 'translator', 'quality_assurance', 'airflow']
[2025-10-08T13:35:08.811+0000] {processor.py:840} INFO - DAG(s) 'content_transformation' retrieved from /opt/airflow/dags/content_transformation.py
[2025-10-08T13:35:08.830+0000] {logging_mixin.py:188} INFO - [2025-10-08T13:35:08.830+0000] {dag.py:3036} INFO - Sync 1 DAGs
[2025-10-08T13:35:08.839+0000] {logging_mixin.py:188} INFO - [2025-10-08T13:35:08.839+0000] {dag.py:3823} INFO - Setting next_dagrun for content_transformation to None, run_after=None
[2025-10-08T13:35:08.851+0000] {processor.py:183} INFO - Processing /opt/airflow/dags/content_transformation.py took 0.065 seconds
[2025-10-08T13:35:39.057+0000] {processor.py:161} INFO - Started process (PID=649) to work on /opt/airflow/dags/content_transformation.py
[2025-10-08T13:35:39.057+0000] {processor.py:830} INFO - Processing file /opt/airflow/dags/content_transformation.py for tasks to queue
[2025-10-08T13:35:39.059+0000] {logging_mixin.py:188} INFO - [2025-10-08T13:35:39.058+0000] {dagbag.py:538} INFO - Filling up the DagBag from /opt/airflow/dags/content_transformation.py
[2025-10-08T13:35:39.073+0000] {logging_mixin.py:188} INFO - [2025-10-08T13:35:39.073+0000] {shared_utils.py:409} INFO - Инициализированы пути обработки: ['input_pdf', 'temp_dir', 'output_md', 'logs', 'work_dir']
[2025-10-08T13:35:39.073+0000] {logging_mixin.py:188} INFO - [2025-10-08T13:35:39.073+0000] {shared_utils.py:413} INFO - Настроены URL сервисов: ['document_processor', 'translator', 'quality_assurance', 'airflow']
[2025-10-08T13:35:39.079+0000] {processor.py:840} INFO - DAG(s) 'content_transformation' retrieved from /opt/airflow/dags/content_transformation.py
[2025-10-08T13:35:39.096+0000] {logging_mixin.py:188} INFO - [2025-10-08T13:35:39.096+0000] {dag.py:3036} INFO - Sync 1 DAGs
[2025-10-08T13:35:39.105+0000] {logging_mixin.py:188} INFO - [2025-10-08T13:35:39.105+0000] {dag.py:3823} INFO - Setting next_dagrun for content_transformation to None, run_after=None
[2025-10-08T13:35:39.117+0000] {processor.py:183} INFO - Processing /opt/airflow/dags/content_transformation.py took 0.063 seconds
[2025-10-08T13:36:09.407+0000] {processor.py:161} INFO - Started process (PID=662) to work on /opt/airflow/dags/content_transformation.py
[2025-10-08T13:36:09.407+0000] {processor.py:830} INFO - Processing file /opt/airflow/dags/content_transformation.py for tasks to queue
[2025-10-08T13:36:09.409+0000] {logging_mixin.py:188} INFO - [2025-10-08T13:36:09.408+0000] {dagbag.py:538} INFO - Filling up the DagBag from /opt/airflow/dags/content_transformation.py
[2025-10-08T13:36:09.423+0000] {logging_mixin.py:188} INFO - [2025-10-08T13:36:09.423+0000] {shared_utils.py:409} INFO - Инициализированы пути обработки: ['input_pdf', 'temp_dir', 'output_md', 'logs', 'work_dir']
[2025-10-08T13:36:09.423+0000] {logging_mixin.py:188} INFO - [2025-10-08T13:36:09.423+0000] {shared_utils.py:413} INFO - Настроены URL сервисов: ['document_processor', 'translator', 'quality_assurance', 'airflow']
[2025-10-08T13:36:09.429+0000] {processor.py:840} INFO - DAG(s) 'content_transformation' retrieved from /opt/airflow/dags/content_transformation.py
[2025-10-08T13:36:09.447+0000] {logging_mixin.py:188} INFO - [2025-10-08T13:36:09.447+0000] {dag.py:3036} INFO - Sync 1 DAGs
[2025-10-08T13:36:09.457+0000] {logging_mixin.py:188} INFO - [2025-10-08T13:36:09.457+0000] {dag.py:3823} INFO - Setting next_dagrun for content_transformation to None, run_after=None
[2025-10-08T13:36:09.469+0000] {processor.py:183} INFO - Processing /opt/airflow/dags/content_transformation.py took 0.064 seconds
[2025-10-08T13:36:39.822+0000] {processor.py:161} INFO - Started process (PID=675) to work on /opt/airflow/dags/content_transformation.py
[2025-10-08T13:36:39.823+0000] {processor.py:830} INFO - Processing file /opt/airflow/dags/content_transformation.py for tasks to queue
[2025-10-08T13:36:39.824+0000] {logging_mixin.py:188} INFO - [2025-10-08T13:36:39.824+0000] {dagbag.py:538} INFO - Filling up the DagBag from /opt/airflow/dags/content_transformation.py
[2025-10-08T13:36:39.839+0000] {logging_mixin.py:188} INFO - [2025-10-08T13:36:39.839+0000] {shared_utils.py:409} INFO - Инициализированы пути обработки: ['input_pdf', 'temp_dir', 'output_md', 'logs', 'work_dir']
[2025-10-08T13:36:39.839+0000] {logging_mixin.py:188} INFO - [2025-10-08T13:36:39.839+0000] {shared_utils.py:413} INFO - Настроены URL сервисов: ['document_processor', 'translator', 'quality_assurance', 'airflow']
[2025-10-08T13:36:39.845+0000] {processor.py:840} INFO - DAG(s) 'content_transformation' retrieved from /opt/airflow/dags/content_transformation.py
[2025-10-08T13:36:39.863+0000] {logging_mixin.py:188} INFO - [2025-10-08T13:36:39.863+0000] {dag.py:3036} INFO - Sync 1 DAGs
[2025-10-08T13:36:39.873+0000] {logging_mixin.py:188} INFO - [2025-10-08T13:36:39.872+0000] {dag.py:3823} INFO - Setting next_dagrun for content_transformation to None, run_after=None
[2025-10-08T13:36:39.885+0000] {processor.py:183} INFO - Processing /opt/airflow/dags/content_transformation.py took 0.065 seconds
[2025-10-08T13:37:10.128+0000] {processor.py:161} INFO - Started process (PID=686) to work on /opt/airflow/dags/content_transformation.py
[2025-10-08T13:37:10.129+0000] {processor.py:830} INFO - Processing file /opt/airflow/dags/content_transformation.py for tasks to queue
[2025-10-08T13:37:10.130+0000] {logging_mixin.py:188} INFO - [2025-10-08T13:37:10.130+0000] {dagbag.py:538} INFO - Filling up the DagBag from /opt/airflow/dags/content_transformation.py
[2025-10-08T13:37:10.145+0000] {logging_mixin.py:188} INFO - [2025-10-08T13:37:10.145+0000] {shared_utils.py:409} INFO - Инициализированы пути обработки: ['input_pdf', 'temp_dir', 'output_md', 'logs', 'work_dir']
[2025-10-08T13:37:10.145+0000] {logging_mixin.py:188} INFO - [2025-10-08T13:37:10.145+0000] {shared_utils.py:413} INFO - Настроены URL сервисов: ['document_processor', 'translator', 'quality_assurance', 'airflow']
[2025-10-08T13:37:10.151+0000] {processor.py:840} INFO - DAG(s) 'content_transformation' retrieved from /opt/airflow/dags/content_transformation.py
[2025-10-08T13:37:10.168+0000] {logging_mixin.py:188} INFO - [2025-10-08T13:37:10.168+0000] {dag.py:3036} INFO - Sync 1 DAGs
[2025-10-08T13:37:10.177+0000] {logging_mixin.py:188} INFO - [2025-10-08T13:37:10.177+0000] {dag.py:3823} INFO - Setting next_dagrun for content_transformation to None, run_after=None
[2025-10-08T13:37:10.188+0000] {processor.py:183} INFO - Processing /opt/airflow/dags/content_transformation.py took 0.062 seconds
[2025-10-08T13:37:40.459+0000] {processor.py:161} INFO - Started process (PID=699) to work on /opt/airflow/dags/content_transformation.py
[2025-10-08T13:37:40.459+0000] {processor.py:830} INFO - Processing file /opt/airflow/dags/content_transformation.py for tasks to queue
[2025-10-08T13:37:40.461+0000] {logging_mixin.py:188} INFO - [2025-10-08T13:37:40.460+0000] {dagbag.py:538} INFO - Filling up the DagBag from /opt/airflow/dags/content_transformation.py
[2025-10-08T13:37:40.475+0000] {logging_mixin.py:188} INFO - [2025-10-08T13:37:40.475+0000] {shared_utils.py:409} INFO - Инициализированы пути обработки: ['input_pdf', 'temp_dir', 'output_md', 'logs', 'work_dir']
[2025-10-08T13:37:40.475+0000] {logging_mixin.py:188} INFO - [2025-10-08T13:37:40.475+0000] {shared_utils.py:413} INFO - Настроены URL сервисов: ['document_processor', 'translator', 'quality_assurance', 'airflow']
[2025-10-08T13:37:40.481+0000] {processor.py:840} INFO - DAG(s) 'content_transformation' retrieved from /opt/airflow/dags/content_transformation.py
[2025-10-08T13:37:40.497+0000] {logging_mixin.py:188} INFO - [2025-10-08T13:37:40.497+0000] {dag.py:3036} INFO - Sync 1 DAGs
[2025-10-08T13:37:40.507+0000] {logging_mixin.py:188} INFO - [2025-10-08T13:37:40.507+0000] {dag.py:3823} INFO - Setting next_dagrun for content_transformation to None, run_after=None
[2025-10-08T13:37:40.518+0000] {processor.py:183} INFO - Processing /opt/airflow/dags/content_transformation.py took 0.062 seconds
[2025-10-08T13:38:10.744+0000] {processor.py:161} INFO - Started process (PID=712) to work on /opt/airflow/dags/content_transformation.py
[2025-10-08T13:38:10.744+0000] {processor.py:830} INFO - Processing file /opt/airflow/dags/content_transformation.py for tasks to queue
[2025-10-08T13:38:10.746+0000] {logging_mixin.py:188} INFO - [2025-10-08T13:38:10.745+0000] {dagbag.py:538} INFO - Filling up the DagBag from /opt/airflow/dags/content_transformation.py
[2025-10-08T13:38:10.760+0000] {logging_mixin.py:188} INFO - [2025-10-08T13:38:10.760+0000] {shared_utils.py:409} INFO - Инициализированы пути обработки: ['input_pdf', 'temp_dir', 'output_md', 'logs', 'work_dir']
[2025-10-08T13:38:10.761+0000] {logging_mixin.py:188} INFO - [2025-10-08T13:38:10.760+0000] {shared_utils.py:413} INFO - Настроены URL сервисов: ['document_processor', 'translator', 'quality_assurance', 'airflow']
[2025-10-08T13:38:10.766+0000] {processor.py:840} INFO - DAG(s) 'content_transformation' retrieved from /opt/airflow/dags/content_transformation.py
[2025-10-08T13:38:10.784+0000] {logging_mixin.py:188} INFO - [2025-10-08T13:38:10.784+0000] {dag.py:3036} INFO - Sync 1 DAGs
[2025-10-08T13:38:10.793+0000] {logging_mixin.py:188} INFO - [2025-10-08T13:38:10.793+0000] {dag.py:3823} INFO - Setting next_dagrun for content_transformation to None, run_after=None
[2025-10-08T13:38:10.805+0000] {processor.py:183} INFO - Processing /opt/airflow/dags/content_transformation.py took 0.063 seconds
[2025-10-08T13:38:41.042+0000] {processor.py:161} INFO - Started process (PID=725) to work on /opt/airflow/dags/content_transformation.py
[2025-10-08T13:38:41.043+0000] {processor.py:830} INFO - Processing file /opt/airflow/dags/content_transformation.py for tasks to queue
[2025-10-08T13:38:41.044+0000] {logging_mixin.py:188} INFO - [2025-10-08T13:38:41.044+0000] {dagbag.py:538} INFO - Filling up the DagBag from /opt/airflow/dags/content_transformation.py
[2025-10-08T13:38:41.059+0000] {logging_mixin.py:188} INFO - [2025-10-08T13:38:41.059+0000] {shared_utils.py:409} INFO - Инициализированы пути обработки: ['input_pdf', 'temp_dir', 'output_md', 'logs', 'work_dir']
[2025-10-08T13:38:41.059+0000] {logging_mixin.py:188} INFO - [2025-10-08T13:38:41.059+0000] {shared_utils.py:413} INFO - Настроены URL сервисов: ['document_processor', 'translator', 'quality_assurance', 'airflow']
[2025-10-08T13:38:41.065+0000] {processor.py:840} INFO - DAG(s) 'content_transformation' retrieved from /opt/airflow/dags/content_transformation.py
[2025-10-08T13:38:41.083+0000] {logging_mixin.py:188} INFO - [2025-10-08T13:38:41.082+0000] {dag.py:3036} INFO - Sync 1 DAGs
[2025-10-08T13:38:41.092+0000] {logging_mixin.py:188} INFO - [2025-10-08T13:38:41.092+0000] {dag.py:3823} INFO - Setting next_dagrun for content_transformation to None, run_after=None
[2025-10-08T13:38:41.104+0000] {processor.py:183} INFO - Processing /opt/airflow/dags/content_transformation.py took 0.064 seconds
[2025-10-08T13:39:11.408+0000] {processor.py:161} INFO - Started process (PID=743) to work on /opt/airflow/dags/content_transformation.py
[2025-10-08T13:39:11.409+0000] {processor.py:830} INFO - Processing file /opt/airflow/dags/content_transformation.py for tasks to queue
[2025-10-08T13:39:11.410+0000] {logging_mixin.py:188} INFO - [2025-10-08T13:39:11.410+0000] {dagbag.py:538} INFO - Filling up the DagBag from /opt/airflow/dags/content_transformation.py
[2025-10-08T13:39:11.426+0000] {logging_mixin.py:188} INFO - [2025-10-08T13:39:11.426+0000] {shared_utils.py:409} INFO - Инициализированы пути обработки: ['input_pdf', 'temp_dir', 'output_md', 'logs', 'work_dir']
[2025-10-08T13:39:11.426+0000] {logging_mixin.py:188} INFO - [2025-10-08T13:39:11.426+0000] {shared_utils.py:413} INFO - Настроены URL сервисов: ['document_processor', 'translator', 'quality_assurance', 'airflow']
[2025-10-08T13:39:11.432+0000] {processor.py:840} INFO - DAG(s) 'content_transformation' retrieved from /opt/airflow/dags/content_transformation.py
[2025-10-08T13:39:11.450+0000] {logging_mixin.py:188} INFO - [2025-10-08T13:39:11.450+0000] {dag.py:3036} INFO - Sync 1 DAGs
[2025-10-08T13:39:11.459+0000] {logging_mixin.py:188} INFO - [2025-10-08T13:39:11.459+0000] {dag.py:3823} INFO - Setting next_dagrun for content_transformation to None, run_after=None
[2025-10-08T13:39:11.472+0000] {processor.py:183} INFO - Processing /opt/airflow/dags/content_transformation.py took 0.066 seconds
[2025-10-08T13:39:41.710+0000] {processor.py:161} INFO - Started process (PID=756) to work on /opt/airflow/dags/content_transformation.py
[2025-10-08T13:39:41.710+0000] {processor.py:830} INFO - Processing file /opt/airflow/dags/content_transformation.py for tasks to queue
[2025-10-08T13:39:41.711+0000] {logging_mixin.py:188} INFO - [2025-10-08T13:39:41.711+0000] {dagbag.py:538} INFO - Filling up the DagBag from /opt/airflow/dags/content_transformation.py
[2025-10-08T13:39:41.726+0000] {logging_mixin.py:188} INFO - [2025-10-08T13:39:41.726+0000] {shared_utils.py:409} INFO - Инициализированы пути обработки: ['input_pdf', 'temp_dir', 'output_md', 'logs', 'work_dir']
[2025-10-08T13:39:41.726+0000] {logging_mixin.py:188} INFO - [2025-10-08T13:39:41.726+0000] {shared_utils.py:413} INFO - Настроены URL сервисов: ['document_processor', 'translator', 'quality_assurance', 'airflow']
[2025-10-08T13:39:41.732+0000] {processor.py:840} INFO - DAG(s) 'content_transformation' retrieved from /opt/airflow/dags/content_transformation.py
[2025-10-08T13:39:41.748+0000] {logging_mixin.py:188} INFO - [2025-10-08T13:39:41.748+0000] {dag.py:3036} INFO - Sync 1 DAGs
[2025-10-08T13:39:41.758+0000] {logging_mixin.py:188} INFO - [2025-10-08T13:39:41.757+0000] {dag.py:3823} INFO - Setting next_dagrun for content_transformation to None, run_after=None
[2025-10-08T13:39:41.769+0000] {processor.py:183} INFO - Processing /opt/airflow/dags/content_transformation.py took 0.062 seconds
[2025-10-08T13:40:11.995+0000] {processor.py:161} INFO - Started process (PID=769) to work on /opt/airflow/dags/content_transformation.py
[2025-10-08T13:40:11.995+0000] {processor.py:830} INFO - Processing file /opt/airflow/dags/content_transformation.py for tasks to queue
[2025-10-08T13:40:11.996+0000] {logging_mixin.py:188} INFO - [2025-10-08T13:40:11.996+0000] {dagbag.py:538} INFO - Filling up the DagBag from /opt/airflow/dags/content_transformation.py
[2025-10-08T13:40:12.011+0000] {logging_mixin.py:188} INFO - [2025-10-08T13:40:12.011+0000] {shared_utils.py:409} INFO - Инициализированы пути обработки: ['input_pdf', 'temp_dir', 'output_md', 'logs', 'work_dir']
[2025-10-08T13:40:12.011+0000] {logging_mixin.py:188} INFO - [2025-10-08T13:40:12.011+0000] {shared_utils.py:413} INFO - Настроены URL сервисов: ['document_processor', 'translator', 'quality_assurance', 'airflow']
[2025-10-08T13:40:12.017+0000] {processor.py:840} INFO - DAG(s) 'content_transformation' retrieved from /opt/airflow/dags/content_transformation.py
[2025-10-08T13:40:12.035+0000] {logging_mixin.py:188} INFO - [2025-10-08T13:40:12.035+0000] {dag.py:3036} INFO - Sync 1 DAGs
[2025-10-08T13:40:12.045+0000] {logging_mixin.py:188} INFO - [2025-10-08T13:40:12.045+0000] {dag.py:3823} INFO - Setting next_dagrun for content_transformation to None, run_after=None
[2025-10-08T13:40:12.056+0000] {processor.py:183} INFO - Processing /opt/airflow/dags/content_transformation.py took 0.064 seconds
[2025-10-08T13:40:42.288+0000] {processor.py:161} INFO - Started process (PID=782) to work on /opt/airflow/dags/content_transformation.py
[2025-10-08T13:40:42.289+0000] {processor.py:830} INFO - Processing file /opt/airflow/dags/content_transformation.py for tasks to queue
[2025-10-08T13:40:42.290+0000] {logging_mixin.py:188} INFO - [2025-10-08T13:40:42.290+0000] {dagbag.py:538} INFO - Filling up the DagBag from /opt/airflow/dags/content_transformation.py
[2025-10-08T13:40:42.305+0000] {logging_mixin.py:188} INFO - [2025-10-08T13:40:42.305+0000] {shared_utils.py:409} INFO - Инициализированы пути обработки: ['input_pdf', 'temp_dir', 'output_md', 'logs', 'work_dir']
[2025-10-08T13:40:42.305+0000] {logging_mixin.py:188} INFO - [2025-10-08T13:40:42.305+0000] {shared_utils.py:413} INFO - Настроены URL сервисов: ['document_processor', 'translator', 'quality_assurance', 'airflow']
[2025-10-08T13:40:42.310+0000] {processor.py:840} INFO - DAG(s) 'content_transformation' retrieved from /opt/airflow/dags/content_transformation.py
[2025-10-08T13:40:42.327+0000] {logging_mixin.py:188} INFO - [2025-10-08T13:40:42.327+0000] {dag.py:3036} INFO - Sync 1 DAGs
[2025-10-08T13:40:42.336+0000] {logging_mixin.py:188} INFO - [2025-10-08T13:40:42.336+0000] {dag.py:3823} INFO - Setting next_dagrun for content_transformation to None, run_after=None
[2025-10-08T13:40:42.348+0000] {processor.py:183} INFO - Processing /opt/airflow/dags/content_transformation.py took 0.062 seconds
[2025-10-08T13:41:12.562+0000] {processor.py:161} INFO - Started process (PID=795) to work on /opt/airflow/dags/content_transformation.py
[2025-10-08T13:41:12.563+0000] {processor.py:830} INFO - Processing file /opt/airflow/dags/content_transformation.py for tasks to queue
[2025-10-08T13:41:12.564+0000] {logging_mixin.py:188} INFO - [2025-10-08T13:41:12.564+0000] {dagbag.py:538} INFO - Filling up the DagBag from /opt/airflow/dags/content_transformation.py
[2025-10-08T13:41:12.579+0000] {logging_mixin.py:188} INFO - [2025-10-08T13:41:12.578+0000] {shared_utils.py:409} INFO - Инициализированы пути обработки: ['input_pdf', 'temp_dir', 'output_md', 'logs', 'work_dir']
[2025-10-08T13:41:12.579+0000] {logging_mixin.py:188} INFO - [2025-10-08T13:41:12.579+0000] {shared_utils.py:413} INFO - Настроены URL сервисов: ['document_processor', 'translator', 'quality_assurance', 'airflow']
[2025-10-08T13:41:12.584+0000] {processor.py:840} INFO - DAG(s) 'content_transformation' retrieved from /opt/airflow/dags/content_transformation.py
[2025-10-08T13:41:12.601+0000] {logging_mixin.py:188} INFO - [2025-10-08T13:41:12.601+0000] {dag.py:3036} INFO - Sync 1 DAGs
[2025-10-08T13:41:12.610+0000] {logging_mixin.py:188} INFO - [2025-10-08T13:41:12.610+0000] {dag.py:3823} INFO - Setting next_dagrun for content_transformation to None, run_after=None
[2025-10-08T13:41:12.622+0000] {processor.py:183} INFO - Processing /opt/airflow/dags/content_transformation.py took 0.062 seconds
[2025-10-08T13:41:42.895+0000] {processor.py:161} INFO - Started process (PID=808) to work on /opt/airflow/dags/content_transformation.py
[2025-10-08T13:41:42.895+0000] {processor.py:830} INFO - Processing file /opt/airflow/dags/content_transformation.py for tasks to queue
[2025-10-08T13:41:42.897+0000] {logging_mixin.py:188} INFO - [2025-10-08T13:41:42.896+0000] {dagbag.py:538} INFO - Filling up the DagBag from /opt/airflow/dags/content_transformation.py
[2025-10-08T13:41:42.911+0000] {logging_mixin.py:188} INFO - [2025-10-08T13:41:42.911+0000] {shared_utils.py:409} INFO - Инициализированы пути обработки: ['input_pdf', 'temp_dir', 'output_md', 'logs', 'work_dir']
[2025-10-08T13:41:42.912+0000] {logging_mixin.py:188} INFO - [2025-10-08T13:41:42.911+0000] {shared_utils.py:413} INFO - Настроены URL сервисов: ['document_processor', 'translator', 'quality_assurance', 'airflow']
[2025-10-08T13:41:42.917+0000] {processor.py:840} INFO - DAG(s) 'content_transformation' retrieved from /opt/airflow/dags/content_transformation.py
[2025-10-08T13:41:42.934+0000] {logging_mixin.py:188} INFO - [2025-10-08T13:41:42.934+0000] {dag.py:3036} INFO - Sync 1 DAGs
[2025-10-08T13:41:42.944+0000] {logging_mixin.py:188} INFO - [2025-10-08T13:41:42.943+0000] {dag.py:3823} INFO - Setting next_dagrun for content_transformation to None, run_after=None
[2025-10-08T13:41:42.955+0000] {processor.py:183} INFO - Processing /opt/airflow/dags/content_transformation.py took 0.063 seconds
[2025-10-08T13:42:13.187+0000] {processor.py:161} INFO - Started process (PID=821) to work on /opt/airflow/dags/content_transformation.py
[2025-10-08T13:42:13.187+0000] {processor.py:830} INFO - Processing file /opt/airflow/dags/content_transformation.py for tasks to queue
[2025-10-08T13:42:13.189+0000] {logging_mixin.py:188} INFO - [2025-10-08T13:42:13.188+0000] {dagbag.py:538} INFO - Filling up the DagBag from /opt/airflow/dags/content_transformation.py
[2025-10-08T13:42:13.203+0000] {logging_mixin.py:188} INFO - [2025-10-08T13:42:13.203+0000] {shared_utils.py:409} INFO - Инициализированы пути обработки: ['input_pdf', 'temp_dir', 'output_md', 'logs', 'work_dir']
[2025-10-08T13:42:13.204+0000] {logging_mixin.py:188} INFO - [2025-10-08T13:42:13.203+0000] {shared_utils.py:413} INFO - Настроены URL сервисов: ['document_processor', 'translator', 'quality_assurance', 'airflow']
[2025-10-08T13:42:13.209+0000] {processor.py:840} INFO - DAG(s) 'content_transformation' retrieved from /opt/airflow/dags/content_transformation.py
[2025-10-08T13:42:13.226+0000] {logging_mixin.py:188} INFO - [2025-10-08T13:42:13.226+0000] {dag.py:3036} INFO - Sync 1 DAGs
[2025-10-08T13:42:13.235+0000] {logging_mixin.py:188} INFO - [2025-10-08T13:42:13.235+0000] {dag.py:3823} INFO - Setting next_dagrun for content_transformation to None, run_after=None
[2025-10-08T13:42:13.247+0000] {processor.py:183} INFO - Processing /opt/airflow/dags/content_transformation.py took 0.062 seconds
