[2025-10-08T13:32:30.131+0000] {processor.py:161} INFO - Started process (PID=565) to work on /opt/airflow/dags/quality_assurance.py
[2025-10-08T13:32:30.132+0000] {processor.py:830} INFO - Processing file /opt/airflow/dags/quality_assurance.py for tasks to queue
[2025-10-08T13:32:30.133+0000] {logging_mixin.py:188} INFO - [2025-10-08T13:32:30.133+0000] {dagbag.py:538} INFO - Filling up the DagBag from /opt/airflow/dags/quality_assurance.py
[2025-10-08T13:32:30.454+0000] {logging_mixin.py:188} INFO - [2025-10-08T13:32:30.453+0000] {shared_utils.py:409} INFO - Инициализированы пути обработки: ['input_pdf', 'temp_dir', 'output_md', 'logs', 'work_dir']
[2025-10-08T13:32:30.454+0000] {logging_mixin.py:188} INFO - [2025-10-08T13:32:30.454+0000] {shared_utils.py:413} INFO - Настроены URL сервисов: ['document_processor', 'translator', 'quality_assurance', 'airflow']
[2025-10-08T13:32:30.463+0000] {logging_mixin.py:188} INFO - [2025-10-08T13:32:30.463+0000] {quality_assurance.py:155} WARNING - visual_diff_system helpers are not available; visual QA will run in fallback mode
[2025-10-08T13:32:30.463+0000] {logging_mixin.py:188} INFO - [2025-10-08T13:32:30.463+0000] {quality_assurance.py:161} WARNING - scikit-image не установлен, используется fallback SSIM
[2025-10-08T13:32:30.464+0000] {logging_mixin.py:188} INFO - [2025-10-08T13:32:30.464+0000] {quality_assurance.py:164} WARNING - sentence-transformers не установлен, семантический анализ упрощен
[2025-10-08T13:32:30.466+0000] {logging_mixin.py:188} INFO - [2025-10-08T13:32:30.466+0000] {quality_assurance.py:155} WARNING - visual_diff_system helpers are not available; visual QA will run in fallback mode
[2025-10-08T13:32:30.466+0000] {logging_mixin.py:188} INFO - [2025-10-08T13:32:30.466+0000] {quality_assurance.py:161} WARNING - scikit-image не установлен, используется fallback SSIM
[2025-10-08T13:32:30.466+0000] {logging_mixin.py:188} INFO - [2025-10-08T13:32:30.466+0000] {quality_assurance.py:164} WARNING - sentence-transformers не установлен, семантический анализ упрощен
[2025-10-08T13:32:30.469+0000] {processor.py:840} INFO - DAG(s) 'quality_assurance' retrieved from /opt/airflow/dags/quality_assurance.py
[2025-10-08T13:32:30.489+0000] {logging_mixin.py:188} INFO - [2025-10-08T13:32:30.488+0000] {dag.py:3036} INFO - Sync 1 DAGs
[2025-10-08T13:32:30.497+0000] {logging_mixin.py:188} INFO - [2025-10-08T13:32:30.497+0000] {dag.py:3823} INFO - Setting next_dagrun for quality_assurance to None, run_after=None
[2025-10-08T13:32:30.508+0000] {processor.py:183} INFO - Processing /opt/airflow/dags/quality_assurance.py took 0.379 seconds
[2025-10-08T13:33:01.401+0000] {processor.py:161} INFO - Started process (PID=578) to work on /opt/airflow/dags/quality_assurance.py
[2025-10-08T13:33:01.402+0000] {processor.py:830} INFO - Processing file /opt/airflow/dags/quality_assurance.py for tasks to queue
[2025-10-08T13:33:01.403+0000] {logging_mixin.py:188} INFO - [2025-10-08T13:33:01.403+0000] {dagbag.py:538} INFO - Filling up the DagBag from /opt/airflow/dags/quality_assurance.py
[2025-10-08T13:33:01.718+0000] {logging_mixin.py:188} INFO - [2025-10-08T13:33:01.718+0000] {shared_utils.py:409} INFO - Инициализированы пути обработки: ['input_pdf', 'temp_dir', 'output_md', 'logs', 'work_dir']
[2025-10-08T13:33:01.719+0000] {logging_mixin.py:188} INFO - [2025-10-08T13:33:01.719+0000] {shared_utils.py:413} INFO - Настроены URL сервисов: ['document_processor', 'translator', 'quality_assurance', 'airflow']
[2025-10-08T13:33:01.728+0000] {logging_mixin.py:188} INFO - [2025-10-08T13:33:01.728+0000] {quality_assurance.py:155} WARNING - visual_diff_system helpers are not available; visual QA will run in fallback mode
[2025-10-08T13:33:01.728+0000] {logging_mixin.py:188} INFO - [2025-10-08T13:33:01.728+0000] {quality_assurance.py:161} WARNING - scikit-image не установлен, используется fallback SSIM
[2025-10-08T13:33:01.728+0000] {logging_mixin.py:188} INFO - [2025-10-08T13:33:01.728+0000] {quality_assurance.py:164} WARNING - sentence-transformers не установлен, семантический анализ упрощен
[2025-10-08T13:33:01.730+0000] {logging_mixin.py:188} INFO - [2025-10-08T13:33:01.730+0000] {quality_assurance.py:155} WARNING - visual_diff_system helpers are not available; visual QA will run in fallback mode
[2025-10-08T13:33:01.730+0000] {logging_mixin.py:188} INFO - [2025-10-08T13:33:01.730+0000] {quality_assurance.py:161} WARNING - scikit-image не установлен, используется fallback SSIM
[2025-10-08T13:33:01.731+0000] {logging_mixin.py:188} INFO - [2025-10-08T13:33:01.731+0000] {quality_assurance.py:164} WARNING - sentence-transformers не установлен, семантический анализ упрощен
[2025-10-08T13:33:01.733+0000] {processor.py:840} INFO - DAG(s) 'quality_assurance' retrieved from /opt/airflow/dags/quality_assurance.py
[2025-10-08T13:33:01.754+0000] {logging_mixin.py:188} INFO - [2025-10-08T13:33:01.754+0000] {dag.py:3036} INFO - Sync 1 DAGs
[2025-10-08T13:33:01.763+0000] {logging_mixin.py:188} INFO - [2025-10-08T13:33:01.763+0000] {dag.py:3823} INFO - Setting next_dagrun for quality_assurance to None, run_after=None
[2025-10-08T13:33:01.774+0000] {processor.py:183} INFO - Processing /opt/airflow/dags/quality_assurance.py took 0.375 seconds
[2025-10-08T13:33:32.749+0000] {processor.py:161} INFO - Started process (PID=591) to work on /opt/airflow/dags/quality_assurance.py
[2025-10-08T13:33:32.749+0000] {processor.py:830} INFO - Processing file /opt/airflow/dags/quality_assurance.py for tasks to queue
[2025-10-08T13:33:32.751+0000] {logging_mixin.py:188} INFO - [2025-10-08T13:33:32.750+0000] {dagbag.py:538} INFO - Filling up the DagBag from /opt/airflow/dags/quality_assurance.py
[2025-10-08T13:33:32.963+0000] {logging_mixin.py:188} INFO - [2025-10-08T13:33:32.962+0000] {shared_utils.py:409} INFO - Инициализированы пути обработки: ['input_pdf', 'temp_dir', 'output_md', 'logs', 'work_dir']
[2025-10-08T13:33:32.963+0000] {logging_mixin.py:188} INFO - [2025-10-08T13:33:32.963+0000] {shared_utils.py:413} INFO - Настроены URL сервисов: ['document_processor', 'translator', 'quality_assurance', 'airflow']
[2025-10-08T13:33:32.972+0000] {logging_mixin.py:188} INFO - [2025-10-08T13:33:32.972+0000] {quality_assurance.py:155} WARNING - visual_diff_system helpers are not available; visual QA will run in fallback mode
[2025-10-08T13:33:32.972+0000] {logging_mixin.py:188} INFO - [2025-10-08T13:33:32.972+0000] {quality_assurance.py:161} WARNING - scikit-image не установлен, используется fallback SSIM
[2025-10-08T13:33:32.972+0000] {logging_mixin.py:188} INFO - [2025-10-08T13:33:32.972+0000] {quality_assurance.py:164} WARNING - sentence-transformers не установлен, семантический анализ упрощен
[2025-10-08T13:33:32.975+0000] {logging_mixin.py:188} INFO - [2025-10-08T13:33:32.975+0000] {quality_assurance.py:155} WARNING - visual_diff_system helpers are not available; visual QA will run in fallback mode
[2025-10-08T13:33:32.975+0000] {logging_mixin.py:188} INFO - [2025-10-08T13:33:32.975+0000] {quality_assurance.py:161} WARNING - scikit-image не установлен, используется fallback SSIM
[2025-10-08T13:33:32.975+0000] {logging_mixin.py:188} INFO - [2025-10-08T13:33:32.975+0000] {quality_assurance.py:164} WARNING - sentence-transformers не установлен, семантический анализ упрощен
[2025-10-08T13:33:32.979+0000] {processor.py:840} INFO - DAG(s) 'quality_assurance' retrieved from /opt/airflow/dags/quality_assurance.py
[2025-10-08T13:33:33.002+0000] {logging_mixin.py:188} INFO - [2025-10-08T13:33:33.002+0000] {dag.py:3036} INFO - Sync 1 DAGs
[2025-10-08T13:33:33.013+0000] {logging_mixin.py:188} INFO - [2025-10-08T13:33:33.013+0000] {dag.py:3823} INFO - Setting next_dagrun for quality_assurance to None, run_after=None
[2025-10-08T13:33:33.025+0000] {processor.py:183} INFO - Processing /opt/airflow/dags/quality_assurance.py took 0.279 seconds
[2025-10-08T13:34:04.016+0000] {processor.py:161} INFO - Started process (PID=604) to work on /opt/airflow/dags/quality_assurance.py
[2025-10-08T13:34:04.017+0000] {processor.py:830} INFO - Processing file /opt/airflow/dags/quality_assurance.py for tasks to queue
[2025-10-08T13:34:04.018+0000] {logging_mixin.py:188} INFO - [2025-10-08T13:34:04.018+0000] {dagbag.py:538} INFO - Filling up the DagBag from /opt/airflow/dags/quality_assurance.py
[2025-10-08T13:34:04.229+0000] {logging_mixin.py:188} INFO - [2025-10-08T13:34:04.229+0000] {shared_utils.py:409} INFO - Инициализированы пути обработки: ['input_pdf', 'temp_dir', 'output_md', 'logs', 'work_dir']
[2025-10-08T13:34:04.229+0000] {logging_mixin.py:188} INFO - [2025-10-08T13:34:04.229+0000] {shared_utils.py:413} INFO - Настроены URL сервисов: ['document_processor', 'translator', 'quality_assurance', 'airflow']
[2025-10-08T13:34:04.239+0000] {logging_mixin.py:188} INFO - [2025-10-08T13:34:04.238+0000] {quality_assurance.py:155} WARNING - visual_diff_system helpers are not available; visual QA will run in fallback mode
[2025-10-08T13:34:04.239+0000] {logging_mixin.py:188} INFO - [2025-10-08T13:34:04.239+0000] {quality_assurance.py:161} WARNING - scikit-image не установлен, используется fallback SSIM
[2025-10-08T13:34:04.239+0000] {logging_mixin.py:188} INFO - [2025-10-08T13:34:04.239+0000] {quality_assurance.py:164} WARNING - sentence-transformers не установлен, семантический анализ упрощен
[2025-10-08T13:34:04.242+0000] {logging_mixin.py:188} INFO - [2025-10-08T13:34:04.242+0000] {quality_assurance.py:155} WARNING - visual_diff_system helpers are not available; visual QA will run in fallback mode
[2025-10-08T13:34:04.242+0000] {logging_mixin.py:188} INFO - [2025-10-08T13:34:04.242+0000] {quality_assurance.py:161} WARNING - scikit-image не установлен, используется fallback SSIM
[2025-10-08T13:34:04.242+0000] {logging_mixin.py:188} INFO - [2025-10-08T13:34:04.242+0000] {quality_assurance.py:164} WARNING - sentence-transformers не установлен, семантический анализ упрощен
[2025-10-08T13:34:04.245+0000] {processor.py:840} INFO - DAG(s) 'quality_assurance' retrieved from /opt/airflow/dags/quality_assurance.py
[2025-10-08T13:34:04.267+0000] {logging_mixin.py:188} INFO - [2025-10-08T13:34:04.267+0000] {dag.py:3036} INFO - Sync 1 DAGs
[2025-10-08T13:34:04.277+0000] {logging_mixin.py:188} INFO - [2025-10-08T13:34:04.276+0000] {dag.py:3823} INFO - Setting next_dagrun for quality_assurance to None, run_after=None
[2025-10-08T13:34:04.288+0000] {processor.py:183} INFO - Processing /opt/airflow/dags/quality_assurance.py took 0.274 seconds
[2025-10-08T13:34:35.279+0000] {processor.py:161} INFO - Started process (PID=617) to work on /opt/airflow/dags/quality_assurance.py
[2025-10-08T13:34:35.280+0000] {processor.py:830} INFO - Processing file /opt/airflow/dags/quality_assurance.py for tasks to queue
[2025-10-08T13:34:35.281+0000] {logging_mixin.py:188} INFO - [2025-10-08T13:34:35.281+0000] {dagbag.py:538} INFO - Filling up the DagBag from /opt/airflow/dags/quality_assurance.py
[2025-10-08T13:34:35.601+0000] {logging_mixin.py:188} INFO - [2025-10-08T13:34:35.601+0000] {shared_utils.py:409} INFO - Инициализированы пути обработки: ['input_pdf', 'temp_dir', 'output_md', 'logs', 'work_dir']
[2025-10-08T13:34:35.601+0000] {logging_mixin.py:188} INFO - [2025-10-08T13:34:35.601+0000] {shared_utils.py:413} INFO - Настроены URL сервисов: ['document_processor', 'translator', 'quality_assurance', 'airflow']
[2025-10-08T13:34:35.611+0000] {logging_mixin.py:188} INFO - [2025-10-08T13:34:35.611+0000] {quality_assurance.py:155} WARNING - visual_diff_system helpers are not available; visual QA will run in fallback mode
[2025-10-08T13:34:35.611+0000] {logging_mixin.py:188} INFO - [2025-10-08T13:34:35.611+0000] {quality_assurance.py:161} WARNING - scikit-image не установлен, используется fallback SSIM
[2025-10-08T13:34:35.611+0000] {logging_mixin.py:188} INFO - [2025-10-08T13:34:35.611+0000] {quality_assurance.py:164} WARNING - sentence-transformers не установлен, семантический анализ упрощен
[2025-10-08T13:34:35.613+0000] {logging_mixin.py:188} INFO - [2025-10-08T13:34:35.613+0000] {quality_assurance.py:155} WARNING - visual_diff_system helpers are not available; visual QA will run in fallback mode
[2025-10-08T13:34:35.613+0000] {logging_mixin.py:188} INFO - [2025-10-08T13:34:35.613+0000] {quality_assurance.py:161} WARNING - scikit-image не установлен, используется fallback SSIM
[2025-10-08T13:34:35.613+0000] {logging_mixin.py:188} INFO - [2025-10-08T13:34:35.613+0000] {quality_assurance.py:164} WARNING - sentence-transformers не установлен, семантический анализ упрощен
[2025-10-08T13:34:35.616+0000] {processor.py:840} INFO - DAG(s) 'quality_assurance' retrieved from /opt/airflow/dags/quality_assurance.py
[2025-10-08T13:34:35.636+0000] {logging_mixin.py:188} INFO - [2025-10-08T13:34:35.636+0000] {dag.py:3036} INFO - Sync 1 DAGs
[2025-10-08T13:34:35.645+0000] {logging_mixin.py:188} INFO - [2025-10-08T13:34:35.645+0000] {dag.py:3823} INFO - Setting next_dagrun for quality_assurance to None, run_after=None
[2025-10-08T13:34:35.656+0000] {processor.py:183} INFO - Processing /opt/airflow/dags/quality_assurance.py took 0.380 seconds
[2025-10-08T13:35:06.538+0000] {processor.py:161} INFO - Started process (PID=630) to work on /opt/airflow/dags/quality_assurance.py
[2025-10-08T13:35:06.539+0000] {processor.py:830} INFO - Processing file /opt/airflow/dags/quality_assurance.py for tasks to queue
[2025-10-08T13:35:06.540+0000] {logging_mixin.py:188} INFO - [2025-10-08T13:35:06.540+0000] {dagbag.py:538} INFO - Filling up the DagBag from /opt/airflow/dags/quality_assurance.py
[2025-10-08T13:35:06.852+0000] {logging_mixin.py:188} INFO - [2025-10-08T13:35:06.852+0000] {shared_utils.py:409} INFO - Инициализированы пути обработки: ['input_pdf', 'temp_dir', 'output_md', 'logs', 'work_dir']
[2025-10-08T13:35:06.852+0000] {logging_mixin.py:188} INFO - [2025-10-08T13:35:06.852+0000] {shared_utils.py:413} INFO - Настроены URL сервисов: ['document_processor', 'translator', 'quality_assurance', 'airflow']
[2025-10-08T13:35:06.862+0000] {logging_mixin.py:188} INFO - [2025-10-08T13:35:06.861+0000] {quality_assurance.py:155} WARNING - visual_diff_system helpers are not available; visual QA will run in fallback mode
[2025-10-08T13:35:06.862+0000] {logging_mixin.py:188} INFO - [2025-10-08T13:35:06.862+0000] {quality_assurance.py:161} WARNING - scikit-image не установлен, используется fallback SSIM
[2025-10-08T13:35:06.862+0000] {logging_mixin.py:188} INFO - [2025-10-08T13:35:06.862+0000] {quality_assurance.py:164} WARNING - sentence-transformers не установлен, семантический анализ упрощен
[2025-10-08T13:35:06.864+0000] {logging_mixin.py:188} INFO - [2025-10-08T13:35:06.864+0000] {quality_assurance.py:155} WARNING - visual_diff_system helpers are not available; visual QA will run in fallback mode
[2025-10-08T13:35:06.864+0000] {logging_mixin.py:188} INFO - [2025-10-08T13:35:06.864+0000] {quality_assurance.py:161} WARNING - scikit-image не установлен, используется fallback SSIM
[2025-10-08T13:35:06.864+0000] {logging_mixin.py:188} INFO - [2025-10-08T13:35:06.864+0000] {quality_assurance.py:164} WARNING - sentence-transformers не установлен, семантический анализ упрощен
[2025-10-08T13:35:06.867+0000] {processor.py:840} INFO - DAG(s) 'quality_assurance' retrieved from /opt/airflow/dags/quality_assurance.py
[2025-10-08T13:35:06.889+0000] {logging_mixin.py:188} INFO - [2025-10-08T13:35:06.888+0000] {dag.py:3036} INFO - Sync 1 DAGs
[2025-10-08T13:35:06.898+0000] {logging_mixin.py:188} INFO - [2025-10-08T13:35:06.897+0000] {dag.py:3823} INFO - Setting next_dagrun for quality_assurance to None, run_after=None
[2025-10-08T13:35:06.909+0000] {processor.py:183} INFO - Processing /opt/airflow/dags/quality_assurance.py took 0.373 seconds
[2025-10-08T13:35:37.886+0000] {processor.py:161} INFO - Started process (PID=643) to work on /opt/airflow/dags/quality_assurance.py
[2025-10-08T13:35:37.886+0000] {processor.py:830} INFO - Processing file /opt/airflow/dags/quality_assurance.py for tasks to queue
[2025-10-08T13:35:37.888+0000] {logging_mixin.py:188} INFO - [2025-10-08T13:35:37.887+0000] {dagbag.py:538} INFO - Filling up the DagBag from /opt/airflow/dags/quality_assurance.py
[2025-10-08T13:35:38.099+0000] {logging_mixin.py:188} INFO - [2025-10-08T13:35:38.099+0000] {shared_utils.py:409} INFO - Инициализированы пути обработки: ['input_pdf', 'temp_dir', 'output_md', 'logs', 'work_dir']
[2025-10-08T13:35:38.099+0000] {logging_mixin.py:188} INFO - [2025-10-08T13:35:38.099+0000] {shared_utils.py:413} INFO - Настроены URL сервисов: ['document_processor', 'translator', 'quality_assurance', 'airflow']
[2025-10-08T13:35:38.108+0000] {logging_mixin.py:188} INFO - [2025-10-08T13:35:38.108+0000] {quality_assurance.py:155} WARNING - visual_diff_system helpers are not available; visual QA will run in fallback mode
[2025-10-08T13:35:38.108+0000] {logging_mixin.py:188} INFO - [2025-10-08T13:35:38.108+0000] {quality_assurance.py:161} WARNING - scikit-image не установлен, используется fallback SSIM
[2025-10-08T13:35:38.109+0000] {logging_mixin.py:188} INFO - [2025-10-08T13:35:38.109+0000] {quality_assurance.py:164} WARNING - sentence-transformers не установлен, семантический анализ упрощен
[2025-10-08T13:35:38.111+0000] {logging_mixin.py:188} INFO - [2025-10-08T13:35:38.111+0000] {quality_assurance.py:155} WARNING - visual_diff_system helpers are not available; visual QA will run in fallback mode
[2025-10-08T13:35:38.112+0000] {logging_mixin.py:188} INFO - [2025-10-08T13:35:38.112+0000] {quality_assurance.py:161} WARNING - scikit-image не установлен, используется fallback SSIM
[2025-10-08T13:35:38.112+0000] {logging_mixin.py:188} INFO - [2025-10-08T13:35:38.112+0000] {quality_assurance.py:164} WARNING - sentence-transformers не установлен, семантический анализ упрощен
[2025-10-08T13:35:38.115+0000] {processor.py:840} INFO - DAG(s) 'quality_assurance' retrieved from /opt/airflow/dags/quality_assurance.py
[2025-10-08T13:35:38.137+0000] {logging_mixin.py:188} INFO - [2025-10-08T13:35:38.137+0000] {dag.py:3036} INFO - Sync 1 DAGs
[2025-10-08T13:35:38.147+0000] {logging_mixin.py:188} INFO - [2025-10-08T13:35:38.147+0000] {dag.py:3823} INFO - Setting next_dagrun for quality_assurance to None, run_after=None
[2025-10-08T13:35:38.159+0000] {processor.py:183} INFO - Processing /opt/airflow/dags/quality_assurance.py took 0.275 seconds
[2025-10-08T13:36:09.215+0000] {processor.py:161} INFO - Started process (PID=658) to work on /opt/airflow/dags/quality_assurance.py
[2025-10-08T13:36:09.216+0000] {processor.py:830} INFO - Processing file /opt/airflow/dags/quality_assurance.py for tasks to queue
[2025-10-08T13:36:09.217+0000] {logging_mixin.py:188} INFO - [2025-10-08T13:36:09.217+0000] {dagbag.py:538} INFO - Filling up the DagBag from /opt/airflow/dags/quality_assurance.py
[2025-10-08T13:36:09.430+0000] {logging_mixin.py:188} INFO - [2025-10-08T13:36:09.430+0000] {shared_utils.py:409} INFO - Инициализированы пути обработки: ['input_pdf', 'temp_dir', 'output_md', 'logs', 'work_dir']
[2025-10-08T13:36:09.431+0000] {logging_mixin.py:188} INFO - [2025-10-08T13:36:09.430+0000] {shared_utils.py:413} INFO - Настроены URL сервисов: ['document_processor', 'translator', 'quality_assurance', 'airflow']
[2025-10-08T13:36:09.440+0000] {logging_mixin.py:188} INFO - [2025-10-08T13:36:09.440+0000] {quality_assurance.py:155} WARNING - visual_diff_system helpers are not available; visual QA will run in fallback mode
[2025-10-08T13:36:09.440+0000] {logging_mixin.py:188} INFO - [2025-10-08T13:36:09.440+0000] {quality_assurance.py:161} WARNING - scikit-image не установлен, используется fallback SSIM
[2025-10-08T13:36:09.440+0000] {logging_mixin.py:188} INFO - [2025-10-08T13:36:09.440+0000] {quality_assurance.py:164} WARNING - sentence-transformers не установлен, семантический анализ упрощен
[2025-10-08T13:36:09.443+0000] {logging_mixin.py:188} INFO - [2025-10-08T13:36:09.443+0000] {quality_assurance.py:155} WARNING - visual_diff_system helpers are not available; visual QA will run in fallback mode
[2025-10-08T13:36:09.443+0000] {logging_mixin.py:188} INFO - [2025-10-08T13:36:09.443+0000] {quality_assurance.py:161} WARNING - scikit-image не установлен, используется fallback SSIM
[2025-10-08T13:36:09.443+0000] {logging_mixin.py:188} INFO - [2025-10-08T13:36:09.443+0000] {quality_assurance.py:164} WARNING - sentence-transformers не установлен, семантический анализ упрощен
[2025-10-08T13:36:09.446+0000] {processor.py:840} INFO - DAG(s) 'quality_assurance' retrieved from /opt/airflow/dags/quality_assurance.py
[2025-10-08T13:36:09.468+0000] {logging_mixin.py:188} INFO - [2025-10-08T13:36:09.468+0000] {dag.py:3036} INFO - Sync 1 DAGs
[2025-10-08T13:36:09.478+0000] {logging_mixin.py:188} INFO - [2025-10-08T13:36:09.478+0000] {dag.py:3823} INFO - Setting next_dagrun for quality_assurance to None, run_after=None
[2025-10-08T13:36:09.489+0000] {processor.py:183} INFO - Processing /opt/airflow/dags/quality_assurance.py took 0.276 seconds
[2025-10-08T13:36:39.632+0000] {processor.py:161} INFO - Started process (PID=671) to work on /opt/airflow/dags/quality_assurance.py
[2025-10-08T13:36:39.633+0000] {processor.py:830} INFO - Processing file /opt/airflow/dags/quality_assurance.py for tasks to queue
[2025-10-08T13:36:39.634+0000] {logging_mixin.py:188} INFO - [2025-10-08T13:36:39.634+0000] {dagbag.py:538} INFO - Filling up the DagBag from /opt/airflow/dags/quality_assurance.py
[2025-10-08T13:36:39.955+0000] {logging_mixin.py:188} INFO - [2025-10-08T13:36:39.954+0000] {shared_utils.py:409} INFO - Инициализированы пути обработки: ['input_pdf', 'temp_dir', 'output_md', 'logs', 'work_dir']
[2025-10-08T13:36:39.955+0000] {logging_mixin.py:188} INFO - [2025-10-08T13:36:39.955+0000] {shared_utils.py:413} INFO - Настроены URL сервисов: ['document_processor', 'translator', 'quality_assurance', 'airflow']
[2025-10-08T13:36:39.964+0000] {logging_mixin.py:188} INFO - [2025-10-08T13:36:39.964+0000] {quality_assurance.py:155} WARNING - visual_diff_system helpers are not available; visual QA will run in fallback mode
[2025-10-08T13:36:39.964+0000] {logging_mixin.py:188} INFO - [2025-10-08T13:36:39.964+0000] {quality_assurance.py:161} WARNING - scikit-image не установлен, используется fallback SSIM
[2025-10-08T13:36:39.964+0000] {logging_mixin.py:188} INFO - [2025-10-08T13:36:39.964+0000] {quality_assurance.py:164} WARNING - sentence-transformers не установлен, семантический анализ упрощен
[2025-10-08T13:36:39.966+0000] {logging_mixin.py:188} INFO - [2025-10-08T13:36:39.966+0000] {quality_assurance.py:155} WARNING - visual_diff_system helpers are not available; visual QA will run in fallback mode
[2025-10-08T13:36:39.967+0000] {logging_mixin.py:188} INFO - [2025-10-08T13:36:39.966+0000] {quality_assurance.py:161} WARNING - scikit-image не установлен, используется fallback SSIM
[2025-10-08T13:36:39.967+0000] {logging_mixin.py:188} INFO - [2025-10-08T13:36:39.967+0000] {quality_assurance.py:164} WARNING - sentence-transformers не установлен, семантический анализ упрощен
[2025-10-08T13:36:39.969+0000] {processor.py:840} INFO - DAG(s) 'quality_assurance' retrieved from /opt/airflow/dags/quality_assurance.py
[2025-10-08T13:36:39.989+0000] {logging_mixin.py:188} INFO - [2025-10-08T13:36:39.988+0000] {dag.py:3036} INFO - Sync 1 DAGs
[2025-10-08T13:36:39.998+0000] {logging_mixin.py:188} INFO - [2025-10-08T13:36:39.997+0000] {dag.py:3823} INFO - Setting next_dagrun for quality_assurance to None, run_after=None
[2025-10-08T13:36:40.008+0000] {processor.py:183} INFO - Processing /opt/airflow/dags/quality_assurance.py took 0.378 seconds
[2025-10-08T13:37:10.252+0000] {processor.py:161} INFO - Started process (PID=687) to work on /opt/airflow/dags/quality_assurance.py
[2025-10-08T13:37:10.253+0000] {processor.py:830} INFO - Processing file /opt/airflow/dags/quality_assurance.py for tasks to queue
[2025-10-08T13:37:10.254+0000] {logging_mixin.py:188} INFO - [2025-10-08T13:37:10.254+0000] {dagbag.py:538} INFO - Filling up the DagBag from /opt/airflow/dags/quality_assurance.py
[2025-10-08T13:37:10.465+0000] {logging_mixin.py:188} INFO - [2025-10-08T13:37:10.465+0000] {shared_utils.py:409} INFO - Инициализированы пути обработки: ['input_pdf', 'temp_dir', 'output_md', 'logs', 'work_dir']
[2025-10-08T13:37:10.465+0000] {logging_mixin.py:188} INFO - [2025-10-08T13:37:10.465+0000] {shared_utils.py:413} INFO - Настроены URL сервисов: ['document_processor', 'translator', 'quality_assurance', 'airflow']
[2025-10-08T13:37:10.474+0000] {logging_mixin.py:188} INFO - [2025-10-08T13:37:10.474+0000] {quality_assurance.py:155} WARNING - visual_diff_system helpers are not available; visual QA will run in fallback mode
[2025-10-08T13:37:10.475+0000] {logging_mixin.py:188} INFO - [2025-10-08T13:37:10.475+0000] {quality_assurance.py:161} WARNING - scikit-image не установлен, используется fallback SSIM
[2025-10-08T13:37:10.475+0000] {logging_mixin.py:188} INFO - [2025-10-08T13:37:10.475+0000] {quality_assurance.py:164} WARNING - sentence-transformers не установлен, семантический анализ упрощен
[2025-10-08T13:37:10.478+0000] {logging_mixin.py:188} INFO - [2025-10-08T13:37:10.477+0000] {quality_assurance.py:155} WARNING - visual_diff_system helpers are not available; visual QA will run in fallback mode
[2025-10-08T13:37:10.478+0000] {logging_mixin.py:188} INFO - [2025-10-08T13:37:10.478+0000] {quality_assurance.py:161} WARNING - scikit-image не установлен, используется fallback SSIM
[2025-10-08T13:37:10.478+0000] {logging_mixin.py:188} INFO - [2025-10-08T13:37:10.478+0000] {quality_assurance.py:164} WARNING - sentence-transformers не установлен, семантический анализ упрощен
[2025-10-08T13:37:10.481+0000] {processor.py:840} INFO - DAG(s) 'quality_assurance' retrieved from /opt/airflow/dags/quality_assurance.py
[2025-10-08T13:37:10.503+0000] {logging_mixin.py:188} INFO - [2025-10-08T13:37:10.502+0000] {dag.py:3036} INFO - Sync 1 DAGs
[2025-10-08T13:37:10.512+0000] {logging_mixin.py:188} INFO - [2025-10-08T13:37:10.512+0000] {dag.py:3823} INFO - Setting next_dagrun for quality_assurance to None, run_after=None
[2025-10-08T13:37:10.524+0000] {processor.py:183} INFO - Processing /opt/airflow/dags/quality_assurance.py took 0.274 seconds
[2025-10-08T13:37:41.485+0000] {processor.py:161} INFO - Started process (PID=700) to work on /opt/airflow/dags/quality_assurance.py
[2025-10-08T13:37:41.486+0000] {processor.py:830} INFO - Processing file /opt/airflow/dags/quality_assurance.py for tasks to queue
[2025-10-08T13:37:41.487+0000] {logging_mixin.py:188} INFO - [2025-10-08T13:37:41.487+0000] {dagbag.py:538} INFO - Filling up the DagBag from /opt/airflow/dags/quality_assurance.py
[2025-10-08T13:37:41.699+0000] {logging_mixin.py:188} INFO - [2025-10-08T13:37:41.699+0000] {shared_utils.py:409} INFO - Инициализированы пути обработки: ['input_pdf', 'temp_dir', 'output_md', 'logs', 'work_dir']
[2025-10-08T13:37:41.699+0000] {logging_mixin.py:188} INFO - [2025-10-08T13:37:41.699+0000] {shared_utils.py:413} INFO - Настроены URL сервисов: ['document_processor', 'translator', 'quality_assurance', 'airflow']
[2025-10-08T13:37:41.708+0000] {logging_mixin.py:188} INFO - [2025-10-08T13:37:41.708+0000] {quality_assurance.py:155} WARNING - visual_diff_system helpers are not available; visual QA will run in fallback mode
[2025-10-08T13:37:41.708+0000] {logging_mixin.py:188} INFO - [2025-10-08T13:37:41.708+0000] {quality_assurance.py:161} WARNING - scikit-image не установлен, используется fallback SSIM
[2025-10-08T13:37:41.709+0000] {logging_mixin.py:188} INFO - [2025-10-08T13:37:41.709+0000] {quality_assurance.py:164} WARNING - sentence-transformers не установлен, семантический анализ упрощен
[2025-10-08T13:37:41.711+0000] {logging_mixin.py:188} INFO - [2025-10-08T13:37:41.711+0000] {quality_assurance.py:155} WARNING - visual_diff_system helpers are not available; visual QA will run in fallback mode
[2025-10-08T13:37:41.712+0000] {logging_mixin.py:188} INFO - [2025-10-08T13:37:41.712+0000] {quality_assurance.py:161} WARNING - scikit-image не установлен, используется fallback SSIM
[2025-10-08T13:37:41.712+0000] {logging_mixin.py:188} INFO - [2025-10-08T13:37:41.712+0000] {quality_assurance.py:164} WARNING - sentence-transformers не установлен, семантический анализ упрощен
[2025-10-08T13:37:41.715+0000] {processor.py:840} INFO - DAG(s) 'quality_assurance' retrieved from /opt/airflow/dags/quality_assurance.py
[2025-10-08T13:37:41.736+0000] {logging_mixin.py:188} INFO - [2025-10-08T13:37:41.736+0000] {dag.py:3036} INFO - Sync 1 DAGs
[2025-10-08T13:37:41.746+0000] {logging_mixin.py:188} INFO - [2025-10-08T13:37:41.746+0000] {dag.py:3823} INFO - Setting next_dagrun for quality_assurance to None, run_after=None
[2025-10-08T13:37:41.757+0000] {processor.py:183} INFO - Processing /opt/airflow/dags/quality_assurance.py took 0.274 seconds
[2025-10-08T13:38:11.832+0000] {processor.py:161} INFO - Started process (PID=713) to work on /opt/airflow/dags/quality_assurance.py
[2025-10-08T13:38:11.832+0000] {processor.py:830} INFO - Processing file /opt/airflow/dags/quality_assurance.py for tasks to queue
[2025-10-08T13:38:11.834+0000] {logging_mixin.py:188} INFO - [2025-10-08T13:38:11.834+0000] {dagbag.py:538} INFO - Filling up the DagBag from /opt/airflow/dags/quality_assurance.py
[2025-10-08T13:38:12.151+0000] {logging_mixin.py:188} INFO - [2025-10-08T13:38:12.151+0000] {shared_utils.py:409} INFO - Инициализированы пути обработки: ['input_pdf', 'temp_dir', 'output_md', 'logs', 'work_dir']
[2025-10-08T13:38:12.151+0000] {logging_mixin.py:188} INFO - [2025-10-08T13:38:12.151+0000] {shared_utils.py:413} INFO - Настроены URL сервисов: ['document_processor', 'translator', 'quality_assurance', 'airflow']
[2025-10-08T13:38:12.160+0000] {logging_mixin.py:188} INFO - [2025-10-08T13:38:12.160+0000] {quality_assurance.py:155} WARNING - visual_diff_system helpers are not available; visual QA will run in fallback mode
[2025-10-08T13:38:12.161+0000] {logging_mixin.py:188} INFO - [2025-10-08T13:38:12.161+0000] {quality_assurance.py:161} WARNING - scikit-image не установлен, используется fallback SSIM
[2025-10-08T13:38:12.161+0000] {logging_mixin.py:188} INFO - [2025-10-08T13:38:12.161+0000] {quality_assurance.py:164} WARNING - sentence-transformers не установлен, семантический анализ упрощен
[2025-10-08T13:38:12.163+0000] {logging_mixin.py:188} INFO - [2025-10-08T13:38:12.163+0000] {quality_assurance.py:155} WARNING - visual_diff_system helpers are not available; visual QA will run in fallback mode
[2025-10-08T13:38:12.163+0000] {logging_mixin.py:188} INFO - [2025-10-08T13:38:12.163+0000] {quality_assurance.py:161} WARNING - scikit-image не установлен, используется fallback SSIM
[2025-10-08T13:38:12.163+0000] {logging_mixin.py:188} INFO - [2025-10-08T13:38:12.163+0000] {quality_assurance.py:164} WARNING - sentence-transformers не установлен, семантический анализ упрощен
[2025-10-08T13:38:12.166+0000] {processor.py:840} INFO - DAG(s) 'quality_assurance' retrieved from /opt/airflow/dags/quality_assurance.py
[2025-10-08T13:38:12.187+0000] {logging_mixin.py:188} INFO - [2025-10-08T13:38:12.187+0000] {dag.py:3036} INFO - Sync 1 DAGs
[2025-10-08T13:38:12.195+0000] {logging_mixin.py:188} INFO - [2025-10-08T13:38:12.195+0000] {dag.py:3823} INFO - Setting next_dagrun for quality_assurance to None, run_after=None
[2025-10-08T13:38:12.206+0000] {processor.py:183} INFO - Processing /opt/airflow/dags/quality_assurance.py took 0.377 seconds
[2025-10-08T13:38:43.075+0000] {processor.py:161} INFO - Started process (PID=731) to work on /opt/airflow/dags/quality_assurance.py
[2025-10-08T13:38:43.076+0000] {processor.py:830} INFO - Processing file /opt/airflow/dags/quality_assurance.py for tasks to queue
[2025-10-08T13:38:43.077+0000] {logging_mixin.py:188} INFO - [2025-10-08T13:38:43.077+0000] {dagbag.py:538} INFO - Filling up the DagBag from /opt/airflow/dags/quality_assurance.py
[2025-10-08T13:38:43.396+0000] {logging_mixin.py:188} INFO - [2025-10-08T13:38:43.396+0000] {shared_utils.py:409} INFO - Инициализированы пути обработки: ['input_pdf', 'temp_dir', 'output_md', 'logs', 'work_dir']
[2025-10-08T13:38:43.397+0000] {logging_mixin.py:188} INFO - [2025-10-08T13:38:43.397+0000] {shared_utils.py:413} INFO - Настроены URL сервисов: ['document_processor', 'translator', 'quality_assurance', 'airflow']
[2025-10-08T13:38:43.406+0000] {logging_mixin.py:188} INFO - [2025-10-08T13:38:43.406+0000] {quality_assurance.py:155} WARNING - visual_diff_system helpers are not available; visual QA will run in fallback mode
[2025-10-08T13:38:43.406+0000] {logging_mixin.py:188} INFO - [2025-10-08T13:38:43.406+0000] {quality_assurance.py:161} WARNING - scikit-image не установлен, используется fallback SSIM
[2025-10-08T13:38:43.406+0000] {logging_mixin.py:188} INFO - [2025-10-08T13:38:43.406+0000] {quality_assurance.py:164} WARNING - sentence-transformers не установлен, семантический анализ упрощен
[2025-10-08T13:38:43.408+0000] {logging_mixin.py:188} INFO - [2025-10-08T13:38:43.408+0000] {quality_assurance.py:155} WARNING - visual_diff_system helpers are not available; visual QA will run in fallback mode
[2025-10-08T13:38:43.409+0000] {logging_mixin.py:188} INFO - [2025-10-08T13:38:43.408+0000] {quality_assurance.py:161} WARNING - scikit-image не установлен, используется fallback SSIM
[2025-10-08T13:38:43.409+0000] {logging_mixin.py:188} INFO - [2025-10-08T13:38:43.409+0000] {quality_assurance.py:164} WARNING - sentence-transformers не установлен, семантический анализ упрощен
[2025-10-08T13:38:43.412+0000] {processor.py:840} INFO - DAG(s) 'quality_assurance' retrieved from /opt/airflow/dags/quality_assurance.py
[2025-10-08T13:38:43.432+0000] {logging_mixin.py:188} INFO - [2025-10-08T13:38:43.431+0000] {dag.py:3036} INFO - Sync 1 DAGs
[2025-10-08T13:38:43.440+0000] {logging_mixin.py:188} INFO - [2025-10-08T13:38:43.440+0000] {dag.py:3823} INFO - Setting next_dagrun for quality_assurance to None, run_after=None
[2025-10-08T13:38:43.451+0000] {processor.py:183} INFO - Processing /opt/airflow/dags/quality_assurance.py took 0.379 seconds
[2025-10-08T13:39:13.500+0000] {processor.py:161} INFO - Started process (PID=744) to work on /opt/airflow/dags/quality_assurance.py
[2025-10-08T13:39:13.501+0000] {processor.py:830} INFO - Processing file /opt/airflow/dags/quality_assurance.py for tasks to queue
[2025-10-08T13:39:13.502+0000] {logging_mixin.py:188} INFO - [2025-10-08T13:39:13.502+0000] {dagbag.py:538} INFO - Filling up the DagBag from /opt/airflow/dags/quality_assurance.py
[2025-10-08T13:39:13.712+0000] {logging_mixin.py:188} INFO - [2025-10-08T13:39:13.712+0000] {shared_utils.py:409} INFO - Инициализированы пути обработки: ['input_pdf', 'temp_dir', 'output_md', 'logs', 'work_dir']
[2025-10-08T13:39:13.712+0000] {logging_mixin.py:188} INFO - [2025-10-08T13:39:13.712+0000] {shared_utils.py:413} INFO - Настроены URL сервисов: ['document_processor', 'translator', 'quality_assurance', 'airflow']
[2025-10-08T13:39:13.722+0000] {logging_mixin.py:188} INFO - [2025-10-08T13:39:13.721+0000] {quality_assurance.py:155} WARNING - visual_diff_system helpers are not available; visual QA will run in fallback mode
[2025-10-08T13:39:13.722+0000] {logging_mixin.py:188} INFO - [2025-10-08T13:39:13.722+0000] {quality_assurance.py:161} WARNING - scikit-image не установлен, используется fallback SSIM
[2025-10-08T13:39:13.722+0000] {logging_mixin.py:188} INFO - [2025-10-08T13:39:13.722+0000] {quality_assurance.py:164} WARNING - sentence-transformers не установлен, семантический анализ упрощен
[2025-10-08T13:39:13.725+0000] {logging_mixin.py:188} INFO - [2025-10-08T13:39:13.725+0000] {quality_assurance.py:155} WARNING - visual_diff_system helpers are not available; visual QA will run in fallback mode
[2025-10-08T13:39:13.725+0000] {logging_mixin.py:188} INFO - [2025-10-08T13:39:13.725+0000] {quality_assurance.py:161} WARNING - scikit-image не установлен, используется fallback SSIM
[2025-10-08T13:39:13.725+0000] {logging_mixin.py:188} INFO - [2025-10-08T13:39:13.725+0000] {quality_assurance.py:164} WARNING - sentence-transformers не установлен, семантический анализ упрощен
[2025-10-08T13:39:13.728+0000] {processor.py:840} INFO - DAG(s) 'quality_assurance' retrieved from /opt/airflow/dags/quality_assurance.py
[2025-10-08T13:39:13.749+0000] {logging_mixin.py:188} INFO - [2025-10-08T13:39:13.749+0000] {dag.py:3036} INFO - Sync 1 DAGs
[2025-10-08T13:39:13.759+0000] {logging_mixin.py:188} INFO - [2025-10-08T13:39:13.759+0000] {dag.py:3823} INFO - Setting next_dagrun for quality_assurance to None, run_after=None
[2025-10-08T13:39:13.771+0000] {processor.py:183} INFO - Processing /opt/airflow/dags/quality_assurance.py took 0.273 seconds
[2025-10-08T13:39:44.747+0000] {processor.py:161} INFO - Started process (PID=757) to work on /opt/airflow/dags/quality_assurance.py
[2025-10-08T13:39:44.747+0000] {processor.py:830} INFO - Processing file /opt/airflow/dags/quality_assurance.py for tasks to queue
[2025-10-08T13:39:44.749+0000] {logging_mixin.py:188} INFO - [2025-10-08T13:39:44.748+0000] {dagbag.py:538} INFO - Filling up the DagBag from /opt/airflow/dags/quality_assurance.py
[2025-10-08T13:39:44.960+0000] {logging_mixin.py:188} INFO - [2025-10-08T13:39:44.960+0000] {shared_utils.py:409} INFO - Инициализированы пути обработки: ['input_pdf', 'temp_dir', 'output_md', 'logs', 'work_dir']
[2025-10-08T13:39:44.960+0000] {logging_mixin.py:188} INFO - [2025-10-08T13:39:44.960+0000] {shared_utils.py:413} INFO - Настроены URL сервисов: ['document_processor', 'translator', 'quality_assurance', 'airflow']
[2025-10-08T13:39:44.969+0000] {logging_mixin.py:188} INFO - [2025-10-08T13:39:44.969+0000] {quality_assurance.py:155} WARNING - visual_diff_system helpers are not available; visual QA will run in fallback mode
[2025-10-08T13:39:44.969+0000] {logging_mixin.py:188} INFO - [2025-10-08T13:39:44.969+0000] {quality_assurance.py:161} WARNING - scikit-image не установлен, используется fallback SSIM
[2025-10-08T13:39:44.969+0000] {logging_mixin.py:188} INFO - [2025-10-08T13:39:44.969+0000] {quality_assurance.py:164} WARNING - sentence-transformers не установлен, семантический анализ упрощен
[2025-10-08T13:39:44.972+0000] {logging_mixin.py:188} INFO - [2025-10-08T13:39:44.972+0000] {quality_assurance.py:155} WARNING - visual_diff_system helpers are not available; visual QA will run in fallback mode
[2025-10-08T13:39:44.972+0000] {logging_mixin.py:188} INFO - [2025-10-08T13:39:44.972+0000] {quality_assurance.py:161} WARNING - scikit-image не установлен, используется fallback SSIM
[2025-10-08T13:39:44.973+0000] {logging_mixin.py:188} INFO - [2025-10-08T13:39:44.973+0000] {quality_assurance.py:164} WARNING - sentence-transformers не установлен, семантический анализ упрощен
[2025-10-08T13:39:44.976+0000] {processor.py:840} INFO - DAG(s) 'quality_assurance' retrieved from /opt/airflow/dags/quality_assurance.py
[2025-10-08T13:39:44.998+0000] {logging_mixin.py:188} INFO - [2025-10-08T13:39:44.997+0000] {dag.py:3036} INFO - Sync 1 DAGs
[2025-10-08T13:39:45.008+0000] {logging_mixin.py:188} INFO - [2025-10-08T13:39:45.008+0000] {dag.py:3823} INFO - Setting next_dagrun for quality_assurance to None, run_after=None
[2025-10-08T13:39:45.019+0000] {processor.py:183} INFO - Processing /opt/airflow/dags/quality_assurance.py took 0.275 seconds
[2025-10-08T13:40:15.085+0000] {processor.py:161} INFO - Started process (PID=770) to work on /opt/airflow/dags/quality_assurance.py
[2025-10-08T13:40:15.086+0000] {processor.py:830} INFO - Processing file /opt/airflow/dags/quality_assurance.py for tasks to queue
[2025-10-08T13:40:15.088+0000] {logging_mixin.py:188} INFO - [2025-10-08T13:40:15.087+0000] {dagbag.py:538} INFO - Filling up the DagBag from /opt/airflow/dags/quality_assurance.py
[2025-10-08T13:40:15.407+0000] {logging_mixin.py:188} INFO - [2025-10-08T13:40:15.407+0000] {shared_utils.py:409} INFO - Инициализированы пути обработки: ['input_pdf', 'temp_dir', 'output_md', 'logs', 'work_dir']
[2025-10-08T13:40:15.407+0000] {logging_mixin.py:188} INFO - [2025-10-08T13:40:15.407+0000] {shared_utils.py:413} INFO - Настроены URL сервисов: ['document_processor', 'translator', 'quality_assurance', 'airflow']
[2025-10-08T13:40:15.417+0000] {logging_mixin.py:188} INFO - [2025-10-08T13:40:15.416+0000] {quality_assurance.py:155} WARNING - visual_diff_system helpers are not available; visual QA will run in fallback mode
[2025-10-08T13:40:15.417+0000] {logging_mixin.py:188} INFO - [2025-10-08T13:40:15.417+0000] {quality_assurance.py:161} WARNING - scikit-image не установлен, используется fallback SSIM
[2025-10-08T13:40:15.417+0000] {logging_mixin.py:188} INFO - [2025-10-08T13:40:15.417+0000] {quality_assurance.py:164} WARNING - sentence-transformers не установлен, семантический анализ упрощен
[2025-10-08T13:40:15.419+0000] {logging_mixin.py:188} INFO - [2025-10-08T13:40:15.419+0000] {quality_assurance.py:155} WARNING - visual_diff_system helpers are not available; visual QA will run in fallback mode
[2025-10-08T13:40:15.419+0000] {logging_mixin.py:188} INFO - [2025-10-08T13:40:15.419+0000] {quality_assurance.py:161} WARNING - scikit-image не установлен, используется fallback SSIM
[2025-10-08T13:40:15.419+0000] {logging_mixin.py:188} INFO - [2025-10-08T13:40:15.419+0000] {quality_assurance.py:164} WARNING - sentence-transformers не установлен, семантический анализ упрощен
[2025-10-08T13:40:15.422+0000] {processor.py:840} INFO - DAG(s) 'quality_assurance' retrieved from /opt/airflow/dags/quality_assurance.py
[2025-10-08T13:40:15.442+0000] {logging_mixin.py:188} INFO - [2025-10-08T13:40:15.442+0000] {dag.py:3036} INFO - Sync 1 DAGs
[2025-10-08T13:40:15.451+0000] {logging_mixin.py:188} INFO - [2025-10-08T13:40:15.451+0000] {dag.py:3823} INFO - Setting next_dagrun for quality_assurance to None, run_after=None
[2025-10-08T13:40:15.462+0000] {processor.py:183} INFO - Processing /opt/airflow/dags/quality_assurance.py took 0.379 seconds
[2025-10-08T13:40:46.328+0000] {processor.py:161} INFO - Started process (PID=783) to work on /opt/airflow/dags/quality_assurance.py
[2025-10-08T13:40:46.328+0000] {processor.py:830} INFO - Processing file /opt/airflow/dags/quality_assurance.py for tasks to queue
[2025-10-08T13:40:46.330+0000] {logging_mixin.py:188} INFO - [2025-10-08T13:40:46.330+0000] {dagbag.py:538} INFO - Filling up the DagBag from /opt/airflow/dags/quality_assurance.py
[2025-10-08T13:40:46.647+0000] {logging_mixin.py:188} INFO - [2025-10-08T13:40:46.647+0000] {shared_utils.py:409} INFO - Инициализированы пути обработки: ['input_pdf', 'temp_dir', 'output_md', 'logs', 'work_dir']
[2025-10-08T13:40:46.647+0000] {logging_mixin.py:188} INFO - [2025-10-08T13:40:46.647+0000] {shared_utils.py:413} INFO - Настроены URL сервисов: ['document_processor', 'translator', 'quality_assurance', 'airflow']
[2025-10-08T13:40:46.656+0000] {logging_mixin.py:188} INFO - [2025-10-08T13:40:46.656+0000] {quality_assurance.py:155} WARNING - visual_diff_system helpers are not available; visual QA will run in fallback mode
[2025-10-08T13:40:46.656+0000] {logging_mixin.py:188} INFO - [2025-10-08T13:40:46.656+0000] {quality_assurance.py:161} WARNING - scikit-image не установлен, используется fallback SSIM
[2025-10-08T13:40:46.657+0000] {logging_mixin.py:188} INFO - [2025-10-08T13:40:46.656+0000] {quality_assurance.py:164} WARNING - sentence-transformers не установлен, семантический анализ упрощен
[2025-10-08T13:40:46.659+0000] {logging_mixin.py:188} INFO - [2025-10-08T13:40:46.658+0000] {quality_assurance.py:155} WARNING - visual_diff_system helpers are not available; visual QA will run in fallback mode
[2025-10-08T13:40:46.659+0000] {logging_mixin.py:188} INFO - [2025-10-08T13:40:46.659+0000] {quality_assurance.py:161} WARNING - scikit-image не установлен, используется fallback SSIM
[2025-10-08T13:40:46.659+0000] {logging_mixin.py:188} INFO - [2025-10-08T13:40:46.659+0000] {quality_assurance.py:164} WARNING - sentence-transformers не установлен, семантический анализ упрощен
[2025-10-08T13:40:46.662+0000] {processor.py:840} INFO - DAG(s) 'quality_assurance' retrieved from /opt/airflow/dags/quality_assurance.py
[2025-10-08T13:40:46.682+0000] {logging_mixin.py:188} INFO - [2025-10-08T13:40:46.681+0000] {dag.py:3036} INFO - Sync 1 DAGs
[2025-10-08T13:40:46.691+0000] {logging_mixin.py:188} INFO - [2025-10-08T13:40:46.691+0000] {dag.py:3823} INFO - Setting next_dagrun for quality_assurance to None, run_after=None
[2025-10-08T13:40:46.702+0000] {processor.py:183} INFO - Processing /opt/airflow/dags/quality_assurance.py took 0.376 seconds
[2025-10-08T13:41:17.681+0000] {processor.py:161} INFO - Started process (PID=796) to work on /opt/airflow/dags/quality_assurance.py
[2025-10-08T13:41:17.682+0000] {processor.py:830} INFO - Processing file /opt/airflow/dags/quality_assurance.py for tasks to queue
[2025-10-08T13:41:17.683+0000] {logging_mixin.py:188} INFO - [2025-10-08T13:41:17.683+0000] {dagbag.py:538} INFO - Filling up the DagBag from /opt/airflow/dags/quality_assurance.py
[2025-10-08T13:41:17.895+0000] {logging_mixin.py:188} INFO - [2025-10-08T13:41:17.895+0000] {shared_utils.py:409} INFO - Инициализированы пути обработки: ['input_pdf', 'temp_dir', 'output_md', 'logs', 'work_dir']
[2025-10-08T13:41:17.895+0000] {logging_mixin.py:188} INFO - [2025-10-08T13:41:17.895+0000] {shared_utils.py:413} INFO - Настроены URL сервисов: ['document_processor', 'translator', 'quality_assurance', 'airflow']
[2025-10-08T13:41:17.904+0000] {logging_mixin.py:188} INFO - [2025-10-08T13:41:17.904+0000] {quality_assurance.py:155} WARNING - visual_diff_system helpers are not available; visual QA will run in fallback mode
[2025-10-08T13:41:17.905+0000] {logging_mixin.py:188} INFO - [2025-10-08T13:41:17.905+0000] {quality_assurance.py:161} WARNING - scikit-image не установлен, используется fallback SSIM
[2025-10-08T13:41:17.905+0000] {logging_mixin.py:188} INFO - [2025-10-08T13:41:17.905+0000] {quality_assurance.py:164} WARNING - sentence-transformers не установлен, семантический анализ упрощен
[2025-10-08T13:41:17.908+0000] {logging_mixin.py:188} INFO - [2025-10-08T13:41:17.907+0000] {quality_assurance.py:155} WARNING - visual_diff_system helpers are not available; visual QA will run in fallback mode
[2025-10-08T13:41:17.908+0000] {logging_mixin.py:188} INFO - [2025-10-08T13:41:17.908+0000] {quality_assurance.py:161} WARNING - scikit-image не установлен, используется fallback SSIM
[2025-10-08T13:41:17.908+0000] {logging_mixin.py:188} INFO - [2025-10-08T13:41:17.908+0000] {quality_assurance.py:164} WARNING - sentence-transformers не установлен, семантический анализ упрощен
[2025-10-08T13:41:17.911+0000] {processor.py:840} INFO - DAG(s) 'quality_assurance' retrieved from /opt/airflow/dags/quality_assurance.py
[2025-10-08T13:41:17.933+0000] {logging_mixin.py:188} INFO - [2025-10-08T13:41:17.932+0000] {dag.py:3036} INFO - Sync 1 DAGs
[2025-10-08T13:41:17.942+0000] {logging_mixin.py:188} INFO - [2025-10-08T13:41:17.942+0000] {dag.py:3823} INFO - Setting next_dagrun for quality_assurance to None, run_after=None
[2025-10-08T13:41:17.953+0000] {processor.py:183} INFO - Processing /opt/airflow/dags/quality_assurance.py took 0.274 seconds
[2025-10-08T13:41:47.988+0000] {processor.py:161} INFO - Started process (PID=809) to work on /opt/airflow/dags/quality_assurance.py
[2025-10-08T13:41:47.989+0000] {processor.py:830} INFO - Processing file /opt/airflow/dags/quality_assurance.py for tasks to queue
[2025-10-08T13:41:47.991+0000] {logging_mixin.py:188} INFO - [2025-10-08T13:41:47.990+0000] {dagbag.py:538} INFO - Filling up the DagBag from /opt/airflow/dags/quality_assurance.py
[2025-10-08T13:41:48.203+0000] {logging_mixin.py:188} INFO - [2025-10-08T13:41:48.203+0000] {shared_utils.py:409} INFO - Инициализированы пути обработки: ['input_pdf', 'temp_dir', 'output_md', 'logs', 'work_dir']
[2025-10-08T13:41:48.203+0000] {logging_mixin.py:188} INFO - [2025-10-08T13:41:48.203+0000] {shared_utils.py:413} INFO - Настроены URL сервисов: ['document_processor', 'translator', 'quality_assurance', 'airflow']
[2025-10-08T13:41:48.213+0000] {logging_mixin.py:188} INFO - [2025-10-08T13:41:48.212+0000] {quality_assurance.py:155} WARNING - visual_diff_system helpers are not available; visual QA will run in fallback mode
[2025-10-08T13:41:48.213+0000] {logging_mixin.py:188} INFO - [2025-10-08T13:41:48.213+0000] {quality_assurance.py:161} WARNING - scikit-image не установлен, используется fallback SSIM
[2025-10-08T13:41:48.213+0000] {logging_mixin.py:188} INFO - [2025-10-08T13:41:48.213+0000] {quality_assurance.py:164} WARNING - sentence-transformers не установлен, семантический анализ упрощен
[2025-10-08T13:41:48.216+0000] {logging_mixin.py:188} INFO - [2025-10-08T13:41:48.216+0000] {quality_assurance.py:155} WARNING - visual_diff_system helpers are not available; visual QA will run in fallback mode
[2025-10-08T13:41:48.216+0000] {logging_mixin.py:188} INFO - [2025-10-08T13:41:48.216+0000] {quality_assurance.py:161} WARNING - scikit-image не установлен, используется fallback SSIM
[2025-10-08T13:41:48.216+0000] {logging_mixin.py:188} INFO - [2025-10-08T13:41:48.216+0000] {quality_assurance.py:164} WARNING - sentence-transformers не установлен, семантический анализ упрощен
[2025-10-08T13:41:48.219+0000] {processor.py:840} INFO - DAG(s) 'quality_assurance' retrieved from /opt/airflow/dags/quality_assurance.py
[2025-10-08T13:41:48.244+0000] {logging_mixin.py:188} INFO - [2025-10-08T13:41:48.243+0000] {dag.py:3036} INFO - Sync 1 DAGs
[2025-10-08T13:41:48.253+0000] {logging_mixin.py:188} INFO - [2025-10-08T13:41:48.253+0000] {dag.py:3823} INFO - Setting next_dagrun for quality_assurance to None, run_after=None
[2025-10-08T13:41:48.265+0000] {processor.py:183} INFO - Processing /opt/airflow/dags/quality_assurance.py took 0.279 seconds
[2025-10-08T13:42:19.222+0000] {processor.py:161} INFO - Started process (PID=822) to work on /opt/airflow/dags/quality_assurance.py
[2025-10-08T13:42:19.223+0000] {processor.py:830} INFO - Processing file /opt/airflow/dags/quality_assurance.py for tasks to queue
[2025-10-08T13:42:19.225+0000] {logging_mixin.py:188} INFO - [2025-10-08T13:42:19.224+0000] {dagbag.py:538} INFO - Filling up the DagBag from /opt/airflow/dags/quality_assurance.py
[2025-10-08T13:42:19.545+0000] {logging_mixin.py:188} INFO - [2025-10-08T13:42:19.545+0000] {shared_utils.py:409} INFO - Инициализированы пути обработки: ['input_pdf', 'temp_dir', 'output_md', 'logs', 'work_dir']
[2025-10-08T13:42:19.546+0000] {logging_mixin.py:188} INFO - [2025-10-08T13:42:19.545+0000] {shared_utils.py:413} INFO - Настроены URL сервисов: ['document_processor', 'translator', 'quality_assurance', 'airflow']
[2025-10-08T13:42:19.555+0000] {logging_mixin.py:188} INFO - [2025-10-08T13:42:19.555+0000] {quality_assurance.py:155} WARNING - visual_diff_system helpers are not available; visual QA will run in fallback mode
[2025-10-08T13:42:19.555+0000] {logging_mixin.py:188} INFO - [2025-10-08T13:42:19.555+0000] {quality_assurance.py:161} WARNING - scikit-image не установлен, используется fallback SSIM
[2025-10-08T13:42:19.555+0000] {logging_mixin.py:188} INFO - [2025-10-08T13:42:19.555+0000] {quality_assurance.py:164} WARNING - sentence-transformers не установлен, семантический анализ упрощен
[2025-10-08T13:42:19.557+0000] {logging_mixin.py:188} INFO - [2025-10-08T13:42:19.557+0000] {quality_assurance.py:155} WARNING - visual_diff_system helpers are not available; visual QA will run in fallback mode
[2025-10-08T13:42:19.557+0000] {logging_mixin.py:188} INFO - [2025-10-08T13:42:19.557+0000] {quality_assurance.py:161} WARNING - scikit-image не установлен, используется fallback SSIM
[2025-10-08T13:42:19.557+0000] {logging_mixin.py:188} INFO - [2025-10-08T13:42:19.557+0000] {quality_assurance.py:164} WARNING - sentence-transformers не установлен, семантический анализ упрощен
[2025-10-08T13:42:19.560+0000] {processor.py:840} INFO - DAG(s) 'quality_assurance' retrieved from /opt/airflow/dags/quality_assurance.py
[2025-10-08T13:42:19.582+0000] {logging_mixin.py:188} INFO - [2025-10-08T13:42:19.582+0000] {dag.py:3036} INFO - Sync 1 DAGs
[2025-10-08T13:42:19.591+0000] {logging_mixin.py:188} INFO - [2025-10-08T13:42:19.591+0000] {dag.py:3823} INFO - Setting next_dagrun for quality_assurance to None, run_after=None
[2025-10-08T13:42:19.602+0000] {processor.py:183} INFO - Processing /opt/airflow/dags/quality_assurance.py took 0.382 seconds
