[2025-10-08T13:32:37.175+0000] {processor.py:161} INFO - Started process (PID=568) to work on /opt/airflow/dags/shared_utils.py
[2025-10-08T13:32:37.176+0000] {processor.py:830} INFO - Processing file /opt/airflow/dags/shared_utils.py for tasks to queue
[2025-10-08T13:32:37.177+0000] {logging_mixin.py:188} INFO - [2025-10-08T13:32:37.177+0000] {dagbag.py:538} INFO - Filling up the DagBag from /opt/airflow/dags/shared_utils.py
[2025-10-08T13:32:37.182+0000] {logging_mixin.py:188} INFO - [2025-10-08T13:32:37.182+0000] {shared_utils.py:409} INFO - Инициализированы пути обработки: ['input_pdf', 'temp_dir', 'output_md', 'logs', 'work_dir']
[2025-10-08T13:32:37.182+0000] {logging_mixin.py:188} INFO - [2025-10-08T13:32:37.182+0000] {shared_utils.py:413} INFO - Настроены URL сервисов: ['document_processor', 'translator', 'quality_assurance', 'airflow']
[2025-10-08T13:32:37.183+0000] {processor.py:842} WARNING - No viable dags retrieved from /opt/airflow/dags/shared_utils.py
[2025-10-08T13:32:37.196+0000] {processor.py:183} INFO - Processing /opt/airflow/dags/shared_utils.py took 0.023 seconds
[2025-10-08T13:33:07.442+0000] {processor.py:161} INFO - Started process (PID=581) to work on /opt/airflow/dags/shared_utils.py
[2025-10-08T13:33:07.443+0000] {processor.py:830} INFO - Processing file /opt/airflow/dags/shared_utils.py for tasks to queue
[2025-10-08T13:33:07.444+0000] {logging_mixin.py:188} INFO - [2025-10-08T13:33:07.444+0000] {dagbag.py:538} INFO - Filling up the DagBag from /opt/airflow/dags/shared_utils.py
[2025-10-08T13:33:07.450+0000] {logging_mixin.py:188} INFO - [2025-10-08T13:33:07.450+0000] {shared_utils.py:409} INFO - Инициализированы пути обработки: ['input_pdf', 'temp_dir', 'output_md', 'logs', 'work_dir']
[2025-10-08T13:33:07.450+0000] {logging_mixin.py:188} INFO - [2025-10-08T13:33:07.450+0000] {shared_utils.py:413} INFO - Настроены URL сервисов: ['document_processor', 'translator', 'quality_assurance', 'airflow']
[2025-10-08T13:33:07.450+0000] {processor.py:842} WARNING - No viable dags retrieved from /opt/airflow/dags/shared_utils.py
[2025-10-08T13:33:07.462+0000] {processor.py:183} INFO - Processing /opt/airflow/dags/shared_utils.py took 0.022 seconds
[2025-10-08T13:33:37.781+0000] {processor.py:161} INFO - Started process (PID=594) to work on /opt/airflow/dags/shared_utils.py
[2025-10-08T13:33:37.782+0000] {processor.py:830} INFO - Processing file /opt/airflow/dags/shared_utils.py for tasks to queue
[2025-10-08T13:33:37.783+0000] {logging_mixin.py:188} INFO - [2025-10-08T13:33:37.783+0000] {dagbag.py:538} INFO - Filling up the DagBag from /opt/airflow/dags/shared_utils.py
[2025-10-08T13:33:37.788+0000] {logging_mixin.py:188} INFO - [2025-10-08T13:33:37.788+0000] {shared_utils.py:409} INFO - Инициализированы пути обработки: ['input_pdf', 'temp_dir', 'output_md', 'logs', 'work_dir']
[2025-10-08T13:33:37.789+0000] {logging_mixin.py:188} INFO - [2025-10-08T13:33:37.789+0000] {shared_utils.py:413} INFO - Настроены URL сервисов: ['document_processor', 'translator', 'quality_assurance', 'airflow']
[2025-10-08T13:33:37.789+0000] {processor.py:842} WARNING - No viable dags retrieved from /opt/airflow/dags/shared_utils.py
[2025-10-08T13:33:37.802+0000] {processor.py:183} INFO - Processing /opt/airflow/dags/shared_utils.py took 0.022 seconds
[2025-10-08T13:34:08.045+0000] {processor.py:161} INFO - Started process (PID=607) to work on /opt/airflow/dags/shared_utils.py
[2025-10-08T13:34:08.045+0000] {processor.py:830} INFO - Processing file /opt/airflow/dags/shared_utils.py for tasks to queue
[2025-10-08T13:34:08.047+0000] {logging_mixin.py:188} INFO - [2025-10-08T13:34:08.046+0000] {dagbag.py:538} INFO - Filling up the DagBag from /opt/airflow/dags/shared_utils.py
[2025-10-08T13:34:08.052+0000] {logging_mixin.py:188} INFO - [2025-10-08T13:34:08.052+0000] {shared_utils.py:409} INFO - Инициализированы пути обработки: ['input_pdf', 'temp_dir', 'output_md', 'logs', 'work_dir']
[2025-10-08T13:34:08.052+0000] {logging_mixin.py:188} INFO - [2025-10-08T13:34:08.052+0000] {shared_utils.py:413} INFO - Настроены URL сервисов: ['document_processor', 'translator', 'quality_assurance', 'airflow']
[2025-10-08T13:34:08.052+0000] {processor.py:842} WARNING - No viable dags retrieved from /opt/airflow/dags/shared_utils.py
[2025-10-08T13:34:08.065+0000] {processor.py:183} INFO - Processing /opt/airflow/dags/shared_utils.py took 0.022 seconds
[2025-10-08T13:34:38.308+0000] {processor.py:161} INFO - Started process (PID=620) to work on /opt/airflow/dags/shared_utils.py
[2025-10-08T13:34:38.309+0000] {processor.py:830} INFO - Processing file /opt/airflow/dags/shared_utils.py for tasks to queue
[2025-10-08T13:34:38.310+0000] {logging_mixin.py:188} INFO - [2025-10-08T13:34:38.310+0000] {dagbag.py:538} INFO - Filling up the DagBag from /opt/airflow/dags/shared_utils.py
[2025-10-08T13:34:38.315+0000] {logging_mixin.py:188} INFO - [2025-10-08T13:34:38.315+0000] {shared_utils.py:409} INFO - Инициализированы пути обработки: ['input_pdf', 'temp_dir', 'output_md', 'logs', 'work_dir']
[2025-10-08T13:34:38.315+0000] {logging_mixin.py:188} INFO - [2025-10-08T13:34:38.315+0000] {shared_utils.py:413} INFO - Настроены URL сервисов: ['document_processor', 'translator', 'quality_assurance', 'airflow']
[2025-10-08T13:34:38.315+0000] {processor.py:842} WARNING - No viable dags retrieved from /opt/airflow/dags/shared_utils.py
[2025-10-08T13:34:38.328+0000] {processor.py:183} INFO - Processing /opt/airflow/dags/shared_utils.py took 0.022 seconds
[2025-10-08T13:35:08.570+0000] {processor.py:161} INFO - Started process (PID=633) to work on /opt/airflow/dags/shared_utils.py
[2025-10-08T13:35:08.571+0000] {processor.py:830} INFO - Processing file /opt/airflow/dags/shared_utils.py for tasks to queue
[2025-10-08T13:35:08.572+0000] {logging_mixin.py:188} INFO - [2025-10-08T13:35:08.572+0000] {dagbag.py:538} INFO - Filling up the DagBag from /opt/airflow/dags/shared_utils.py
[2025-10-08T13:35:08.577+0000] {logging_mixin.py:188} INFO - [2025-10-08T13:35:08.577+0000] {shared_utils.py:409} INFO - Инициализированы пути обработки: ['input_pdf', 'temp_dir', 'output_md', 'logs', 'work_dir']
[2025-10-08T13:35:08.577+0000] {logging_mixin.py:188} INFO - [2025-10-08T13:35:08.577+0000] {shared_utils.py:413} INFO - Настроены URL сервисов: ['document_processor', 'translator', 'quality_assurance', 'airflow']
[2025-10-08T13:35:08.578+0000] {processor.py:842} WARNING - No viable dags retrieved from /opt/airflow/dags/shared_utils.py
[2025-10-08T13:35:08.591+0000] {processor.py:183} INFO - Processing /opt/airflow/dags/shared_utils.py took 0.023 seconds
[2025-10-08T13:35:38.922+0000] {processor.py:161} INFO - Started process (PID=646) to work on /opt/airflow/dags/shared_utils.py
[2025-10-08T13:35:38.922+0000] {processor.py:830} INFO - Processing file /opt/airflow/dags/shared_utils.py for tasks to queue
[2025-10-08T13:35:38.924+0000] {logging_mixin.py:188} INFO - [2025-10-08T13:35:38.924+0000] {dagbag.py:538} INFO - Filling up the DagBag from /opt/airflow/dags/shared_utils.py
[2025-10-08T13:35:38.929+0000] {logging_mixin.py:188} INFO - [2025-10-08T13:35:38.929+0000] {shared_utils.py:409} INFO - Инициализированы пути обработки: ['input_pdf', 'temp_dir', 'output_md', 'logs', 'work_dir']
[2025-10-08T13:35:38.929+0000] {logging_mixin.py:188} INFO - [2025-10-08T13:35:38.929+0000] {shared_utils.py:413} INFO - Настроены URL сервисов: ['document_processor', 'translator', 'quality_assurance', 'airflow']
[2025-10-08T13:35:38.929+0000] {processor.py:842} WARNING - No viable dags retrieved from /opt/airflow/dags/shared_utils.py
[2025-10-08T13:35:38.943+0000] {processor.py:183} INFO - Processing /opt/airflow/dags/shared_utils.py took 0.023 seconds
[2025-10-08T13:36:09.172+0000] {processor.py:161} INFO - Started process (PID=657) to work on /opt/airflow/dags/shared_utils.py
[2025-10-08T13:36:09.172+0000] {processor.py:830} INFO - Processing file /opt/airflow/dags/shared_utils.py for tasks to queue
[2025-10-08T13:36:09.174+0000] {logging_mixin.py:188} INFO - [2025-10-08T13:36:09.173+0000] {dagbag.py:538} INFO - Filling up the DagBag from /opt/airflow/dags/shared_utils.py
[2025-10-08T13:36:09.179+0000] {logging_mixin.py:188} INFO - [2025-10-08T13:36:09.179+0000] {shared_utils.py:409} INFO - Инициализированы пути обработки: ['input_pdf', 'temp_dir', 'output_md', 'logs', 'work_dir']
[2025-10-08T13:36:09.179+0000] {logging_mixin.py:188} INFO - [2025-10-08T13:36:09.179+0000] {shared_utils.py:413} INFO - Настроены URL сервисов: ['document_processor', 'translator', 'quality_assurance', 'airflow']
[2025-10-08T13:36:09.179+0000] {processor.py:842} WARNING - No viable dags retrieved from /opt/airflow/dags/shared_utils.py
[2025-10-08T13:36:09.191+0000] {processor.py:183} INFO - Processing /opt/airflow/dags/shared_utils.py took 0.021 seconds
[2025-10-08T13:36:39.590+0000] {processor.py:161} INFO - Started process (PID=670) to work on /opt/airflow/dags/shared_utils.py
[2025-10-08T13:36:39.590+0000] {processor.py:830} INFO - Processing file /opt/airflow/dags/shared_utils.py for tasks to queue
[2025-10-08T13:36:39.591+0000] {logging_mixin.py:188} INFO - [2025-10-08T13:36:39.591+0000] {dagbag.py:538} INFO - Filling up the DagBag from /opt/airflow/dags/shared_utils.py
[2025-10-08T13:36:39.597+0000] {logging_mixin.py:188} INFO - [2025-10-08T13:36:39.597+0000] {shared_utils.py:409} INFO - Инициализированы пути обработки: ['input_pdf', 'temp_dir', 'output_md', 'logs', 'work_dir']
[2025-10-08T13:36:39.597+0000] {logging_mixin.py:188} INFO - [2025-10-08T13:36:39.597+0000] {shared_utils.py:413} INFO - Настроены URL сервисов: ['document_processor', 'translator', 'quality_assurance', 'airflow']
[2025-10-08T13:36:39.597+0000] {processor.py:842} WARNING - No viable dags retrieved from /opt/airflow/dags/shared_utils.py
[2025-10-08T13:36:39.609+0000] {processor.py:183} INFO - Processing /opt/airflow/dags/shared_utils.py took 0.021 seconds
[2025-10-08T13:37:10.002+0000] {processor.py:161} INFO - Started process (PID=683) to work on /opt/airflow/dags/shared_utils.py
[2025-10-08T13:37:10.003+0000] {processor.py:830} INFO - Processing file /opt/airflow/dags/shared_utils.py for tasks to queue
[2025-10-08T13:37:10.004+0000] {logging_mixin.py:188} INFO - [2025-10-08T13:37:10.004+0000] {dagbag.py:538} INFO - Filling up the DagBag from /opt/airflow/dags/shared_utils.py
[2025-10-08T13:37:10.010+0000] {logging_mixin.py:188} INFO - [2025-10-08T13:37:10.009+0000] {shared_utils.py:409} INFO - Инициализированы пути обработки: ['input_pdf', 'temp_dir', 'output_md', 'logs', 'work_dir']
[2025-10-08T13:37:10.010+0000] {logging_mixin.py:188} INFO - [2025-10-08T13:37:10.010+0000] {shared_utils.py:413} INFO - Настроены URL сервисов: ['document_processor', 'translator', 'quality_assurance', 'airflow']
[2025-10-08T13:37:10.010+0000] {processor.py:842} WARNING - No viable dags retrieved from /opt/airflow/dags/shared_utils.py
[2025-10-08T13:37:10.022+0000] {processor.py:183} INFO - Processing /opt/airflow/dags/shared_utils.py took 0.022 seconds
[2025-10-08T13:37:40.335+0000] {processor.py:161} INFO - Started process (PID=696) to work on /opt/airflow/dags/shared_utils.py
[2025-10-08T13:37:40.335+0000] {processor.py:830} INFO - Processing file /opt/airflow/dags/shared_utils.py for tasks to queue
[2025-10-08T13:37:40.336+0000] {logging_mixin.py:188} INFO - [2025-10-08T13:37:40.336+0000] {dagbag.py:538} INFO - Filling up the DagBag from /opt/airflow/dags/shared_utils.py
[2025-10-08T13:37:40.342+0000] {logging_mixin.py:188} INFO - [2025-10-08T13:37:40.341+0000] {shared_utils.py:409} INFO - Инициализированы пути обработки: ['input_pdf', 'temp_dir', 'output_md', 'logs', 'work_dir']
[2025-10-08T13:37:40.342+0000] {logging_mixin.py:188} INFO - [2025-10-08T13:37:40.342+0000] {shared_utils.py:413} INFO - Настроены URL сервисов: ['document_processor', 'translator', 'quality_assurance', 'airflow']
[2025-10-08T13:37:40.342+0000] {processor.py:842} WARNING - No viable dags retrieved from /opt/airflow/dags/shared_utils.py
[2025-10-08T13:37:40.354+0000] {processor.py:183} INFO - Processing /opt/airflow/dags/shared_utils.py took 0.022 seconds
[2025-10-08T13:38:10.611+0000] {processor.py:161} INFO - Started process (PID=709) to work on /opt/airflow/dags/shared_utils.py
[2025-10-08T13:38:10.611+0000] {processor.py:830} INFO - Processing file /opt/airflow/dags/shared_utils.py for tasks to queue
[2025-10-08T13:38:10.613+0000] {logging_mixin.py:188} INFO - [2025-10-08T13:38:10.613+0000] {dagbag.py:538} INFO - Filling up the DagBag from /opt/airflow/dags/shared_utils.py
[2025-10-08T13:38:10.618+0000] {logging_mixin.py:188} INFO - [2025-10-08T13:38:10.618+0000] {shared_utils.py:409} INFO - Инициализированы пути обработки: ['input_pdf', 'temp_dir', 'output_md', 'logs', 'work_dir']
[2025-10-08T13:38:10.618+0000] {logging_mixin.py:188} INFO - [2025-10-08T13:38:10.618+0000] {shared_utils.py:413} INFO - Настроены URL сервисов: ['document_processor', 'translator', 'quality_assurance', 'airflow']
[2025-10-08T13:38:10.618+0000] {processor.py:842} WARNING - No viable dags retrieved from /opt/airflow/dags/shared_utils.py
[2025-10-08T13:38:10.630+0000] {processor.py:183} INFO - Processing /opt/airflow/dags/shared_utils.py took 0.022 seconds
[2025-10-08T13:38:40.913+0000] {processor.py:161} INFO - Started process (PID=722) to work on /opt/airflow/dags/shared_utils.py
[2025-10-08T13:38:40.913+0000] {processor.py:830} INFO - Processing file /opt/airflow/dags/shared_utils.py for tasks to queue
[2025-10-08T13:38:40.914+0000] {logging_mixin.py:188} INFO - [2025-10-08T13:38:40.914+0000] {dagbag.py:538} INFO - Filling up the DagBag from /opt/airflow/dags/shared_utils.py
[2025-10-08T13:38:40.920+0000] {logging_mixin.py:188} INFO - [2025-10-08T13:38:40.920+0000] {shared_utils.py:409} INFO - Инициализированы пути обработки: ['input_pdf', 'temp_dir', 'output_md', 'logs', 'work_dir']
[2025-10-08T13:38:40.920+0000] {logging_mixin.py:188} INFO - [2025-10-08T13:38:40.920+0000] {shared_utils.py:413} INFO - Настроены URL сервисов: ['document_processor', 'translator', 'quality_assurance', 'airflow']
[2025-10-08T13:38:40.920+0000] {processor.py:842} WARNING - No viable dags retrieved from /opt/airflow/dags/shared_utils.py
[2025-10-08T13:38:40.933+0000] {processor.py:183} INFO - Processing /opt/airflow/dags/shared_utils.py took 0.023 seconds
[2025-10-08T13:39:11.197+0000] {processor.py:161} INFO - Started process (PID=740) to work on /opt/airflow/dags/shared_utils.py
[2025-10-08T13:39:11.198+0000] {processor.py:830} INFO - Processing file /opt/airflow/dags/shared_utils.py for tasks to queue
[2025-10-08T13:39:11.199+0000] {logging_mixin.py:188} INFO - [2025-10-08T13:39:11.199+0000] {dagbag.py:538} INFO - Filling up the DagBag from /opt/airflow/dags/shared_utils.py
[2025-10-08T13:39:11.204+0000] {logging_mixin.py:188} INFO - [2025-10-08T13:39:11.204+0000] {shared_utils.py:409} INFO - Инициализированы пути обработки: ['input_pdf', 'temp_dir', 'output_md', 'logs', 'work_dir']
[2025-10-08T13:39:11.204+0000] {logging_mixin.py:188} INFO - [2025-10-08T13:39:11.204+0000] {shared_utils.py:413} INFO - Настроены URL сервисов: ['document_processor', 'translator', 'quality_assurance', 'airflow']
[2025-10-08T13:39:11.205+0000] {processor.py:842} WARNING - No viable dags retrieved from /opt/airflow/dags/shared_utils.py
[2025-10-08T13:39:11.217+0000] {processor.py:183} INFO - Processing /opt/airflow/dags/shared_utils.py took 0.022 seconds
[2025-10-08T13:39:41.583+0000] {processor.py:161} INFO - Started process (PID=753) to work on /opt/airflow/dags/shared_utils.py
[2025-10-08T13:39:41.583+0000] {processor.py:830} INFO - Processing file /opt/airflow/dags/shared_utils.py for tasks to queue
[2025-10-08T13:39:41.585+0000] {logging_mixin.py:188} INFO - [2025-10-08T13:39:41.584+0000] {dagbag.py:538} INFO - Filling up the DagBag from /opt/airflow/dags/shared_utils.py
[2025-10-08T13:39:41.590+0000] {logging_mixin.py:188} INFO - [2025-10-08T13:39:41.590+0000] {shared_utils.py:409} INFO - Инициализированы пути обработки: ['input_pdf', 'temp_dir', 'output_md', 'logs', 'work_dir']
[2025-10-08T13:39:41.590+0000] {logging_mixin.py:188} INFO - [2025-10-08T13:39:41.590+0000] {shared_utils.py:413} INFO - Настроены URL сервисов: ['document_processor', 'translator', 'quality_assurance', 'airflow']
[2025-10-08T13:39:41.590+0000] {processor.py:842} WARNING - No viable dags retrieved from /opt/airflow/dags/shared_utils.py
[2025-10-08T13:39:41.602+0000] {processor.py:183} INFO - Processing /opt/airflow/dags/shared_utils.py took 0.022 seconds
[2025-10-08T13:40:11.861+0000] {processor.py:161} INFO - Started process (PID=766) to work on /opt/airflow/dags/shared_utils.py
[2025-10-08T13:40:11.862+0000] {processor.py:830} INFO - Processing file /opt/airflow/dags/shared_utils.py for tasks to queue
[2025-10-08T13:40:11.863+0000] {logging_mixin.py:188} INFO - [2025-10-08T13:40:11.863+0000] {dagbag.py:538} INFO - Filling up the DagBag from /opt/airflow/dags/shared_utils.py
[2025-10-08T13:40:11.868+0000] {logging_mixin.py:188} INFO - [2025-10-08T13:40:11.868+0000] {shared_utils.py:409} INFO - Инициализированы пути обработки: ['input_pdf', 'temp_dir', 'output_md', 'logs', 'work_dir']
[2025-10-08T13:40:11.869+0000] {logging_mixin.py:188} INFO - [2025-10-08T13:40:11.868+0000] {shared_utils.py:413} INFO - Настроены URL сервисов: ['document_processor', 'translator', 'quality_assurance', 'airflow']
[2025-10-08T13:40:11.869+0000] {processor.py:842} WARNING - No viable dags retrieved from /opt/airflow/dags/shared_utils.py
[2025-10-08T13:40:11.881+0000] {processor.py:183} INFO - Processing /opt/airflow/dags/shared_utils.py took 0.022 seconds
[2025-10-08T13:40:42.161+0000] {processor.py:161} INFO - Started process (PID=779) to work on /opt/airflow/dags/shared_utils.py
[2025-10-08T13:40:42.161+0000] {processor.py:830} INFO - Processing file /opt/airflow/dags/shared_utils.py for tasks to queue
[2025-10-08T13:40:42.163+0000] {logging_mixin.py:188} INFO - [2025-10-08T13:40:42.162+0000] {dagbag.py:538} INFO - Filling up the DagBag from /opt/airflow/dags/shared_utils.py
[2025-10-08T13:40:42.168+0000] {logging_mixin.py:188} INFO - [2025-10-08T13:40:42.168+0000] {shared_utils.py:409} INFO - Инициализированы пути обработки: ['input_pdf', 'temp_dir', 'output_md', 'logs', 'work_dir']
[2025-10-08T13:40:42.168+0000] {logging_mixin.py:188} INFO - [2025-10-08T13:40:42.168+0000] {shared_utils.py:413} INFO - Настроены URL сервисов: ['document_processor', 'translator', 'quality_assurance', 'airflow']
[2025-10-08T13:40:42.168+0000] {processor.py:842} WARNING - No viable dags retrieved from /opt/airflow/dags/shared_utils.py
[2025-10-08T13:40:42.181+0000] {processor.py:183} INFO - Processing /opt/airflow/dags/shared_utils.py took 0.022 seconds
[2025-10-08T13:41:12.437+0000] {processor.py:161} INFO - Started process (PID=792) to work on /opt/airflow/dags/shared_utils.py
[2025-10-08T13:41:12.437+0000] {processor.py:830} INFO - Processing file /opt/airflow/dags/shared_utils.py for tasks to queue
[2025-10-08T13:41:12.439+0000] {logging_mixin.py:188} INFO - [2025-10-08T13:41:12.438+0000] {dagbag.py:538} INFO - Filling up the DagBag from /opt/airflow/dags/shared_utils.py
[2025-10-08T13:41:12.444+0000] {logging_mixin.py:188} INFO - [2025-10-08T13:41:12.444+0000] {shared_utils.py:409} INFO - Инициализированы пути обработки: ['input_pdf', 'temp_dir', 'output_md', 'logs', 'work_dir']
[2025-10-08T13:41:12.444+0000] {logging_mixin.py:188} INFO - [2025-10-08T13:41:12.444+0000] {shared_utils.py:413} INFO - Настроены URL сервисов: ['document_processor', 'translator', 'quality_assurance', 'airflow']
[2025-10-08T13:41:12.444+0000] {processor.py:842} WARNING - No viable dags retrieved from /opt/airflow/dags/shared_utils.py
[2025-10-08T13:41:12.456+0000] {processor.py:183} INFO - Processing /opt/airflow/dags/shared_utils.py took 0.021 seconds
[2025-10-08T13:41:42.758+0000] {processor.py:161} INFO - Started process (PID=805) to work on /opt/airflow/dags/shared_utils.py
[2025-10-08T13:41:42.759+0000] {processor.py:830} INFO - Processing file /opt/airflow/dags/shared_utils.py for tasks to queue
[2025-10-08T13:41:42.760+0000] {logging_mixin.py:188} INFO - [2025-10-08T13:41:42.760+0000] {dagbag.py:538} INFO - Filling up the DagBag from /opt/airflow/dags/shared_utils.py
[2025-10-08T13:41:42.765+0000] {logging_mixin.py:188} INFO - [2025-10-08T13:41:42.765+0000] {shared_utils.py:409} INFO - Инициализированы пути обработки: ['input_pdf', 'temp_dir', 'output_md', 'logs', 'work_dir']
[2025-10-08T13:41:42.766+0000] {logging_mixin.py:188} INFO - [2025-10-08T13:41:42.766+0000] {shared_utils.py:413} INFO - Настроены URL сервисов: ['document_processor', 'translator', 'quality_assurance', 'airflow']
[2025-10-08T13:41:42.766+0000] {processor.py:842} WARNING - No viable dags retrieved from /opt/airflow/dags/shared_utils.py
[2025-10-08T13:41:42.779+0000] {processor.py:183} INFO - Processing /opt/airflow/dags/shared_utils.py took 0.023 seconds
[2025-10-08T13:42:13.055+0000] {processor.py:161} INFO - Started process (PID=818) to work on /opt/airflow/dags/shared_utils.py
[2025-10-08T13:42:13.056+0000] {processor.py:830} INFO - Processing file /opt/airflow/dags/shared_utils.py for tasks to queue
[2025-10-08T13:42:13.057+0000] {logging_mixin.py:188} INFO - [2025-10-08T13:42:13.057+0000] {dagbag.py:538} INFO - Filling up the DagBag from /opt/airflow/dags/shared_utils.py
[2025-10-08T13:42:13.062+0000] {logging_mixin.py:188} INFO - [2025-10-08T13:42:13.062+0000] {shared_utils.py:409} INFO - Инициализированы пути обработки: ['input_pdf', 'temp_dir', 'output_md', 'logs', 'work_dir']
[2025-10-08T13:42:13.062+0000] {logging_mixin.py:188} INFO - [2025-10-08T13:42:13.062+0000] {shared_utils.py:413} INFO - Настроены URL сервисов: ['document_processor', 'translator', 'quality_assurance', 'airflow']
[2025-10-08T13:42:13.063+0000] {processor.py:842} WARNING - No viable dags retrieved from /opt/airflow/dags/shared_utils.py
[2025-10-08T13:42:13.075+0000] {processor.py:183} INFO - Processing /opt/airflow/dags/shared_utils.py took 0.022 seconds
