[2025-10-08T13:32:37.166+0000] {processor.py:161} INFO - Started process (PID=567) to work on /opt/airflow/dags/translation_pipeline.py
[2025-10-08T13:32:37.167+0000] {processor.py:830} INFO - Processing file /opt/airflow/dags/translation_pipeline.py for tasks to queue
[2025-10-08T13:32:37.168+0000] {logging_mixin.py:188} INFO - [2025-10-08T13:32:37.168+0000] {dagbag.py:538} INFO - Filling up the DagBag from /opt/airflow/dags/translation_pipeline.py
[2025-10-08T13:32:37.177+0000] {logging_mixin.py:188} INFO - [2025-10-08T13:32:37.177+0000] {shared_utils.py:409} INFO - Инициализированы пути обработки: ['input_pdf', 'temp_dir', 'output_md', 'logs', 'work_dir']
[2025-10-08T13:32:37.177+0000] {logging_mixin.py:188} INFO - [2025-10-08T13:32:37.177+0000] {shared_utils.py:413} INFO - Настроены URL сервисов: ['document_processor', 'translator', 'quality_assurance', 'airflow']
[2025-10-08T13:32:37.182+0000] {processor.py:840} INFO - DAG(s) 'translation_pipeline' retrieved from /opt/airflow/dags/translation_pipeline.py
[2025-10-08T13:32:37.204+0000] {logging_mixin.py:188} INFO - [2025-10-08T13:32:37.203+0000] {dag.py:3036} INFO - Sync 1 DAGs
[2025-10-08T13:32:37.214+0000] {logging_mixin.py:188} INFO - [2025-10-08T13:32:37.214+0000] {dag.py:3823} INFO - Setting next_dagrun for translation_pipeline to None, run_after=None
[2025-10-08T13:32:37.226+0000] {processor.py:183} INFO - Processing /opt/airflow/dags/translation_pipeline.py took 0.062 seconds
[2025-10-08T13:33:07.433+0000] {processor.py:161} INFO - Started process (PID=580) to work on /opt/airflow/dags/translation_pipeline.py
[2025-10-08T13:33:07.434+0000] {processor.py:830} INFO - Processing file /opt/airflow/dags/translation_pipeline.py for tasks to queue
[2025-10-08T13:33:07.436+0000] {logging_mixin.py:188} INFO - [2025-10-08T13:33:07.435+0000] {dagbag.py:538} INFO - Filling up the DagBag from /opt/airflow/dags/translation_pipeline.py
[2025-10-08T13:33:07.444+0000] {logging_mixin.py:188} INFO - [2025-10-08T13:33:07.444+0000] {shared_utils.py:409} INFO - Инициализированы пути обработки: ['input_pdf', 'temp_dir', 'output_md', 'logs', 'work_dir']
[2025-10-08T13:33:07.444+0000] {logging_mixin.py:188} INFO - [2025-10-08T13:33:07.444+0000] {shared_utils.py:413} INFO - Настроены URL сервисов: ['document_processor', 'translator', 'quality_assurance', 'airflow']
[2025-10-08T13:33:07.450+0000] {processor.py:840} INFO - DAG(s) 'translation_pipeline' retrieved from /opt/airflow/dags/translation_pipeline.py
[2025-10-08T13:33:07.470+0000] {logging_mixin.py:188} INFO - [2025-10-08T13:33:07.470+0000] {dag.py:3036} INFO - Sync 1 DAGs
[2025-10-08T13:33:07.479+0000] {logging_mixin.py:188} INFO - [2025-10-08T13:33:07.479+0000] {dag.py:3823} INFO - Setting next_dagrun for translation_pipeline to None, run_after=None
[2025-10-08T13:33:07.491+0000] {processor.py:183} INFO - Processing /opt/airflow/dags/translation_pipeline.py took 0.060 seconds
[2025-10-08T13:33:37.773+0000] {processor.py:161} INFO - Started process (PID=593) to work on /opt/airflow/dags/translation_pipeline.py
[2025-10-08T13:33:37.773+0000] {processor.py:830} INFO - Processing file /opt/airflow/dags/translation_pipeline.py for tasks to queue
[2025-10-08T13:33:37.775+0000] {logging_mixin.py:188} INFO - [2025-10-08T13:33:37.774+0000] {dagbag.py:538} INFO - Filling up the DagBag from /opt/airflow/dags/translation_pipeline.py
[2025-10-08T13:33:37.783+0000] {logging_mixin.py:188} INFO - [2025-10-08T13:33:37.783+0000] {shared_utils.py:409} INFO - Инициализированы пути обработки: ['input_pdf', 'temp_dir', 'output_md', 'logs', 'work_dir']
[2025-10-08T13:33:37.783+0000] {logging_mixin.py:188} INFO - [2025-10-08T13:33:37.783+0000] {shared_utils.py:413} INFO - Настроены URL сервисов: ['document_processor', 'translator', 'quality_assurance', 'airflow']
[2025-10-08T13:33:37.788+0000] {processor.py:840} INFO - DAG(s) 'translation_pipeline' retrieved from /opt/airflow/dags/translation_pipeline.py
[2025-10-08T13:33:37.810+0000] {logging_mixin.py:188} INFO - [2025-10-08T13:33:37.810+0000] {dag.py:3036} INFO - Sync 1 DAGs
[2025-10-08T13:33:37.820+0000] {logging_mixin.py:188} INFO - [2025-10-08T13:33:37.820+0000] {dag.py:3823} INFO - Setting next_dagrun for translation_pipeline to None, run_after=None
[2025-10-08T13:33:37.832+0000] {processor.py:183} INFO - Processing /opt/airflow/dags/translation_pipeline.py took 0.062 seconds
[2025-10-08T13:34:08.036+0000] {processor.py:161} INFO - Started process (PID=606) to work on /opt/airflow/dags/translation_pipeline.py
[2025-10-08T13:34:08.037+0000] {processor.py:830} INFO - Processing file /opt/airflow/dags/translation_pipeline.py for tasks to queue
[2025-10-08T13:34:08.038+0000] {logging_mixin.py:188} INFO - [2025-10-08T13:34:08.038+0000] {dagbag.py:538} INFO - Filling up the DagBag from /opt/airflow/dags/translation_pipeline.py
[2025-10-08T13:34:08.047+0000] {logging_mixin.py:188} INFO - [2025-10-08T13:34:08.047+0000] {shared_utils.py:409} INFO - Инициализированы пути обработки: ['input_pdf', 'temp_dir', 'output_md', 'logs', 'work_dir']
[2025-10-08T13:34:08.047+0000] {logging_mixin.py:188} INFO - [2025-10-08T13:34:08.047+0000] {shared_utils.py:413} INFO - Настроены URL сервисов: ['document_processor', 'translator', 'quality_assurance', 'airflow']
[2025-10-08T13:34:08.052+0000] {processor.py:840} INFO - DAG(s) 'translation_pipeline' retrieved from /opt/airflow/dags/translation_pipeline.py
[2025-10-08T13:34:08.072+0000] {logging_mixin.py:188} INFO - [2025-10-08T13:34:08.072+0000] {dag.py:3036} INFO - Sync 1 DAGs
[2025-10-08T13:34:08.081+0000] {logging_mixin.py:188} INFO - [2025-10-08T13:34:08.081+0000] {dag.py:3823} INFO - Setting next_dagrun for translation_pipeline to None, run_after=None
[2025-10-08T13:34:08.093+0000] {processor.py:183} INFO - Processing /opt/airflow/dags/translation_pipeline.py took 0.059 seconds
[2025-10-08T13:34:38.299+0000] {processor.py:161} INFO - Started process (PID=619) to work on /opt/airflow/dags/translation_pipeline.py
[2025-10-08T13:34:38.300+0000] {processor.py:830} INFO - Processing file /opt/airflow/dags/translation_pipeline.py for tasks to queue
[2025-10-08T13:34:38.301+0000] {logging_mixin.py:188} INFO - [2025-10-08T13:34:38.301+0000] {dagbag.py:538} INFO - Filling up the DagBag from /opt/airflow/dags/translation_pipeline.py
[2025-10-08T13:34:38.310+0000] {logging_mixin.py:188} INFO - [2025-10-08T13:34:38.310+0000] {shared_utils.py:409} INFO - Инициализированы пути обработки: ['input_pdf', 'temp_dir', 'output_md', 'logs', 'work_dir']
[2025-10-08T13:34:38.310+0000] {logging_mixin.py:188} INFO - [2025-10-08T13:34:38.310+0000] {shared_utils.py:413} INFO - Настроены URL сервисов: ['document_processor', 'translator', 'quality_assurance', 'airflow']
[2025-10-08T13:34:38.315+0000] {processor.py:840} INFO - DAG(s) 'translation_pipeline' retrieved from /opt/airflow/dags/translation_pipeline.py
[2025-10-08T13:34:38.335+0000] {logging_mixin.py:188} INFO - [2025-10-08T13:34:38.335+0000] {dag.py:3036} INFO - Sync 1 DAGs
[2025-10-08T13:34:38.345+0000] {logging_mixin.py:188} INFO - [2025-10-08T13:34:38.345+0000] {dag.py:3823} INFO - Setting next_dagrun for translation_pipeline to None, run_after=None
[2025-10-08T13:34:38.356+0000] {processor.py:183} INFO - Processing /opt/airflow/dags/translation_pipeline.py took 0.059 seconds
[2025-10-08T13:35:08.561+0000] {processor.py:161} INFO - Started process (PID=632) to work on /opt/airflow/dags/translation_pipeline.py
[2025-10-08T13:35:08.562+0000] {processor.py:830} INFO - Processing file /opt/airflow/dags/translation_pipeline.py for tasks to queue
[2025-10-08T13:35:08.563+0000] {logging_mixin.py:188} INFO - [2025-10-08T13:35:08.563+0000] {dagbag.py:538} INFO - Filling up the DagBag from /opt/airflow/dags/translation_pipeline.py
[2025-10-08T13:35:08.572+0000] {logging_mixin.py:188} INFO - [2025-10-08T13:35:08.572+0000] {shared_utils.py:409} INFO - Инициализированы пути обработки: ['input_pdf', 'temp_dir', 'output_md', 'logs', 'work_dir']
[2025-10-08T13:35:08.572+0000] {logging_mixin.py:188} INFO - [2025-10-08T13:35:08.572+0000] {shared_utils.py:413} INFO - Настроены URL сервисов: ['document_processor', 'translator', 'quality_assurance', 'airflow']
[2025-10-08T13:35:08.577+0000] {processor.py:840} INFO - DAG(s) 'translation_pipeline' retrieved from /opt/airflow/dags/translation_pipeline.py
[2025-10-08T13:35:08.597+0000] {logging_mixin.py:188} INFO - [2025-10-08T13:35:08.597+0000] {dag.py:3036} INFO - Sync 1 DAGs
[2025-10-08T13:35:08.607+0000] {logging_mixin.py:188} INFO - [2025-10-08T13:35:08.607+0000] {dag.py:3823} INFO - Setting next_dagrun for translation_pipeline to None, run_after=None
[2025-10-08T13:35:08.619+0000] {processor.py:183} INFO - Processing /opt/airflow/dags/translation_pipeline.py took 0.061 seconds
[2025-10-08T13:35:38.913+0000] {processor.py:161} INFO - Started process (PID=645) to work on /opt/airflow/dags/translation_pipeline.py
[2025-10-08T13:35:38.914+0000] {processor.py:830} INFO - Processing file /opt/airflow/dags/translation_pipeline.py for tasks to queue
[2025-10-08T13:35:38.915+0000] {logging_mixin.py:188} INFO - [2025-10-08T13:35:38.915+0000] {dagbag.py:538} INFO - Filling up the DagBag from /opt/airflow/dags/translation_pipeline.py
[2025-10-08T13:35:38.924+0000] {logging_mixin.py:188} INFO - [2025-10-08T13:35:38.924+0000] {shared_utils.py:409} INFO - Инициализированы пути обработки: ['input_pdf', 'temp_dir', 'output_md', 'logs', 'work_dir']
[2025-10-08T13:35:38.924+0000] {logging_mixin.py:188} INFO - [2025-10-08T13:35:38.924+0000] {shared_utils.py:413} INFO - Настроены URL сервисов: ['document_processor', 'translator', 'quality_assurance', 'airflow']
[2025-10-08T13:35:38.929+0000] {processor.py:840} INFO - DAG(s) 'translation_pipeline' retrieved from /opt/airflow/dags/translation_pipeline.py
[2025-10-08T13:35:38.950+0000] {logging_mixin.py:188} INFO - [2025-10-08T13:35:38.950+0000] {dag.py:3036} INFO - Sync 1 DAGs
[2025-10-08T13:35:38.960+0000] {logging_mixin.py:188} INFO - [2025-10-08T13:35:38.960+0000] {dag.py:3823} INFO - Setting next_dagrun for translation_pipeline to None, run_after=None
[2025-10-08T13:35:38.972+0000] {processor.py:183} INFO - Processing /opt/airflow/dags/translation_pipeline.py took 0.061 seconds
[2025-10-08T13:36:09.163+0000] {processor.py:161} INFO - Started process (PID=656) to work on /opt/airflow/dags/translation_pipeline.py
[2025-10-08T13:36:09.164+0000] {processor.py:830} INFO - Processing file /opt/airflow/dags/translation_pipeline.py for tasks to queue
[2025-10-08T13:36:09.165+0000] {logging_mixin.py:188} INFO - [2025-10-08T13:36:09.165+0000] {dagbag.py:538} INFO - Filling up the DagBag from /opt/airflow/dags/translation_pipeline.py
[2025-10-08T13:36:09.174+0000] {logging_mixin.py:188} INFO - [2025-10-08T13:36:09.174+0000] {shared_utils.py:409} INFO - Инициализированы пути обработки: ['input_pdf', 'temp_dir', 'output_md', 'logs', 'work_dir']
[2025-10-08T13:36:09.174+0000] {logging_mixin.py:188} INFO - [2025-10-08T13:36:09.174+0000] {shared_utils.py:413} INFO - Настроены URL сервисов: ['document_processor', 'translator', 'quality_assurance', 'airflow']
[2025-10-08T13:36:09.179+0000] {processor.py:840} INFO - DAG(s) 'translation_pipeline' retrieved from /opt/airflow/dags/translation_pipeline.py
[2025-10-08T13:36:09.198+0000] {logging_mixin.py:188} INFO - [2025-10-08T13:36:09.198+0000] {dag.py:3036} INFO - Sync 1 DAGs
[2025-10-08T13:36:09.208+0000] {logging_mixin.py:188} INFO - [2025-10-08T13:36:09.207+0000] {dag.py:3823} INFO - Setting next_dagrun for translation_pipeline to None, run_after=None
[2025-10-08T13:36:09.219+0000] {processor.py:183} INFO - Processing /opt/airflow/dags/translation_pipeline.py took 0.058 seconds
[2025-10-08T13:36:39.580+0000] {processor.py:161} INFO - Started process (PID=669) to work on /opt/airflow/dags/translation_pipeline.py
[2025-10-08T13:36:39.581+0000] {processor.py:830} INFO - Processing file /opt/airflow/dags/translation_pipeline.py for tasks to queue
[2025-10-08T13:36:39.582+0000] {logging_mixin.py:188} INFO - [2025-10-08T13:36:39.582+0000] {dagbag.py:538} INFO - Filling up the DagBag from /opt/airflow/dags/translation_pipeline.py
[2025-10-08T13:36:39.591+0000] {logging_mixin.py:188} INFO - [2025-10-08T13:36:39.591+0000] {shared_utils.py:409} INFO - Инициализированы пути обработки: ['input_pdf', 'temp_dir', 'output_md', 'logs', 'work_dir']
[2025-10-08T13:36:39.591+0000] {logging_mixin.py:188} INFO - [2025-10-08T13:36:39.591+0000] {shared_utils.py:413} INFO - Настроены URL сервисов: ['document_processor', 'translator', 'quality_assurance', 'airflow']
[2025-10-08T13:36:39.596+0000] {processor.py:840} INFO - DAG(s) 'translation_pipeline' retrieved from /opt/airflow/dags/translation_pipeline.py
[2025-10-08T13:36:39.616+0000] {logging_mixin.py:188} INFO - [2025-10-08T13:36:39.616+0000] {dag.py:3036} INFO - Sync 1 DAGs
[2025-10-08T13:36:39.625+0000] {logging_mixin.py:188} INFO - [2025-10-08T13:36:39.625+0000] {dag.py:3823} INFO - Setting next_dagrun for translation_pipeline to None, run_after=None
[2025-10-08T13:36:39.637+0000] {processor.py:183} INFO - Processing /opt/airflow/dags/translation_pipeline.py took 0.059 seconds
[2025-10-08T13:37:09.994+0000] {processor.py:161} INFO - Started process (PID=682) to work on /opt/airflow/dags/translation_pipeline.py
[2025-10-08T13:37:09.995+0000] {processor.py:830} INFO - Processing file /opt/airflow/dags/translation_pipeline.py for tasks to queue
[2025-10-08T13:37:09.996+0000] {logging_mixin.py:188} INFO - [2025-10-08T13:37:09.996+0000] {dagbag.py:538} INFO - Filling up the DagBag from /opt/airflow/dags/translation_pipeline.py
[2025-10-08T13:37:10.005+0000] {logging_mixin.py:188} INFO - [2025-10-08T13:37:10.004+0000] {shared_utils.py:409} INFO - Инициализированы пути обработки: ['input_pdf', 'temp_dir', 'output_md', 'logs', 'work_dir']
[2025-10-08T13:37:10.005+0000] {logging_mixin.py:188} INFO - [2025-10-08T13:37:10.005+0000] {shared_utils.py:413} INFO - Настроены URL сервисов: ['document_processor', 'translator', 'quality_assurance', 'airflow']
[2025-10-08T13:37:10.010+0000] {processor.py:840} INFO - DAG(s) 'translation_pipeline' retrieved from /opt/airflow/dags/translation_pipeline.py
[2025-10-08T13:37:10.030+0000] {logging_mixin.py:188} INFO - [2025-10-08T13:37:10.029+0000] {dag.py:3036} INFO - Sync 1 DAGs
[2025-10-08T13:37:10.039+0000] {logging_mixin.py:188} INFO - [2025-10-08T13:37:10.039+0000] {dag.py:3823} INFO - Setting next_dagrun for translation_pipeline to None, run_after=None
[2025-10-08T13:37:10.051+0000] {processor.py:183} INFO - Processing /opt/airflow/dags/translation_pipeline.py took 0.060 seconds
[2025-10-08T13:37:40.326+0000] {processor.py:161} INFO - Started process (PID=695) to work on /opt/airflow/dags/translation_pipeline.py
[2025-10-08T13:37:40.326+0000] {processor.py:830} INFO - Processing file /opt/airflow/dags/translation_pipeline.py for tasks to queue
[2025-10-08T13:37:40.328+0000] {logging_mixin.py:188} INFO - [2025-10-08T13:37:40.328+0000] {dagbag.py:538} INFO - Filling up the DagBag from /opt/airflow/dags/translation_pipeline.py
[2025-10-08T13:37:40.336+0000] {logging_mixin.py:188} INFO - [2025-10-08T13:37:40.336+0000] {shared_utils.py:409} INFO - Инициализированы пути обработки: ['input_pdf', 'temp_dir', 'output_md', 'logs', 'work_dir']
[2025-10-08T13:37:40.337+0000] {logging_mixin.py:188} INFO - [2025-10-08T13:37:40.337+0000] {shared_utils.py:413} INFO - Настроены URL сервисов: ['document_processor', 'translator', 'quality_assurance', 'airflow']
[2025-10-08T13:37:40.342+0000] {processor.py:840} INFO - DAG(s) 'translation_pipeline' retrieved from /opt/airflow/dags/translation_pipeline.py
[2025-10-08T13:37:40.362+0000] {logging_mixin.py:188} INFO - [2025-10-08T13:37:40.361+0000] {dag.py:3036} INFO - Sync 1 DAGs
[2025-10-08T13:37:40.371+0000] {logging_mixin.py:188} INFO - [2025-10-08T13:37:40.371+0000] {dag.py:3823} INFO - Setting next_dagrun for translation_pipeline to None, run_after=None
[2025-10-08T13:37:40.382+0000] {processor.py:183} INFO - Processing /opt/airflow/dags/translation_pipeline.py took 0.059 seconds
[2025-10-08T13:38:10.602+0000] {processor.py:161} INFO - Started process (PID=708) to work on /opt/airflow/dags/translation_pipeline.py
[2025-10-08T13:38:10.603+0000] {processor.py:830} INFO - Processing file /opt/airflow/dags/translation_pipeline.py for tasks to queue
[2025-10-08T13:38:10.604+0000] {logging_mixin.py:188} INFO - [2025-10-08T13:38:10.604+0000] {dagbag.py:538} INFO - Filling up the DagBag from /opt/airflow/dags/translation_pipeline.py
[2025-10-08T13:38:10.613+0000] {logging_mixin.py:188} INFO - [2025-10-08T13:38:10.612+0000] {shared_utils.py:409} INFO - Инициализированы пути обработки: ['input_pdf', 'temp_dir', 'output_md', 'logs', 'work_dir']
[2025-10-08T13:38:10.613+0000] {logging_mixin.py:188} INFO - [2025-10-08T13:38:10.613+0000] {shared_utils.py:413} INFO - Настроены URL сервисов: ['document_processor', 'translator', 'quality_assurance', 'airflow']
[2025-10-08T13:38:10.618+0000] {processor.py:840} INFO - DAG(s) 'translation_pipeline' retrieved from /opt/airflow/dags/translation_pipeline.py
[2025-10-08T13:38:10.637+0000] {logging_mixin.py:188} INFO - [2025-10-08T13:38:10.637+0000] {dag.py:3036} INFO - Sync 1 DAGs
[2025-10-08T13:38:10.647+0000] {logging_mixin.py:188} INFO - [2025-10-08T13:38:10.647+0000] {dag.py:3823} INFO - Setting next_dagrun for translation_pipeline to None, run_after=None
[2025-10-08T13:38:10.659+0000] {processor.py:183} INFO - Processing /opt/airflow/dags/translation_pipeline.py took 0.059 seconds
[2025-10-08T13:38:40.904+0000] {processor.py:161} INFO - Started process (PID=721) to work on /opt/airflow/dags/translation_pipeline.py
[2025-10-08T13:38:40.904+0000] {processor.py:830} INFO - Processing file /opt/airflow/dags/translation_pipeline.py for tasks to queue
[2025-10-08T13:38:40.906+0000] {logging_mixin.py:188} INFO - [2025-10-08T13:38:40.906+0000] {dagbag.py:538} INFO - Filling up the DagBag from /opt/airflow/dags/translation_pipeline.py
[2025-10-08T13:38:40.914+0000] {logging_mixin.py:188} INFO - [2025-10-08T13:38:40.914+0000] {shared_utils.py:409} INFO - Инициализированы пути обработки: ['input_pdf', 'temp_dir', 'output_md', 'logs', 'work_dir']
[2025-10-08T13:38:40.915+0000] {logging_mixin.py:188} INFO - [2025-10-08T13:38:40.915+0000] {shared_utils.py:413} INFO - Настроены URL сервисов: ['document_processor', 'translator', 'quality_assurance', 'airflow']
[2025-10-08T13:38:40.920+0000] {processor.py:840} INFO - DAG(s) 'translation_pipeline' retrieved from /opt/airflow/dags/translation_pipeline.py
[2025-10-08T13:38:40.939+0000] {logging_mixin.py:188} INFO - [2025-10-08T13:38:40.939+0000] {dag.py:3036} INFO - Sync 1 DAGs
[2025-10-08T13:38:40.949+0000] {logging_mixin.py:188} INFO - [2025-10-08T13:38:40.949+0000] {dag.py:3823} INFO - Setting next_dagrun for translation_pipeline to None, run_after=None
[2025-10-08T13:38:40.960+0000] {processor.py:183} INFO - Processing /opt/airflow/dags/translation_pipeline.py took 0.059 seconds
[2025-10-08T13:39:11.188+0000] {processor.py:161} INFO - Started process (PID=739) to work on /opt/airflow/dags/translation_pipeline.py
[2025-10-08T13:39:11.189+0000] {processor.py:830} INFO - Processing file /opt/airflow/dags/translation_pipeline.py for tasks to queue
[2025-10-08T13:39:11.190+0000] {logging_mixin.py:188} INFO - [2025-10-08T13:39:11.190+0000] {dagbag.py:538} INFO - Filling up the DagBag from /opt/airflow/dags/translation_pipeline.py
[2025-10-08T13:39:11.199+0000] {logging_mixin.py:188} INFO - [2025-10-08T13:39:11.199+0000] {shared_utils.py:409} INFO - Инициализированы пути обработки: ['input_pdf', 'temp_dir', 'output_md', 'logs', 'work_dir']
[2025-10-08T13:39:11.199+0000] {logging_mixin.py:188} INFO - [2025-10-08T13:39:11.199+0000] {shared_utils.py:413} INFO - Настроены URL сервисов: ['document_processor', 'translator', 'quality_assurance', 'airflow']
[2025-10-08T13:39:11.204+0000] {processor.py:840} INFO - DAG(s) 'translation_pipeline' retrieved from /opt/airflow/dags/translation_pipeline.py
[2025-10-08T13:39:11.224+0000] {logging_mixin.py:188} INFO - [2025-10-08T13:39:11.224+0000] {dag.py:3036} INFO - Sync 1 DAGs
[2025-10-08T13:39:11.234+0000] {logging_mixin.py:188} INFO - [2025-10-08T13:39:11.233+0000] {dag.py:3823} INFO - Setting next_dagrun for translation_pipeline to None, run_after=None
[2025-10-08T13:39:11.245+0000] {processor.py:183} INFO - Processing /opt/airflow/dags/translation_pipeline.py took 0.059 seconds
[2025-10-08T13:39:41.574+0000] {processor.py:161} INFO - Started process (PID=752) to work on /opt/airflow/dags/translation_pipeline.py
[2025-10-08T13:39:41.574+0000] {processor.py:830} INFO - Processing file /opt/airflow/dags/translation_pipeline.py for tasks to queue
[2025-10-08T13:39:41.576+0000] {logging_mixin.py:188} INFO - [2025-10-08T13:39:41.576+0000] {dagbag.py:538} INFO - Filling up the DagBag from /opt/airflow/dags/translation_pipeline.py
[2025-10-08T13:39:41.584+0000] {logging_mixin.py:188} INFO - [2025-10-08T13:39:41.584+0000] {shared_utils.py:409} INFO - Инициализированы пути обработки: ['input_pdf', 'temp_dir', 'output_md', 'logs', 'work_dir']
[2025-10-08T13:39:41.585+0000] {logging_mixin.py:188} INFO - [2025-10-08T13:39:41.585+0000] {shared_utils.py:413} INFO - Настроены URL сервисов: ['document_processor', 'translator', 'quality_assurance', 'airflow']
[2025-10-08T13:39:41.589+0000] {processor.py:840} INFO - DAG(s) 'translation_pipeline' retrieved from /opt/airflow/dags/translation_pipeline.py
[2025-10-08T13:39:41.611+0000] {logging_mixin.py:188} INFO - [2025-10-08T13:39:41.611+0000] {dag.py:3036} INFO - Sync 1 DAGs
[2025-10-08T13:39:41.621+0000] {logging_mixin.py:188} INFO - [2025-10-08T13:39:41.621+0000] {dag.py:3823} INFO - Setting next_dagrun for translation_pipeline to None, run_after=None
[2025-10-08T13:39:41.633+0000] {processor.py:183} INFO - Processing /opt/airflow/dags/translation_pipeline.py took 0.061 seconds
[2025-10-08T13:40:11.852+0000] {processor.py:161} INFO - Started process (PID=765) to work on /opt/airflow/dags/translation_pipeline.py
[2025-10-08T13:40:11.853+0000] {processor.py:830} INFO - Processing file /opt/airflow/dags/translation_pipeline.py for tasks to queue
[2025-10-08T13:40:11.854+0000] {logging_mixin.py:188} INFO - [2025-10-08T13:40:11.854+0000] {dagbag.py:538} INFO - Filling up the DagBag from /opt/airflow/dags/translation_pipeline.py
[2025-10-08T13:40:11.863+0000] {logging_mixin.py:188} INFO - [2025-10-08T13:40:11.863+0000] {shared_utils.py:409} INFO - Инициализированы пути обработки: ['input_pdf', 'temp_dir', 'output_md', 'logs', 'work_dir']
[2025-10-08T13:40:11.863+0000] {logging_mixin.py:188} INFO - [2025-10-08T13:40:11.863+0000] {shared_utils.py:413} INFO - Настроены URL сервисов: ['document_processor', 'translator', 'quality_assurance', 'airflow']
[2025-10-08T13:40:11.868+0000] {processor.py:840} INFO - DAG(s) 'translation_pipeline' retrieved from /opt/airflow/dags/translation_pipeline.py
[2025-10-08T13:40:11.888+0000] {logging_mixin.py:188} INFO - [2025-10-08T13:40:11.888+0000] {dag.py:3036} INFO - Sync 1 DAGs
[2025-10-08T13:40:11.898+0000] {logging_mixin.py:188} INFO - [2025-10-08T13:40:11.898+0000] {dag.py:3823} INFO - Setting next_dagrun for translation_pipeline to None, run_after=None
[2025-10-08T13:40:11.910+0000] {processor.py:183} INFO - Processing /opt/airflow/dags/translation_pipeline.py took 0.060 seconds
[2025-10-08T13:40:42.152+0000] {processor.py:161} INFO - Started process (PID=778) to work on /opt/airflow/dags/translation_pipeline.py
[2025-10-08T13:40:42.153+0000] {processor.py:830} INFO - Processing file /opt/airflow/dags/translation_pipeline.py for tasks to queue
[2025-10-08T13:40:42.154+0000] {logging_mixin.py:188} INFO - [2025-10-08T13:40:42.154+0000] {dagbag.py:538} INFO - Filling up the DagBag from /opt/airflow/dags/translation_pipeline.py
[2025-10-08T13:40:42.163+0000] {logging_mixin.py:188} INFO - [2025-10-08T13:40:42.163+0000] {shared_utils.py:409} INFO - Инициализированы пути обработки: ['input_pdf', 'temp_dir', 'output_md', 'logs', 'work_dir']
[2025-10-08T13:40:42.163+0000] {logging_mixin.py:188} INFO - [2025-10-08T13:40:42.163+0000] {shared_utils.py:413} INFO - Настроены URL сервисов: ['document_processor', 'translator', 'quality_assurance', 'airflow']
[2025-10-08T13:40:42.168+0000] {processor.py:840} INFO - DAG(s) 'translation_pipeline' retrieved from /opt/airflow/dags/translation_pipeline.py
[2025-10-08T13:40:42.190+0000] {logging_mixin.py:188} INFO - [2025-10-08T13:40:42.190+0000] {dag.py:3036} INFO - Sync 1 DAGs
[2025-10-08T13:40:42.200+0000] {logging_mixin.py:188} INFO - [2025-10-08T13:40:42.200+0000] {dag.py:3823} INFO - Setting next_dagrun for translation_pipeline to None, run_after=None
[2025-10-08T13:40:42.212+0000] {processor.py:183} INFO - Processing /opt/airflow/dags/translation_pipeline.py took 0.063 seconds
[2025-10-08T13:41:12.428+0000] {processor.py:161} INFO - Started process (PID=791) to work on /opt/airflow/dags/translation_pipeline.py
[2025-10-08T13:41:12.429+0000] {processor.py:830} INFO - Processing file /opt/airflow/dags/translation_pipeline.py for tasks to queue
[2025-10-08T13:41:12.430+0000] {logging_mixin.py:188} INFO - [2025-10-08T13:41:12.430+0000] {dagbag.py:538} INFO - Filling up the DagBag from /opt/airflow/dags/translation_pipeline.py
[2025-10-08T13:41:12.439+0000] {logging_mixin.py:188} INFO - [2025-10-08T13:41:12.439+0000] {shared_utils.py:409} INFO - Инициализированы пути обработки: ['input_pdf', 'temp_dir', 'output_md', 'logs', 'work_dir']
[2025-10-08T13:41:12.439+0000] {logging_mixin.py:188} INFO - [2025-10-08T13:41:12.439+0000] {shared_utils.py:413} INFO - Настроены URL сервисов: ['document_processor', 'translator', 'quality_assurance', 'airflow']
[2025-10-08T13:41:12.444+0000] {processor.py:840} INFO - DAG(s) 'translation_pipeline' retrieved from /opt/airflow/dags/translation_pipeline.py
[2025-10-08T13:41:12.463+0000] {logging_mixin.py:188} INFO - [2025-10-08T13:41:12.463+0000] {dag.py:3036} INFO - Sync 1 DAGs
[2025-10-08T13:41:12.473+0000] {logging_mixin.py:188} INFO - [2025-10-08T13:41:12.472+0000] {dag.py:3823} INFO - Setting next_dagrun for translation_pipeline to None, run_after=None
[2025-10-08T13:41:12.484+0000] {processor.py:183} INFO - Processing /opt/airflow/dags/translation_pipeline.py took 0.058 seconds
[2025-10-08T13:41:42.749+0000] {processor.py:161} INFO - Started process (PID=804) to work on /opt/airflow/dags/translation_pipeline.py
[2025-10-08T13:41:42.750+0000] {processor.py:830} INFO - Processing file /opt/airflow/dags/translation_pipeline.py for tasks to queue
[2025-10-08T13:41:42.751+0000] {logging_mixin.py:188} INFO - [2025-10-08T13:41:42.751+0000] {dagbag.py:538} INFO - Filling up the DagBag from /opt/airflow/dags/translation_pipeline.py
[2025-10-08T13:41:42.761+0000] {logging_mixin.py:188} INFO - [2025-10-08T13:41:42.760+0000] {shared_utils.py:409} INFO - Инициализированы пути обработки: ['input_pdf', 'temp_dir', 'output_md', 'logs', 'work_dir']
[2025-10-08T13:41:42.761+0000] {logging_mixin.py:188} INFO - [2025-10-08T13:41:42.761+0000] {shared_utils.py:413} INFO - Настроены URL сервисов: ['document_processor', 'translator', 'quality_assurance', 'airflow']
[2025-10-08T13:41:42.766+0000] {processor.py:840} INFO - DAG(s) 'translation_pipeline' retrieved from /opt/airflow/dags/translation_pipeline.py
[2025-10-08T13:41:42.786+0000] {logging_mixin.py:188} INFO - [2025-10-08T13:41:42.786+0000] {dag.py:3036} INFO - Sync 1 DAGs
[2025-10-08T13:41:42.796+0000] {logging_mixin.py:188} INFO - [2025-10-08T13:41:42.796+0000] {dag.py:3823} INFO - Setting next_dagrun for translation_pipeline to None, run_after=None
[2025-10-08T13:41:42.808+0000] {processor.py:183} INFO - Processing /opt/airflow/dags/translation_pipeline.py took 0.061 seconds
[2025-10-08T13:42:13.046+0000] {processor.py:161} INFO - Started process (PID=817) to work on /opt/airflow/dags/translation_pipeline.py
[2025-10-08T13:42:13.047+0000] {processor.py:830} INFO - Processing file /opt/airflow/dags/translation_pipeline.py for tasks to queue
[2025-10-08T13:42:13.048+0000] {logging_mixin.py:188} INFO - [2025-10-08T13:42:13.048+0000] {dagbag.py:538} INFO - Filling up the DagBag from /opt/airflow/dags/translation_pipeline.py
[2025-10-08T13:42:13.057+0000] {logging_mixin.py:188} INFO - [2025-10-08T13:42:13.057+0000] {shared_utils.py:409} INFO - Инициализированы пути обработки: ['input_pdf', 'temp_dir', 'output_md', 'logs', 'work_dir']
[2025-10-08T13:42:13.057+0000] {logging_mixin.py:188} INFO - [2025-10-08T13:42:13.057+0000] {shared_utils.py:413} INFO - Настроены URL сервисов: ['document_processor', 'translator', 'quality_assurance', 'airflow']
[2025-10-08T13:42:13.062+0000] {processor.py:840} INFO - DAG(s) 'translation_pipeline' retrieved from /opt/airflow/dags/translation_pipeline.py
[2025-10-08T13:42:13.082+0000] {logging_mixin.py:188} INFO - [2025-10-08T13:42:13.082+0000] {dag.py:3036} INFO - Sync 1 DAGs
[2025-10-08T13:42:13.091+0000] {logging_mixin.py:188} INFO - [2025-10-08T13:42:13.091+0000] {dag.py:3823} INFO - Setting next_dagrun for translation_pipeline to None, run_after=None
[2025-10-08T13:42:13.103+0000] {processor.py:183} INFO - Processing /opt/airflow/dags/translation_pipeline.py took 0.059 seconds
