[2025-10-15T09:25:39.186+0000] {taskinstance.py:1956} INFO - Dependencies all met for dep_context=non-requeueable deps ti=<TaskInstance: orchestrator_dag.trigger_stage3_translation manual__2025-10-15T09:23:58.623921+00:00 [queued]>
[2025-10-15T09:25:39.192+0000] {taskinstance.py:1956} INFO - Dependencies all met for dep_context=requeueable deps ti=<TaskInstance: orchestrator_dag.trigger_stage3_translation manual__2025-10-15T09:23:58.623921+00:00 [queued]>
[2025-10-15T09:25:39.193+0000] {taskinstance.py:2170} INFO - Starting attempt 1 of 2
[2025-10-15T09:25:39.201+0000] {taskinstance.py:2191} INFO - Executing <Task(TriggerDagRunOperator): trigger_stage3_translation> on 2025-10-15 09:23:58.623921+00:00
[2025-10-15T09:25:39.206+0000] {standard_task_runner.py:60} INFO - Started process 251 to run task
[2025-10-15T09:25:39.208+0000] {standard_task_runner.py:87} INFO - Running: ['***', 'tasks', 'run', 'orchestrator_dag', 'trigger_stage3_translation', 'manual__2025-10-15T09:23:58.623921+00:00', '--job-id', '1367', '--raw', '--subdir', 'DAGS_FOLDER/orchestrator_dag.py', '--cfg-path', '/tmp/tmptaxk3jaw']
[2025-10-15T09:25:39.209+0000] {standard_task_runner.py:88} INFO - Job 1367: Subtask trigger_stage3_translation
[2025-10-15T09:25:39.253+0000] {task_command.py:423} INFO - Running <TaskInstance: orchestrator_dag.trigger_stage3_translation manual__2025-10-15T09:23:58.623921+00:00 [running]> on host d83008b49fd2
[2025-10-15T09:25:39.332+0000] {taskinstance.py:2480} INFO - Exporting env vars: AIRFLOW_CTX_DAG_OWNER='pdf-converter' AIRFLOW_CTX_DAG_ID='orchestrator_dag' AIRFLOW_CTX_TASK_ID='trigger_stage3_translation' AIRFLOW_CTX_EXECUTION_DATE='2025-10-15T09:23:58.623921+00:00' AIRFLOW_CTX_TRY_NUMBER='1' AIRFLOW_CTX_DAG_RUN_ID='manual__2025-10-15T09:23:58.623921+00:00'
[2025-10-15T09:25:39.400+0000] {trigger_dagrun.py:210} INFO - Waiting for translation_pipeline on 2025-10-15 09:25:39.333359+00:00 to become allowed state ['success'] ...
[2025-10-15T09:26:09.409+0000] {trigger_dagrun.py:210} INFO - Waiting for translation_pipeline on 2025-10-15 09:25:39.333359+00:00 to become allowed state ['success'] ...
[2025-10-15T09:26:39.417+0000] {trigger_dagrun.py:210} INFO - Waiting for translation_pipeline on 2025-10-15 09:25:39.333359+00:00 to become allowed state ['success'] ...
[2025-10-15T09:27:09.426+0000] {trigger_dagrun.py:210} INFO - Waiting for translation_pipeline on 2025-10-15 09:25:39.333359+00:00 to become allowed state ['success'] ...
[2025-10-15T09:27:39.435+0000] {trigger_dagrun.py:210} INFO - Waiting for translation_pipeline on 2025-10-15 09:25:39.333359+00:00 to become allowed state ['success'] ...
[2025-10-15T09:28:09.444+0000] {trigger_dagrun.py:210} INFO - Waiting for translation_pipeline on 2025-10-15 09:25:39.333359+00:00 to become allowed state ['success'] ...
[2025-10-15T09:28:39.452+0000] {trigger_dagrun.py:210} INFO - Waiting for translation_pipeline on 2025-10-15 09:25:39.333359+00:00 to become allowed state ['success'] ...
[2025-10-15T09:29:09.460+0000] {trigger_dagrun.py:210} INFO - Waiting for translation_pipeline on 2025-10-15 09:25:39.333359+00:00 to become allowed state ['success'] ...
[2025-10-15T09:29:39.469+0000] {trigger_dagrun.py:210} INFO - Waiting for translation_pipeline on 2025-10-15 09:25:39.333359+00:00 to become allowed state ['success'] ...
[2025-10-15T09:30:09.477+0000] {trigger_dagrun.py:210} INFO - Waiting for translation_pipeline on 2025-10-15 09:25:39.333359+00:00 to become allowed state ['success'] ...
[2025-10-15T09:30:39.487+0000] {trigger_dagrun.py:210} INFO - Waiting for translation_pipeline on 2025-10-15 09:25:39.333359+00:00 to become allowed state ['success'] ...
[2025-10-15T09:31:09.497+0000] {trigger_dagrun.py:210} INFO - Waiting for translation_pipeline on 2025-10-15 09:25:39.333359+00:00 to become allowed state ['success'] ...
[2025-10-15T09:31:39.506+0000] {trigger_dagrun.py:210} INFO - Waiting for translation_pipeline on 2025-10-15 09:25:39.333359+00:00 to become allowed state ['success'] ...
[2025-10-15T09:32:09.515+0000] {trigger_dagrun.py:223} INFO - translation_pipeline finished with allowed state success
[2025-10-15T09:32:09.525+0000] {taskinstance.py:1138} INFO - Marking task as SUCCESS. dag_id=orchestrator_dag, task_id=trigger_stage3_translation, execution_date=20251015T092358, start_date=20251015T092539, end_date=20251015T093209
[2025-10-15T09:32:09.575+0000] {local_task_job_runner.py:234} INFO - Task exited with return code 0
[2025-10-15T09:32:09.597+0000] {taskinstance.py:3280} INFO - 1 downstream tasks scheduled from follow-on schedule check
