[2025-10-15T11:11:36.716+0000] {taskinstance.py:1956} INFO - Dependencies all met for dep_context=non-requeueable deps ti=<TaskInstance: orchestrator_dag.trigger_stage3_translation manual__2025-10-15T11:09:55.833309+00:00 [queued]>
[2025-10-15T11:11:36.723+0000] {taskinstance.py:1956} INFO - Dependencies all met for dep_context=requeueable deps ti=<TaskInstance: orchestrator_dag.trigger_stage3_translation manual__2025-10-15T11:09:55.833309+00:00 [queued]>
[2025-10-15T11:11:36.723+0000] {taskinstance.py:2170} INFO - Starting attempt 1 of 2
[2025-10-15T11:11:36.731+0000] {taskinstance.py:2191} INFO - Executing <Task(TriggerDagRunOperator): trigger_stage3_translation> on 2025-10-15 11:09:55.833309+00:00
[2025-10-15T11:11:36.737+0000] {standard_task_runner.py:60} INFO - Started process 209 to run task
[2025-10-15T11:11:36.739+0000] {standard_task_runner.py:87} INFO - Running: ['***', 'tasks', 'run', 'orchestrator_dag', 'trigger_stage3_translation', 'manual__2025-10-15T11:09:55.833309+00:00', '--job-id', '1400', '--raw', '--subdir', 'DAGS_FOLDER/orchestrator_dag.py', '--cfg-path', '/tmp/tmpmwitp3ck']
[2025-10-15T11:11:36.740+0000] {standard_task_runner.py:88} INFO - Job 1400: Subtask trigger_stage3_translation
[2025-10-15T11:11:36.786+0000] {task_command.py:423} INFO - Running <TaskInstance: orchestrator_dag.trigger_stage3_translation manual__2025-10-15T11:09:55.833309+00:00 [running]> on host 289cda1aef62
[2025-10-15T11:11:36.867+0000] {taskinstance.py:2480} INFO - Exporting env vars: AIRFLOW_CTX_DAG_OWNER='pdf-converter' AIRFLOW_CTX_DAG_ID='orchestrator_dag' AIRFLOW_CTX_TASK_ID='trigger_stage3_translation' AIRFLOW_CTX_EXECUTION_DATE='2025-10-15T11:09:55.833309+00:00' AIRFLOW_CTX_TRY_NUMBER='1' AIRFLOW_CTX_DAG_RUN_ID='manual__2025-10-15T11:09:55.833309+00:00'
[2025-10-15T11:11:36.939+0000] {trigger_dagrun.py:210} INFO - Waiting for translation_pipeline on 2025-10-15 11:11:36.868017+00:00 to become allowed state ['success'] ...
[2025-10-15T11:12:06.948+0000] {trigger_dagrun.py:210} INFO - Waiting for translation_pipeline on 2025-10-15 11:11:36.868017+00:00 to become allowed state ['success'] ...
[2025-10-15T11:12:36.957+0000] {trigger_dagrun.py:210} INFO - Waiting for translation_pipeline on 2025-10-15 11:11:36.868017+00:00 to become allowed state ['success'] ...
[2025-10-15T11:13:06.966+0000] {trigger_dagrun.py:210} INFO - Waiting for translation_pipeline on 2025-10-15 11:11:36.868017+00:00 to become allowed state ['success'] ...
[2025-10-15T11:13:36.975+0000] {trigger_dagrun.py:210} INFO - Waiting for translation_pipeline on 2025-10-15 11:11:36.868017+00:00 to become allowed state ['success'] ...
[2025-10-15T11:14:06.983+0000] {trigger_dagrun.py:210} INFO - Waiting for translation_pipeline on 2025-10-15 11:11:36.868017+00:00 to become allowed state ['success'] ...
[2025-10-15T11:14:36.991+0000] {trigger_dagrun.py:210} INFO - Waiting for translation_pipeline on 2025-10-15 11:11:36.868017+00:00 to become allowed state ['success'] ...
[2025-10-15T11:15:07.000+0000] {trigger_dagrun.py:210} INFO - Waiting for translation_pipeline on 2025-10-15 11:11:36.868017+00:00 to become allowed state ['success'] ...
[2025-10-15T11:15:37.008+0000] {trigger_dagrun.py:210} INFO - Waiting for translation_pipeline on 2025-10-15 11:11:36.868017+00:00 to become allowed state ['success'] ...
[2025-10-15T11:16:07.016+0000] {trigger_dagrun.py:210} INFO - Waiting for translation_pipeline on 2025-10-15 11:11:36.868017+00:00 to become allowed state ['success'] ...
[2025-10-15T11:16:37.025+0000] {trigger_dagrun.py:210} INFO - Waiting for translation_pipeline on 2025-10-15 11:11:36.868017+00:00 to become allowed state ['success'] ...
[2025-10-15T11:17:07.035+0000] {trigger_dagrun.py:210} INFO - Waiting for translation_pipeline on 2025-10-15 11:11:36.868017+00:00 to become allowed state ['success'] ...
[2025-10-15T11:17:37.043+0000] {trigger_dagrun.py:210} INFO - Waiting for translation_pipeline on 2025-10-15 11:11:36.868017+00:00 to become allowed state ['success'] ...
[2025-10-15T11:18:07.052+0000] {trigger_dagrun.py:223} INFO - translation_pipeline finished with allowed state success
[2025-10-15T11:18:07.061+0000] {taskinstance.py:1138} INFO - Marking task as SUCCESS. dag_id=orchestrator_dag, task_id=trigger_stage3_translation, execution_date=20251015T110955, start_date=20251015T111136, end_date=20251015T111807
[2025-10-15T11:18:07.095+0000] {local_task_job_runner.py:234} INFO - Task exited with return code 0
[2025-10-15T11:18:07.118+0000] {taskinstance.py:3280} INFO - 1 downstream tasks scheduled from follow-on schedule check
