[2025-10-15T09:32:13.683+0000] {taskinstance.py:1956} INFO - Dependencies all met for dep_context=non-requeueable deps ti=<TaskInstance: quality_assurance.load_translated_document manual__2025-10-15T09:32:11.706066+00:00 [queued]>
[2025-10-15T09:32:13.688+0000] {taskinstance.py:1956} INFO - Dependencies all met for dep_context=requeueable deps ti=<TaskInstance: quality_assurance.load_translated_document manual__2025-10-15T09:32:11.706066+00:00 [queued]>
[2025-10-15T09:32:13.689+0000] {taskinstance.py:2170} INFO - Starting attempt 1 of 2
[2025-10-15T09:32:13.696+0000] {taskinstance.py:2191} INFO - Executing <Task(PythonOperator): load_translated_document> on 2025-10-15 09:32:11.706066+00:00
[2025-10-15T09:32:13.703+0000] {standard_task_runner.py:60} INFO - Started process 359 to run task
[2025-10-15T09:32:13.705+0000] {standard_task_runner.py:87} INFO - Running: ['***', 'tasks', 'run', 'quality_assurance', 'load_translated_document', 'manual__2025-10-15T09:32:11.706066+00:00', '--job-id', '1375', '--raw', '--subdir', 'DAGS_FOLDER/quality_assurance.py', '--cfg-path', '/tmp/tmphjdzwpsa']
[2025-10-15T09:32:13.708+0000] {standard_task_runner.py:88} INFO - Job 1375: Subtask load_translated_document
[2025-10-15T09:32:13.753+0000] {task_command.py:423} INFO - Running <TaskInstance: quality_assurance.load_translated_document manual__2025-10-15T09:32:11.706066+00:00 [running]> on host d83008b49fd2
[2025-10-15T09:32:13.818+0000] {taskinstance.py:2480} INFO - Exporting env vars: AIRFLOW_CTX_DAG_OWNER='pdf-converter' AIRFLOW_CTX_DAG_ID='quality_assurance' AIRFLOW_CTX_TASK_ID='load_translated_document' AIRFLOW_CTX_EXECUTION_DATE='2025-10-15T09:32:11.706066+00:00' AIRFLOW_CTX_TRY_NUMBER='1' AIRFLOW_CTX_DAG_RUN_ID='manual__2025-10-15T09:32:11.706066+00:00'
[2025-10-15T09:32:13.819+0000] {quality_assurance.py:427} INFO - 🔍 Начало полной 5-уровневой QA валидации
[2025-10-15T09:32:13.820+0000] {shared_utils.py:213} INFO - 📊 Метрики: {'dag_id': 'quality_assurance', 'task_id': 'load_translated_document', 'processing_time_seconds': 0.00022029876708984375, 'pages_processed': 0, 'file_size_mb': 0.0, 'success': False, 'timestamp': '2025-10-15T09:32:13.820071'}
[2025-10-15T09:32:13.820+0000] {quality_assurance.py:478} ERROR - ❌ Ошибка загрузки документа для QA: Переведенный файл не найден: /app/output/en/1760520238_test_short.md
[2025-10-15T09:32:13.820+0000] {taskinstance.py:2698} ERROR - Task failed with exception
Traceback (most recent call last):
  File "/home/airflow/.local/lib/python3.11/site-packages/airflow/models/taskinstance.py", line 428, in _execute_task
    result = execute_callable(context=context, **execute_callable_kwargs)
             ^^^^^^^^^^^^^^^^^^^^^^^^^^^^^^^^^^^^^^^^^^^^^^^^^^^^^^^^^^^^
  File "/home/airflow/.local/lib/python3.11/site-packages/airflow/operators/python.py", line 199, in execute
    return_value = self.execute_callable()
                   ^^^^^^^^^^^^^^^^^^^^^^^
  File "/home/airflow/.local/lib/python3.11/site-packages/airflow/operators/python.py", line 216, in execute_callable
    return self.python_callable(*self.op_args, **self.op_kwargs)
           ^^^^^^^^^^^^^^^^^^^^^^^^^^^^^^^^^^^^^^^^^^^^^^^^^^^^^
  File "/opt/airflow/dags/quality_assurance.py", line 431, in load_translated_document
    raise ValueError(f"Переведенный файл не найден: {translated_file}")
ValueError: Переведенный файл не найден: /app/output/en/1760520238_test_short.md
[2025-10-15T09:32:13.831+0000] {taskinstance.py:1138} INFO - Marking task as UP_FOR_RETRY. dag_id=quality_assurance, task_id=load_translated_document, execution_date=20251015T093211, start_date=20251015T093213, end_date=20251015T093213
[2025-10-15T09:32:13.840+0000] {standard_task_runner.py:107} ERROR - Failed to execute job 1375 for task load_translated_document (Переведенный файл не найден: /app/output/en/1760520238_test_short.md; 359)
[2025-10-15T09:32:13.877+0000] {local_task_job_runner.py:234} INFO - Task exited with return code 1
[2025-10-15T09:32:13.900+0000] {taskinstance.py:3280} INFO - 0 downstream tasks scheduled from follow-on schedule check
