[2025-10-09T09:45:28.627+0000] {taskinstance.py:1956} INFO - Dependencies all met for dep_context=non-requeueable deps ti=<TaskInstance: document_preprocessing.notify_completion manual__2025-10-09T09:44:52.406067+00:00 [queued]>
[2025-10-09T09:45:28.632+0000] {taskinstance.py:1956} INFO - Dependencies all met for dep_context=requeueable deps ti=<TaskInstance: document_preprocessing.notify_completion manual__2025-10-09T09:44:52.406067+00:00 [queued]>
[2025-10-09T09:45:28.633+0000] {taskinstance.py:2170} INFO - Starting attempt 1 of 3
[2025-10-09T09:45:28.640+0000] {taskinstance.py:2191} INFO - Executing <Task(PythonOperator): notify_completion> on 2025-10-09 09:44:52.406067+00:00
[2025-10-09T09:45:28.645+0000] {standard_task_runner.py:60} INFO - Started process 14845 to run task
[2025-10-09T09:45:28.647+0000] {standard_task_runner.py:87} INFO - Running: ['***', 'tasks', 'run', 'document_preprocessing', 'notify_completion', 'manual__2025-10-09T09:44:52.406067+00:00', '--job-id', '1041', '--raw', '--subdir', 'DAGS_FOLDER/document_preprocessing.py', '--cfg-path', '/tmp/tmpgv63n39j']
[2025-10-09T09:45:28.648+0000] {standard_task_runner.py:88} INFO - Job 1041: Subtask notify_completion
[2025-10-09T09:45:28.692+0000] {task_command.py:423} INFO - Running <TaskInstance: document_preprocessing.notify_completion manual__2025-10-09T09:44:52.406067+00:00 [running]> on host f7f5f9c1ae6c
[2025-10-09T09:45:28.765+0000] {taskinstance.py:2480} INFO - Exporting env vars: AIRFLOW_CTX_DAG_OWNER='pdf-converter' AIRFLOW_CTX_DAG_ID='document_preprocessing' AIRFLOW_CTX_TASK_ID='notify_completion' AIRFLOW_CTX_EXECUTION_DATE='2025-10-09T09:44:52.406067+00:00' AIRFLOW_CTX_TRY_NUMBER='1' AIRFLOW_CTX_DAG_RUN_ID='manual__2025-10-09T09:44:52.406067+00:00'
[2025-10-09T09:45:28.786+0000] {shared_utils.py:224} INFO - 
✅ УСПЕШНОЕ ЗАВЕРШЕНИЕ
DAG: document_preprocessing
Task: notify_completion
Время: 2025-10-09T09:45:28.786792
Результат: Обработка завершена

[2025-10-09T09:45:28.787+0000] {document_preprocessing.py:549} INFO - 
✅ DOCUMENT PREPROCESSING ЗАВЕРШЕН УСПЕШНО
📄 Файл: test_short.pdf
📊 Страниц: 5
⏱️ Время: 32.72с
🔍 OCR: Да
📋 Таблицы: Да
📁 Файл: /opt/***/temp/doc_1760003093/doc_1760003093_intermediate.json
✅ Готов для следующей стадии

[2025-10-09T09:45:28.787+0000] {python.py:201} INFO - Done. Returned value was: None
[2025-10-09T09:45:28.797+0000] {taskinstance.py:1138} INFO - Marking task as SUCCESS. dag_id=document_preprocessing, task_id=notify_completion, execution_date=20251009T094452, start_date=20251009T094528, end_date=20251009T094528
[2025-10-09T09:45:28.818+0000] {local_task_job_runner.py:234} INFO - Task exited with return code 0
[2025-10-09T09:45:28.834+0000] {taskinstance.py:3280} INFO - 0 downstream tasks scheduled from follow-on schedule check
