[2025-10-15T11:20:41.068+0000] {taskinstance.py:1956} INFO - Dependencies all met for dep_context=non-requeueable deps ti=<TaskInstance: orchestrator_dag.notify_orchestrator_completion manual__2025-10-15T11:09:55.833309+00:00 [queued]>
[2025-10-15T11:20:41.074+0000] {taskinstance.py:1956} INFO - Dependencies all met for dep_context=requeueable deps ti=<TaskInstance: orchestrator_dag.notify_orchestrator_completion manual__2025-10-15T11:09:55.833309+00:00 [queued]>
[2025-10-15T11:20:41.075+0000] {taskinstance.py:2170} INFO - Starting attempt 1 of 2
[2025-10-15T11:20:41.083+0000] {taskinstance.py:2191} INFO - Executing <Task(PythonOperator): notify_orchestrator_completion> on 2025-10-15 11:09:55.833309+00:00
[2025-10-15T11:20:41.088+0000] {standard_task_runner.py:60} INFO - Started process 348 to run task
[2025-10-15T11:20:41.090+0000] {standard_task_runner.py:87} INFO - Running: ['***', 'tasks', 'run', 'orchestrator_dag', 'notify_orchestrator_completion', 'manual__2025-10-15T11:09:55.833309+00:00', '--job-id', '1412', '--raw', '--subdir', 'DAGS_FOLDER/orchestrator_dag.py', '--cfg-path', '/tmp/tmpynlmrdr0']
[2025-10-15T11:20:41.091+0000] {standard_task_runner.py:88} INFO - Job 1412: Subtask notify_orchestrator_completion
[2025-10-15T11:20:41.138+0000] {task_command.py:423} INFO - Running <TaskInstance: orchestrator_dag.notify_orchestrator_completion manual__2025-10-15T11:09:55.833309+00:00 [running]> on host 289cda1aef62
[2025-10-15T11:20:41.205+0000] {taskinstance.py:2480} INFO - Exporting env vars: AIRFLOW_CTX_DAG_OWNER='pdf-converter' AIRFLOW_CTX_DAG_ID='orchestrator_dag' AIRFLOW_CTX_TASK_ID='notify_orchestrator_completion' AIRFLOW_CTX_EXECUTION_DATE='2025-10-15T11:09:55.833309+00:00' AIRFLOW_CTX_TRY_NUMBER='1' AIRFLOW_CTX_DAG_RUN_ID='manual__2025-10-15T11:09:55.833309+00:00'
[2025-10-15T11:20:41.228+0000] {orchestrator_dag.py:412} INFO - 
🎉 ИСПРАВЛЕННЫЙ PDF КОНВЕЙЕР v4.0 УСПЕШНО ЗАВЕРШЕН!
📄 Файл: test_short.pdf
🌐 Язык: en
⏱️ Время обработки: 0:10:43.475209
🔄 ВЫПОЛНЕННЫЕ ЭТАПЫ:
✅ Stage 1: Document Preprocessing (извлечение контента)
✅ Stage 2: Content Transformation (преобразование в MD)
✅ Stage 3: Translation Pipeline (перевод)
✅ Stage 4: Quality Assurance (валидация)
📊 РЕЗУЛЬТАТЫ:
- Исправленная архитектура: ✅ Применена
- Китайские документы: ✅ Оптимизированы
- Технические термины: ✅ Сохранены
- Итоговый файл: /app/output/en/1760526595_test_short.md
- QA отчет: /app/temp/qa_report_1760526595.json
🚀 СИСТЕМА v4.0 ИСПРАВЛЕНА И ГОТОВА К РАБОТЕ!

[2025-10-15T11:20:41.228+0000] {shared_utils.py:267} INFO - 
✅ УСПЕШНОЕ ЗАВЕРШЕНИЕ
DAG: orchestrator_dag
Task: notify_orchestrator_completion
Время: 2025-10-15T11:20:41.228622
Результат: Обработка завершена

[2025-10-15T11:20:41.228+0000] {python.py:201} INFO - Done. Returned value was: None
[2025-10-15T11:20:41.238+0000] {taskinstance.py:1138} INFO - Marking task as SUCCESS. dag_id=orchestrator_dag, task_id=notify_orchestrator_completion, execution_date=20251015T110955, start_date=20251015T112041, end_date=20251015T112041
[2025-10-15T11:20:41.262+0000] {local_task_job_runner.py:234} INFO - Task exited with return code 0
[2025-10-15T11:20:41.278+0000] {taskinstance.py:3280} INFO - 0 downstream tasks scheduled from follow-on schedule check
