[2025-10-15T17:15:27.554+0000] {taskinstance.py:1956} INFO - Dependencies all met for dep_context=non-requeueable deps ti=<TaskInstance: quality_assurance.perform_visual_comparison manual__2025-10-15T17:15:24.321346+00:00 [queued]>
[2025-10-15T17:15:27.560+0000] {taskinstance.py:1956} INFO - Dependencies all met for dep_context=requeueable deps ti=<TaskInstance: quality_assurance.perform_visual_comparison manual__2025-10-15T17:15:24.321346+00:00 [queued]>
[2025-10-15T17:15:27.560+0000] {taskinstance.py:2170} INFO - Starting attempt 1 of 2
[2025-10-15T17:15:27.569+0000] {taskinstance.py:2191} INFO - Executing <Task(PythonOperator): perform_visual_comparison> on 2025-10-15 17:15:24.321346+00:00
[2025-10-15T17:15:27.575+0000] {standard_task_runner.py:60} INFO - Started process 224 to run task
[2025-10-15T17:15:27.577+0000] {standard_task_runner.py:87} INFO - Running: ['***', 'tasks', 'run', 'quality_assurance', 'perform_visual_comparison', 'manual__2025-10-15T17:15:24.321346+00:00', '--job-id', '1572', '--raw', '--subdir', 'DAGS_FOLDER/quality_assurance.py', '--cfg-path', '/tmp/tmpzian9k5g']
[2025-10-15T17:15:27.579+0000] {standard_task_runner.py:88} INFO - Job 1572: Subtask perform_visual_comparison
[2025-10-15T17:15:27.624+0000] {task_command.py:423} INFO - Running <TaskInstance: quality_assurance.perform_visual_comparison manual__2025-10-15T17:15:24.321346+00:00 [running]> on host ee1be49cded6
[2025-10-15T17:15:27.861+0000] {taskinstance.py:2480} INFO - Exporting env vars: AIRFLOW_CTX_DAG_OWNER='pdf-converter' AIRFLOW_CTX_DAG_ID='quality_assurance' AIRFLOW_CTX_TASK_ID='perform_visual_comparison' AIRFLOW_CTX_EXECUTION_DATE='2025-10-15T17:15:24.321346+00:00' AIRFLOW_CTX_TRY_NUMBER='1' AIRFLOW_CTX_DAG_RUN_ID='manual__2025-10-15T17:15:24.321346+00:00'
[2025-10-15T17:15:27.874+0000] {quality_assurance.py:894} INFO - 🔍 Уровень 2: Visual Comparison с Docker Pandoc интеграцией
[2025-10-15T17:15:27.874+0000] {quality_assurance.py:1161} INFO - Generating result PDF for document: 1760548393_test_short
[2025-10-15T17:15:27.887+0000] {quality_assurance.py:981} WARNING - ❌ Docker Pandoc service is not responding
[2025-10-15T17:15:27.887+0000] {quality_assurance.py:1198} WARNING - Docker Pandoc service not available, falling back to PyMuPDF for 1760548393_test_short
[2025-10-15T17:15:27.887+0000] {quality_assurance.py:202} WARNING - PyMuPDF недоступен, используется базовый Python fallback для генерации PDF
[2025-10-15T17:15:27.939+0000] {quality_assurance.py:1111} INFO - 📄 Result PDF создан через базовый Python fallback: /opt/airflow/temp/1760548393_test_short/1760548393_test_short_result.pdf
[2025-10-15T17:15:27.939+0000] {quality_assurance.py:1205} INFO - Using fallback-generated PDF for visual comparison: /opt/***/temp/1760548393_test_short/1760548393_test_short_result.pdf
[2025-10-15T17:15:27.940+0000] {quality_assurance.py:357} WARNING - Visual diff helpers unavailable; returning fallback comparison result
[2025-10-15T17:15:27.940+0000] {quality_assurance.py:957} INFO - ✅ Уровень 2 завершен: SSIM=1.000, differences=0
[2025-10-15T17:15:27.940+0000] {python.py:201} INFO - Done. Returned value was: {'level': 2, 'name': 'visual_comparison', 'overall_similarity': 1.0, 'ssim_score': 1.0, 'differences_count': 0, 'issues_found': [], 'processing_time': 0.0782010555267334, 'pandoc_integration': True, 'validation_score': 1.0, 'pages_compared': 0, 'diff_summary': {'status': 'skipped', 'reason': 'visual_diff_unavailable'}, 'diff_image_paths': [], 'result_pdf_path': '/opt/***/temp/1760548393_test_short/1760548393_test_short_result.pdf'}
[2025-10-15T17:15:27.962+0000] {taskinstance.py:1138} INFO - Marking task as SUCCESS. dag_id=quality_assurance, task_id=perform_visual_comparison, execution_date=20251015T171524, start_date=20251015T171527, end_date=20251015T171527
[2025-10-15T17:15:27.989+0000] {local_task_job_runner.py:234} INFO - Task exited with return code 0
[2025-10-15T17:15:28.098+0000] {taskinstance.py:3280} INFO - 0 downstream tasks scheduled from follow-on schedule check
