[2025-10-15T11:11:38.927+0000] {taskinstance.py:1956} INFO - Dependencies all met for dep_context=non-requeueable deps ti=<TaskInstance: translation_pipeline.perform_translation manual__2025-10-15T11:11:36.868017+00:00 [queued]>
[2025-10-15T11:11:38.933+0000] {taskinstance.py:1956} INFO - Dependencies all met for dep_context=requeueable deps ti=<TaskInstance: translation_pipeline.perform_translation manual__2025-10-15T11:11:36.868017+00:00 [queued]>
[2025-10-15T11:11:38.933+0000] {taskinstance.py:2170} INFO - Starting attempt 1 of 3
[2025-10-15T11:11:38.942+0000] {taskinstance.py:2191} INFO - Executing <Task(PythonOperator): perform_translation> on 2025-10-15 11:11:36.868017+00:00
[2025-10-15T11:11:38.948+0000] {standard_task_runner.py:60} INFO - Started process 213 to run task
[2025-10-15T11:11:38.950+0000] {standard_task_runner.py:87} INFO - Running: ['***', 'tasks', 'run', 'translation_pipeline', 'perform_translation', 'manual__2025-10-15T11:11:36.868017+00:00', '--job-id', '1402', '--raw', '--subdir', 'DAGS_FOLDER/translation_pipeline.py', '--cfg-path', '/tmp/tmprz_47r3g']
[2025-10-15T11:11:38.951+0000] {standard_task_runner.py:88} INFO - Job 1402: Subtask perform_translation
[2025-10-15T11:11:38.996+0000] {task_command.py:423} INFO - Running <TaskInstance: translation_pipeline.perform_translation manual__2025-10-15T11:11:36.868017+00:00 [running]> on host 289cda1aef62
[2025-10-15T11:11:39.062+0000] {taskinstance.py:2480} INFO - Exporting env vars: AIRFLOW_CTX_DAG_OWNER='pdf-converter' AIRFLOW_CTX_DAG_ID='translation_pipeline' AIRFLOW_CTX_TASK_ID='perform_translation' AIRFLOW_CTX_EXECUTION_DATE='2025-10-15T11:11:36.868017+00:00' AIRFLOW_CTX_TRY_NUMBER='1' AIRFLOW_CTX_DAG_RUN_ID='manual__2025-10-15T11:11:36.868017+00:00'
[2025-10-15T11:11:39.076+0000] {translation_pipeline.py:459} INFO - 📦 Подготовлено чанков для перевода: 201
[2025-10-15T11:11:39.076+0000] {translation_pipeline.py:193} INFO - 🌐 Отправка чанка 1/101 в translator service (попытка 1)
[2025-10-15T11:11:39.087+0000] {translation_pipeline.py:212} INFO - ✅ Чанк 1/101 переведен за 0.01s
[2025-10-15T11:11:39.087+0000] {translation_pipeline.py:193} INFO - 🌐 Отправка чанка 2/101 в translator service (попытка 1)
[2025-10-15T11:11:39.096+0000] {translation_pipeline.py:212} INFO - ✅ Чанк 2/101 переведен за 0.01s
[2025-10-15T11:11:39.096+0000] {translation_pipeline.py:193} INFO - 🌐 Отправка чанка 3/101 в translator service (попытка 1)
[2025-10-15T11:11:39.102+0000] {translation_pipeline.py:212} INFO - ✅ Чанк 3/101 переведен за 0.01s
[2025-10-15T11:11:39.102+0000] {translation_pipeline.py:193} INFO - 🌐 Отправка чанка 4/101 в translator service (попытка 1)
[2025-10-15T11:11:39.106+0000] {translation_pipeline.py:212} INFO - ✅ Чанк 4/101 переведен за 0.00s
[2025-10-15T11:11:39.106+0000] {translation_pipeline.py:193} INFO - 🌐 Отправка чанка 5/101 в translator service (попытка 1)
[2025-10-15T11:11:39.113+0000] {translation_pipeline.py:212} INFO - ✅ Чанк 5/101 переведен за 0.01s
[2025-10-15T11:11:39.113+0000] {translation_pipeline.py:193} INFO - 🌐 Отправка чанка 6/101 в translator service (попытка 1)
[2025-10-15T11:11:39.120+0000] {translation_pipeline.py:212} INFO - ✅ Чанк 6/101 переведен за 0.01s
[2025-10-15T11:11:39.120+0000] {translation_pipeline.py:193} INFO - 🌐 Отправка чанка 7/101 в translator service (попытка 1)
[2025-10-15T11:11:39.127+0000] {translation_pipeline.py:212} INFO - ✅ Чанк 7/101 переведен за 0.01s
[2025-10-15T11:11:39.127+0000] {translation_pipeline.py:193} INFO - 🌐 Отправка чанка 8/101 в translator service (попытка 1)
[2025-10-15T11:11:39.138+0000] {translation_pipeline.py:212} INFO - ✅ Чанк 8/101 переведен за 0.01s
[2025-10-15T11:11:39.138+0000] {translation_pipeline.py:193} INFO - 🌐 Отправка чанка 9/101 в translator service (попытка 1)
[2025-10-15T11:11:39.145+0000] {translation_pipeline.py:212} INFO - ✅ Чанк 9/101 переведен за 0.01s
[2025-10-15T11:11:39.145+0000] {translation_pipeline.py:193} INFO - 🌐 Отправка чанка 10/101 в translator service (попытка 1)
[2025-10-15T11:11:39.153+0000] {translation_pipeline.py:212} INFO - ✅ Чанк 10/101 переведен за 0.01s
[2025-10-15T11:11:39.153+0000] {translation_pipeline.py:193} INFO - 🌐 Отправка чанка 11/101 в translator service (попытка 1)
[2025-10-15T11:11:39.161+0000] {translation_pipeline.py:212} INFO - ✅ Чанк 11/101 переведен за 0.01s
[2025-10-15T11:11:39.161+0000] {translation_pipeline.py:193} INFO - 🌐 Отправка чанка 12/101 в translator service (попытка 1)
[2025-10-15T11:11:39.168+0000] {translation_pipeline.py:212} INFO - ✅ Чанк 12/101 переведен за 0.01s
[2025-10-15T11:11:39.168+0000] {translation_pipeline.py:193} INFO - 🌐 Отправка чанка 13/101 в translator service (попытка 1)
[2025-10-15T11:11:39.175+0000] {translation_pipeline.py:212} INFO - ✅ Чанк 13/101 переведен за 0.01s
[2025-10-15T11:11:39.175+0000] {translation_pipeline.py:193} INFO - 🌐 Отправка чанка 14/101 в translator service (попытка 1)
[2025-10-15T11:11:39.182+0000] {translation_pipeline.py:212} INFO - ✅ Чанк 14/101 переведен за 0.01s
[2025-10-15T11:11:39.182+0000] {translation_pipeline.py:193} INFO - 🌐 Отправка чанка 15/101 в translator service (попытка 1)
[2025-10-15T11:11:39.189+0000] {translation_pipeline.py:212} INFO - ✅ Чанк 15/101 переведен за 0.01s
[2025-10-15T11:11:39.189+0000] {translation_pipeline.py:193} INFO - 🌐 Отправка чанка 16/101 в translator service (попытка 1)
[2025-10-15T11:11:39.195+0000] {translation_pipeline.py:212} INFO - ✅ Чанк 16/101 переведен за 0.01s
[2025-10-15T11:11:39.196+0000] {translation_pipeline.py:193} INFO - 🌐 Отправка чанка 17/101 в translator service (попытка 1)
[2025-10-15T11:11:39.202+0000] {translation_pipeline.py:212} INFO - ✅ Чанк 17/101 переведен за 0.01s
[2025-10-15T11:11:39.202+0000] {translation_pipeline.py:193} INFO - 🌐 Отправка чанка 18/101 в translator service (попытка 1)
[2025-10-15T11:11:39.209+0000] {translation_pipeline.py:212} INFO - ✅ Чанк 18/101 переведен за 0.01s
[2025-10-15T11:11:39.209+0000] {translation_pipeline.py:193} INFO - 🌐 Отправка чанка 19/101 в translator service (попытка 1)
[2025-10-15T11:11:39.216+0000] {translation_pipeline.py:212} INFO - ✅ Чанк 19/101 переведен за 0.01s
[2025-10-15T11:11:39.217+0000] {translation_pipeline.py:193} INFO - 🌐 Отправка чанка 20/101 в translator service (попытка 1)
[2025-10-15T11:11:39.224+0000] {translation_pipeline.py:212} INFO - ✅ Чанк 20/101 переведен за 0.01s
[2025-10-15T11:11:39.224+0000] {translation_pipeline.py:193} INFO - 🌐 Отправка чанка 21/101 в translator service (попытка 1)
[2025-10-15T11:11:39.229+0000] {translation_pipeline.py:212} INFO - ✅ Чанк 21/101 переведен за 0.01s
[2025-10-15T11:11:39.230+0000] {translation_pipeline.py:193} INFO - 🌐 Отправка чанка 22/101 в translator service (попытка 1)
[2025-10-15T11:11:39.235+0000] {translation_pipeline.py:212} INFO - ✅ Чанк 22/101 переведен за 0.01s
[2025-10-15T11:11:39.235+0000] {translation_pipeline.py:193} INFO - 🌐 Отправка чанка 23/101 в translator service (попытка 1)
[2025-10-15T11:11:39.241+0000] {translation_pipeline.py:212} INFO - ✅ Чанк 23/101 переведен за 0.01s
[2025-10-15T11:11:39.241+0000] {translation_pipeline.py:193} INFO - 🌐 Отправка чанка 24/101 в translator service (попытка 1)
[2025-10-15T11:11:39.248+0000] {translation_pipeline.py:212} INFO - ✅ Чанк 24/101 переведен за 0.01s
[2025-10-15T11:11:39.248+0000] {translation_pipeline.py:193} INFO - 🌐 Отправка чанка 25/101 в translator service (попытка 1)
[2025-10-15T11:11:39.254+0000] {translation_pipeline.py:212} INFO - ✅ Чанк 25/101 переведен за 0.01s
[2025-10-15T11:11:39.254+0000] {translation_pipeline.py:193} INFO - 🌐 Отправка чанка 26/101 в translator service (попытка 1)
[2025-10-15T11:11:39.261+0000] {translation_pipeline.py:212} INFO - ✅ Чанк 26/101 переведен за 0.01s
[2025-10-15T11:11:39.261+0000] {translation_pipeline.py:193} INFO - 🌐 Отправка чанка 27/101 в translator service (попытка 1)
[2025-10-15T11:11:39.268+0000] {translation_pipeline.py:212} INFO - ✅ Чанк 27/101 переведен за 0.01s
[2025-10-15T11:11:39.268+0000] {translation_pipeline.py:193} INFO - 🌐 Отправка чанка 28/101 в translator service (попытка 1)
[2025-10-15T11:11:39.273+0000] {translation_pipeline.py:212} INFO - ✅ Чанк 28/101 переведен за 0.01s
[2025-10-15T11:11:39.273+0000] {translation_pipeline.py:193} INFO - 🌐 Отправка чанка 29/101 в translator service (попытка 1)
[2025-10-15T11:11:39.280+0000] {translation_pipeline.py:212} INFO - ✅ Чанк 29/101 переведен за 0.01s
[2025-10-15T11:11:39.280+0000] {translation_pipeline.py:193} INFO - 🌐 Отправка чанка 30/101 в translator service (попытка 1)
[2025-10-15T11:11:39.287+0000] {translation_pipeline.py:212} INFO - ✅ Чанк 30/101 переведен за 0.01s
[2025-10-15T11:11:39.287+0000] {translation_pipeline.py:193} INFO - 🌐 Отправка чанка 31/101 в translator service (попытка 1)
[2025-10-15T11:11:39.294+0000] {translation_pipeline.py:212} INFO - ✅ Чанк 31/101 переведен за 0.01s
[2025-10-15T11:11:39.294+0000] {translation_pipeline.py:193} INFO - 🌐 Отправка чанка 32/101 в translator service (попытка 1)
[2025-10-15T11:11:39.301+0000] {translation_pipeline.py:212} INFO - ✅ Чанк 32/101 переведен за 0.01s
[2025-10-15T11:11:39.301+0000] {translation_pipeline.py:193} INFO - 🌐 Отправка чанка 33/101 в translator service (попытка 1)
[2025-10-15T11:11:39.308+0000] {translation_pipeline.py:212} INFO - ✅ Чанк 33/101 переведен за 0.01s
[2025-10-15T11:11:39.308+0000] {translation_pipeline.py:193} INFO - 🌐 Отправка чанка 34/101 в translator service (попытка 1)
[2025-10-15T11:11:39.312+0000] {translation_pipeline.py:212} INFO - ✅ Чанк 34/101 переведен за 0.00s
[2025-10-15T11:11:39.312+0000] {translation_pipeline.py:193} INFO - 🌐 Отправка чанка 35/101 в translator service (попытка 1)
[2025-10-15T11:11:39.316+0000] {translation_pipeline.py:212} INFO - ✅ Чанк 35/101 переведен за 0.00s
[2025-10-15T11:11:39.316+0000] {translation_pipeline.py:193} INFO - 🌐 Отправка чанка 36/101 в translator service (попытка 1)
[2025-10-15T11:11:39.319+0000] {translation_pipeline.py:212} INFO - ✅ Чанк 36/101 переведен за 0.00s
[2025-10-15T11:11:39.320+0000] {translation_pipeline.py:193} INFO - 🌐 Отправка чанка 37/101 в translator service (попытка 1)
[2025-10-15T11:11:39.330+0000] {translation_pipeline.py:212} INFO - ✅ Чанк 37/101 переведен за 0.01s
[2025-10-15T11:11:39.330+0000] {translation_pipeline.py:193} INFO - 🌐 Отправка чанка 38/101 в translator service (попытка 1)
[2025-10-15T11:11:39.346+0000] {translation_pipeline.py:212} INFO - ✅ Чанк 38/101 переведен за 0.02s
[2025-10-15T11:11:39.346+0000] {translation_pipeline.py:193} INFO - 🌐 Отправка чанка 39/101 в translator service (попытка 1)
[2025-10-15T11:11:39.350+0000] {translation_pipeline.py:212} INFO - ✅ Чанк 39/101 переведен за 0.00s
[2025-10-15T11:11:39.350+0000] {translation_pipeline.py:193} INFO - 🌐 Отправка чанка 40/101 в translator service (попытка 1)
[2025-10-15T11:11:39.354+0000] {translation_pipeline.py:212} INFO - ✅ Чанк 40/101 переведен за 0.00s
[2025-10-15T11:11:39.354+0000] {translation_pipeline.py:193} INFO - 🌐 Отправка чанка 41/101 в translator service (попытка 1)
[2025-10-15T11:11:39.358+0000] {translation_pipeline.py:212} INFO - ✅ Чанк 41/101 переведен за 0.00s
[2025-10-15T11:11:39.358+0000] {translation_pipeline.py:193} INFO - 🌐 Отправка чанка 42/101 в translator service (попытка 1)
[2025-10-15T11:11:39.361+0000] {translation_pipeline.py:212} INFO - ✅ Чанк 42/101 переведен за 0.00s
[2025-10-15T11:11:39.362+0000] {translation_pipeline.py:193} INFO - 🌐 Отправка чанка 43/101 в translator service (попытка 1)
[2025-10-15T11:11:39.368+0000] {translation_pipeline.py:212} INFO - ✅ Чанк 43/101 переведен за 0.01s
[2025-10-15T11:11:39.369+0000] {translation_pipeline.py:193} INFO - 🌐 Отправка чанка 44/101 в translator service (попытка 1)
[2025-10-15T11:11:39.375+0000] {translation_pipeline.py:212} INFO - ✅ Чанк 44/101 переведен за 0.01s
[2025-10-15T11:11:39.376+0000] {translation_pipeline.py:193} INFO - 🌐 Отправка чанка 45/101 в translator service (попытка 1)
[2025-10-15T11:11:39.379+0000] {translation_pipeline.py:212} INFO - ✅ Чанк 45/101 переведен за 0.00s
[2025-10-15T11:11:39.379+0000] {translation_pipeline.py:193} INFO - 🌐 Отправка чанка 46/101 в translator service (попытка 1)
[2025-10-15T11:11:39.383+0000] {translation_pipeline.py:212} INFO - ✅ Чанк 46/101 переведен за 0.00s
[2025-10-15T11:11:39.383+0000] {translation_pipeline.py:193} INFO - 🌐 Отправка чанка 47/101 в translator service (попытка 1)
[2025-10-15T11:11:39.390+0000] {translation_pipeline.py:212} INFO - ✅ Чанк 47/101 переведен за 0.01s
[2025-10-15T11:11:39.390+0000] {translation_pipeline.py:193} INFO - 🌐 Отправка чанка 48/101 в translator service (попытка 1)
[2025-10-15T11:11:39.396+0000] {translation_pipeline.py:212} INFO - ✅ Чанк 48/101 переведен за 0.01s
[2025-10-15T11:11:39.396+0000] {translation_pipeline.py:193} INFO - 🌐 Отправка чанка 49/101 в translator service (попытка 1)
[2025-10-15T11:11:39.399+0000] {translation_pipeline.py:212} INFO - ✅ Чанк 49/101 переведен за 0.00s
[2025-10-15T11:11:39.400+0000] {translation_pipeline.py:193} INFO - 🌐 Отправка чанка 50/101 в translator service (попытка 1)
[2025-10-15T11:11:39.403+0000] {translation_pipeline.py:212} INFO - ✅ Чанк 50/101 переведен за 0.00s
[2025-10-15T11:11:39.403+0000] {translation_pipeline.py:193} INFO - 🌐 Отправка чанка 51/101 в translator service (попытка 1)
[2025-10-15T11:11:39.407+0000] {translation_pipeline.py:212} INFO - ✅ Чанк 51/101 переведен за 0.00s
[2025-10-15T11:11:39.407+0000] {translation_pipeline.py:193} INFO - 🌐 Отправка чанка 52/101 в translator service (попытка 1)
[2025-10-15T11:11:39.414+0000] {translation_pipeline.py:212} INFO - ✅ Чанк 52/101 переведен за 0.01s
[2025-10-15T11:11:39.414+0000] {translation_pipeline.py:193} INFO - 🌐 Отправка чанка 53/101 в translator service (попытка 1)
[2025-10-15T11:11:39.418+0000] {translation_pipeline.py:212} INFO - ✅ Чанк 53/101 переведен за 0.00s
[2025-10-15T11:11:39.418+0000] {translation_pipeline.py:193} INFO - 🌐 Отправка чанка 54/101 в translator service (попытка 1)
[2025-10-15T11:11:39.421+0000] {translation_pipeline.py:212} INFO - ✅ Чанк 54/101 переведен за 0.00s
[2025-10-15T11:11:39.422+0000] {translation_pipeline.py:193} INFO - 🌐 Отправка чанка 55/101 в translator service (попытка 1)
[2025-10-15T11:11:39.425+0000] {translation_pipeline.py:212} INFO - ✅ Чанк 55/101 переведен за 0.00s
[2025-10-15T11:11:39.425+0000] {translation_pipeline.py:193} INFO - 🌐 Отправка чанка 56/101 в translator service (попытка 1)
[2025-10-15T11:11:39.429+0000] {translation_pipeline.py:212} INFO - ✅ Чанк 56/101 переведен за 0.00s
[2025-10-15T11:11:39.429+0000] {translation_pipeline.py:193} INFO - 🌐 Отправка чанка 57/101 в translator service (попытка 1)
[2025-10-15T11:11:39.437+0000] {translation_pipeline.py:212} INFO - ✅ Чанк 57/101 переведен за 0.01s
[2025-10-15T11:11:39.437+0000] {translation_pipeline.py:193} INFO - 🌐 Отправка чанка 58/101 в translator service (попытка 1)
[2025-10-15T11:11:39.444+0000] {translation_pipeline.py:212} INFO - ✅ Чанк 58/101 переведен за 0.01s
[2025-10-15T11:11:39.444+0000] {translation_pipeline.py:193} INFO - 🌐 Отправка чанка 59/101 в translator service (попытка 1)
[2025-10-15T11:11:39.448+0000] {translation_pipeline.py:212} INFO - ✅ Чанк 59/101 переведен за 0.00s
[2025-10-15T11:11:39.448+0000] {translation_pipeline.py:193} INFO - 🌐 Отправка чанка 60/101 в translator service (попытка 1)
[2025-10-15T11:11:39.452+0000] {translation_pipeline.py:212} INFO - ✅ Чанк 60/101 переведен за 0.00s
[2025-10-15T11:11:39.452+0000] {translation_pipeline.py:193} INFO - 🌐 Отправка чанка 61/101 в translator service (попытка 1)
[2025-10-15T11:11:39.455+0000] {translation_pipeline.py:212} INFO - ✅ Чанк 61/101 переведен за 0.00s
[2025-10-15T11:11:39.456+0000] {translation_pipeline.py:193} INFO - 🌐 Отправка чанка 62/101 в translator service (попытка 1)
[2025-10-15T11:11:39.459+0000] {translation_pipeline.py:212} INFO - ✅ Чанк 62/101 переведен за 0.00s
[2025-10-15T11:11:39.459+0000] {translation_pipeline.py:193} INFO - 🌐 Отправка чанка 63/101 в translator service (попытка 1)
[2025-10-15T11:11:39.463+0000] {translation_pipeline.py:212} INFO - ✅ Чанк 63/101 переведен за 0.00s
[2025-10-15T11:11:39.463+0000] {translation_pipeline.py:193} INFO - 🌐 Отправка чанка 64/101 в translator service (попытка 1)
[2025-10-15T11:11:39.467+0000] {translation_pipeline.py:212} INFO - ✅ Чанк 64/101 переведен за 0.00s
[2025-10-15T11:11:39.467+0000] {translation_pipeline.py:193} INFO - 🌐 Отправка чанка 65/101 в translator service (попытка 1)
[2025-10-15T11:11:39.471+0000] {translation_pipeline.py:212} INFO - ✅ Чанк 65/101 переведен за 0.00s
[2025-10-15T11:11:39.471+0000] {translation_pipeline.py:193} INFO - 🌐 Отправка чанка 66/101 в translator service (попытка 1)
[2025-10-15T11:11:39.475+0000] {translation_pipeline.py:212} INFO - ✅ Чанк 66/101 переведен за 0.00s
[2025-10-15T11:11:39.475+0000] {translation_pipeline.py:193} INFO - 🌐 Отправка чанка 67/101 в translator service (попытка 1)
[2025-10-15T11:11:39.478+0000] {translation_pipeline.py:212} INFO - ✅ Чанк 67/101 переведен за 0.00s
[2025-10-15T11:11:39.478+0000] {translation_pipeline.py:193} INFO - 🌐 Отправка чанка 68/101 в translator service (попытка 1)
[2025-10-15T11:11:39.482+0000] {translation_pipeline.py:212} INFO - ✅ Чанк 68/101 переведен за 0.00s
[2025-10-15T11:11:39.482+0000] {translation_pipeline.py:193} INFO - 🌐 Отправка чанка 69/101 в translator service (попытка 1)
[2025-10-15T11:11:39.486+0000] {translation_pipeline.py:212} INFO - ✅ Чанк 69/101 переведен за 0.00s
[2025-10-15T11:11:39.486+0000] {translation_pipeline.py:193} INFO - 🌐 Отправка чанка 70/101 в translator service (попытка 1)
[2025-10-15T11:11:39.490+0000] {translation_pipeline.py:212} INFO - ✅ Чанк 70/101 переведен за 0.00s
[2025-10-15T11:11:39.490+0000] {translation_pipeline.py:193} INFO - 🌐 Отправка чанка 71/101 в translator service (попытка 1)
[2025-10-15T11:11:39.493+0000] {translation_pipeline.py:212} INFO - ✅ Чанк 71/101 переведен за 0.00s
[2025-10-15T11:11:39.494+0000] {translation_pipeline.py:193} INFO - 🌐 Отправка чанка 72/101 в translator service (попытка 1)
[2025-10-15T11:11:39.497+0000] {translation_pipeline.py:212} INFO - ✅ Чанк 72/101 переведен за 0.00s
[2025-10-15T11:11:39.497+0000] {translation_pipeline.py:193} INFO - 🌐 Отправка чанка 73/101 в translator service (попытка 1)
[2025-10-15T11:11:39.501+0000] {translation_pipeline.py:212} INFO - ✅ Чанк 73/101 переведен за 0.00s
[2025-10-15T11:11:39.501+0000] {translation_pipeline.py:193} INFO - 🌐 Отправка чанка 74/101 в translator service (попытка 1)
[2025-10-15T11:11:39.505+0000] {translation_pipeline.py:212} INFO - ✅ Чанк 74/101 переведен за 0.00s
[2025-10-15T11:11:39.505+0000] {translation_pipeline.py:193} INFO - 🌐 Отправка чанка 75/101 в translator service (попытка 1)
[2025-10-15T11:11:39.509+0000] {translation_pipeline.py:212} INFO - ✅ Чанк 75/101 переведен за 0.00s
[2025-10-15T11:11:39.509+0000] {translation_pipeline.py:193} INFO - 🌐 Отправка чанка 76/101 в translator service (попытка 1)
[2025-10-15T11:11:39.513+0000] {translation_pipeline.py:212} INFO - ✅ Чанк 76/101 переведен за 0.00s
[2025-10-15T11:11:39.513+0000] {translation_pipeline.py:193} INFO - 🌐 Отправка чанка 77/101 в translator service (попытка 1)
[2025-10-15T11:11:39.516+0000] {translation_pipeline.py:212} INFO - ✅ Чанк 77/101 переведен за 0.00s
[2025-10-15T11:11:39.516+0000] {translation_pipeline.py:193} INFO - 🌐 Отправка чанка 78/101 в translator service (попытка 1)
[2025-10-15T11:11:39.520+0000] {translation_pipeline.py:212} INFO - ✅ Чанк 78/101 переведен за 0.00s
[2025-10-15T11:11:39.520+0000] {translation_pipeline.py:193} INFO - 🌐 Отправка чанка 79/101 в translator service (попытка 1)
[2025-10-15T11:11:39.524+0000] {translation_pipeline.py:212} INFO - ✅ Чанк 79/101 переведен за 0.00s
[2025-10-15T11:11:39.524+0000] {translation_pipeline.py:193} INFO - 🌐 Отправка чанка 80/101 в translator service (попытка 1)
[2025-10-15T11:11:39.528+0000] {translation_pipeline.py:212} INFO - ✅ Чанк 80/101 переведен за 0.00s
[2025-10-15T11:11:39.528+0000] {translation_pipeline.py:193} INFO - 🌐 Отправка чанка 81/101 в translator service (попытка 1)
[2025-10-15T11:11:39.532+0000] {translation_pipeline.py:212} INFO - ✅ Чанк 81/101 переведен за 0.00s
[2025-10-15T11:11:39.532+0000] {translation_pipeline.py:193} INFO - 🌐 Отправка чанка 82/101 в translator service (попытка 1)
[2025-10-15T11:11:39.535+0000] {translation_pipeline.py:212} INFO - ✅ Чанк 82/101 переведен за 0.00s
[2025-10-15T11:11:39.535+0000] {translation_pipeline.py:193} INFO - 🌐 Отправка чанка 83/101 в translator service (попытка 1)
[2025-10-15T11:11:39.539+0000] {translation_pipeline.py:212} INFO - ✅ Чанк 83/101 переведен за 0.00s
[2025-10-15T11:11:39.539+0000] {translation_pipeline.py:193} INFO - 🌐 Отправка чанка 84/101 в translator service (попытка 1)
[2025-10-15T11:11:39.543+0000] {translation_pipeline.py:212} INFO - ✅ Чанк 84/101 переведен за 0.00s
[2025-10-15T11:11:39.543+0000] {translation_pipeline.py:193} INFO - 🌐 Отправка чанка 85/101 в translator service (попытка 1)
[2025-10-15T11:11:39.547+0000] {translation_pipeline.py:212} INFO - ✅ Чанк 85/101 переведен за 0.00s
[2025-10-15T11:11:39.547+0000] {translation_pipeline.py:193} INFO - 🌐 Отправка чанка 86/101 в translator service (попытка 1)
[2025-10-15T11:11:39.551+0000] {translation_pipeline.py:212} INFO - ✅ Чанк 86/101 переведен за 0.00s
[2025-10-15T11:11:39.551+0000] {translation_pipeline.py:193} INFO - 🌐 Отправка чанка 87/101 в translator service (попытка 1)
[2025-10-15T11:11:39.554+0000] {translation_pipeline.py:212} INFO - ✅ Чанк 87/101 переведен за 0.00s
[2025-10-15T11:11:39.554+0000] {translation_pipeline.py:193} INFO - 🌐 Отправка чанка 88/101 в translator service (попытка 1)
[2025-10-15T11:11:39.558+0000] {translation_pipeline.py:212} INFO - ✅ Чанк 88/101 переведен за 0.00s
[2025-10-15T11:11:39.558+0000] {translation_pipeline.py:193} INFO - 🌐 Отправка чанка 89/101 в translator service (попытка 1)
[2025-10-15T11:11:39.562+0000] {translation_pipeline.py:212} INFO - ✅ Чанк 89/101 переведен за 0.00s
[2025-10-15T11:11:39.562+0000] {translation_pipeline.py:193} INFO - 🌐 Отправка чанка 90/101 в translator service (попытка 1)
[2025-10-15T11:11:39.566+0000] {translation_pipeline.py:212} INFO - ✅ Чанк 90/101 переведен за 0.00s
[2025-10-15T11:11:39.566+0000] {translation_pipeline.py:193} INFO - 🌐 Отправка чанка 91/101 в translator service (попытка 1)
[2025-10-15T11:11:39.569+0000] {translation_pipeline.py:212} INFO - ✅ Чанк 91/101 переведен за 0.00s
[2025-10-15T11:11:39.570+0000] {translation_pipeline.py:193} INFO - 🌐 Отправка чанка 92/101 в translator service (попытка 1)
[2025-10-15T11:11:39.573+0000] {translation_pipeline.py:212} INFO - ✅ Чанк 92/101 переведен за 0.00s
[2025-10-15T11:11:39.574+0000] {translation_pipeline.py:193} INFO - 🌐 Отправка чанка 93/101 в translator service (попытка 1)
[2025-10-15T11:11:39.580+0000] {translation_pipeline.py:212} INFO - ✅ Чанк 93/101 переведен за 0.01s
[2025-10-15T11:11:39.580+0000] {translation_pipeline.py:193} INFO - 🌐 Отправка чанка 94/101 в translator service (попытка 1)
[2025-10-15T11:11:39.584+0000] {translation_pipeline.py:212} INFO - ✅ Чанк 94/101 переведен за 0.00s
[2025-10-15T11:11:39.584+0000] {translation_pipeline.py:193} INFO - 🌐 Отправка чанка 95/101 в translator service (попытка 1)
[2025-10-15T11:11:39.589+0000] {translation_pipeline.py:212} INFO - ✅ Чанк 95/101 переведен за 0.00s
[2025-10-15T11:11:39.589+0000] {translation_pipeline.py:193} INFO - 🌐 Отправка чанка 96/101 в translator service (попытка 1)
[2025-10-15T11:11:39.594+0000] {translation_pipeline.py:212} INFO - ✅ Чанк 96/101 переведен за 0.01s
[2025-10-15T11:11:39.594+0000] {translation_pipeline.py:193} INFO - 🌐 Отправка чанка 97/101 в translator service (попытка 1)
[2025-10-15T11:11:39.598+0000] {translation_pipeline.py:212} INFO - ✅ Чанк 97/101 переведен за 0.00s
[2025-10-15T11:11:39.598+0000] {translation_pipeline.py:193} INFO - 🌐 Отправка чанка 98/101 в translator service (попытка 1)
[2025-10-15T11:11:39.602+0000] {translation_pipeline.py:212} INFO - ✅ Чанк 98/101 переведен за 0.00s
[2025-10-15T11:11:39.602+0000] {translation_pipeline.py:193} INFO - 🌐 Отправка чанка 99/101 в translator service (попытка 1)
[2025-10-15T11:11:39.606+0000] {translation_pipeline.py:212} INFO - ✅ Чанк 99/101 переведен за 0.00s
[2025-10-15T11:11:39.606+0000] {translation_pipeline.py:193} INFO - 🌐 Отправка чанка 100/101 в translator service (попытка 1)
[2025-10-15T11:11:39.612+0000] {translation_pipeline.py:212} INFO - ✅ Чанк 100/101 переведен за 0.01s
[2025-10-15T11:11:39.612+0000] {translation_pipeline.py:193} INFO - 🌐 Отправка чанка 101/101 в translator service (попытка 1)
[2025-10-15T11:11:39.617+0000] {translation_pipeline.py:212} INFO - ✅ Чанк 101/101 переведен за 0.01s
[2025-10-15T11:11:39.620+0000] {shared_utils.py:213} INFO - 📊 Метрики: {'dag_id': 'translation_pipeline', 'task_id': 'perform_translation', 'processing_time_seconds': 0.5575778484344482, 'pages_processed': 0, 'file_size_mb': 0.0, 'success': False, 'timestamp': '2025-10-15T11:11:39.620483'}
[2025-10-15T11:11:39.620+0000] {translation_pipeline.py:599} ERROR - ❌ Ошибка выполнения перевода: Недостаточное покрытие перевода китайского текста: 0.00% < 80%
[2025-10-15T11:11:39.630+0000] {taskinstance.py:2698} ERROR - Task failed with exception
Traceback (most recent call last):
  File "/home/airflow/.local/lib/python3.11/site-packages/airflow/models/taskinstance.py", line 428, in _execute_task
    result = execute_callable(context=context, **execute_callable_kwargs)
             ^^^^^^^^^^^^^^^^^^^^^^^^^^^^^^^^^^^^^^^^^^^^^^^^^^^^^^^^^^^^
  File "/home/airflow/.local/lib/python3.11/site-packages/airflow/operators/python.py", line 199, in execute
    return_value = self.execute_callable()
                   ^^^^^^^^^^^^^^^^^^^^^^^
  File "/home/airflow/.local/lib/python3.11/site-packages/airflow/operators/python.py", line 216, in execute_callable
    return self.python_callable(*self.op_args, **self.op_kwargs)
           ^^^^^^^^^^^^^^^^^^^^^^^^^^^^^^^^^^^^^^^^^^^^^^^^^^^^^
  File "/opt/airflow/dags/translation_pipeline.py", line 523, in perform_translation
    raise AirflowException(
airflow.exceptions.AirflowException: Недостаточное покрытие перевода китайского текста: 0.00% < 80%
[2025-10-15T11:11:39.632+0000] {taskinstance.py:1138} INFO - Marking task as UP_FOR_RETRY. dag_id=translation_pipeline, task_id=perform_translation, execution_date=20251015T111136, start_date=20251015T111138, end_date=20251015T111139
[2025-10-15T11:11:39.641+0000] {standard_task_runner.py:107} ERROR - Failed to execute job 1402 for task perform_translation (Недостаточное покрытие перевода китайского текста: 0.00% < 80%; 213)
[2025-10-15T11:11:39.682+0000] {local_task_job_runner.py:234} INFO - Task exited with return code 1
[2025-10-15T11:11:39.703+0000] {taskinstance.py:3280} INFO - 0 downstream tasks scheduled from follow-on schedule check
