[2025-10-15T09:24:38.528+0000] {taskinstance.py:1956} INFO - Dependencies all met for dep_context=non-requeueable deps ti=<TaskInstance: document_preprocessing.notify_completion manual__2025-10-15T09:24:02.333219+00:00 [queued]>
[2025-10-15T09:24:38.533+0000] {taskinstance.py:1956} INFO - Dependencies all met for dep_context=requeueable deps ti=<TaskInstance: document_preprocessing.notify_completion manual__2025-10-15T09:24:02.333219+00:00 [queued]>
[2025-10-15T09:24:38.533+0000] {taskinstance.py:2170} INFO - Starting attempt 1 of 3
[2025-10-15T09:24:38.541+0000] {taskinstance.py:2191} INFO - Executing <Task(PythonOperator): notify_completion> on 2025-10-15 09:24:02.333219+00:00
[2025-10-15T09:24:38.547+0000] {standard_task_runner.py:60} INFO - Started process 216 to run task
[2025-10-15T09:24:38.549+0000] {standard_task_runner.py:87} INFO - Running: ['***', 'tasks', 'run', 'document_preprocessing', 'notify_completion', 'manual__2025-10-15T09:24:02.333219+00:00', '--job-id', '1354', '--raw', '--subdir', 'DAGS_FOLDER/document_preprocessing.py', '--cfg-path', '/tmp/tmpdog25d6j']
[2025-10-15T09:24:38.550+0000] {standard_task_runner.py:88} INFO - Job 1354: Subtask notify_completion
[2025-10-15T09:24:38.593+0000] {task_command.py:423} INFO - Running <TaskInstance: document_preprocessing.notify_completion manual__2025-10-15T09:24:02.333219+00:00 [running]> on host d83008b49fd2
[2025-10-15T09:24:38.658+0000] {taskinstance.py:2480} INFO - Exporting env vars: AIRFLOW_CTX_DAG_OWNER='pdf-converter' AIRFLOW_CTX_DAG_ID='document_preprocessing' AIRFLOW_CTX_TASK_ID='notify_completion' AIRFLOW_CTX_EXECUTION_DATE='2025-10-15T09:24:02.333219+00:00' AIRFLOW_CTX_TRY_NUMBER='1' AIRFLOW_CTX_DAG_RUN_ID='manual__2025-10-15T09:24:02.333219+00:00'
[2025-10-15T09:24:38.680+0000] {shared_utils.py:267} INFO - 
✅ УСПЕШНОЕ ЗАВЕРШЕНИЕ
DAG: document_preprocessing
Task: notify_completion
Время: 2025-10-15T09:24:38.680513
Результат: Обработка завершена

[2025-10-15T09:24:38.680+0000] {document_preprocessing.py:549} INFO - 
✅ DOCUMENT PREPROCESSING ЗАВЕРШЕН УСПЕШНО
📄 Файл: test_short.pdf
📊 Страниц: 5
⏱️ Время: 32.26с
🔍 OCR: Да
📋 Таблицы: Да
📁 Файл: /opt/***/temp/doc_1760520244/doc_1760520244_intermediate.json
✅ Готов для следующей стадии

[2025-10-15T09:24:38.680+0000] {python.py:201} INFO - Done. Returned value was: None
[2025-10-15T09:24:38.690+0000] {taskinstance.py:1138} INFO - Marking task as SUCCESS. dag_id=document_preprocessing, task_id=notify_completion, execution_date=20251015T092402, start_date=20251015T092438, end_date=20251015T092438
[2025-10-15T09:24:38.720+0000] {local_task_job_runner.py:234} INFO - Task exited with return code 0
[2025-10-15T09:24:38.736+0000] {taskinstance.py:3280} INFO - 0 downstream tasks scheduled from follow-on schedule check
