[2025-10-09T09:37:37.082+0000] {processor.py:161} INFO - Started process (PID=29235) to work on /opt/airflow/dags/content_transformation.py
[2025-10-09T09:37:37.082+0000] {processor.py:830} INFO - Processing file /opt/airflow/dags/content_transformation.py for tasks to queue
[2025-10-09T09:37:37.083+0000] {logging_mixin.py:188} INFO - [2025-10-09T09:37:37.083+0000] {dagbag.py:538} INFO - Filling up the DagBag from /opt/airflow/dags/content_transformation.py
[2025-10-09T09:37:37.100+0000] {logging_mixin.py:188} INFO - [2025-10-09T09:37:37.099+0000] {shared_utils.py:409} INFO - Инициализированы пути обработки: ['input_pdf', 'temp_dir', 'output_md', 'logs', 'work_dir']
[2025-10-09T09:37:37.100+0000] {logging_mixin.py:188} INFO - [2025-10-09T09:37:37.100+0000] {shared_utils.py:413} INFO - Настроены URL сервисов: ['document_processor', 'translator', 'quality_assurance', 'airflow']
[2025-10-09T09:37:37.106+0000] {processor.py:840} INFO - DAG(s) 'content_transformation' retrieved from /opt/airflow/dags/content_transformation.py
[2025-10-09T09:37:37.124+0000] {logging_mixin.py:188} INFO - [2025-10-09T09:37:37.124+0000] {dag.py:3036} INFO - Sync 1 DAGs
[2025-10-09T09:37:37.135+0000] {logging_mixin.py:188} INFO - [2025-10-09T09:37:37.134+0000] {dag.py:3823} INFO - Setting next_dagrun for content_transformation to None, run_after=None
[2025-10-09T09:37:37.147+0000] {processor.py:183} INFO - Processing /opt/airflow/dags/content_transformation.py took 0.067 seconds
[2025-10-09T09:38:07.495+0000] {processor.py:161} INFO - Started process (PID=29248) to work on /opt/airflow/dags/content_transformation.py
[2025-10-09T09:38:07.496+0000] {processor.py:830} INFO - Processing file /opt/airflow/dags/content_transformation.py for tasks to queue
[2025-10-09T09:38:07.497+0000] {logging_mixin.py:188} INFO - [2025-10-09T09:38:07.497+0000] {dagbag.py:538} INFO - Filling up the DagBag from /opt/airflow/dags/content_transformation.py
[2025-10-09T09:38:07.513+0000] {logging_mixin.py:188} INFO - [2025-10-09T09:38:07.513+0000] {shared_utils.py:409} INFO - Инициализированы пути обработки: ['input_pdf', 'temp_dir', 'output_md', 'logs', 'work_dir']
[2025-10-09T09:38:07.513+0000] {logging_mixin.py:188} INFO - [2025-10-09T09:38:07.513+0000] {shared_utils.py:413} INFO - Настроены URL сервисов: ['document_processor', 'translator', 'quality_assurance', 'airflow']
[2025-10-09T09:38:07.519+0000] {processor.py:840} INFO - DAG(s) 'content_transformation' retrieved from /opt/airflow/dags/content_transformation.py
[2025-10-09T09:38:07.540+0000] {logging_mixin.py:188} INFO - [2025-10-09T09:38:07.540+0000] {dag.py:3036} INFO - Sync 1 DAGs
[2025-10-09T09:38:07.551+0000] {logging_mixin.py:188} INFO - [2025-10-09T09:38:07.551+0000] {dag.py:3823} INFO - Setting next_dagrun for content_transformation to None, run_after=None
[2025-10-09T09:38:07.564+0000] {processor.py:183} INFO - Processing /opt/airflow/dags/content_transformation.py took 0.071 seconds
[2025-10-09T09:38:37.911+0000] {processor.py:161} INFO - Started process (PID=29261) to work on /opt/airflow/dags/content_transformation.py
[2025-10-09T09:38:37.912+0000] {processor.py:830} INFO - Processing file /opt/airflow/dags/content_transformation.py for tasks to queue
[2025-10-09T09:38:37.913+0000] {logging_mixin.py:188} INFO - [2025-10-09T09:38:37.913+0000] {dagbag.py:538} INFO - Filling up the DagBag from /opt/airflow/dags/content_transformation.py
[2025-10-09T09:38:37.929+0000] {logging_mixin.py:188} INFO - [2025-10-09T09:38:37.929+0000] {shared_utils.py:409} INFO - Инициализированы пути обработки: ['input_pdf', 'temp_dir', 'output_md', 'logs', 'work_dir']
[2025-10-09T09:38:37.929+0000] {logging_mixin.py:188} INFO - [2025-10-09T09:38:37.929+0000] {shared_utils.py:413} INFO - Настроены URL сервисов: ['document_processor', 'translator', 'quality_assurance', 'airflow']
[2025-10-09T09:38:37.935+0000] {processor.py:840} INFO - DAG(s) 'content_transformation' retrieved from /opt/airflow/dags/content_transformation.py
[2025-10-09T09:38:37.954+0000] {logging_mixin.py:188} INFO - [2025-10-09T09:38:37.954+0000] {dag.py:3036} INFO - Sync 1 DAGs
[2025-10-09T09:38:37.964+0000] {logging_mixin.py:188} INFO - [2025-10-09T09:38:37.964+0000] {dag.py:3823} INFO - Setting next_dagrun for content_transformation to None, run_after=None
[2025-10-09T09:38:37.977+0000] {processor.py:183} INFO - Processing /opt/airflow/dags/content_transformation.py took 0.068 seconds
[2025-10-09T09:39:08.377+0000] {processor.py:161} INFO - Started process (PID=29274) to work on /opt/airflow/dags/content_transformation.py
[2025-10-09T09:39:08.378+0000] {processor.py:830} INFO - Processing file /opt/airflow/dags/content_transformation.py for tasks to queue
[2025-10-09T09:39:08.379+0000] {logging_mixin.py:188} INFO - [2025-10-09T09:39:08.379+0000] {dagbag.py:538} INFO - Filling up the DagBag from /opt/airflow/dags/content_transformation.py
[2025-10-09T09:39:08.395+0000] {logging_mixin.py:188} INFO - [2025-10-09T09:39:08.394+0000] {shared_utils.py:409} INFO - Инициализированы пути обработки: ['input_pdf', 'temp_dir', 'output_md', 'logs', 'work_dir']
[2025-10-09T09:39:08.395+0000] {logging_mixin.py:188} INFO - [2025-10-09T09:39:08.395+0000] {shared_utils.py:413} INFO - Настроены URL сервисов: ['document_processor', 'translator', 'quality_assurance', 'airflow']
[2025-10-09T09:39:08.401+0000] {processor.py:840} INFO - DAG(s) 'content_transformation' retrieved from /opt/airflow/dags/content_transformation.py
[2025-10-09T09:39:08.420+0000] {logging_mixin.py:188} INFO - [2025-10-09T09:39:08.420+0000] {dag.py:3036} INFO - Sync 1 DAGs
[2025-10-09T09:39:08.430+0000] {logging_mixin.py:188} INFO - [2025-10-09T09:39:08.429+0000] {dag.py:3823} INFO - Setting next_dagrun for content_transformation to None, run_after=None
[2025-10-09T09:39:08.442+0000] {processor.py:183} INFO - Processing /opt/airflow/dags/content_transformation.py took 0.067 seconds
[2025-10-09T09:39:38.965+0000] {processor.py:161} INFO - Started process (PID=29287) to work on /opt/airflow/dags/content_transformation.py
[2025-10-09T09:39:38.965+0000] {processor.py:830} INFO - Processing file /opt/airflow/dags/content_transformation.py for tasks to queue
[2025-10-09T09:39:38.967+0000] {logging_mixin.py:188} INFO - [2025-10-09T09:39:38.966+0000] {dagbag.py:538} INFO - Filling up the DagBag from /opt/airflow/dags/content_transformation.py
[2025-10-09T09:39:38.982+0000] {logging_mixin.py:188} INFO - [2025-10-09T09:39:38.982+0000] {shared_utils.py:409} INFO - Инициализированы пути обработки: ['input_pdf', 'temp_dir', 'output_md', 'logs', 'work_dir']
[2025-10-09T09:39:38.983+0000] {logging_mixin.py:188} INFO - [2025-10-09T09:39:38.983+0000] {shared_utils.py:413} INFO - Настроены URL сервисов: ['document_processor', 'translator', 'quality_assurance', 'airflow']
[2025-10-09T09:39:38.989+0000] {processor.py:840} INFO - DAG(s) 'content_transformation' retrieved from /opt/airflow/dags/content_transformation.py
[2025-10-09T09:39:39.008+0000] {logging_mixin.py:188} INFO - [2025-10-09T09:39:39.008+0000] {dag.py:3036} INFO - Sync 1 DAGs
[2025-10-09T09:39:39.017+0000] {logging_mixin.py:188} INFO - [2025-10-09T09:39:39.017+0000] {dag.py:3823} INFO - Setting next_dagrun for content_transformation to None, run_after=None
[2025-10-09T09:39:39.029+0000] {processor.py:183} INFO - Processing /opt/airflow/dags/content_transformation.py took 0.067 seconds
[2025-10-09T09:40:09.381+0000] {processor.py:161} INFO - Started process (PID=29300) to work on /opt/airflow/dags/content_transformation.py
[2025-10-09T09:40:09.382+0000] {processor.py:830} INFO - Processing file /opt/airflow/dags/content_transformation.py for tasks to queue
[2025-10-09T09:40:09.383+0000] {logging_mixin.py:188} INFO - [2025-10-09T09:40:09.383+0000] {dagbag.py:538} INFO - Filling up the DagBag from /opt/airflow/dags/content_transformation.py
[2025-10-09T09:40:09.399+0000] {logging_mixin.py:188} INFO - [2025-10-09T09:40:09.399+0000] {shared_utils.py:409} INFO - Инициализированы пути обработки: ['input_pdf', 'temp_dir', 'output_md', 'logs', 'work_dir']
[2025-10-09T09:40:09.399+0000] {logging_mixin.py:188} INFO - [2025-10-09T09:40:09.399+0000] {shared_utils.py:413} INFO - Настроены URL сервисов: ['document_processor', 'translator', 'quality_assurance', 'airflow']
[2025-10-09T09:40:09.405+0000] {processor.py:840} INFO - DAG(s) 'content_transformation' retrieved from /opt/airflow/dags/content_transformation.py
[2025-10-09T09:40:09.424+0000] {logging_mixin.py:188} INFO - [2025-10-09T09:40:09.424+0000] {dag.py:3036} INFO - Sync 1 DAGs
[2025-10-09T09:40:09.434+0000] {logging_mixin.py:188} INFO - [2025-10-09T09:40:09.434+0000] {dag.py:3823} INFO - Setting next_dagrun for content_transformation to None, run_after=None
[2025-10-09T09:40:09.446+0000] {processor.py:183} INFO - Processing /opt/airflow/dags/content_transformation.py took 0.068 seconds
[2025-10-09T09:40:39.846+0000] {processor.py:161} INFO - Started process (PID=29313) to work on /opt/airflow/dags/content_transformation.py
[2025-10-09T09:40:39.847+0000] {processor.py:830} INFO - Processing file /opt/airflow/dags/content_transformation.py for tasks to queue
[2025-10-09T09:40:39.848+0000] {logging_mixin.py:188} INFO - [2025-10-09T09:40:39.848+0000] {dagbag.py:538} INFO - Filling up the DagBag from /opt/airflow/dags/content_transformation.py
[2025-10-09T09:40:39.864+0000] {logging_mixin.py:188} INFO - [2025-10-09T09:40:39.864+0000] {shared_utils.py:409} INFO - Инициализированы пути обработки: ['input_pdf', 'temp_dir', 'output_md', 'logs', 'work_dir']
[2025-10-09T09:40:39.865+0000] {logging_mixin.py:188} INFO - [2025-10-09T09:40:39.864+0000] {shared_utils.py:413} INFO - Настроены URL сервисов: ['document_processor', 'translator', 'quality_assurance', 'airflow']
[2025-10-09T09:40:39.870+0000] {processor.py:840} INFO - DAG(s) 'content_transformation' retrieved from /opt/airflow/dags/content_transformation.py
[2025-10-09T09:40:39.889+0000] {logging_mixin.py:188} INFO - [2025-10-09T09:40:39.888+0000] {dag.py:3036} INFO - Sync 1 DAGs
[2025-10-09T09:40:39.898+0000] {logging_mixin.py:188} INFO - [2025-10-09T09:40:39.898+0000] {dag.py:3823} INFO - Setting next_dagrun for content_transformation to None, run_after=None
[2025-10-09T09:40:39.910+0000] {processor.py:183} INFO - Processing /opt/airflow/dags/content_transformation.py took 0.066 seconds
[2025-10-09T09:41:10.362+0000] {processor.py:161} INFO - Started process (PID=29327) to work on /opt/airflow/dags/content_transformation.py
[2025-10-09T09:41:10.363+0000] {processor.py:830} INFO - Processing file /opt/airflow/dags/content_transformation.py for tasks to queue
[2025-10-09T09:41:10.364+0000] {logging_mixin.py:188} INFO - [2025-10-09T09:41:10.364+0000] {dagbag.py:538} INFO - Filling up the DagBag from /opt/airflow/dags/content_transformation.py
[2025-10-09T09:41:10.380+0000] {logging_mixin.py:188} INFO - [2025-10-09T09:41:10.380+0000] {shared_utils.py:409} INFO - Инициализированы пути обработки: ['input_pdf', 'temp_dir', 'output_md', 'logs', 'work_dir']
[2025-10-09T09:41:10.380+0000] {logging_mixin.py:188} INFO - [2025-10-09T09:41:10.380+0000] {shared_utils.py:413} INFO - Настроены URL сервисов: ['document_processor', 'translator', 'quality_assurance', 'airflow']
[2025-10-09T09:41:10.387+0000] {processor.py:840} INFO - DAG(s) 'content_transformation' retrieved from /opt/airflow/dags/content_transformation.py
[2025-10-09T09:41:10.407+0000] {logging_mixin.py:188} INFO - [2025-10-09T09:41:10.407+0000] {dag.py:3036} INFO - Sync 1 DAGs
[2025-10-09T09:41:10.418+0000] {logging_mixin.py:188} INFO - [2025-10-09T09:41:10.418+0000] {dag.py:3823} INFO - Setting next_dagrun for content_transformation to None, run_after=None
[2025-10-09T09:41:10.432+0000] {processor.py:183} INFO - Processing /opt/airflow/dags/content_transformation.py took 0.072 seconds
[2025-10-09T09:41:40.784+0000] {processor.py:161} INFO - Started process (PID=29346) to work on /opt/airflow/dags/content_transformation.py
[2025-10-09T09:41:40.784+0000] {processor.py:830} INFO - Processing file /opt/airflow/dags/content_transformation.py for tasks to queue
[2025-10-09T09:41:40.786+0000] {logging_mixin.py:188} INFO - [2025-10-09T09:41:40.786+0000] {dagbag.py:538} INFO - Filling up the DagBag from /opt/airflow/dags/content_transformation.py
[2025-10-09T09:41:40.802+0000] {logging_mixin.py:188} INFO - [2025-10-09T09:41:40.801+0000] {shared_utils.py:409} INFO - Инициализированы пути обработки: ['input_pdf', 'temp_dir', 'output_md', 'logs', 'work_dir']
[2025-10-09T09:41:40.802+0000] {logging_mixin.py:188} INFO - [2025-10-09T09:41:40.802+0000] {shared_utils.py:413} INFO - Настроены URL сервисов: ['document_processor', 'translator', 'quality_assurance', 'airflow']
[2025-10-09T09:41:40.808+0000] {processor.py:840} INFO - DAG(s) 'content_transformation' retrieved from /opt/airflow/dags/content_transformation.py
[2025-10-09T09:41:40.828+0000] {logging_mixin.py:188} INFO - [2025-10-09T09:41:40.828+0000] {dag.py:3036} INFO - Sync 1 DAGs
[2025-10-09T09:41:40.838+0000] {logging_mixin.py:188} INFO - [2025-10-09T09:41:40.837+0000] {dag.py:3823} INFO - Setting next_dagrun for content_transformation to None, run_after=None
[2025-10-09T09:41:40.850+0000] {processor.py:183} INFO - Processing /opt/airflow/dags/content_transformation.py took 0.068 seconds
[2025-10-09T09:42:11.255+0000] {processor.py:161} INFO - Started process (PID=29359) to work on /opt/airflow/dags/content_transformation.py
[2025-10-09T09:42:11.256+0000] {processor.py:830} INFO - Processing file /opt/airflow/dags/content_transformation.py for tasks to queue
[2025-10-09T09:42:11.257+0000] {logging_mixin.py:188} INFO - [2025-10-09T09:42:11.257+0000] {dagbag.py:538} INFO - Filling up the DagBag from /opt/airflow/dags/content_transformation.py
[2025-10-09T09:42:11.273+0000] {logging_mixin.py:188} INFO - [2025-10-09T09:42:11.273+0000] {shared_utils.py:409} INFO - Инициализированы пути обработки: ['input_pdf', 'temp_dir', 'output_md', 'logs', 'work_dir']
[2025-10-09T09:42:11.273+0000] {logging_mixin.py:188} INFO - [2025-10-09T09:42:11.273+0000] {shared_utils.py:413} INFO - Настроены URL сервисов: ['document_processor', 'translator', 'quality_assurance', 'airflow']
[2025-10-09T09:42:11.279+0000] {processor.py:840} INFO - DAG(s) 'content_transformation' retrieved from /opt/airflow/dags/content_transformation.py
[2025-10-09T09:42:11.300+0000] {logging_mixin.py:188} INFO - [2025-10-09T09:42:11.300+0000] {dag.py:3036} INFO - Sync 1 DAGs
[2025-10-09T09:42:11.310+0000] {logging_mixin.py:188} INFO - [2025-10-09T09:42:11.310+0000] {dag.py:3823} INFO - Setting next_dagrun for content_transformation to None, run_after=None
[2025-10-09T09:42:11.322+0000] {processor.py:183} INFO - Processing /opt/airflow/dags/content_transformation.py took 0.070 seconds
[2025-10-09T09:42:41.872+0000] {processor.py:161} INFO - Started process (PID=29372) to work on /opt/airflow/dags/content_transformation.py
[2025-10-09T09:42:41.873+0000] {processor.py:830} INFO - Processing file /opt/airflow/dags/content_transformation.py for tasks to queue
[2025-10-09T09:42:41.874+0000] {logging_mixin.py:188} INFO - [2025-10-09T09:42:41.874+0000] {dagbag.py:538} INFO - Filling up the DagBag from /opt/airflow/dags/content_transformation.py
[2025-10-09T09:42:41.890+0000] {logging_mixin.py:188} INFO - [2025-10-09T09:42:41.890+0000] {shared_utils.py:409} INFO - Инициализированы пути обработки: ['input_pdf', 'temp_dir', 'output_md', 'logs', 'work_dir']
[2025-10-09T09:42:41.891+0000] {logging_mixin.py:188} INFO - [2025-10-09T09:42:41.891+0000] {shared_utils.py:413} INFO - Настроены URL сервисов: ['document_processor', 'translator', 'quality_assurance', 'airflow']
[2025-10-09T09:42:41.897+0000] {processor.py:840} INFO - DAG(s) 'content_transformation' retrieved from /opt/airflow/dags/content_transformation.py
[2025-10-09T09:42:41.917+0000] {logging_mixin.py:188} INFO - [2025-10-09T09:42:41.917+0000] {dag.py:3036} INFO - Sync 1 DAGs
[2025-10-09T09:42:41.927+0000] {logging_mixin.py:188} INFO - [2025-10-09T09:42:41.927+0000] {dag.py:3823} INFO - Setting next_dagrun for content_transformation to None, run_after=None
[2025-10-09T09:42:41.940+0000] {processor.py:183} INFO - Processing /opt/airflow/dags/content_transformation.py took 0.070 seconds
[2025-10-09T09:43:12.288+0000] {processor.py:161} INFO - Started process (PID=29385) to work on /opt/airflow/dags/content_transformation.py
[2025-10-09T09:43:12.289+0000] {processor.py:830} INFO - Processing file /opt/airflow/dags/content_transformation.py for tasks to queue
[2025-10-09T09:43:12.290+0000] {logging_mixin.py:188} INFO - [2025-10-09T09:43:12.290+0000] {dagbag.py:538} INFO - Filling up the DagBag from /opt/airflow/dags/content_transformation.py
[2025-10-09T09:43:12.306+0000] {logging_mixin.py:188} INFO - [2025-10-09T09:43:12.306+0000] {shared_utils.py:409} INFO - Инициализированы пути обработки: ['input_pdf', 'temp_dir', 'output_md', 'logs', 'work_dir']
[2025-10-09T09:43:12.306+0000] {logging_mixin.py:188} INFO - [2025-10-09T09:43:12.306+0000] {shared_utils.py:413} INFO - Настроены URL сервисов: ['document_processor', 'translator', 'quality_assurance', 'airflow']
[2025-10-09T09:43:12.312+0000] {processor.py:840} INFO - DAG(s) 'content_transformation' retrieved from /opt/airflow/dags/content_transformation.py
[2025-10-09T09:43:12.331+0000] {logging_mixin.py:188} INFO - [2025-10-09T09:43:12.331+0000] {dag.py:3036} INFO - Sync 1 DAGs
[2025-10-09T09:43:12.341+0000] {logging_mixin.py:188} INFO - [2025-10-09T09:43:12.341+0000] {dag.py:3823} INFO - Setting next_dagrun for content_transformation to None, run_after=None
[2025-10-09T09:43:12.353+0000] {processor.py:183} INFO - Processing /opt/airflow/dags/content_transformation.py took 0.068 seconds
[2025-10-09T09:43:42.701+0000] {processor.py:161} INFO - Started process (PID=29398) to work on /opt/airflow/dags/content_transformation.py
[2025-10-09T09:43:42.701+0000] {processor.py:830} INFO - Processing file /opt/airflow/dags/content_transformation.py for tasks to queue
[2025-10-09T09:43:42.703+0000] {logging_mixin.py:188} INFO - [2025-10-09T09:43:42.703+0000] {dagbag.py:538} INFO - Filling up the DagBag from /opt/airflow/dags/content_transformation.py
[2025-10-09T09:43:42.719+0000] {logging_mixin.py:188} INFO - [2025-10-09T09:43:42.718+0000] {shared_utils.py:409} INFO - Инициализированы пути обработки: ['input_pdf', 'temp_dir', 'output_md', 'logs', 'work_dir']
[2025-10-09T09:43:42.719+0000] {logging_mixin.py:188} INFO - [2025-10-09T09:43:42.719+0000] {shared_utils.py:413} INFO - Настроены URL сервисов: ['document_processor', 'translator', 'quality_assurance', 'airflow']
[2025-10-09T09:43:42.725+0000] {processor.py:840} INFO - DAG(s) 'content_transformation' retrieved from /opt/airflow/dags/content_transformation.py
[2025-10-09T09:43:42.745+0000] {logging_mixin.py:188} INFO - [2025-10-09T09:43:42.745+0000] {dag.py:3036} INFO - Sync 1 DAGs
[2025-10-09T09:43:42.756+0000] {logging_mixin.py:188} INFO - [2025-10-09T09:43:42.756+0000] {dag.py:3823} INFO - Setting next_dagrun for content_transformation to None, run_after=None
[2025-10-09T09:43:42.769+0000] {processor.py:183} INFO - Processing /opt/airflow/dags/content_transformation.py took 0.070 seconds
[2025-10-09T09:44:13.180+0000] {processor.py:161} INFO - Started process (PID=29411) to work on /opt/airflow/dags/content_transformation.py
[2025-10-09T09:44:13.181+0000] {processor.py:830} INFO - Processing file /opt/airflow/dags/content_transformation.py for tasks to queue
[2025-10-09T09:44:13.182+0000] {logging_mixin.py:188} INFO - [2025-10-09T09:44:13.182+0000] {dagbag.py:538} INFO - Filling up the DagBag from /opt/airflow/dags/content_transformation.py
[2025-10-09T09:44:13.198+0000] {logging_mixin.py:188} INFO - [2025-10-09T09:44:13.198+0000] {shared_utils.py:409} INFO - Инициализированы пути обработки: ['input_pdf', 'temp_dir', 'output_md', 'logs', 'work_dir']
[2025-10-09T09:44:13.198+0000] {logging_mixin.py:188} INFO - [2025-10-09T09:44:13.198+0000] {shared_utils.py:413} INFO - Настроены URL сервисов: ['document_processor', 'translator', 'quality_assurance', 'airflow']
[2025-10-09T09:44:13.204+0000] {processor.py:840} INFO - DAG(s) 'content_transformation' retrieved from /opt/airflow/dags/content_transformation.py
[2025-10-09T09:44:13.224+0000] {logging_mixin.py:188} INFO - [2025-10-09T09:44:13.223+0000] {dag.py:3036} INFO - Sync 1 DAGs
[2025-10-09T09:44:13.233+0000] {logging_mixin.py:188} INFO - [2025-10-09T09:44:13.233+0000] {dag.py:3823} INFO - Setting next_dagrun for content_transformation to None, run_after=None
[2025-10-09T09:44:13.246+0000] {processor.py:183} INFO - Processing /opt/airflow/dags/content_transformation.py took 0.068 seconds
[2025-10-09T09:44:43.805+0000] {processor.py:161} INFO - Started process (PID=29424) to work on /opt/airflow/dags/content_transformation.py
[2025-10-09T09:44:43.805+0000] {processor.py:830} INFO - Processing file /opt/airflow/dags/content_transformation.py for tasks to queue
[2025-10-09T09:44:43.807+0000] {logging_mixin.py:188} INFO - [2025-10-09T09:44:43.806+0000] {dagbag.py:538} INFO - Filling up the DagBag from /opt/airflow/dags/content_transformation.py
[2025-10-09T09:44:43.823+0000] {logging_mixin.py:188} INFO - [2025-10-09T09:44:43.823+0000] {shared_utils.py:409} INFO - Инициализированы пути обработки: ['input_pdf', 'temp_dir', 'output_md', 'logs', 'work_dir']
[2025-10-09T09:44:43.823+0000] {logging_mixin.py:188} INFO - [2025-10-09T09:44:43.823+0000] {shared_utils.py:413} INFO - Настроены URL сервисов: ['document_processor', 'translator', 'quality_assurance', 'airflow']
[2025-10-09T09:44:43.829+0000] {processor.py:840} INFO - DAG(s) 'content_transformation' retrieved from /opt/airflow/dags/content_transformation.py
[2025-10-09T09:44:43.848+0000] {logging_mixin.py:188} INFO - [2025-10-09T09:44:43.848+0000] {dag.py:3036} INFO - Sync 1 DAGs
[2025-10-09T09:44:43.858+0000] {logging_mixin.py:188} INFO - [2025-10-09T09:44:43.858+0000] {dag.py:3823} INFO - Setting next_dagrun for content_transformation to None, run_after=None
[2025-10-09T09:44:43.870+0000] {processor.py:183} INFO - Processing /opt/airflow/dags/content_transformation.py took 0.068 seconds
[2025-10-09T09:45:14.224+0000] {processor.py:161} INFO - Started process (PID=29437) to work on /opt/airflow/dags/content_transformation.py
[2025-10-09T09:45:14.224+0000] {processor.py:830} INFO - Processing file /opt/airflow/dags/content_transformation.py for tasks to queue
[2025-10-09T09:45:14.226+0000] {logging_mixin.py:188} INFO - [2025-10-09T09:45:14.226+0000] {dagbag.py:538} INFO - Filling up the DagBag from /opt/airflow/dags/content_transformation.py
[2025-10-09T09:45:14.242+0000] {logging_mixin.py:188} INFO - [2025-10-09T09:45:14.242+0000] {shared_utils.py:409} INFO - Инициализированы пути обработки: ['input_pdf', 'temp_dir', 'output_md', 'logs', 'work_dir']
[2025-10-09T09:45:14.242+0000] {logging_mixin.py:188} INFO - [2025-10-09T09:45:14.242+0000] {shared_utils.py:413} INFO - Настроены URL сервисов: ['document_processor', 'translator', 'quality_assurance', 'airflow']
[2025-10-09T09:45:14.248+0000] {processor.py:840} INFO - DAG(s) 'content_transformation' retrieved from /opt/airflow/dags/content_transformation.py
[2025-10-09T09:45:14.267+0000] {logging_mixin.py:188} INFO - [2025-10-09T09:45:14.267+0000] {dag.py:3036} INFO - Sync 1 DAGs
[2025-10-09T09:45:14.277+0000] {logging_mixin.py:188} INFO - [2025-10-09T09:45:14.277+0000] {dag.py:3823} INFO - Setting next_dagrun for content_transformation to None, run_after=None
[2025-10-09T09:45:14.289+0000] {processor.py:183} INFO - Processing /opt/airflow/dags/content_transformation.py took 0.068 seconds
[2025-10-09T09:45:44.634+0000] {processor.py:161} INFO - Started process (PID=29450) to work on /opt/airflow/dags/content_transformation.py
[2025-10-09T09:45:44.634+0000] {processor.py:830} INFO - Processing file /opt/airflow/dags/content_transformation.py for tasks to queue
[2025-10-09T09:45:44.636+0000] {logging_mixin.py:188} INFO - [2025-10-09T09:45:44.636+0000] {dagbag.py:538} INFO - Filling up the DagBag from /opt/airflow/dags/content_transformation.py
[2025-10-09T09:45:44.652+0000] {logging_mixin.py:188} INFO - [2025-10-09T09:45:44.651+0000] {shared_utils.py:409} INFO - Инициализированы пути обработки: ['input_pdf', 'temp_dir', 'output_md', 'logs', 'work_dir']
[2025-10-09T09:45:44.652+0000] {logging_mixin.py:188} INFO - [2025-10-09T09:45:44.652+0000] {shared_utils.py:413} INFO - Настроены URL сервисов: ['document_processor', 'translator', 'quality_assurance', 'airflow']
[2025-10-09T09:45:44.658+0000] {processor.py:840} INFO - DAG(s) 'content_transformation' retrieved from /opt/airflow/dags/content_transformation.py
[2025-10-09T09:45:44.677+0000] {logging_mixin.py:188} INFO - [2025-10-09T09:45:44.677+0000] {dag.py:3036} INFO - Sync 1 DAGs
[2025-10-09T09:45:44.687+0000] {logging_mixin.py:188} INFO - [2025-10-09T09:45:44.687+0000] {dag.py:3823} INFO - Setting next_dagrun for content_transformation to None, run_after=None
[2025-10-09T09:45:44.700+0000] {processor.py:183} INFO - Processing /opt/airflow/dags/content_transformation.py took 0.069 seconds
[2025-10-09T09:46:15.106+0000] {processor.py:161} INFO - Started process (PID=29463) to work on /opt/airflow/dags/content_transformation.py
[2025-10-09T09:46:15.107+0000] {processor.py:830} INFO - Processing file /opt/airflow/dags/content_transformation.py for tasks to queue
[2025-10-09T09:46:15.108+0000] {logging_mixin.py:188} INFO - [2025-10-09T09:46:15.108+0000] {dagbag.py:538} INFO - Filling up the DagBag from /opt/airflow/dags/content_transformation.py
[2025-10-09T09:46:15.124+0000] {logging_mixin.py:188} INFO - [2025-10-09T09:46:15.124+0000] {shared_utils.py:409} INFO - Инициализированы пути обработки: ['input_pdf', 'temp_dir', 'output_md', 'logs', 'work_dir']
[2025-10-09T09:46:15.124+0000] {logging_mixin.py:188} INFO - [2025-10-09T09:46:15.124+0000] {shared_utils.py:413} INFO - Настроены URL сервисов: ['document_processor', 'translator', 'quality_assurance', 'airflow']
[2025-10-09T09:46:15.130+0000] {processor.py:840} INFO - DAG(s) 'content_transformation' retrieved from /opt/airflow/dags/content_transformation.py
[2025-10-09T09:46:15.149+0000] {logging_mixin.py:188} INFO - [2025-10-09T09:46:15.148+0000] {dag.py:3036} INFO - Sync 1 DAGs
[2025-10-09T09:46:15.158+0000] {logging_mixin.py:188} INFO - [2025-10-09T09:46:15.158+0000] {dag.py:3823} INFO - Setting next_dagrun for content_transformation to None, run_after=None
[2025-10-09T09:46:15.170+0000] {processor.py:183} INFO - Processing /opt/airflow/dags/content_transformation.py took 0.066 seconds
[2025-10-09T09:46:45.617+0000] {processor.py:161} INFO - Started process (PID=29476) to work on /opt/airflow/dags/content_transformation.py
[2025-10-09T09:46:45.618+0000] {processor.py:830} INFO - Processing file /opt/airflow/dags/content_transformation.py for tasks to queue
[2025-10-09T09:46:45.619+0000] {logging_mixin.py:188} INFO - [2025-10-09T09:46:45.619+0000] {dagbag.py:538} INFO - Filling up the DagBag from /opt/airflow/dags/content_transformation.py
[2025-10-09T09:46:45.635+0000] {logging_mixin.py:188} INFO - [2025-10-09T09:46:45.635+0000] {shared_utils.py:409} INFO - Инициализированы пути обработки: ['input_pdf', 'temp_dir', 'output_md', 'logs', 'work_dir']
[2025-10-09T09:46:45.635+0000] {logging_mixin.py:188} INFO - [2025-10-09T09:46:45.635+0000] {shared_utils.py:413} INFO - Настроены URL сервисов: ['document_processor', 'translator', 'quality_assurance', 'airflow']
[2025-10-09T09:46:45.641+0000] {processor.py:840} INFO - DAG(s) 'content_transformation' retrieved from /opt/airflow/dags/content_transformation.py
[2025-10-09T09:46:45.660+0000] {logging_mixin.py:188} INFO - [2025-10-09T09:46:45.660+0000] {dag.py:3036} INFO - Sync 1 DAGs
[2025-10-09T09:46:45.669+0000] {logging_mixin.py:188} INFO - [2025-10-09T09:46:45.669+0000] {dag.py:3823} INFO - Setting next_dagrun for content_transformation to None, run_after=None
[2025-10-09T09:46:45.681+0000] {processor.py:183} INFO - Processing /opt/airflow/dags/content_transformation.py took 0.066 seconds
[2025-10-09T09:47:16.031+0000] {processor.py:161} INFO - Started process (PID=29489) to work on /opt/airflow/dags/content_transformation.py
[2025-10-09T09:47:16.032+0000] {processor.py:830} INFO - Processing file /opt/airflow/dags/content_transformation.py for tasks to queue
[2025-10-09T09:47:16.034+0000] {logging_mixin.py:188} INFO - [2025-10-09T09:47:16.033+0000] {dagbag.py:538} INFO - Filling up the DagBag from /opt/airflow/dags/content_transformation.py
[2025-10-09T09:47:16.049+0000] {logging_mixin.py:188} INFO - [2025-10-09T09:47:16.049+0000] {shared_utils.py:409} INFO - Инициализированы пути обработки: ['input_pdf', 'temp_dir', 'output_md', 'logs', 'work_dir']
[2025-10-09T09:47:16.049+0000] {logging_mixin.py:188} INFO - [2025-10-09T09:47:16.049+0000] {shared_utils.py:413} INFO - Настроены URL сервисов: ['document_processor', 'translator', 'quality_assurance', 'airflow']
[2025-10-09T09:47:16.055+0000] {processor.py:840} INFO - DAG(s) 'content_transformation' retrieved from /opt/airflow/dags/content_transformation.py
[2025-10-09T09:47:16.074+0000] {logging_mixin.py:188} INFO - [2025-10-09T09:47:16.074+0000] {dag.py:3036} INFO - Sync 1 DAGs
[2025-10-09T09:47:16.083+0000] {logging_mixin.py:188} INFO - [2025-10-09T09:47:16.083+0000] {dag.py:3823} INFO - Setting next_dagrun for content_transformation to None, run_after=None
[2025-10-09T09:47:16.095+0000] {processor.py:183} INFO - Processing /opt/airflow/dags/content_transformation.py took 0.066 seconds
[2025-10-09T09:47:46.510+0000] {processor.py:161} INFO - Started process (PID=29502) to work on /opt/airflow/dags/content_transformation.py
[2025-10-09T09:47:46.511+0000] {processor.py:830} INFO - Processing file /opt/airflow/dags/content_transformation.py for tasks to queue
[2025-10-09T09:47:46.512+0000] {logging_mixin.py:188} INFO - [2025-10-09T09:47:46.512+0000] {dagbag.py:538} INFO - Filling up the DagBag from /opt/airflow/dags/content_transformation.py
[2025-10-09T09:47:46.529+0000] {logging_mixin.py:188} INFO - [2025-10-09T09:47:46.528+0000] {shared_utils.py:409} INFO - Инициализированы пути обработки: ['input_pdf', 'temp_dir', 'output_md', 'logs', 'work_dir']
[2025-10-09T09:47:46.529+0000] {logging_mixin.py:188} INFO - [2025-10-09T09:47:46.529+0000] {shared_utils.py:413} INFO - Настроены URL сервисов: ['document_processor', 'translator', 'quality_assurance', 'airflow']
[2025-10-09T09:47:46.535+0000] {processor.py:840} INFO - DAG(s) 'content_transformation' retrieved from /opt/airflow/dags/content_transformation.py
[2025-10-09T09:47:46.554+0000] {logging_mixin.py:188} INFO - [2025-10-09T09:47:46.554+0000] {dag.py:3036} INFO - Sync 1 DAGs
[2025-10-09T09:47:46.564+0000] {logging_mixin.py:188} INFO - [2025-10-09T09:47:46.564+0000] {dag.py:3823} INFO - Setting next_dagrun for content_transformation to None, run_after=None
[2025-10-09T09:47:46.576+0000] {processor.py:183} INFO - Processing /opt/airflow/dags/content_transformation.py took 0.068 seconds
[2025-10-09T09:48:17.147+0000] {processor.py:161} INFO - Started process (PID=29515) to work on /opt/airflow/dags/content_transformation.py
[2025-10-09T09:48:17.148+0000] {processor.py:830} INFO - Processing file /opt/airflow/dags/content_transformation.py for tasks to queue
[2025-10-09T09:48:17.149+0000] {logging_mixin.py:188} INFO - [2025-10-09T09:48:17.149+0000] {dagbag.py:538} INFO - Filling up the DagBag from /opt/airflow/dags/content_transformation.py
[2025-10-09T09:48:17.165+0000] {logging_mixin.py:188} INFO - [2025-10-09T09:48:17.165+0000] {shared_utils.py:409} INFO - Инициализированы пути обработки: ['input_pdf', 'temp_dir', 'output_md', 'logs', 'work_dir']
[2025-10-09T09:48:17.165+0000] {logging_mixin.py:188} INFO - [2025-10-09T09:48:17.165+0000] {shared_utils.py:413} INFO - Настроены URL сервисов: ['document_processor', 'translator', 'quality_assurance', 'airflow']
[2025-10-09T09:48:17.171+0000] {processor.py:840} INFO - DAG(s) 'content_transformation' retrieved from /opt/airflow/dags/content_transformation.py
[2025-10-09T09:48:17.190+0000] {logging_mixin.py:188} INFO - [2025-10-09T09:48:17.190+0000] {dag.py:3036} INFO - Sync 1 DAGs
[2025-10-09T09:48:17.200+0000] {logging_mixin.py:188} INFO - [2025-10-09T09:48:17.200+0000] {dag.py:3823} INFO - Setting next_dagrun for content_transformation to None, run_after=None
[2025-10-09T09:48:17.212+0000] {processor.py:183} INFO - Processing /opt/airflow/dags/content_transformation.py took 0.067 seconds
[2025-10-09T09:48:47.566+0000] {processor.py:161} INFO - Started process (PID=29533) to work on /opt/airflow/dags/content_transformation.py
[2025-10-09T09:48:47.567+0000] {processor.py:830} INFO - Processing file /opt/airflow/dags/content_transformation.py for tasks to queue
[2025-10-09T09:48:47.569+0000] {logging_mixin.py:188} INFO - [2025-10-09T09:48:47.568+0000] {dagbag.py:538} INFO - Filling up the DagBag from /opt/airflow/dags/content_transformation.py
[2025-10-09T09:48:47.584+0000] {logging_mixin.py:188} INFO - [2025-10-09T09:48:47.584+0000] {shared_utils.py:409} INFO - Инициализированы пути обработки: ['input_pdf', 'temp_dir', 'output_md', 'logs', 'work_dir']
[2025-10-09T09:48:47.585+0000] {logging_mixin.py:188} INFO - [2025-10-09T09:48:47.584+0000] {shared_utils.py:413} INFO - Настроены URL сервисов: ['document_processor', 'translator', 'quality_assurance', 'airflow']
[2025-10-09T09:48:47.591+0000] {processor.py:840} INFO - DAG(s) 'content_transformation' retrieved from /opt/airflow/dags/content_transformation.py
[2025-10-09T09:48:47.609+0000] {logging_mixin.py:188} INFO - [2025-10-09T09:48:47.609+0000] {dag.py:3036} INFO - Sync 1 DAGs
[2025-10-09T09:48:47.619+0000] {logging_mixin.py:188} INFO - [2025-10-09T09:48:47.619+0000] {dag.py:3823} INFO - Setting next_dagrun for content_transformation to None, run_after=None
[2025-10-09T09:48:47.631+0000] {processor.py:183} INFO - Processing /opt/airflow/dags/content_transformation.py took 0.067 seconds
[2025-10-09T09:49:17.982+0000] {processor.py:161} INFO - Started process (PID=29546) to work on /opt/airflow/dags/content_transformation.py
[2025-10-09T09:49:17.983+0000] {processor.py:830} INFO - Processing file /opt/airflow/dags/content_transformation.py for tasks to queue
[2025-10-09T09:49:17.984+0000] {logging_mixin.py:188} INFO - [2025-10-09T09:49:17.984+0000] {dagbag.py:538} INFO - Filling up the DagBag from /opt/airflow/dags/content_transformation.py
[2025-10-09T09:49:18.000+0000] {logging_mixin.py:188} INFO - [2025-10-09T09:49:18.000+0000] {shared_utils.py:409} INFO - Инициализированы пути обработки: ['input_pdf', 'temp_dir', 'output_md', 'logs', 'work_dir']
[2025-10-09T09:49:18.000+0000] {logging_mixin.py:188} INFO - [2025-10-09T09:49:18.000+0000] {shared_utils.py:413} INFO - Настроены URL сервисов: ['document_processor', 'translator', 'quality_assurance', 'airflow']
[2025-10-09T09:49:18.006+0000] {processor.py:840} INFO - DAG(s) 'content_transformation' retrieved from /opt/airflow/dags/content_transformation.py
[2025-10-09T09:49:18.025+0000] {logging_mixin.py:188} INFO - [2025-10-09T09:49:18.025+0000] {dag.py:3036} INFO - Sync 1 DAGs
[2025-10-09T09:49:18.035+0000] {logging_mixin.py:188} INFO - [2025-10-09T09:49:18.035+0000] {dag.py:3823} INFO - Setting next_dagrun for content_transformation to None, run_after=None
[2025-10-09T09:49:18.047+0000] {processor.py:183} INFO - Processing /opt/airflow/dags/content_transformation.py took 0.068 seconds
[2025-10-09T09:49:48.458+0000] {processor.py:161} INFO - Started process (PID=29559) to work on /opt/airflow/dags/content_transformation.py
[2025-10-09T09:49:48.458+0000] {processor.py:830} INFO - Processing file /opt/airflow/dags/content_transformation.py for tasks to queue
[2025-10-09T09:49:48.460+0000] {logging_mixin.py:188} INFO - [2025-10-09T09:49:48.459+0000] {dagbag.py:538} INFO - Filling up the DagBag from /opt/airflow/dags/content_transformation.py
[2025-10-09T09:49:48.475+0000] {logging_mixin.py:188} INFO - [2025-10-09T09:49:48.475+0000] {shared_utils.py:409} INFO - Инициализированы пути обработки: ['input_pdf', 'temp_dir', 'output_md', 'logs', 'work_dir']
[2025-10-09T09:49:48.475+0000] {logging_mixin.py:188} INFO - [2025-10-09T09:49:48.475+0000] {shared_utils.py:413} INFO - Настроены URL сервисов: ['document_processor', 'translator', 'quality_assurance', 'airflow']
[2025-10-09T09:49:48.482+0000] {processor.py:840} INFO - DAG(s) 'content_transformation' retrieved from /opt/airflow/dags/content_transformation.py
[2025-10-09T09:49:48.502+0000] {logging_mixin.py:188} INFO - [2025-10-09T09:49:48.502+0000] {dag.py:3036} INFO - Sync 1 DAGs
[2025-10-09T09:49:48.512+0000] {logging_mixin.py:188} INFO - [2025-10-09T09:49:48.512+0000] {dag.py:3823} INFO - Setting next_dagrun for content_transformation to None, run_after=None
[2025-10-09T09:49:48.525+0000] {processor.py:183} INFO - Processing /opt/airflow/dags/content_transformation.py took 0.070 seconds
[2025-10-09T09:50:19.091+0000] {processor.py:161} INFO - Started process (PID=29572) to work on /opt/airflow/dags/content_transformation.py
[2025-10-09T09:50:19.092+0000] {processor.py:830} INFO - Processing file /opt/airflow/dags/content_transformation.py for tasks to queue
[2025-10-09T09:50:19.093+0000] {logging_mixin.py:188} INFO - [2025-10-09T09:50:19.093+0000] {dagbag.py:538} INFO - Filling up the DagBag from /opt/airflow/dags/content_transformation.py
[2025-10-09T09:50:19.109+0000] {logging_mixin.py:188} INFO - [2025-10-09T09:50:19.109+0000] {shared_utils.py:409} INFO - Инициализированы пути обработки: ['input_pdf', 'temp_dir', 'output_md', 'logs', 'work_dir']
[2025-10-09T09:50:19.110+0000] {logging_mixin.py:188} INFO - [2025-10-09T09:50:19.109+0000] {shared_utils.py:413} INFO - Настроены URL сервисов: ['document_processor', 'translator', 'quality_assurance', 'airflow']
[2025-10-09T09:50:19.116+0000] {processor.py:840} INFO - DAG(s) 'content_transformation' retrieved from /opt/airflow/dags/content_transformation.py
[2025-10-09T09:50:19.135+0000] {logging_mixin.py:188} INFO - [2025-10-09T09:50:19.135+0000] {dag.py:3036} INFO - Sync 1 DAGs
[2025-10-09T09:50:19.144+0000] {logging_mixin.py:188} INFO - [2025-10-09T09:50:19.144+0000] {dag.py:3823} INFO - Setting next_dagrun for content_transformation to None, run_after=None
[2025-10-09T09:50:19.157+0000] {processor.py:183} INFO - Processing /opt/airflow/dags/content_transformation.py took 0.068 seconds
[2025-10-09T09:50:49.514+0000] {processor.py:161} INFO - Started process (PID=29585) to work on /opt/airflow/dags/content_transformation.py
[2025-10-09T09:50:49.515+0000] {processor.py:830} INFO - Processing file /opt/airflow/dags/content_transformation.py for tasks to queue
[2025-10-09T09:50:49.516+0000] {logging_mixin.py:188} INFO - [2025-10-09T09:50:49.516+0000] {dagbag.py:538} INFO - Filling up the DagBag from /opt/airflow/dags/content_transformation.py
[2025-10-09T09:50:49.532+0000] {logging_mixin.py:188} INFO - [2025-10-09T09:50:49.532+0000] {shared_utils.py:409} INFO - Инициализированы пути обработки: ['input_pdf', 'temp_dir', 'output_md', 'logs', 'work_dir']
[2025-10-09T09:50:49.532+0000] {logging_mixin.py:188} INFO - [2025-10-09T09:50:49.532+0000] {shared_utils.py:413} INFO - Настроены URL сервисов: ['document_processor', 'translator', 'quality_assurance', 'airflow']
[2025-10-09T09:50:49.538+0000] {processor.py:840} INFO - DAG(s) 'content_transformation' retrieved from /opt/airflow/dags/content_transformation.py
[2025-10-09T09:50:49.558+0000] {logging_mixin.py:188} INFO - [2025-10-09T09:50:49.557+0000] {dag.py:3036} INFO - Sync 1 DAGs
[2025-10-09T09:50:49.567+0000] {logging_mixin.py:188} INFO - [2025-10-09T09:50:49.567+0000] {dag.py:3823} INFO - Setting next_dagrun for content_transformation to None, run_after=None
[2025-10-09T09:50:49.579+0000] {processor.py:183} INFO - Processing /opt/airflow/dags/content_transformation.py took 0.067 seconds
