[2025-10-09T12:54:34.594+0000] {processor.py:161} INFO - Started process (PID=104) to work on /opt/airflow/dags/orchestrator_dag.py
[2025-10-09T12:54:34.595+0000] {processor.py:830} INFO - Processing file /opt/airflow/dags/orchestrator_dag.py for tasks to queue
[2025-10-09T12:54:34.596+0000] {logging_mixin.py:188} INFO - [2025-10-09T12:54:34.596+0000] {dagbag.py:538} INFO - Filling up the DagBag from /opt/airflow/dags/orchestrator_dag.py
[2025-10-09T12:54:34.606+0000] {logging_mixin.py:188} INFO - [2025-10-09T12:54:34.606+0000] {shared_utils.py:409} INFO - Инициализированы пути обработки: ['input_pdf', 'temp_dir', 'output_md', 'logs', 'work_dir']
[2025-10-09T12:54:34.606+0000] {logging_mixin.py:188} INFO - [2025-10-09T12:54:34.606+0000] {shared_utils.py:413} INFO - Настроены URL сервисов: ['document_processor', 'translator', 'quality_assurance', 'airflow']
[2025-10-09T12:54:34.613+0000] {processor.py:840} INFO - DAG(s) 'orchestrator_dag' retrieved from /opt/airflow/dags/orchestrator_dag.py
[2025-10-09T12:54:34.624+0000] {logging_mixin.py:188} INFO - [2025-10-09T12:54:34.624+0000] {dag.py:3036} INFO - Sync 1 DAGs
[2025-10-09T12:54:34.635+0000] {logging_mixin.py:188} INFO - [2025-10-09T12:54:34.635+0000] {dag.py:3823} INFO - Setting next_dagrun for orchestrator_dag to None, run_after=None
[2025-10-09T12:54:34.647+0000] {processor.py:183} INFO - Processing /opt/airflow/dags/orchestrator_dag.py took 0.055 seconds
[2025-10-09T12:55:05.075+0000] {processor.py:161} INFO - Started process (PID=115) to work on /opt/airflow/dags/orchestrator_dag.py
[2025-10-09T12:55:05.076+0000] {processor.py:830} INFO - Processing file /opt/airflow/dags/orchestrator_dag.py for tasks to queue
[2025-10-09T12:55:05.077+0000] {logging_mixin.py:188} INFO - [2025-10-09T12:55:05.077+0000] {dagbag.py:538} INFO - Filling up the DagBag from /opt/airflow/dags/orchestrator_dag.py
[2025-10-09T12:55:05.086+0000] {logging_mixin.py:188} INFO - [2025-10-09T12:55:05.085+0000] {shared_utils.py:409} INFO - Инициализированы пути обработки: ['input_pdf', 'temp_dir', 'output_md', 'logs', 'work_dir']
[2025-10-09T12:55:05.086+0000] {logging_mixin.py:188} INFO - [2025-10-09T12:55:05.086+0000] {shared_utils.py:413} INFO - Настроены URL сервисов: ['document_processor', 'translator', 'quality_assurance', 'airflow']
[2025-10-09T12:55:05.092+0000] {processor.py:840} INFO - DAG(s) 'orchestrator_dag' retrieved from /opt/airflow/dags/orchestrator_dag.py
[2025-10-09T12:55:05.172+0000] {logging_mixin.py:188} INFO - [2025-10-09T12:55:05.172+0000] {dag.py:3036} INFO - Sync 1 DAGs
[2025-10-09T12:55:05.180+0000] {logging_mixin.py:188} INFO - [2025-10-09T12:55:05.180+0000] {dag.py:3823} INFO - Setting next_dagrun for orchestrator_dag to None, run_after=None
[2025-10-09T12:55:05.195+0000] {processor.py:183} INFO - Processing /opt/airflow/dags/orchestrator_dag.py took 0.122 seconds
[2025-10-09T12:55:35.624+0000] {processor.py:161} INFO - Started process (PID=128) to work on /opt/airflow/dags/orchestrator_dag.py
[2025-10-09T12:55:35.624+0000] {processor.py:830} INFO - Processing file /opt/airflow/dags/orchestrator_dag.py for tasks to queue
[2025-10-09T12:55:35.626+0000] {logging_mixin.py:188} INFO - [2025-10-09T12:55:35.625+0000] {dagbag.py:538} INFO - Filling up the DagBag from /opt/airflow/dags/orchestrator_dag.py
[2025-10-09T12:55:35.634+0000] {logging_mixin.py:188} INFO - [2025-10-09T12:55:35.634+0000] {shared_utils.py:409} INFO - Инициализированы пути обработки: ['input_pdf', 'temp_dir', 'output_md', 'logs', 'work_dir']
[2025-10-09T12:55:35.634+0000] {logging_mixin.py:188} INFO - [2025-10-09T12:55:35.634+0000] {shared_utils.py:413} INFO - Настроены URL сервисов: ['document_processor', 'translator', 'quality_assurance', 'airflow']
[2025-10-09T12:55:35.640+0000] {processor.py:840} INFO - DAG(s) 'orchestrator_dag' retrieved from /opt/airflow/dags/orchestrator_dag.py
[2025-10-09T12:55:35.665+0000] {logging_mixin.py:188} INFO - [2025-10-09T12:55:35.665+0000] {dag.py:3036} INFO - Sync 1 DAGs
[2025-10-09T12:55:35.675+0000] {logging_mixin.py:188} INFO - [2025-10-09T12:55:35.675+0000] {dag.py:3823} INFO - Setting next_dagrun for orchestrator_dag to None, run_after=None
[2025-10-09T12:55:35.687+0000] {processor.py:183} INFO - Processing /opt/airflow/dags/orchestrator_dag.py took 0.065 seconds
[2025-10-09T12:56:05.934+0000] {processor.py:161} INFO - Started process (PID=141) to work on /opt/airflow/dags/orchestrator_dag.py
[2025-10-09T12:56:05.935+0000] {processor.py:830} INFO - Processing file /opt/airflow/dags/orchestrator_dag.py for tasks to queue
[2025-10-09T12:56:05.936+0000] {logging_mixin.py:188} INFO - [2025-10-09T12:56:05.936+0000] {dagbag.py:538} INFO - Filling up the DagBag from /opt/airflow/dags/orchestrator_dag.py
[2025-10-09T12:56:05.946+0000] {logging_mixin.py:188} INFO - [2025-10-09T12:56:05.946+0000] {shared_utils.py:409} INFO - Инициализированы пути обработки: ['input_pdf', 'temp_dir', 'output_md', 'logs', 'work_dir']
[2025-10-09T12:56:05.946+0000] {logging_mixin.py:188} INFO - [2025-10-09T12:56:05.946+0000] {shared_utils.py:413} INFO - Настроены URL сервисов: ['document_processor', 'translator', 'quality_assurance', 'airflow']
[2025-10-09T12:56:05.952+0000] {processor.py:840} INFO - DAG(s) 'orchestrator_dag' retrieved from /opt/airflow/dags/orchestrator_dag.py
[2025-10-09T12:56:05.978+0000] {logging_mixin.py:188} INFO - [2025-10-09T12:56:05.977+0000] {dag.py:3036} INFO - Sync 1 DAGs
[2025-10-09T12:56:05.987+0000] {logging_mixin.py:188} INFO - [2025-10-09T12:56:05.987+0000] {dag.py:3823} INFO - Setting next_dagrun for orchestrator_dag to None, run_after=None
[2025-10-09T12:56:05.999+0000] {processor.py:183} INFO - Processing /opt/airflow/dags/orchestrator_dag.py took 0.067 seconds
[2025-10-09T12:56:36.247+0000] {processor.py:161} INFO - Started process (PID=154) to work on /opt/airflow/dags/orchestrator_dag.py
[2025-10-09T12:56:36.248+0000] {processor.py:830} INFO - Processing file /opt/airflow/dags/orchestrator_dag.py for tasks to queue
[2025-10-09T12:56:36.249+0000] {logging_mixin.py:188} INFO - [2025-10-09T12:56:36.249+0000] {dagbag.py:538} INFO - Filling up the DagBag from /opt/airflow/dags/orchestrator_dag.py
[2025-10-09T12:56:36.258+0000] {logging_mixin.py:188} INFO - [2025-10-09T12:56:36.258+0000] {shared_utils.py:409} INFO - Инициализированы пути обработки: ['input_pdf', 'temp_dir', 'output_md', 'logs', 'work_dir']
[2025-10-09T12:56:36.258+0000] {logging_mixin.py:188} INFO - [2025-10-09T12:56:36.258+0000] {shared_utils.py:413} INFO - Настроены URL сервисов: ['document_processor', 'translator', 'quality_assurance', 'airflow']
[2025-10-09T12:56:36.265+0000] {processor.py:840} INFO - DAG(s) 'orchestrator_dag' retrieved from /opt/airflow/dags/orchestrator_dag.py
[2025-10-09T12:56:36.291+0000] {logging_mixin.py:188} INFO - [2025-10-09T12:56:36.291+0000] {dag.py:3036} INFO - Sync 1 DAGs
[2025-10-09T12:56:36.301+0000] {logging_mixin.py:188} INFO - [2025-10-09T12:56:36.300+0000] {dag.py:3823} INFO - Setting next_dagrun for orchestrator_dag to None, run_after=None
[2025-10-09T12:56:36.313+0000] {processor.py:183} INFO - Processing /opt/airflow/dags/orchestrator_dag.py took 0.068 seconds
[2025-10-09T12:57:06.553+0000] {processor.py:161} INFO - Started process (PID=167) to work on /opt/airflow/dags/orchestrator_dag.py
[2025-10-09T12:57:06.553+0000] {processor.py:830} INFO - Processing file /opt/airflow/dags/orchestrator_dag.py for tasks to queue
[2025-10-09T12:57:06.555+0000] {logging_mixin.py:188} INFO - [2025-10-09T12:57:06.554+0000] {dagbag.py:538} INFO - Filling up the DagBag from /opt/airflow/dags/orchestrator_dag.py
[2025-10-09T12:57:06.563+0000] {logging_mixin.py:188} INFO - [2025-10-09T12:57:06.563+0000] {shared_utils.py:409} INFO - Инициализированы пути обработки: ['input_pdf', 'temp_dir', 'output_md', 'logs', 'work_dir']
[2025-10-09T12:57:06.564+0000] {logging_mixin.py:188} INFO - [2025-10-09T12:57:06.563+0000] {shared_utils.py:413} INFO - Настроены URL сервисов: ['document_processor', 'translator', 'quality_assurance', 'airflow']
[2025-10-09T12:57:06.570+0000] {processor.py:840} INFO - DAG(s) 'orchestrator_dag' retrieved from /opt/airflow/dags/orchestrator_dag.py
[2025-10-09T12:57:06.596+0000] {logging_mixin.py:188} INFO - [2025-10-09T12:57:06.596+0000] {dag.py:3036} INFO - Sync 1 DAGs
[2025-10-09T12:57:06.606+0000] {logging_mixin.py:188} INFO - [2025-10-09T12:57:06.606+0000] {dag.py:3823} INFO - Setting next_dagrun for orchestrator_dag to None, run_after=None
[2025-10-09T12:57:06.618+0000] {processor.py:183} INFO - Processing /opt/airflow/dags/orchestrator_dag.py took 0.067 seconds
[2025-10-09T12:57:36.963+0000] {processor.py:161} INFO - Started process (PID=180) to work on /opt/airflow/dags/orchestrator_dag.py
[2025-10-09T12:57:36.964+0000] {processor.py:830} INFO - Processing file /opt/airflow/dags/orchestrator_dag.py for tasks to queue
[2025-10-09T12:57:36.965+0000] {logging_mixin.py:188} INFO - [2025-10-09T12:57:36.965+0000] {dagbag.py:538} INFO - Filling up the DagBag from /opt/airflow/dags/orchestrator_dag.py
[2025-10-09T12:57:36.974+0000] {logging_mixin.py:188} INFO - [2025-10-09T12:57:36.974+0000] {shared_utils.py:409} INFO - Инициализированы пути обработки: ['input_pdf', 'temp_dir', 'output_md', 'logs', 'work_dir']
[2025-10-09T12:57:36.974+0000] {logging_mixin.py:188} INFO - [2025-10-09T12:57:36.974+0000] {shared_utils.py:413} INFO - Настроены URL сервисов: ['document_processor', 'translator', 'quality_assurance', 'airflow']
[2025-10-09T12:57:36.980+0000] {processor.py:840} INFO - DAG(s) 'orchestrator_dag' retrieved from /opt/airflow/dags/orchestrator_dag.py
[2025-10-09T12:57:37.007+0000] {logging_mixin.py:188} INFO - [2025-10-09T12:57:37.007+0000] {dag.py:3036} INFO - Sync 1 DAGs
[2025-10-09T12:57:37.017+0000] {logging_mixin.py:188} INFO - [2025-10-09T12:57:37.017+0000] {dag.py:3823} INFO - Setting next_dagrun for orchestrator_dag to None, run_after=None
[2025-10-09T12:57:37.029+0000] {processor.py:183} INFO - Processing /opt/airflow/dags/orchestrator_dag.py took 0.069 seconds
[2025-10-09T12:58:07.254+0000] {processor.py:161} INFO - Started process (PID=193) to work on /opt/airflow/dags/orchestrator_dag.py
[2025-10-09T12:58:07.255+0000] {processor.py:830} INFO - Processing file /opt/airflow/dags/orchestrator_dag.py for tasks to queue
[2025-10-09T12:58:07.256+0000] {logging_mixin.py:188} INFO - [2025-10-09T12:58:07.256+0000] {dagbag.py:538} INFO - Filling up the DagBag from /opt/airflow/dags/orchestrator_dag.py
[2025-10-09T12:58:07.264+0000] {logging_mixin.py:188} INFO - [2025-10-09T12:58:07.264+0000] {shared_utils.py:409} INFO - Инициализированы пути обработки: ['input_pdf', 'temp_dir', 'output_md', 'logs', 'work_dir']
[2025-10-09T12:58:07.265+0000] {logging_mixin.py:188} INFO - [2025-10-09T12:58:07.265+0000] {shared_utils.py:413} INFO - Настроены URL сервисов: ['document_processor', 'translator', 'quality_assurance', 'airflow']
[2025-10-09T12:58:07.271+0000] {processor.py:840} INFO - DAG(s) 'orchestrator_dag' retrieved from /opt/airflow/dags/orchestrator_dag.py
[2025-10-09T12:58:07.298+0000] {logging_mixin.py:188} INFO - [2025-10-09T12:58:07.297+0000] {dag.py:3036} INFO - Sync 1 DAGs
[2025-10-09T12:58:07.308+0000] {logging_mixin.py:188} INFO - [2025-10-09T12:58:07.307+0000] {dag.py:3823} INFO - Setting next_dagrun for orchestrator_dag to None, run_after=None
[2025-10-09T12:58:07.320+0000] {processor.py:183} INFO - Processing /opt/airflow/dags/orchestrator_dag.py took 0.068 seconds
[2025-10-09T12:58:37.555+0000] {processor.py:161} INFO - Started process (PID=206) to work on /opt/airflow/dags/orchestrator_dag.py
[2025-10-09T12:58:37.555+0000] {processor.py:830} INFO - Processing file /opt/airflow/dags/orchestrator_dag.py for tasks to queue
[2025-10-09T12:58:37.557+0000] {logging_mixin.py:188} INFO - [2025-10-09T12:58:37.557+0000] {dagbag.py:538} INFO - Filling up the DagBag from /opt/airflow/dags/orchestrator_dag.py
[2025-10-09T12:58:37.566+0000] {logging_mixin.py:188} INFO - [2025-10-09T12:58:37.565+0000] {shared_utils.py:409} INFO - Инициализированы пути обработки: ['input_pdf', 'temp_dir', 'output_md', 'logs', 'work_dir']
[2025-10-09T12:58:37.566+0000] {logging_mixin.py:188} INFO - [2025-10-09T12:58:37.566+0000] {shared_utils.py:413} INFO - Настроены URL сервисов: ['document_processor', 'translator', 'quality_assurance', 'airflow']
[2025-10-09T12:58:37.572+0000] {processor.py:840} INFO - DAG(s) 'orchestrator_dag' retrieved from /opt/airflow/dags/orchestrator_dag.py
[2025-10-09T12:58:37.597+0000] {logging_mixin.py:188} INFO - [2025-10-09T12:58:37.597+0000] {dag.py:3036} INFO - Sync 1 DAGs
[2025-10-09T12:58:37.607+0000] {logging_mixin.py:188} INFO - [2025-10-09T12:58:37.607+0000] {dag.py:3823} INFO - Setting next_dagrun for orchestrator_dag to None, run_after=None
[2025-10-09T12:58:37.618+0000] {processor.py:183} INFO - Processing /opt/airflow/dags/orchestrator_dag.py took 0.066 seconds
[2025-10-09T12:59:07.965+0000] {processor.py:161} INFO - Started process (PID=219) to work on /opt/airflow/dags/orchestrator_dag.py
[2025-10-09T12:59:07.966+0000] {processor.py:830} INFO - Processing file /opt/airflow/dags/orchestrator_dag.py for tasks to queue
[2025-10-09T12:59:07.967+0000] {logging_mixin.py:188} INFO - [2025-10-09T12:59:07.967+0000] {dagbag.py:538} INFO - Filling up the DagBag from /opt/airflow/dags/orchestrator_dag.py
[2025-10-09T12:59:07.976+0000] {logging_mixin.py:188} INFO - [2025-10-09T12:59:07.976+0000] {shared_utils.py:409} INFO - Инициализированы пути обработки: ['input_pdf', 'temp_dir', 'output_md', 'logs', 'work_dir']
[2025-10-09T12:59:07.976+0000] {logging_mixin.py:188} INFO - [2025-10-09T12:59:07.976+0000] {shared_utils.py:413} INFO - Настроены URL сервисов: ['document_processor', 'translator', 'quality_assurance', 'airflow']
[2025-10-09T12:59:07.982+0000] {processor.py:840} INFO - DAG(s) 'orchestrator_dag' retrieved from /opt/airflow/dags/orchestrator_dag.py
[2025-10-09T12:59:08.008+0000] {logging_mixin.py:188} INFO - [2025-10-09T12:59:08.008+0000] {dag.py:3036} INFO - Sync 1 DAGs
[2025-10-09T12:59:08.018+0000] {logging_mixin.py:188} INFO - [2025-10-09T12:59:08.017+0000] {dag.py:3823} INFO - Setting next_dagrun for orchestrator_dag to None, run_after=None
[2025-10-09T12:59:08.029+0000] {processor.py:183} INFO - Processing /opt/airflow/dags/orchestrator_dag.py took 0.066 seconds
[2025-10-09T12:59:38.275+0000] {processor.py:161} INFO - Started process (PID=232) to work on /opt/airflow/dags/orchestrator_dag.py
[2025-10-09T12:59:38.276+0000] {processor.py:830} INFO - Processing file /opt/airflow/dags/orchestrator_dag.py for tasks to queue
[2025-10-09T12:59:38.277+0000] {logging_mixin.py:188} INFO - [2025-10-09T12:59:38.277+0000] {dagbag.py:538} INFO - Filling up the DagBag from /opt/airflow/dags/orchestrator_dag.py
[2025-10-09T12:59:38.286+0000] {logging_mixin.py:188} INFO - [2025-10-09T12:59:38.286+0000] {shared_utils.py:409} INFO - Инициализированы пути обработки: ['input_pdf', 'temp_dir', 'output_md', 'logs', 'work_dir']
[2025-10-09T12:59:38.286+0000] {logging_mixin.py:188} INFO - [2025-10-09T12:59:38.286+0000] {shared_utils.py:413} INFO - Настроены URL сервисов: ['document_processor', 'translator', 'quality_assurance', 'airflow']
[2025-10-09T12:59:38.292+0000] {processor.py:840} INFO - DAG(s) 'orchestrator_dag' retrieved from /opt/airflow/dags/orchestrator_dag.py
[2025-10-09T12:59:38.319+0000] {logging_mixin.py:188} INFO - [2025-10-09T12:59:38.318+0000] {dag.py:3036} INFO - Sync 1 DAGs
[2025-10-09T12:59:38.328+0000] {logging_mixin.py:188} INFO - [2025-10-09T12:59:38.328+0000] {dag.py:3823} INFO - Setting next_dagrun for orchestrator_dag to None, run_after=None
[2025-10-09T12:59:38.341+0000] {processor.py:183} INFO - Processing /opt/airflow/dags/orchestrator_dag.py took 0.068 seconds
[2025-10-09T13:00:08.566+0000] {processor.py:161} INFO - Started process (PID=245) to work on /opt/airflow/dags/orchestrator_dag.py
[2025-10-09T13:00:08.566+0000] {processor.py:830} INFO - Processing file /opt/airflow/dags/orchestrator_dag.py for tasks to queue
[2025-10-09T13:00:08.568+0000] {logging_mixin.py:188} INFO - [2025-10-09T13:00:08.567+0000] {dagbag.py:538} INFO - Filling up the DagBag from /opt/airflow/dags/orchestrator_dag.py
[2025-10-09T13:00:08.576+0000] {logging_mixin.py:188} INFO - [2025-10-09T13:00:08.576+0000] {shared_utils.py:409} INFO - Инициализированы пути обработки: ['input_pdf', 'temp_dir', 'output_md', 'logs', 'work_dir']
[2025-10-09T13:00:08.576+0000] {logging_mixin.py:188} INFO - [2025-10-09T13:00:08.576+0000] {shared_utils.py:413} INFO - Настроены URL сервисов: ['document_processor', 'translator', 'quality_assurance', 'airflow']
[2025-10-09T13:00:08.582+0000] {processor.py:840} INFO - DAG(s) 'orchestrator_dag' retrieved from /opt/airflow/dags/orchestrator_dag.py
[2025-10-09T13:00:08.609+0000] {logging_mixin.py:188} INFO - [2025-10-09T13:00:08.609+0000] {dag.py:3036} INFO - Sync 1 DAGs
[2025-10-09T13:00:08.619+0000] {logging_mixin.py:188} INFO - [2025-10-09T13:00:08.618+0000] {dag.py:3823} INFO - Setting next_dagrun for orchestrator_dag to None, run_after=None
[2025-10-09T13:00:08.630+0000] {processor.py:183} INFO - Processing /opt/airflow/dags/orchestrator_dag.py took 0.067 seconds
[2025-10-09T13:00:38.881+0000] {processor.py:161} INFO - Started process (PID=263) to work on /opt/airflow/dags/orchestrator_dag.py
[2025-10-09T13:00:38.881+0000] {processor.py:830} INFO - Processing file /opt/airflow/dags/orchestrator_dag.py for tasks to queue
[2025-10-09T13:00:38.883+0000] {logging_mixin.py:188} INFO - [2025-10-09T13:00:38.882+0000] {dagbag.py:538} INFO - Filling up the DagBag from /opt/airflow/dags/orchestrator_dag.py
[2025-10-09T13:00:38.891+0000] {logging_mixin.py:188} INFO - [2025-10-09T13:00:38.891+0000] {shared_utils.py:409} INFO - Инициализированы пути обработки: ['input_pdf', 'temp_dir', 'output_md', 'logs', 'work_dir']
[2025-10-09T13:00:38.891+0000] {logging_mixin.py:188} INFO - [2025-10-09T13:00:38.891+0000] {shared_utils.py:413} INFO - Настроены URL сервисов: ['document_processor', 'translator', 'quality_assurance', 'airflow']
[2025-10-09T13:00:38.898+0000] {processor.py:840} INFO - DAG(s) 'orchestrator_dag' retrieved from /opt/airflow/dags/orchestrator_dag.py
[2025-10-09T13:00:38.924+0000] {logging_mixin.py:188} INFO - [2025-10-09T13:00:38.923+0000] {dag.py:3036} INFO - Sync 1 DAGs
[2025-10-09T13:00:38.933+0000] {logging_mixin.py:188} INFO - [2025-10-09T13:00:38.933+0000] {dag.py:3823} INFO - Setting next_dagrun for orchestrator_dag to None, run_after=None
[2025-10-09T13:00:38.945+0000] {processor.py:183} INFO - Processing /opt/airflow/dags/orchestrator_dag.py took 0.067 seconds
[2025-10-09T13:01:09.296+0000] {processor.py:161} INFO - Started process (PID=276) to work on /opt/airflow/dags/orchestrator_dag.py
[2025-10-09T13:01:09.297+0000] {processor.py:830} INFO - Processing file /opt/airflow/dags/orchestrator_dag.py for tasks to queue
[2025-10-09T13:01:09.298+0000] {logging_mixin.py:188} INFO - [2025-10-09T13:01:09.298+0000] {dagbag.py:538} INFO - Filling up the DagBag from /opt/airflow/dags/orchestrator_dag.py
[2025-10-09T13:01:09.307+0000] {logging_mixin.py:188} INFO - [2025-10-09T13:01:09.307+0000] {shared_utils.py:409} INFO - Инициализированы пути обработки: ['input_pdf', 'temp_dir', 'output_md', 'logs', 'work_dir']
[2025-10-09T13:01:09.307+0000] {logging_mixin.py:188} INFO - [2025-10-09T13:01:09.307+0000] {shared_utils.py:413} INFO - Настроены URL сервисов: ['document_processor', 'translator', 'quality_assurance', 'airflow']
[2025-10-09T13:01:09.313+0000] {processor.py:840} INFO - DAG(s) 'orchestrator_dag' retrieved from /opt/airflow/dags/orchestrator_dag.py
[2025-10-09T13:01:09.340+0000] {logging_mixin.py:188} INFO - [2025-10-09T13:01:09.340+0000] {dag.py:3036} INFO - Sync 1 DAGs
[2025-10-09T13:01:09.350+0000] {logging_mixin.py:188} INFO - [2025-10-09T13:01:09.350+0000] {dag.py:3823} INFO - Setting next_dagrun for orchestrator_dag to None, run_after=None
[2025-10-09T13:01:09.362+0000] {processor.py:183} INFO - Processing /opt/airflow/dags/orchestrator_dag.py took 0.068 seconds
[2025-10-09T13:01:39.586+0000] {processor.py:161} INFO - Started process (PID=289) to work on /opt/airflow/dags/orchestrator_dag.py
[2025-10-09T13:01:39.587+0000] {processor.py:830} INFO - Processing file /opt/airflow/dags/orchestrator_dag.py for tasks to queue
[2025-10-09T13:01:39.589+0000] {logging_mixin.py:188} INFO - [2025-10-09T13:01:39.588+0000] {dagbag.py:538} INFO - Filling up the DagBag from /opt/airflow/dags/orchestrator_dag.py
[2025-10-09T13:01:39.598+0000] {logging_mixin.py:188} INFO - [2025-10-09T13:01:39.598+0000] {shared_utils.py:409} INFO - Инициализированы пути обработки: ['input_pdf', 'temp_dir', 'output_md', 'logs', 'work_dir']
[2025-10-09T13:01:39.598+0000] {logging_mixin.py:188} INFO - [2025-10-09T13:01:39.598+0000] {shared_utils.py:413} INFO - Настроены URL сервисов: ['document_processor', 'translator', 'quality_assurance', 'airflow']
[2025-10-09T13:01:39.605+0000] {processor.py:840} INFO - DAG(s) 'orchestrator_dag' retrieved from /opt/airflow/dags/orchestrator_dag.py
[2025-10-09T13:01:39.630+0000] {logging_mixin.py:188} INFO - [2025-10-09T13:01:39.630+0000] {dag.py:3036} INFO - Sync 1 DAGs
[2025-10-09T13:01:39.640+0000] {logging_mixin.py:188} INFO - [2025-10-09T13:01:39.640+0000] {dag.py:3823} INFO - Setting next_dagrun for orchestrator_dag to None, run_after=None
[2025-10-09T13:01:39.652+0000] {processor.py:183} INFO - Processing /opt/airflow/dags/orchestrator_dag.py took 0.068 seconds
[2025-10-09T13:02:09.905+0000] {processor.py:161} INFO - Started process (PID=302) to work on /opt/airflow/dags/orchestrator_dag.py
[2025-10-09T13:02:09.905+0000] {processor.py:830} INFO - Processing file /opt/airflow/dags/orchestrator_dag.py for tasks to queue
[2025-10-09T13:02:09.906+0000] {logging_mixin.py:188} INFO - [2025-10-09T13:02:09.906+0000] {dagbag.py:538} INFO - Filling up the DagBag from /opt/airflow/dags/orchestrator_dag.py
[2025-10-09T13:02:09.915+0000] {logging_mixin.py:188} INFO - [2025-10-09T13:02:09.915+0000] {shared_utils.py:409} INFO - Инициализированы пути обработки: ['input_pdf', 'temp_dir', 'output_md', 'logs', 'work_dir']
[2025-10-09T13:02:09.915+0000] {logging_mixin.py:188} INFO - [2025-10-09T13:02:09.915+0000] {shared_utils.py:413} INFO - Настроены URL сервисов: ['document_processor', 'translator', 'quality_assurance', 'airflow']
[2025-10-09T13:02:09.922+0000] {processor.py:840} INFO - DAG(s) 'orchestrator_dag' retrieved from /opt/airflow/dags/orchestrator_dag.py
[2025-10-09T13:02:09.947+0000] {logging_mixin.py:188} INFO - [2025-10-09T13:02:09.947+0000] {dag.py:3036} INFO - Sync 1 DAGs
[2025-10-09T13:02:09.957+0000] {logging_mixin.py:188} INFO - [2025-10-09T13:02:09.957+0000] {dag.py:3823} INFO - Setting next_dagrun for orchestrator_dag to None, run_after=None
[2025-10-09T13:02:09.969+0000] {processor.py:183} INFO - Processing /opt/airflow/dags/orchestrator_dag.py took 0.066 seconds
[2025-10-09T13:02:40.217+0000] {processor.py:161} INFO - Started process (PID=315) to work on /opt/airflow/dags/orchestrator_dag.py
[2025-10-09T13:02:40.218+0000] {processor.py:830} INFO - Processing file /opt/airflow/dags/orchestrator_dag.py for tasks to queue
[2025-10-09T13:02:40.219+0000] {logging_mixin.py:188} INFO - [2025-10-09T13:02:40.219+0000] {dagbag.py:538} INFO - Filling up the DagBag from /opt/airflow/dags/orchestrator_dag.py
[2025-10-09T13:02:40.228+0000] {logging_mixin.py:188} INFO - [2025-10-09T13:02:40.228+0000] {shared_utils.py:409} INFO - Инициализированы пути обработки: ['input_pdf', 'temp_dir', 'output_md', 'logs', 'work_dir']
[2025-10-09T13:02:40.228+0000] {logging_mixin.py:188} INFO - [2025-10-09T13:02:40.228+0000] {shared_utils.py:413} INFO - Настроены URL сервисов: ['document_processor', 'translator', 'quality_assurance', 'airflow']
[2025-10-09T13:02:40.234+0000] {processor.py:840} INFO - DAG(s) 'orchestrator_dag' retrieved from /opt/airflow/dags/orchestrator_dag.py
[2025-10-09T13:02:40.260+0000] {logging_mixin.py:188} INFO - [2025-10-09T13:02:40.260+0000] {dag.py:3036} INFO - Sync 1 DAGs
[2025-10-09T13:02:40.270+0000] {logging_mixin.py:188} INFO - [2025-10-09T13:02:40.269+0000] {dag.py:3823} INFO - Setting next_dagrun for orchestrator_dag to None, run_after=None
[2025-10-09T13:02:40.281+0000] {processor.py:183} INFO - Processing /opt/airflow/dags/orchestrator_dag.py took 0.066 seconds
[2025-10-09T13:03:10.632+0000] {processor.py:161} INFO - Started process (PID=328) to work on /opt/airflow/dags/orchestrator_dag.py
[2025-10-09T13:03:10.632+0000] {processor.py:830} INFO - Processing file /opt/airflow/dags/orchestrator_dag.py for tasks to queue
[2025-10-09T13:03:10.633+0000] {logging_mixin.py:188} INFO - [2025-10-09T13:03:10.633+0000] {dagbag.py:538} INFO - Filling up the DagBag from /opt/airflow/dags/orchestrator_dag.py
[2025-10-09T13:03:10.642+0000] {logging_mixin.py:188} INFO - [2025-10-09T13:03:10.642+0000] {shared_utils.py:409} INFO - Инициализированы пути обработки: ['input_pdf', 'temp_dir', 'output_md', 'logs', 'work_dir']
[2025-10-09T13:03:10.642+0000] {logging_mixin.py:188} INFO - [2025-10-09T13:03:10.642+0000] {shared_utils.py:413} INFO - Настроены URL сервисов: ['document_processor', 'translator', 'quality_assurance', 'airflow']
[2025-10-09T13:03:10.648+0000] {processor.py:840} INFO - DAG(s) 'orchestrator_dag' retrieved from /opt/airflow/dags/orchestrator_dag.py
[2025-10-09T13:03:10.674+0000] {logging_mixin.py:188} INFO - [2025-10-09T13:03:10.674+0000] {dag.py:3036} INFO - Sync 1 DAGs
[2025-10-09T13:03:10.683+0000] {logging_mixin.py:188} INFO - [2025-10-09T13:03:10.683+0000] {dag.py:3823} INFO - Setting next_dagrun for orchestrator_dag to None, run_after=None
[2025-10-09T13:03:10.695+0000] {processor.py:183} INFO - Processing /opt/airflow/dags/orchestrator_dag.py took 0.066 seconds
