[2025-10-09T12:54:34.326+0000] {processor.py:161} INFO - Started process (PID=99) to work on /opt/airflow/dags/quality_assurance.py
[2025-10-09T12:54:34.326+0000] {processor.py:830} INFO - Processing file /opt/airflow/dags/quality_assurance.py for tasks to queue
[2025-10-09T12:54:34.328+0000] {logging_mixin.py:188} INFO - [2025-10-09T12:54:34.327+0000] {dagbag.py:538} INFO - Filling up the DagBag from /opt/airflow/dags/quality_assurance.py
[2025-10-09T12:54:35.246+0000] {logging_mixin.py:188} INFO - [2025-10-09T12:54:35.246+0000] {shared_utils.py:409} INFO - Инициализированы пути обработки: ['input_pdf', 'temp_dir', 'output_md', 'logs', 'work_dir']
[2025-10-09T12:54:35.246+0000] {logging_mixin.py:188} INFO - [2025-10-09T12:54:35.246+0000] {shared_utils.py:413} INFO - Настроены URL сервисов: ['document_processor', 'translator', 'quality_assurance', 'airflow']
[2025-10-09T12:54:35.255+0000] {logging_mixin.py:188} INFO - [2025-10-09T12:54:35.255+0000] {quality_assurance.py:170} WARNING - visual_diff_system helpers are not available; visual QA will run in fallback mode
[2025-10-09T12:54:35.255+0000] {logging_mixin.py:188} INFO - [2025-10-09T12:54:35.255+0000] {quality_assurance.py:170} WARNING - scikit-image не установлен, используется fallback SSIM
[2025-10-09T12:54:35.256+0000] {logging_mixin.py:188} INFO - [2025-10-09T12:54:35.255+0000] {quality_assurance.py:170} WARNING - sentence-transformers не установлен, семантический анализ упрощен
[2025-10-09T12:54:35.256+0000] {logging_mixin.py:188} INFO - [2025-10-09T12:54:35.256+0000] {quality_assurance.py:170} WARNING - PyMuPDF не установлен, fallback генерация PDF недоступна
[2025-10-09T12:54:35.259+0000] {logging_mixin.py:188} INFO - [2025-10-09T12:54:35.258+0000] {quality_assurance.py:170} WARNING - visual_diff_system helpers are not available; visual QA will run in fallback mode
[2025-10-09T12:54:35.259+0000] {logging_mixin.py:188} INFO - [2025-10-09T12:54:35.259+0000] {quality_assurance.py:170} WARNING - scikit-image не установлен, используется fallback SSIM
[2025-10-09T12:54:35.259+0000] {logging_mixin.py:188} INFO - [2025-10-09T12:54:35.259+0000] {quality_assurance.py:170} WARNING - sentence-transformers не установлен, семантический анализ упрощен
[2025-10-09T12:54:35.259+0000] {logging_mixin.py:188} INFO - [2025-10-09T12:54:35.259+0000] {quality_assurance.py:170} WARNING - PyMuPDF не установлен, fallback генерация PDF недоступна
[2025-10-09T12:54:35.262+0000] {processor.py:840} INFO - DAG(s) 'quality_assurance' retrieved from /opt/airflow/dags/quality_assurance.py
[2025-10-09T12:54:35.283+0000] {logging_mixin.py:188} INFO - [2025-10-09T12:54:35.283+0000] {dag.py:3036} INFO - Sync 1 DAGs
[2025-10-09T12:54:35.293+0000] {logging_mixin.py:188} INFO - [2025-10-09T12:54:35.293+0000] {dag.py:3823} INFO - Setting next_dagrun for quality_assurance to None, run_after=None
[2025-10-09T12:54:35.305+0000] {processor.py:183} INFO - Processing /opt/airflow/dags/quality_assurance.py took 0.982 seconds
[2025-10-09T12:55:06.102+0000] {processor.py:161} INFO - Started process (PID=117) to work on /opt/airflow/dags/quality_assurance.py
[2025-10-09T12:55:06.102+0000] {processor.py:830} INFO - Processing file /opt/airflow/dags/quality_assurance.py for tasks to queue
[2025-10-09T12:55:06.104+0000] {logging_mixin.py:188} INFO - [2025-10-09T12:55:06.104+0000] {dagbag.py:538} INFO - Filling up the DagBag from /opt/airflow/dags/quality_assurance.py
[2025-10-09T12:55:06.428+0000] {logging_mixin.py:188} INFO - [2025-10-09T12:55:06.428+0000] {shared_utils.py:409} INFO - Инициализированы пути обработки: ['input_pdf', 'temp_dir', 'output_md', 'logs', 'work_dir']
[2025-10-09T12:55:06.428+0000] {logging_mixin.py:188} INFO - [2025-10-09T12:55:06.428+0000] {shared_utils.py:413} INFO - Настроены URL сервисов: ['document_processor', 'translator', 'quality_assurance', 'airflow']
[2025-10-09T12:55:06.438+0000] {logging_mixin.py:188} INFO - [2025-10-09T12:55:06.438+0000] {quality_assurance.py:170} WARNING - visual_diff_system helpers are not available; visual QA will run in fallback mode
[2025-10-09T12:55:06.438+0000] {logging_mixin.py:188} INFO - [2025-10-09T12:55:06.438+0000] {quality_assurance.py:170} WARNING - scikit-image не установлен, используется fallback SSIM
[2025-10-09T12:55:06.438+0000] {logging_mixin.py:188} INFO - [2025-10-09T12:55:06.438+0000] {quality_assurance.py:170} WARNING - sentence-transformers не установлен, семантический анализ упрощен
[2025-10-09T12:55:06.438+0000] {logging_mixin.py:188} INFO - [2025-10-09T12:55:06.438+0000] {quality_assurance.py:170} WARNING - PyMuPDF не установлен, fallback генерация PDF недоступна
[2025-10-09T12:55:06.440+0000] {logging_mixin.py:188} INFO - [2025-10-09T12:55:06.440+0000] {quality_assurance.py:170} WARNING - visual_diff_system helpers are not available; visual QA will run in fallback mode
[2025-10-09T12:55:06.441+0000] {logging_mixin.py:188} INFO - [2025-10-09T12:55:06.441+0000] {quality_assurance.py:170} WARNING - scikit-image не установлен, используется fallback SSIM
[2025-10-09T12:55:06.441+0000] {logging_mixin.py:188} INFO - [2025-10-09T12:55:06.441+0000] {quality_assurance.py:170} WARNING - sentence-transformers не установлен, семантический анализ упрощен
[2025-10-09T12:55:06.441+0000] {logging_mixin.py:188} INFO - [2025-10-09T12:55:06.441+0000] {quality_assurance.py:170} WARNING - PyMuPDF не установлен, fallback генерация PDF недоступна
[2025-10-09T12:55:06.444+0000] {processor.py:840} INFO - DAG(s) 'quality_assurance' retrieved from /opt/airflow/dags/quality_assurance.py
[2025-10-09T12:55:06.512+0000] {logging_mixin.py:188} INFO - [2025-10-09T12:55:06.512+0000] {dag.py:3036} INFO - Sync 1 DAGs
[2025-10-09T12:55:06.520+0000] {logging_mixin.py:188} INFO - [2025-10-09T12:55:06.520+0000] {dag.py:3823} INFO - Setting next_dagrun for quality_assurance to None, run_after=None
[2025-10-09T12:55:06.532+0000] {processor.py:183} INFO - Processing /opt/airflow/dags/quality_assurance.py took 0.433 seconds
[2025-10-09T12:55:36.714+0000] {processor.py:161} INFO - Started process (PID=130) to work on /opt/airflow/dags/quality_assurance.py
[2025-10-09T12:55:36.714+0000] {processor.py:830} INFO - Processing file /opt/airflow/dags/quality_assurance.py for tasks to queue
[2025-10-09T12:55:36.716+0000] {logging_mixin.py:188} INFO - [2025-10-09T12:55:36.716+0000] {dagbag.py:538} INFO - Filling up the DagBag from /opt/airflow/dags/quality_assurance.py
[2025-10-09T12:55:36.935+0000] {logging_mixin.py:188} INFO - [2025-10-09T12:55:36.934+0000] {shared_utils.py:409} INFO - Инициализированы пути обработки: ['input_pdf', 'temp_dir', 'output_md', 'logs', 'work_dir']
[2025-10-09T12:55:36.935+0000] {logging_mixin.py:188} INFO - [2025-10-09T12:55:36.935+0000] {shared_utils.py:413} INFO - Настроены URL сервисов: ['document_processor', 'translator', 'quality_assurance', 'airflow']
[2025-10-09T12:55:36.945+0000] {logging_mixin.py:188} INFO - [2025-10-09T12:55:36.944+0000] {quality_assurance.py:170} WARNING - visual_diff_system helpers are not available; visual QA will run in fallback mode
[2025-10-09T12:55:36.945+0000] {logging_mixin.py:188} INFO - [2025-10-09T12:55:36.945+0000] {quality_assurance.py:170} WARNING - scikit-image не установлен, используется fallback SSIM
[2025-10-09T12:55:36.945+0000] {logging_mixin.py:188} INFO - [2025-10-09T12:55:36.945+0000] {quality_assurance.py:170} WARNING - sentence-transformers не установлен, семантический анализ упрощен
[2025-10-09T12:55:36.945+0000] {logging_mixin.py:188} INFO - [2025-10-09T12:55:36.945+0000] {quality_assurance.py:170} WARNING - PyMuPDF не установлен, fallback генерация PDF недоступна
[2025-10-09T12:55:36.948+0000] {logging_mixin.py:188} INFO - [2025-10-09T12:55:36.948+0000] {quality_assurance.py:170} WARNING - visual_diff_system helpers are not available; visual QA will run in fallback mode
[2025-10-09T12:55:36.948+0000] {logging_mixin.py:188} INFO - [2025-10-09T12:55:36.948+0000] {quality_assurance.py:170} WARNING - scikit-image не установлен, используется fallback SSIM
[2025-10-09T12:55:36.948+0000] {logging_mixin.py:188} INFO - [2025-10-09T12:55:36.948+0000] {quality_assurance.py:170} WARNING - sentence-transformers не установлен, семантический анализ упрощен
[2025-10-09T12:55:36.948+0000] {logging_mixin.py:188} INFO - [2025-10-09T12:55:36.948+0000] {quality_assurance.py:170} WARNING - PyMuPDF не установлен, fallback генерация PDF недоступна
[2025-10-09T12:55:36.951+0000] {processor.py:840} INFO - DAG(s) 'quality_assurance' retrieved from /opt/airflow/dags/quality_assurance.py
[2025-10-09T12:55:36.973+0000] {logging_mixin.py:188} INFO - [2025-10-09T12:55:36.973+0000] {dag.py:3036} INFO - Sync 1 DAGs
[2025-10-09T12:55:36.983+0000] {logging_mixin.py:188} INFO - [2025-10-09T12:55:36.982+0000] {dag.py:3823} INFO - Setting next_dagrun for quality_assurance to None, run_after=None
[2025-10-09T12:55:36.994+0000] {processor.py:183} INFO - Processing /opt/airflow/dags/quality_assurance.py took 0.283 seconds
[2025-10-09T12:56:07.029+0000] {processor.py:161} INFO - Started process (PID=143) to work on /opt/airflow/dags/quality_assurance.py
[2025-10-09T12:56:07.030+0000] {processor.py:830} INFO - Processing file /opt/airflow/dags/quality_assurance.py for tasks to queue
[2025-10-09T12:56:07.031+0000] {logging_mixin.py:188} INFO - [2025-10-09T12:56:07.031+0000] {dagbag.py:538} INFO - Filling up the DagBag from /opt/airflow/dags/quality_assurance.py
[2025-10-09T12:56:07.251+0000] {logging_mixin.py:188} INFO - [2025-10-09T12:56:07.251+0000] {shared_utils.py:409} INFO - Инициализированы пути обработки: ['input_pdf', 'temp_dir', 'output_md', 'logs', 'work_dir']
[2025-10-09T12:56:07.251+0000] {logging_mixin.py:188} INFO - [2025-10-09T12:56:07.251+0000] {shared_utils.py:413} INFO - Настроены URL сервисов: ['document_processor', 'translator', 'quality_assurance', 'airflow']
[2025-10-09T12:56:07.261+0000] {logging_mixin.py:188} INFO - [2025-10-09T12:56:07.261+0000] {quality_assurance.py:170} WARNING - visual_diff_system helpers are not available; visual QA will run in fallback mode
[2025-10-09T12:56:07.261+0000] {logging_mixin.py:188} INFO - [2025-10-09T12:56:07.261+0000] {quality_assurance.py:170} WARNING - scikit-image не установлен, используется fallback SSIM
[2025-10-09T12:56:07.261+0000] {logging_mixin.py:188} INFO - [2025-10-09T12:56:07.261+0000] {quality_assurance.py:170} WARNING - sentence-transformers не установлен, семантический анализ упрощен
[2025-10-09T12:56:07.261+0000] {logging_mixin.py:188} INFO - [2025-10-09T12:56:07.261+0000] {quality_assurance.py:170} WARNING - PyMuPDF не установлен, fallback генерация PDF недоступна
[2025-10-09T12:56:07.264+0000] {logging_mixin.py:188} INFO - [2025-10-09T12:56:07.264+0000] {quality_assurance.py:170} WARNING - visual_diff_system helpers are not available; visual QA will run in fallback mode
[2025-10-09T12:56:07.264+0000] {logging_mixin.py:188} INFO - [2025-10-09T12:56:07.264+0000] {quality_assurance.py:170} WARNING - scikit-image не установлен, используется fallback SSIM
[2025-10-09T12:56:07.264+0000] {logging_mixin.py:188} INFO - [2025-10-09T12:56:07.264+0000] {quality_assurance.py:170} WARNING - sentence-transformers не установлен, семантический анализ упрощен
[2025-10-09T12:56:07.264+0000] {logging_mixin.py:188} INFO - [2025-10-09T12:56:07.264+0000] {quality_assurance.py:170} WARNING - PyMuPDF не установлен, fallback генерация PDF недоступна
[2025-10-09T12:56:07.268+0000] {processor.py:840} INFO - DAG(s) 'quality_assurance' retrieved from /opt/airflow/dags/quality_assurance.py
[2025-10-09T12:56:07.290+0000] {logging_mixin.py:188} INFO - [2025-10-09T12:56:07.289+0000] {dag.py:3036} INFO - Sync 1 DAGs
[2025-10-09T12:56:07.299+0000] {logging_mixin.py:188} INFO - [2025-10-09T12:56:07.299+0000] {dag.py:3823} INFO - Setting next_dagrun for quality_assurance to None, run_after=None
[2025-10-09T12:56:07.311+0000] {processor.py:183} INFO - Processing /opt/airflow/dags/quality_assurance.py took 0.284 seconds
[2025-10-09T12:56:37.342+0000] {processor.py:161} INFO - Started process (PID=156) to work on /opt/airflow/dags/quality_assurance.py
[2025-10-09T12:56:37.343+0000] {processor.py:830} INFO - Processing file /opt/airflow/dags/quality_assurance.py for tasks to queue
[2025-10-09T12:56:37.344+0000] {logging_mixin.py:188} INFO - [2025-10-09T12:56:37.344+0000] {dagbag.py:538} INFO - Filling up the DagBag from /opt/airflow/dags/quality_assurance.py
[2025-10-09T12:56:37.677+0000] {logging_mixin.py:188} INFO - [2025-10-09T12:56:37.676+0000] {shared_utils.py:409} INFO - Инициализированы пути обработки: ['input_pdf', 'temp_dir', 'output_md', 'logs', 'work_dir']
[2025-10-09T12:56:37.677+0000] {logging_mixin.py:188} INFO - [2025-10-09T12:56:37.677+0000] {shared_utils.py:413} INFO - Настроены URL сервисов: ['document_processor', 'translator', 'quality_assurance', 'airflow']
[2025-10-09T12:56:37.687+0000] {logging_mixin.py:188} INFO - [2025-10-09T12:56:37.687+0000] {quality_assurance.py:170} WARNING - visual_diff_system helpers are not available; visual QA will run in fallback mode
[2025-10-09T12:56:37.687+0000] {logging_mixin.py:188} INFO - [2025-10-09T12:56:37.687+0000] {quality_assurance.py:170} WARNING - scikit-image не установлен, используется fallback SSIM
[2025-10-09T12:56:37.687+0000] {logging_mixin.py:188} INFO - [2025-10-09T12:56:37.687+0000] {quality_assurance.py:170} WARNING - sentence-transformers не установлен, семантический анализ упрощен
[2025-10-09T12:56:37.687+0000] {logging_mixin.py:188} INFO - [2025-10-09T12:56:37.687+0000] {quality_assurance.py:170} WARNING - PyMuPDF не установлен, fallback генерация PDF недоступна
[2025-10-09T12:56:37.689+0000] {logging_mixin.py:188} INFO - [2025-10-09T12:56:37.689+0000] {quality_assurance.py:170} WARNING - visual_diff_system helpers are not available; visual QA will run in fallback mode
[2025-10-09T12:56:37.689+0000] {logging_mixin.py:188} INFO - [2025-10-09T12:56:37.689+0000] {quality_assurance.py:170} WARNING - scikit-image не установлен, используется fallback SSIM
[2025-10-09T12:56:37.689+0000] {logging_mixin.py:188} INFO - [2025-10-09T12:56:37.689+0000] {quality_assurance.py:170} WARNING - sentence-transformers не установлен, семантический анализ упрощен
[2025-10-09T12:56:37.690+0000] {logging_mixin.py:188} INFO - [2025-10-09T12:56:37.690+0000] {quality_assurance.py:170} WARNING - PyMuPDF не установлен, fallback генерация PDF недоступна
[2025-10-09T12:56:37.692+0000] {processor.py:840} INFO - DAG(s) 'quality_assurance' retrieved from /opt/airflow/dags/quality_assurance.py
[2025-10-09T12:56:37.713+0000] {logging_mixin.py:188} INFO - [2025-10-09T12:56:37.712+0000] {dag.py:3036} INFO - Sync 1 DAGs
[2025-10-09T12:56:37.721+0000] {logging_mixin.py:188} INFO - [2025-10-09T12:56:37.721+0000] {dag.py:3823} INFO - Setting next_dagrun for quality_assurance to None, run_after=None
[2025-10-09T12:56:37.737+0000] {processor.py:183} INFO - Processing /opt/airflow/dags/quality_assurance.py took 0.397 seconds
[2025-10-09T12:57:08.584+0000] {processor.py:161} INFO - Started process (PID=169) to work on /opt/airflow/dags/quality_assurance.py
[2025-10-09T12:57:08.584+0000] {processor.py:830} INFO - Processing file /opt/airflow/dags/quality_assurance.py for tasks to queue
[2025-10-09T12:57:08.586+0000] {logging_mixin.py:188} INFO - [2025-10-09T12:57:08.586+0000] {dagbag.py:538} INFO - Filling up the DagBag from /opt/airflow/dags/quality_assurance.py
[2025-10-09T12:57:08.905+0000] {logging_mixin.py:188} INFO - [2025-10-09T12:57:08.904+0000] {shared_utils.py:409} INFO - Инициализированы пути обработки: ['input_pdf', 'temp_dir', 'output_md', 'logs', 'work_dir']
[2025-10-09T12:57:08.905+0000] {logging_mixin.py:188} INFO - [2025-10-09T12:57:08.905+0000] {shared_utils.py:413} INFO - Настроены URL сервисов: ['document_processor', 'translator', 'quality_assurance', 'airflow']
[2025-10-09T12:57:08.915+0000] {logging_mixin.py:188} INFO - [2025-10-09T12:57:08.915+0000] {quality_assurance.py:170} WARNING - visual_diff_system helpers are not available; visual QA will run in fallback mode
[2025-10-09T12:57:08.915+0000] {logging_mixin.py:188} INFO - [2025-10-09T12:57:08.915+0000] {quality_assurance.py:170} WARNING - scikit-image не установлен, используется fallback SSIM
[2025-10-09T12:57:08.915+0000] {logging_mixin.py:188} INFO - [2025-10-09T12:57:08.915+0000] {quality_assurance.py:170} WARNING - sentence-transformers не установлен, семантический анализ упрощен
[2025-10-09T12:57:08.915+0000] {logging_mixin.py:188} INFO - [2025-10-09T12:57:08.915+0000] {quality_assurance.py:170} WARNING - PyMuPDF не установлен, fallback генерация PDF недоступна
[2025-10-09T12:57:08.917+0000] {logging_mixin.py:188} INFO - [2025-10-09T12:57:08.917+0000] {quality_assurance.py:170} WARNING - visual_diff_system helpers are not available; visual QA will run in fallback mode
[2025-10-09T12:57:08.917+0000] {logging_mixin.py:188} INFO - [2025-10-09T12:57:08.917+0000] {quality_assurance.py:170} WARNING - scikit-image не установлен, используется fallback SSIM
[2025-10-09T12:57:08.918+0000] {logging_mixin.py:188} INFO - [2025-10-09T12:57:08.918+0000] {quality_assurance.py:170} WARNING - sentence-transformers не установлен, семантический анализ упрощен
[2025-10-09T12:57:08.918+0000] {logging_mixin.py:188} INFO - [2025-10-09T12:57:08.918+0000] {quality_assurance.py:170} WARNING - PyMuPDF не установлен, fallback генерация PDF недоступна
[2025-10-09T12:57:08.921+0000] {processor.py:840} INFO - DAG(s) 'quality_assurance' retrieved from /opt/airflow/dags/quality_assurance.py
[2025-10-09T12:57:08.941+0000] {logging_mixin.py:188} INFO - [2025-10-09T12:57:08.940+0000] {dag.py:3036} INFO - Sync 1 DAGs
[2025-10-09T12:57:08.949+0000] {logging_mixin.py:188} INFO - [2025-10-09T12:57:08.949+0000] {dag.py:3823} INFO - Setting next_dagrun for quality_assurance to None, run_after=None
[2025-10-09T12:57:08.961+0000] {processor.py:183} INFO - Processing /opt/airflow/dags/quality_assurance.py took 0.380 seconds
[2025-10-09T12:57:38.996+0000] {processor.py:161} INFO - Started process (PID=182) to work on /opt/airflow/dags/quality_assurance.py
[2025-10-09T12:57:38.996+0000] {processor.py:830} INFO - Processing file /opt/airflow/dags/quality_assurance.py for tasks to queue
[2025-10-09T12:57:38.998+0000] {logging_mixin.py:188} INFO - [2025-10-09T12:57:38.998+0000] {dagbag.py:538} INFO - Filling up the DagBag from /opt/airflow/dags/quality_assurance.py
[2025-10-09T12:57:39.219+0000] {logging_mixin.py:188} INFO - [2025-10-09T12:57:39.219+0000] {shared_utils.py:409} INFO - Инициализированы пути обработки: ['input_pdf', 'temp_dir', 'output_md', 'logs', 'work_dir']
[2025-10-09T12:57:39.219+0000] {logging_mixin.py:188} INFO - [2025-10-09T12:57:39.219+0000] {shared_utils.py:413} INFO - Настроены URL сервисов: ['document_processor', 'translator', 'quality_assurance', 'airflow']
[2025-10-09T12:57:39.229+0000] {logging_mixin.py:188} INFO - [2025-10-09T12:57:39.229+0000] {quality_assurance.py:170} WARNING - visual_diff_system helpers are not available; visual QA will run in fallback mode
[2025-10-09T12:57:39.229+0000] {logging_mixin.py:188} INFO - [2025-10-09T12:57:39.229+0000] {quality_assurance.py:170} WARNING - scikit-image не установлен, используется fallback SSIM
[2025-10-09T12:57:39.229+0000] {logging_mixin.py:188} INFO - [2025-10-09T12:57:39.229+0000] {quality_assurance.py:170} WARNING - sentence-transformers не установлен, семантический анализ упрощен
[2025-10-09T12:57:39.229+0000] {logging_mixin.py:188} INFO - [2025-10-09T12:57:39.229+0000] {quality_assurance.py:170} WARNING - PyMuPDF не установлен, fallback генерация PDF недоступна
[2025-10-09T12:57:39.232+0000] {logging_mixin.py:188} INFO - [2025-10-09T12:57:39.232+0000] {quality_assurance.py:170} WARNING - visual_diff_system helpers are not available; visual QA will run in fallback mode
[2025-10-09T12:57:39.232+0000] {logging_mixin.py:188} INFO - [2025-10-09T12:57:39.232+0000] {quality_assurance.py:170} WARNING - scikit-image не установлен, используется fallback SSIM
[2025-10-09T12:57:39.233+0000] {logging_mixin.py:188} INFO - [2025-10-09T12:57:39.232+0000] {quality_assurance.py:170} WARNING - sentence-transformers не установлен, семантический анализ упрощен
[2025-10-09T12:57:39.233+0000] {logging_mixin.py:188} INFO - [2025-10-09T12:57:39.233+0000] {quality_assurance.py:170} WARNING - PyMuPDF не установлен, fallback генерация PDF недоступна
[2025-10-09T12:57:39.236+0000] {processor.py:840} INFO - DAG(s) 'quality_assurance' retrieved from /opt/airflow/dags/quality_assurance.py
[2025-10-09T12:57:39.258+0000] {logging_mixin.py:188} INFO - [2025-10-09T12:57:39.258+0000] {dag.py:3036} INFO - Sync 1 DAGs
[2025-10-09T12:57:39.268+0000] {logging_mixin.py:188} INFO - [2025-10-09T12:57:39.268+0000] {dag.py:3823} INFO - Setting next_dagrun for quality_assurance to None, run_after=None
[2025-10-09T12:57:39.281+0000] {processor.py:183} INFO - Processing /opt/airflow/dags/quality_assurance.py took 0.288 seconds
[2025-10-09T12:58:09.351+0000] {processor.py:161} INFO - Started process (PID=195) to work on /opt/airflow/dags/quality_assurance.py
[2025-10-09T12:58:09.352+0000] {processor.py:830} INFO - Processing file /opt/airflow/dags/quality_assurance.py for tasks to queue
[2025-10-09T12:58:09.353+0000] {logging_mixin.py:188} INFO - [2025-10-09T12:58:09.353+0000] {dagbag.py:538} INFO - Filling up the DagBag from /opt/airflow/dags/quality_assurance.py
[2025-10-09T12:58:09.685+0000] {logging_mixin.py:188} INFO - [2025-10-09T12:58:09.685+0000] {shared_utils.py:409} INFO - Инициализированы пути обработки: ['input_pdf', 'temp_dir', 'output_md', 'logs', 'work_dir']
[2025-10-09T12:58:09.685+0000] {logging_mixin.py:188} INFO - [2025-10-09T12:58:09.685+0000] {shared_utils.py:413} INFO - Настроены URL сервисов: ['document_processor', 'translator', 'quality_assurance', 'airflow']
[2025-10-09T12:58:09.695+0000] {logging_mixin.py:188} INFO - [2025-10-09T12:58:09.695+0000] {quality_assurance.py:170} WARNING - visual_diff_system helpers are not available; visual QA will run in fallback mode
[2025-10-09T12:58:09.695+0000] {logging_mixin.py:188} INFO - [2025-10-09T12:58:09.695+0000] {quality_assurance.py:170} WARNING - scikit-image не установлен, используется fallback SSIM
[2025-10-09T12:58:09.696+0000] {logging_mixin.py:188} INFO - [2025-10-09T12:58:09.696+0000] {quality_assurance.py:170} WARNING - sentence-transformers не установлен, семантический анализ упрощен
[2025-10-09T12:58:09.696+0000] {logging_mixin.py:188} INFO - [2025-10-09T12:58:09.696+0000] {quality_assurance.py:170} WARNING - PyMuPDF не установлен, fallback генерация PDF недоступна
[2025-10-09T12:58:09.698+0000] {logging_mixin.py:188} INFO - [2025-10-09T12:58:09.698+0000] {quality_assurance.py:170} WARNING - visual_diff_system helpers are not available; visual QA will run in fallback mode
[2025-10-09T12:58:09.698+0000] {logging_mixin.py:188} INFO - [2025-10-09T12:58:09.698+0000] {quality_assurance.py:170} WARNING - scikit-image не установлен, используется fallback SSIM
[2025-10-09T12:58:09.698+0000] {logging_mixin.py:188} INFO - [2025-10-09T12:58:09.698+0000] {quality_assurance.py:170} WARNING - sentence-transformers не установлен, семантический анализ упрощен
[2025-10-09T12:58:09.698+0000] {logging_mixin.py:188} INFO - [2025-10-09T12:58:09.698+0000] {quality_assurance.py:170} WARNING - PyMuPDF не установлен, fallback генерация PDF недоступна
[2025-10-09T12:58:09.701+0000] {processor.py:840} INFO - DAG(s) 'quality_assurance' retrieved from /opt/airflow/dags/quality_assurance.py
[2025-10-09T12:58:09.722+0000] {logging_mixin.py:188} INFO - [2025-10-09T12:58:09.722+0000] {dag.py:3036} INFO - Sync 1 DAGs
[2025-10-09T12:58:09.731+0000] {logging_mixin.py:188} INFO - [2025-10-09T12:58:09.731+0000] {dag.py:3823} INFO - Setting next_dagrun for quality_assurance to None, run_after=None
[2025-10-09T12:58:09.742+0000] {processor.py:183} INFO - Processing /opt/airflow/dags/quality_assurance.py took 0.394 seconds
[2025-10-09T12:58:40.654+0000] {processor.py:161} INFO - Started process (PID=208) to work on /opt/airflow/dags/quality_assurance.py
[2025-10-09T12:58:40.655+0000] {processor.py:830} INFO - Processing file /opt/airflow/dags/quality_assurance.py for tasks to queue
[2025-10-09T12:58:40.657+0000] {logging_mixin.py:188} INFO - [2025-10-09T12:58:40.656+0000] {dagbag.py:538} INFO - Filling up the DagBag from /opt/airflow/dags/quality_assurance.py
[2025-10-09T12:58:40.983+0000] {logging_mixin.py:188} INFO - [2025-10-09T12:58:40.983+0000] {shared_utils.py:409} INFO - Инициализированы пути обработки: ['input_pdf', 'temp_dir', 'output_md', 'logs', 'work_dir']
[2025-10-09T12:58:40.983+0000] {logging_mixin.py:188} INFO - [2025-10-09T12:58:40.983+0000] {shared_utils.py:413} INFO - Настроены URL сервисов: ['document_processor', 'translator', 'quality_assurance', 'airflow']
[2025-10-09T12:58:40.993+0000] {logging_mixin.py:188} INFO - [2025-10-09T12:58:40.993+0000] {quality_assurance.py:170} WARNING - visual_diff_system helpers are not available; visual QA will run in fallback mode
[2025-10-09T12:58:40.993+0000] {logging_mixin.py:188} INFO - [2025-10-09T12:58:40.993+0000] {quality_assurance.py:170} WARNING - scikit-image не установлен, используется fallback SSIM
[2025-10-09T12:58:40.993+0000] {logging_mixin.py:188} INFO - [2025-10-09T12:58:40.993+0000] {quality_assurance.py:170} WARNING - sentence-transformers не установлен, семантический анализ упрощен
[2025-10-09T12:58:40.993+0000] {logging_mixin.py:188} INFO - [2025-10-09T12:58:40.993+0000] {quality_assurance.py:170} WARNING - PyMuPDF не установлен, fallback генерация PDF недоступна
[2025-10-09T12:58:40.995+0000] {logging_mixin.py:188} INFO - [2025-10-09T12:58:40.995+0000] {quality_assurance.py:170} WARNING - visual_diff_system helpers are not available; visual QA will run in fallback mode
[2025-10-09T12:58:40.996+0000] {logging_mixin.py:188} INFO - [2025-10-09T12:58:40.995+0000] {quality_assurance.py:170} WARNING - scikit-image не установлен, используется fallback SSIM
[2025-10-09T12:58:40.996+0000] {logging_mixin.py:188} INFO - [2025-10-09T12:58:40.996+0000] {quality_assurance.py:170} WARNING - sentence-transformers не установлен, семантический анализ упрощен
[2025-10-09T12:58:40.996+0000] {logging_mixin.py:188} INFO - [2025-10-09T12:58:40.996+0000] {quality_assurance.py:170} WARNING - PyMuPDF не установлен, fallback генерация PDF недоступна
[2025-10-09T12:58:40.999+0000] {processor.py:840} INFO - DAG(s) 'quality_assurance' retrieved from /opt/airflow/dags/quality_assurance.py
[2025-10-09T12:58:41.019+0000] {logging_mixin.py:188} INFO - [2025-10-09T12:58:41.019+0000] {dag.py:3036} INFO - Sync 1 DAGs
[2025-10-09T12:58:41.027+0000] {logging_mixin.py:188} INFO - [2025-10-09T12:58:41.027+0000] {dag.py:3823} INFO - Setting next_dagrun for quality_assurance to None, run_after=None
[2025-10-09T12:58:41.039+0000] {processor.py:183} INFO - Processing /opt/airflow/dags/quality_assurance.py took 0.386 seconds
[2025-10-09T12:59:12.068+0000] {processor.py:161} INFO - Started process (PID=221) to work on /opt/airflow/dags/quality_assurance.py
[2025-10-09T12:59:12.069+0000] {processor.py:830} INFO - Processing file /opt/airflow/dags/quality_assurance.py for tasks to queue
[2025-10-09T12:59:12.070+0000] {logging_mixin.py:188} INFO - [2025-10-09T12:59:12.070+0000] {dagbag.py:538} INFO - Filling up the DagBag from /opt/airflow/dags/quality_assurance.py
[2025-10-09T12:59:12.292+0000] {logging_mixin.py:188} INFO - [2025-10-09T12:59:12.292+0000] {shared_utils.py:409} INFO - Инициализированы пути обработки: ['input_pdf', 'temp_dir', 'output_md', 'logs', 'work_dir']
[2025-10-09T12:59:12.292+0000] {logging_mixin.py:188} INFO - [2025-10-09T12:59:12.292+0000] {shared_utils.py:413} INFO - Настроены URL сервисов: ['document_processor', 'translator', 'quality_assurance', 'airflow']
[2025-10-09T12:59:12.302+0000] {logging_mixin.py:188} INFO - [2025-10-09T12:59:12.302+0000] {quality_assurance.py:170} WARNING - visual_diff_system helpers are not available; visual QA will run in fallback mode
[2025-10-09T12:59:12.302+0000] {logging_mixin.py:188} INFO - [2025-10-09T12:59:12.302+0000] {quality_assurance.py:170} WARNING - scikit-image не установлен, используется fallback SSIM
[2025-10-09T12:59:12.302+0000] {logging_mixin.py:188} INFO - [2025-10-09T12:59:12.302+0000] {quality_assurance.py:170} WARNING - sentence-transformers не установлен, семантический анализ упрощен
[2025-10-09T12:59:12.302+0000] {logging_mixin.py:188} INFO - [2025-10-09T12:59:12.302+0000] {quality_assurance.py:170} WARNING - PyMuPDF не установлен, fallback генерация PDF недоступна
[2025-10-09T12:59:12.305+0000] {logging_mixin.py:188} INFO - [2025-10-09T12:59:12.305+0000] {quality_assurance.py:170} WARNING - visual_diff_system helpers are not available; visual QA will run in fallback mode
[2025-10-09T12:59:12.305+0000] {logging_mixin.py:188} INFO - [2025-10-09T12:59:12.305+0000] {quality_assurance.py:170} WARNING - scikit-image не установлен, используется fallback SSIM
[2025-10-09T12:59:12.306+0000] {logging_mixin.py:188} INFO - [2025-10-09T12:59:12.305+0000] {quality_assurance.py:170} WARNING - sentence-transformers не установлен, семантический анализ упрощен
[2025-10-09T12:59:12.306+0000] {logging_mixin.py:188} INFO - [2025-10-09T12:59:12.306+0000] {quality_assurance.py:170} WARNING - PyMuPDF не установлен, fallback генерация PDF недоступна
[2025-10-09T12:59:12.309+0000] {processor.py:840} INFO - DAG(s) 'quality_assurance' retrieved from /opt/airflow/dags/quality_assurance.py
[2025-10-09T12:59:12.332+0000] {logging_mixin.py:188} INFO - [2025-10-09T12:59:12.331+0000] {dag.py:3036} INFO - Sync 1 DAGs
[2025-10-09T12:59:12.342+0000] {logging_mixin.py:188} INFO - [2025-10-09T12:59:12.341+0000] {dag.py:3823} INFO - Setting next_dagrun for quality_assurance to None, run_after=None
[2025-10-09T12:59:12.354+0000] {processor.py:183} INFO - Processing /opt/airflow/dags/quality_assurance.py took 0.288 seconds
[2025-10-09T12:59:43.313+0000] {processor.py:161} INFO - Started process (PID=234) to work on /opt/airflow/dags/quality_assurance.py
[2025-10-09T12:59:43.313+0000] {processor.py:830} INFO - Processing file /opt/airflow/dags/quality_assurance.py for tasks to queue
[2025-10-09T12:59:43.315+0000] {logging_mixin.py:188} INFO - [2025-10-09T12:59:43.315+0000] {dagbag.py:538} INFO - Filling up the DagBag from /opt/airflow/dags/quality_assurance.py
[2025-10-09T12:59:43.536+0000] {logging_mixin.py:188} INFO - [2025-10-09T12:59:43.536+0000] {shared_utils.py:409} INFO - Инициализированы пути обработки: ['input_pdf', 'temp_dir', 'output_md', 'logs', 'work_dir']
[2025-10-09T12:59:43.536+0000] {logging_mixin.py:188} INFO - [2025-10-09T12:59:43.536+0000] {shared_utils.py:413} INFO - Настроены URL сервисов: ['document_processor', 'translator', 'quality_assurance', 'airflow']
[2025-10-09T12:59:43.546+0000] {logging_mixin.py:188} INFO - [2025-10-09T12:59:43.546+0000] {quality_assurance.py:170} WARNING - visual_diff_system helpers are not available; visual QA will run in fallback mode
[2025-10-09T12:59:43.547+0000] {logging_mixin.py:188} INFO - [2025-10-09T12:59:43.546+0000] {quality_assurance.py:170} WARNING - scikit-image не установлен, используется fallback SSIM
[2025-10-09T12:59:43.547+0000] {logging_mixin.py:188} INFO - [2025-10-09T12:59:43.547+0000] {quality_assurance.py:170} WARNING - sentence-transformers не установлен, семантический анализ упрощен
[2025-10-09T12:59:43.547+0000] {logging_mixin.py:188} INFO - [2025-10-09T12:59:43.547+0000] {quality_assurance.py:170} WARNING - PyMuPDF не установлен, fallback генерация PDF недоступна
[2025-10-09T12:59:43.550+0000] {logging_mixin.py:188} INFO - [2025-10-09T12:59:43.550+0000] {quality_assurance.py:170} WARNING - visual_diff_system helpers are not available; visual QA will run in fallback mode
[2025-10-09T12:59:43.550+0000] {logging_mixin.py:188} INFO - [2025-10-09T12:59:43.550+0000] {quality_assurance.py:170} WARNING - scikit-image не установлен, используется fallback SSIM
[2025-10-09T12:59:43.550+0000] {logging_mixin.py:188} INFO - [2025-10-09T12:59:43.550+0000] {quality_assurance.py:170} WARNING - sentence-transformers не установлен, семантический анализ упрощен
[2025-10-09T12:59:43.550+0000] {logging_mixin.py:188} INFO - [2025-10-09T12:59:43.550+0000] {quality_assurance.py:170} WARNING - PyMuPDF не установлен, fallback генерация PDF недоступна
[2025-10-09T12:59:43.553+0000] {processor.py:840} INFO - DAG(s) 'quality_assurance' retrieved from /opt/airflow/dags/quality_assurance.py
[2025-10-09T12:59:43.576+0000] {logging_mixin.py:188} INFO - [2025-10-09T12:59:43.576+0000] {dag.py:3036} INFO - Sync 1 DAGs
[2025-10-09T12:59:43.586+0000] {logging_mixin.py:188} INFO - [2025-10-09T12:59:43.585+0000] {dag.py:3823} INFO - Setting next_dagrun for quality_assurance to None, run_after=None
[2025-10-09T12:59:43.598+0000] {processor.py:183} INFO - Processing /opt/airflow/dags/quality_assurance.py took 0.287 seconds
[2025-10-09T13:00:13.676+0000] {processor.py:161} INFO - Started process (PID=247) to work on /opt/airflow/dags/quality_assurance.py
[2025-10-09T13:00:13.677+0000] {processor.py:830} INFO - Processing file /opt/airflow/dags/quality_assurance.py for tasks to queue
[2025-10-09T13:00:13.678+0000] {logging_mixin.py:188} INFO - [2025-10-09T13:00:13.678+0000] {dagbag.py:538} INFO - Filling up the DagBag from /opt/airflow/dags/quality_assurance.py
[2025-10-09T13:00:14.010+0000] {logging_mixin.py:188} INFO - [2025-10-09T13:00:14.010+0000] {shared_utils.py:409} INFO - Инициализированы пути обработки: ['input_pdf', 'temp_dir', 'output_md', 'logs', 'work_dir']
[2025-10-09T13:00:14.010+0000] {logging_mixin.py:188} INFO - [2025-10-09T13:00:14.010+0000] {shared_utils.py:413} INFO - Настроены URL сервисов: ['document_processor', 'translator', 'quality_assurance', 'airflow']
[2025-10-09T13:00:14.020+0000] {logging_mixin.py:188} INFO - [2025-10-09T13:00:14.020+0000] {quality_assurance.py:170} WARNING - visual_diff_system helpers are not available; visual QA will run in fallback mode
[2025-10-09T13:00:14.021+0000] {logging_mixin.py:188} INFO - [2025-10-09T13:00:14.021+0000] {quality_assurance.py:170} WARNING - scikit-image не установлен, используется fallback SSIM
[2025-10-09T13:00:14.021+0000] {logging_mixin.py:188} INFO - [2025-10-09T13:00:14.021+0000] {quality_assurance.py:170} WARNING - sentence-transformers не установлен, семантический анализ упрощен
[2025-10-09T13:00:14.021+0000] {logging_mixin.py:188} INFO - [2025-10-09T13:00:14.021+0000] {quality_assurance.py:170} WARNING - PyMuPDF не установлен, fallback генерация PDF недоступна
[2025-10-09T13:00:14.023+0000] {logging_mixin.py:188} INFO - [2025-10-09T13:00:14.023+0000] {quality_assurance.py:170} WARNING - visual_diff_system helpers are not available; visual QA will run in fallback mode
[2025-10-09T13:00:14.023+0000] {logging_mixin.py:188} INFO - [2025-10-09T13:00:14.023+0000] {quality_assurance.py:170} WARNING - scikit-image не установлен, используется fallback SSIM
[2025-10-09T13:00:14.023+0000] {logging_mixin.py:188} INFO - [2025-10-09T13:00:14.023+0000] {quality_assurance.py:170} WARNING - sentence-transformers не установлен, семантический анализ упрощен
[2025-10-09T13:00:14.023+0000] {logging_mixin.py:188} INFO - [2025-10-09T13:00:14.023+0000] {quality_assurance.py:170} WARNING - PyMuPDF не установлен, fallback генерация PDF недоступна
[2025-10-09T13:00:14.026+0000] {processor.py:840} INFO - DAG(s) 'quality_assurance' retrieved from /opt/airflow/dags/quality_assurance.py
[2025-10-09T13:00:14.046+0000] {logging_mixin.py:188} INFO - [2025-10-09T13:00:14.046+0000] {dag.py:3036} INFO - Sync 1 DAGs
[2025-10-09T13:00:14.055+0000] {logging_mixin.py:188} INFO - [2025-10-09T13:00:14.055+0000] {dag.py:3823} INFO - Setting next_dagrun for quality_assurance to None, run_after=None
[2025-10-09T13:00:14.067+0000] {processor.py:183} INFO - Processing /opt/airflow/dags/quality_assurance.py took 0.393 seconds
[2025-10-09T13:00:44.990+0000] {processor.py:161} INFO - Started process (PID=265) to work on /opt/airflow/dags/quality_assurance.py
[2025-10-09T13:00:44.991+0000] {processor.py:830} INFO - Processing file /opt/airflow/dags/quality_assurance.py for tasks to queue
[2025-10-09T13:00:44.993+0000] {logging_mixin.py:188} INFO - [2025-10-09T13:00:44.992+0000] {dagbag.py:538} INFO - Filling up the DagBag from /opt/airflow/dags/quality_assurance.py
[2025-10-09T13:00:45.322+0000] {logging_mixin.py:188} INFO - [2025-10-09T13:00:45.322+0000] {shared_utils.py:409} INFO - Инициализированы пути обработки: ['input_pdf', 'temp_dir', 'output_md', 'logs', 'work_dir']
[2025-10-09T13:00:45.322+0000] {logging_mixin.py:188} INFO - [2025-10-09T13:00:45.322+0000] {shared_utils.py:413} INFO - Настроены URL сервисов: ['document_processor', 'translator', 'quality_assurance', 'airflow']
[2025-10-09T13:00:45.332+0000] {logging_mixin.py:188} INFO - [2025-10-09T13:00:45.332+0000] {quality_assurance.py:170} WARNING - visual_diff_system helpers are not available; visual QA will run in fallback mode
[2025-10-09T13:00:45.332+0000] {logging_mixin.py:188} INFO - [2025-10-09T13:00:45.332+0000] {quality_assurance.py:170} WARNING - scikit-image не установлен, используется fallback SSIM
[2025-10-09T13:00:45.333+0000] {logging_mixin.py:188} INFO - [2025-10-09T13:00:45.332+0000] {quality_assurance.py:170} WARNING - sentence-transformers не установлен, семантический анализ упрощен
[2025-10-09T13:00:45.333+0000] {logging_mixin.py:188} INFO - [2025-10-09T13:00:45.333+0000] {quality_assurance.py:170} WARNING - PyMuPDF не установлен, fallback генерация PDF недоступна
[2025-10-09T13:00:45.335+0000] {logging_mixin.py:188} INFO - [2025-10-09T13:00:45.335+0000] {quality_assurance.py:170} WARNING - visual_diff_system helpers are not available; visual QA will run in fallback mode
[2025-10-09T13:00:45.335+0000] {logging_mixin.py:188} INFO - [2025-10-09T13:00:45.335+0000] {quality_assurance.py:170} WARNING - scikit-image не установлен, используется fallback SSIM
[2025-10-09T13:00:45.335+0000] {logging_mixin.py:188} INFO - [2025-10-09T13:00:45.335+0000] {quality_assurance.py:170} WARNING - sentence-transformers не установлен, семантический анализ упрощен
[2025-10-09T13:00:45.335+0000] {logging_mixin.py:188} INFO - [2025-10-09T13:00:45.335+0000] {quality_assurance.py:170} WARNING - PyMuPDF не установлен, fallback генерация PDF недоступна
[2025-10-09T13:00:45.338+0000] {processor.py:840} INFO - DAG(s) 'quality_assurance' retrieved from /opt/airflow/dags/quality_assurance.py
[2025-10-09T13:00:45.359+0000] {logging_mixin.py:188} INFO - [2025-10-09T13:00:45.359+0000] {dag.py:3036} INFO - Sync 1 DAGs
[2025-10-09T13:00:45.368+0000] {logging_mixin.py:188} INFO - [2025-10-09T13:00:45.368+0000] {dag.py:3823} INFO - Setting next_dagrun for quality_assurance to None, run_after=None
[2025-10-09T13:00:45.379+0000] {processor.py:183} INFO - Processing /opt/airflow/dags/quality_assurance.py took 0.391 seconds
[2025-10-09T13:01:16.340+0000] {processor.py:161} INFO - Started process (PID=278) to work on /opt/airflow/dags/quality_assurance.py
[2025-10-09T13:01:16.341+0000] {processor.py:830} INFO - Processing file /opt/airflow/dags/quality_assurance.py for tasks to queue
[2025-10-09T13:01:16.343+0000] {logging_mixin.py:188} INFO - [2025-10-09T13:01:16.342+0000] {dagbag.py:538} INFO - Filling up the DagBag from /opt/airflow/dags/quality_assurance.py
[2025-10-09T13:01:16.565+0000] {logging_mixin.py:188} INFO - [2025-10-09T13:01:16.565+0000] {shared_utils.py:409} INFO - Инициализированы пути обработки: ['input_pdf', 'temp_dir', 'output_md', 'logs', 'work_dir']
[2025-10-09T13:01:16.565+0000] {logging_mixin.py:188} INFO - [2025-10-09T13:01:16.565+0000] {shared_utils.py:413} INFO - Настроены URL сервисов: ['document_processor', 'translator', 'quality_assurance', 'airflow']
[2025-10-09T13:01:16.575+0000] {logging_mixin.py:188} INFO - [2025-10-09T13:01:16.575+0000] {quality_assurance.py:170} WARNING - visual_diff_system helpers are not available; visual QA will run in fallback mode
[2025-10-09T13:01:16.575+0000] {logging_mixin.py:188} INFO - [2025-10-09T13:01:16.575+0000] {quality_assurance.py:170} WARNING - scikit-image не установлен, используется fallback SSIM
[2025-10-09T13:01:16.575+0000] {logging_mixin.py:188} INFO - [2025-10-09T13:01:16.575+0000] {quality_assurance.py:170} WARNING - sentence-transformers не установлен, семантический анализ упрощен
[2025-10-09T13:01:16.576+0000] {logging_mixin.py:188} INFO - [2025-10-09T13:01:16.576+0000] {quality_assurance.py:170} WARNING - PyMuPDF не установлен, fallback генерация PDF недоступна
[2025-10-09T13:01:16.579+0000] {logging_mixin.py:188} INFO - [2025-10-09T13:01:16.578+0000] {quality_assurance.py:170} WARNING - visual_diff_system helpers are not available; visual QA will run in fallback mode
[2025-10-09T13:01:16.579+0000] {logging_mixin.py:188} INFO - [2025-10-09T13:01:16.579+0000] {quality_assurance.py:170} WARNING - scikit-image не установлен, используется fallback SSIM
[2025-10-09T13:01:16.579+0000] {logging_mixin.py:188} INFO - [2025-10-09T13:01:16.579+0000] {quality_assurance.py:170} WARNING - sentence-transformers не установлен, семантический анализ упрощен
[2025-10-09T13:01:16.579+0000] {logging_mixin.py:188} INFO - [2025-10-09T13:01:16.579+0000] {quality_assurance.py:170} WARNING - PyMuPDF не установлен, fallback генерация PDF недоступна
[2025-10-09T13:01:16.582+0000] {processor.py:840} INFO - DAG(s) 'quality_assurance' retrieved from /opt/airflow/dags/quality_assurance.py
[2025-10-09T13:01:16.605+0000] {logging_mixin.py:188} INFO - [2025-10-09T13:01:16.604+0000] {dag.py:3036} INFO - Sync 1 DAGs
[2025-10-09T13:01:16.614+0000] {logging_mixin.py:188} INFO - [2025-10-09T13:01:16.614+0000] {dag.py:3823} INFO - Setting next_dagrun for quality_assurance to None, run_after=None
[2025-10-09T13:01:16.627+0000] {processor.py:183} INFO - Processing /opt/airflow/dags/quality_assurance.py took 0.289 seconds
[2025-10-09T13:01:46.703+0000] {processor.py:161} INFO - Started process (PID=291) to work on /opt/airflow/dags/quality_assurance.py
[2025-10-09T13:01:46.703+0000] {processor.py:830} INFO - Processing file /opt/airflow/dags/quality_assurance.py for tasks to queue
[2025-10-09T13:01:46.705+0000] {logging_mixin.py:188} INFO - [2025-10-09T13:01:46.705+0000] {dagbag.py:538} INFO - Filling up the DagBag from /opt/airflow/dags/quality_assurance.py
[2025-10-09T13:01:46.927+0000] {logging_mixin.py:188} INFO - [2025-10-09T13:01:46.926+0000] {shared_utils.py:409} INFO - Инициализированы пути обработки: ['input_pdf', 'temp_dir', 'output_md', 'logs', 'work_dir']
[2025-10-09T13:01:46.927+0000] {logging_mixin.py:188} INFO - [2025-10-09T13:01:46.927+0000] {shared_utils.py:413} INFO - Настроены URL сервисов: ['document_processor', 'translator', 'quality_assurance', 'airflow']
[2025-10-09T13:01:46.937+0000] {logging_mixin.py:188} INFO - [2025-10-09T13:01:46.936+0000] {quality_assurance.py:170} WARNING - visual_diff_system helpers are not available; visual QA will run in fallback mode
[2025-10-09T13:01:46.937+0000] {logging_mixin.py:188} INFO - [2025-10-09T13:01:46.937+0000] {quality_assurance.py:170} WARNING - scikit-image не установлен, используется fallback SSIM
[2025-10-09T13:01:46.937+0000] {logging_mixin.py:188} INFO - [2025-10-09T13:01:46.937+0000] {quality_assurance.py:170} WARNING - sentence-transformers не установлен, семантический анализ упрощен
[2025-10-09T13:01:46.937+0000] {logging_mixin.py:188} INFO - [2025-10-09T13:01:46.937+0000] {quality_assurance.py:170} WARNING - PyMuPDF не установлен, fallback генерация PDF недоступна
[2025-10-09T13:01:46.940+0000] {logging_mixin.py:188} INFO - [2025-10-09T13:01:46.940+0000] {quality_assurance.py:170} WARNING - visual_diff_system helpers are not available; visual QA will run in fallback mode
[2025-10-09T13:01:46.940+0000] {logging_mixin.py:188} INFO - [2025-10-09T13:01:46.940+0000] {quality_assurance.py:170} WARNING - scikit-image не установлен, используется fallback SSIM
[2025-10-09T13:01:46.940+0000] {logging_mixin.py:188} INFO - [2025-10-09T13:01:46.940+0000] {quality_assurance.py:170} WARNING - sentence-transformers не установлен, семантический анализ упрощен
[2025-10-09T13:01:46.940+0000] {logging_mixin.py:188} INFO - [2025-10-09T13:01:46.940+0000] {quality_assurance.py:170} WARNING - PyMuPDF не установлен, fallback генерация PDF недоступна
[2025-10-09T13:01:46.944+0000] {processor.py:840} INFO - DAG(s) 'quality_assurance' retrieved from /opt/airflow/dags/quality_assurance.py
[2025-10-09T13:01:46.967+0000] {logging_mixin.py:188} INFO - [2025-10-09T13:01:46.967+0000] {dag.py:3036} INFO - Sync 1 DAGs
[2025-10-09T13:01:46.977+0000] {logging_mixin.py:188} INFO - [2025-10-09T13:01:46.977+0000] {dag.py:3823} INFO - Setting next_dagrun for quality_assurance to None, run_after=None
[2025-10-09T13:01:46.989+0000] {processor.py:183} INFO - Processing /opt/airflow/dags/quality_assurance.py took 0.289 seconds
[2025-10-09T13:02:18.022+0000] {processor.py:161} INFO - Started process (PID=304) to work on /opt/airflow/dags/quality_assurance.py
[2025-10-09T13:02:18.022+0000] {processor.py:830} INFO - Processing file /opt/airflow/dags/quality_assurance.py for tasks to queue
[2025-10-09T13:02:18.024+0000] {logging_mixin.py:188} INFO - [2025-10-09T13:02:18.024+0000] {dagbag.py:538} INFO - Filling up the DagBag from /opt/airflow/dags/quality_assurance.py
[2025-10-09T13:02:18.351+0000] {logging_mixin.py:188} INFO - [2025-10-09T13:02:18.350+0000] {shared_utils.py:409} INFO - Инициализированы пути обработки: ['input_pdf', 'temp_dir', 'output_md', 'logs', 'work_dir']
[2025-10-09T13:02:18.351+0000] {logging_mixin.py:188} INFO - [2025-10-09T13:02:18.351+0000] {shared_utils.py:413} INFO - Настроены URL сервисов: ['document_processor', 'translator', 'quality_assurance', 'airflow']
[2025-10-09T13:02:18.361+0000] {logging_mixin.py:188} INFO - [2025-10-09T13:02:18.361+0000] {quality_assurance.py:170} WARNING - visual_diff_system helpers are not available; visual QA will run in fallback mode
[2025-10-09T13:02:18.361+0000] {logging_mixin.py:188} INFO - [2025-10-09T13:02:18.361+0000] {quality_assurance.py:170} WARNING - scikit-image не установлен, используется fallback SSIM
[2025-10-09T13:02:18.361+0000] {logging_mixin.py:188} INFO - [2025-10-09T13:02:18.361+0000] {quality_assurance.py:170} WARNING - sentence-transformers не установлен, семантический анализ упрощен
[2025-10-09T13:02:18.361+0000] {logging_mixin.py:188} INFO - [2025-10-09T13:02:18.361+0000] {quality_assurance.py:170} WARNING - PyMuPDF не установлен, fallback генерация PDF недоступна
[2025-10-09T13:02:18.363+0000] {logging_mixin.py:188} INFO - [2025-10-09T13:02:18.363+0000] {quality_assurance.py:170} WARNING - visual_diff_system helpers are not available; visual QA will run in fallback mode
[2025-10-09T13:02:18.363+0000] {logging_mixin.py:188} INFO - [2025-10-09T13:02:18.363+0000] {quality_assurance.py:170} WARNING - scikit-image не установлен, используется fallback SSIM
[2025-10-09T13:02:18.364+0000] {logging_mixin.py:188} INFO - [2025-10-09T13:02:18.364+0000] {quality_assurance.py:170} WARNING - sentence-transformers не установлен, семантический анализ упрощен
[2025-10-09T13:02:18.364+0000] {logging_mixin.py:188} INFO - [2025-10-09T13:02:18.364+0000] {quality_assurance.py:170} WARNING - PyMuPDF не установлен, fallback генерация PDF недоступна
[2025-10-09T13:02:18.367+0000] {processor.py:840} INFO - DAG(s) 'quality_assurance' retrieved from /opt/airflow/dags/quality_assurance.py
[2025-10-09T13:02:18.388+0000] {logging_mixin.py:188} INFO - [2025-10-09T13:02:18.387+0000] {dag.py:3036} INFO - Sync 1 DAGs
[2025-10-09T13:02:18.397+0000] {logging_mixin.py:188} INFO - [2025-10-09T13:02:18.396+0000] {dag.py:3823} INFO - Setting next_dagrun for quality_assurance to None, run_after=None
[2025-10-09T13:02:18.408+0000] {processor.py:183} INFO - Processing /opt/airflow/dags/quality_assurance.py took 0.389 seconds
[2025-10-09T13:02:49.437+0000] {processor.py:161} INFO - Started process (PID=317) to work on /opt/airflow/dags/quality_assurance.py
[2025-10-09T13:02:49.437+0000] {processor.py:830} INFO - Processing file /opt/airflow/dags/quality_assurance.py for tasks to queue
[2025-10-09T13:02:49.439+0000] {logging_mixin.py:188} INFO - [2025-10-09T13:02:49.439+0000] {dagbag.py:538} INFO - Filling up the DagBag from /opt/airflow/dags/quality_assurance.py
[2025-10-09T13:02:49.660+0000] {logging_mixin.py:188} INFO - [2025-10-09T13:02:49.660+0000] {shared_utils.py:409} INFO - Инициализированы пути обработки: ['input_pdf', 'temp_dir', 'output_md', 'logs', 'work_dir']
[2025-10-09T13:02:49.660+0000] {logging_mixin.py:188} INFO - [2025-10-09T13:02:49.660+0000] {shared_utils.py:413} INFO - Настроены URL сервисов: ['document_processor', 'translator', 'quality_assurance', 'airflow']
[2025-10-09T13:02:49.670+0000] {logging_mixin.py:188} INFO - [2025-10-09T13:02:49.670+0000] {quality_assurance.py:170} WARNING - visual_diff_system helpers are not available; visual QA will run in fallback mode
[2025-10-09T13:02:49.670+0000] {logging_mixin.py:188} INFO - [2025-10-09T13:02:49.670+0000] {quality_assurance.py:170} WARNING - scikit-image не установлен, используется fallback SSIM
[2025-10-09T13:02:49.670+0000] {logging_mixin.py:188} INFO - [2025-10-09T13:02:49.670+0000] {quality_assurance.py:170} WARNING - sentence-transformers не установлен, семантический анализ упрощен
[2025-10-09T13:02:49.670+0000] {logging_mixin.py:188} INFO - [2025-10-09T13:02:49.670+0000] {quality_assurance.py:170} WARNING - PyMuPDF не установлен, fallback генерация PDF недоступна
[2025-10-09T13:02:49.673+0000] {logging_mixin.py:188} INFO - [2025-10-09T13:02:49.673+0000] {quality_assurance.py:170} WARNING - visual_diff_system helpers are not available; visual QA will run in fallback mode
[2025-10-09T13:02:49.673+0000] {logging_mixin.py:188} INFO - [2025-10-09T13:02:49.673+0000] {quality_assurance.py:170} WARNING - scikit-image не установлен, используется fallback SSIM
[2025-10-09T13:02:49.674+0000] {logging_mixin.py:188} INFO - [2025-10-09T13:02:49.674+0000] {quality_assurance.py:170} WARNING - sentence-transformers не установлен, семантический анализ упрощен
[2025-10-09T13:02:49.674+0000] {logging_mixin.py:188} INFO - [2025-10-09T13:02:49.674+0000] {quality_assurance.py:170} WARNING - PyMuPDF не установлен, fallback генерация PDF недоступна
[2025-10-09T13:02:49.677+0000] {processor.py:840} INFO - DAG(s) 'quality_assurance' retrieved from /opt/airflow/dags/quality_assurance.py
[2025-10-09T13:02:49.699+0000] {logging_mixin.py:188} INFO - [2025-10-09T13:02:49.699+0000] {dag.py:3036} INFO - Sync 1 DAGs
[2025-10-09T13:02:49.710+0000] {logging_mixin.py:188} INFO - [2025-10-09T13:02:49.710+0000] {dag.py:3823} INFO - Setting next_dagrun for quality_assurance to None, run_after=None
[2025-10-09T13:02:49.722+0000] {processor.py:183} INFO - Processing /opt/airflow/dags/quality_assurance.py took 0.287 seconds
