[2025-10-09T12:54:34.452+0000] {processor.py:161} INFO - Started process (PID=102) to work on /opt/airflow/dags/translation_pipeline.py
[2025-10-09T12:54:34.453+0000] {processor.py:830} INFO - Processing file /opt/airflow/dags/translation_pipeline.py for tasks to queue
[2025-10-09T12:54:34.454+0000] {logging_mixin.py:188} INFO - [2025-10-09T12:54:34.454+0000] {dagbag.py:538} INFO - Filling up the DagBag from /opt/airflow/dags/translation_pipeline.py
[2025-10-09T12:54:34.464+0000] {logging_mixin.py:188} INFO - [2025-10-09T12:54:34.463+0000] {shared_utils.py:409} INFO - Инициализированы пути обработки: ['input_pdf', 'temp_dir', 'output_md', 'logs', 'work_dir']
[2025-10-09T12:54:34.464+0000] {logging_mixin.py:188} INFO - [2025-10-09T12:54:34.464+0000] {shared_utils.py:413} INFO - Настроены URL сервисов: ['document_processor', 'translator', 'quality_assurance', 'airflow']
[2025-10-09T12:54:34.469+0000] {processor.py:840} INFO - DAG(s) 'translation_pipeline' retrieved from /opt/airflow/dags/translation_pipeline.py
[2025-10-09T12:54:34.483+0000] {logging_mixin.py:188} INFO - [2025-10-09T12:54:34.483+0000] {dag.py:3036} INFO - Sync 1 DAGs
[2025-10-09T12:54:34.496+0000] {logging_mixin.py:188} INFO - [2025-10-09T12:54:34.496+0000] {dag.py:3823} INFO - Setting next_dagrun for translation_pipeline to None, run_after=None
[2025-10-09T12:54:34.511+0000] {processor.py:183} INFO - Processing /opt/airflow/dags/translation_pipeline.py took 0.061 seconds
[2025-10-09T12:55:04.828+0000] {processor.py:161} INFO - Started process (PID=113) to work on /opt/airflow/dags/translation_pipeline.py
[2025-10-09T12:55:04.829+0000] {processor.py:830} INFO - Processing file /opt/airflow/dags/translation_pipeline.py for tasks to queue
[2025-10-09T12:55:04.830+0000] {logging_mixin.py:188} INFO - [2025-10-09T12:55:04.830+0000] {dagbag.py:538} INFO - Filling up the DagBag from /opt/airflow/dags/translation_pipeline.py
[2025-10-09T12:55:04.839+0000] {logging_mixin.py:188} INFO - [2025-10-09T12:55:04.839+0000] {shared_utils.py:409} INFO - Инициализированы пути обработки: ['input_pdf', 'temp_dir', 'output_md', 'logs', 'work_dir']
[2025-10-09T12:55:04.839+0000] {logging_mixin.py:188} INFO - [2025-10-09T12:55:04.839+0000] {shared_utils.py:413} INFO - Настроены URL сервисов: ['document_processor', 'translator', 'quality_assurance', 'airflow']
[2025-10-09T12:55:04.844+0000] {processor.py:840} INFO - DAG(s) 'translation_pipeline' retrieved from /opt/airflow/dags/translation_pipeline.py
[2025-10-09T12:55:05.000+0000] {logging_mixin.py:188} INFO - [2025-10-09T12:55:05.000+0000] {dag.py:3036} INFO - Sync 1 DAGs
[2025-10-09T12:55:05.009+0000] {logging_mixin.py:188} INFO - [2025-10-09T12:55:05.008+0000] {dag.py:3823} INFO - Setting next_dagrun for translation_pipeline to None, run_after=None
[2025-10-09T12:55:05.021+0000] {processor.py:183} INFO - Processing /opt/airflow/dags/translation_pipeline.py took 0.195 seconds
[2025-10-09T12:55:35.304+0000] {processor.py:161} INFO - Started process (PID=126) to work on /opt/airflow/dags/translation_pipeline.py
[2025-10-09T12:55:35.305+0000] {processor.py:830} INFO - Processing file /opt/airflow/dags/translation_pipeline.py for tasks to queue
[2025-10-09T12:55:35.306+0000] {logging_mixin.py:188} INFO - [2025-10-09T12:55:35.306+0000] {dagbag.py:538} INFO - Filling up the DagBag from /opt/airflow/dags/translation_pipeline.py
[2025-10-09T12:55:35.315+0000] {logging_mixin.py:188} INFO - [2025-10-09T12:55:35.315+0000] {shared_utils.py:409} INFO - Инициализированы пути обработки: ['input_pdf', 'temp_dir', 'output_md', 'logs', 'work_dir']
[2025-10-09T12:55:35.316+0000] {logging_mixin.py:188} INFO - [2025-10-09T12:55:35.315+0000] {shared_utils.py:413} INFO - Настроены URL сервисов: ['document_processor', 'translator', 'quality_assurance', 'airflow']
[2025-10-09T12:55:35.433+0000] {processor.py:840} INFO - DAG(s) 'translation_pipeline' retrieved from /opt/airflow/dags/translation_pipeline.py
[2025-10-09T12:55:35.451+0000] {logging_mixin.py:188} INFO - [2025-10-09T12:55:35.451+0000] {dag.py:3036} INFO - Sync 1 DAGs
[2025-10-09T12:55:35.460+0000] {logging_mixin.py:188} INFO - [2025-10-09T12:55:35.460+0000] {dag.py:3823} INFO - Setting next_dagrun for translation_pipeline to None, run_after=None
[2025-10-09T12:55:35.471+0000] {processor.py:183} INFO - Processing /opt/airflow/dags/translation_pipeline.py took 0.169 seconds
[2025-10-09T12:56:05.812+0000] {processor.py:161} INFO - Started process (PID=139) to work on /opt/airflow/dags/translation_pipeline.py
[2025-10-09T12:56:05.813+0000] {processor.py:830} INFO - Processing file /opt/airflow/dags/translation_pipeline.py for tasks to queue
[2025-10-09T12:56:05.815+0000] {logging_mixin.py:188} INFO - [2025-10-09T12:56:05.814+0000] {dagbag.py:538} INFO - Filling up the DagBag from /opt/airflow/dags/translation_pipeline.py
[2025-10-09T12:56:05.824+0000] {logging_mixin.py:188} INFO - [2025-10-09T12:56:05.824+0000] {shared_utils.py:409} INFO - Инициализированы пути обработки: ['input_pdf', 'temp_dir', 'output_md', 'logs', 'work_dir']
[2025-10-09T12:56:05.824+0000] {logging_mixin.py:188} INFO - [2025-10-09T12:56:05.824+0000] {shared_utils.py:413} INFO - Настроены URL сервисов: ['document_processor', 'translator', 'quality_assurance', 'airflow']
[2025-10-09T12:56:05.829+0000] {processor.py:840} INFO - DAG(s) 'translation_pipeline' retrieved from /opt/airflow/dags/translation_pipeline.py
[2025-10-09T12:56:05.850+0000] {logging_mixin.py:188} INFO - [2025-10-09T12:56:05.850+0000] {dag.py:3036} INFO - Sync 1 DAGs
[2025-10-09T12:56:05.860+0000] {logging_mixin.py:188} INFO - [2025-10-09T12:56:05.860+0000] {dag.py:3823} INFO - Setting next_dagrun for translation_pipeline to None, run_after=None
[2025-10-09T12:56:05.873+0000] {processor.py:183} INFO - Processing /opt/airflow/dags/translation_pipeline.py took 0.063 seconds
[2025-10-09T12:56:36.122+0000] {processor.py:161} INFO - Started process (PID=152) to work on /opt/airflow/dags/translation_pipeline.py
[2025-10-09T12:56:36.123+0000] {processor.py:830} INFO - Processing file /opt/airflow/dags/translation_pipeline.py for tasks to queue
[2025-10-09T12:56:36.125+0000] {logging_mixin.py:188} INFO - [2025-10-09T12:56:36.124+0000] {dagbag.py:538} INFO - Filling up the DagBag from /opt/airflow/dags/translation_pipeline.py
[2025-10-09T12:56:36.134+0000] {logging_mixin.py:188} INFO - [2025-10-09T12:56:36.134+0000] {shared_utils.py:409} INFO - Инициализированы пути обработки: ['input_pdf', 'temp_dir', 'output_md', 'logs', 'work_dir']
[2025-10-09T12:56:36.134+0000] {logging_mixin.py:188} INFO - [2025-10-09T12:56:36.134+0000] {shared_utils.py:413} INFO - Настроены URL сервисов: ['document_processor', 'translator', 'quality_assurance', 'airflow']
[2025-10-09T12:56:36.139+0000] {processor.py:840} INFO - DAG(s) 'translation_pipeline' retrieved from /opt/airflow/dags/translation_pipeline.py
[2025-10-09T12:56:36.159+0000] {logging_mixin.py:188} INFO - [2025-10-09T12:56:36.159+0000] {dag.py:3036} INFO - Sync 1 DAGs
[2025-10-09T12:56:36.169+0000] {logging_mixin.py:188} INFO - [2025-10-09T12:56:36.168+0000] {dag.py:3823} INFO - Setting next_dagrun for translation_pipeline to None, run_after=None
[2025-10-09T12:56:36.180+0000] {processor.py:183} INFO - Processing /opt/airflow/dags/translation_pipeline.py took 0.060 seconds
[2025-10-09T12:57:06.436+0000] {processor.py:161} INFO - Started process (PID=165) to work on /opt/airflow/dags/translation_pipeline.py
[2025-10-09T12:57:06.436+0000] {processor.py:830} INFO - Processing file /opt/airflow/dags/translation_pipeline.py for tasks to queue
[2025-10-09T12:57:06.438+0000] {logging_mixin.py:188} INFO - [2025-10-09T12:57:06.438+0000] {dagbag.py:538} INFO - Filling up the DagBag from /opt/airflow/dags/translation_pipeline.py
[2025-10-09T12:57:06.448+0000] {logging_mixin.py:188} INFO - [2025-10-09T12:57:06.447+0000] {shared_utils.py:409} INFO - Инициализированы пути обработки: ['input_pdf', 'temp_dir', 'output_md', 'logs', 'work_dir']
[2025-10-09T12:57:06.448+0000] {logging_mixin.py:188} INFO - [2025-10-09T12:57:06.448+0000] {shared_utils.py:413} INFO - Настроены URL сервисов: ['document_processor', 'translator', 'quality_assurance', 'airflow']
[2025-10-09T12:57:06.453+0000] {processor.py:840} INFO - DAG(s) 'translation_pipeline' retrieved from /opt/airflow/dags/translation_pipeline.py
[2025-10-09T12:57:06.473+0000] {logging_mixin.py:188} INFO - [2025-10-09T12:57:06.473+0000] {dag.py:3036} INFO - Sync 1 DAGs
[2025-10-09T12:57:06.483+0000] {logging_mixin.py:188} INFO - [2025-10-09T12:57:06.483+0000] {dag.py:3823} INFO - Setting next_dagrun for translation_pipeline to None, run_after=None
[2025-10-09T12:57:06.495+0000] {processor.py:183} INFO - Processing /opt/airflow/dags/translation_pipeline.py took 0.062 seconds
[2025-10-09T12:57:36.845+0000] {processor.py:161} INFO - Started process (PID=178) to work on /opt/airflow/dags/translation_pipeline.py
[2025-10-09T12:57:36.846+0000] {processor.py:830} INFO - Processing file /opt/airflow/dags/translation_pipeline.py for tasks to queue
[2025-10-09T12:57:36.847+0000] {logging_mixin.py:188} INFO - [2025-10-09T12:57:36.847+0000] {dagbag.py:538} INFO - Filling up the DagBag from /opt/airflow/dags/translation_pipeline.py
[2025-10-09T12:57:36.857+0000] {logging_mixin.py:188} INFO - [2025-10-09T12:57:36.857+0000] {shared_utils.py:409} INFO - Инициализированы пути обработки: ['input_pdf', 'temp_dir', 'output_md', 'logs', 'work_dir']
[2025-10-09T12:57:36.857+0000] {logging_mixin.py:188} INFO - [2025-10-09T12:57:36.857+0000] {shared_utils.py:413} INFO - Настроены URL сервисов: ['document_processor', 'translator', 'quality_assurance', 'airflow']
[2025-10-09T12:57:36.862+0000] {processor.py:840} INFO - DAG(s) 'translation_pipeline' retrieved from /opt/airflow/dags/translation_pipeline.py
[2025-10-09T12:57:36.883+0000] {logging_mixin.py:188} INFO - [2025-10-09T12:57:36.883+0000] {dag.py:3036} INFO - Sync 1 DAGs
[2025-10-09T12:57:36.893+0000] {logging_mixin.py:188} INFO - [2025-10-09T12:57:36.893+0000] {dag.py:3823} INFO - Setting next_dagrun for translation_pipeline to None, run_after=None
[2025-10-09T12:57:36.905+0000] {processor.py:183} INFO - Processing /opt/airflow/dags/translation_pipeline.py took 0.063 seconds
[2025-10-09T12:58:07.141+0000] {processor.py:161} INFO - Started process (PID=191) to work on /opt/airflow/dags/translation_pipeline.py
[2025-10-09T12:58:07.142+0000] {processor.py:830} INFO - Processing file /opt/airflow/dags/translation_pipeline.py for tasks to queue
[2025-10-09T12:58:07.143+0000] {logging_mixin.py:188} INFO - [2025-10-09T12:58:07.143+0000] {dagbag.py:538} INFO - Filling up the DagBag from /opt/airflow/dags/translation_pipeline.py
[2025-10-09T12:58:07.152+0000] {logging_mixin.py:188} INFO - [2025-10-09T12:58:07.152+0000] {shared_utils.py:409} INFO - Инициализированы пути обработки: ['input_pdf', 'temp_dir', 'output_md', 'logs', 'work_dir']
[2025-10-09T12:58:07.153+0000] {logging_mixin.py:188} INFO - [2025-10-09T12:58:07.153+0000] {shared_utils.py:413} INFO - Настроены URL сервисов: ['document_processor', 'translator', 'quality_assurance', 'airflow']
[2025-10-09T12:58:07.157+0000] {processor.py:840} INFO - DAG(s) 'translation_pipeline' retrieved from /opt/airflow/dags/translation_pipeline.py
[2025-10-09T12:58:07.177+0000] {logging_mixin.py:188} INFO - [2025-10-09T12:58:07.177+0000] {dag.py:3036} INFO - Sync 1 DAGs
[2025-10-09T12:58:07.187+0000] {logging_mixin.py:188} INFO - [2025-10-09T12:58:07.186+0000] {dag.py:3823} INFO - Setting next_dagrun for translation_pipeline to None, run_after=None
[2025-10-09T12:58:07.198+0000] {processor.py:183} INFO - Processing /opt/airflow/dags/translation_pipeline.py took 0.059 seconds
[2025-10-09T12:58:37.437+0000] {processor.py:161} INFO - Started process (PID=204) to work on /opt/airflow/dags/translation_pipeline.py
[2025-10-09T12:58:37.438+0000] {processor.py:830} INFO - Processing file /opt/airflow/dags/translation_pipeline.py for tasks to queue
[2025-10-09T12:58:37.439+0000] {logging_mixin.py:188} INFO - [2025-10-09T12:58:37.439+0000] {dagbag.py:538} INFO - Filling up the DagBag from /opt/airflow/dags/translation_pipeline.py
[2025-10-09T12:58:37.449+0000] {logging_mixin.py:188} INFO - [2025-10-09T12:58:37.449+0000] {shared_utils.py:409} INFO - Инициализированы пути обработки: ['input_pdf', 'temp_dir', 'output_md', 'logs', 'work_dir']
[2025-10-09T12:58:37.449+0000] {logging_mixin.py:188} INFO - [2025-10-09T12:58:37.449+0000] {shared_utils.py:413} INFO - Настроены URL сервисов: ['document_processor', 'translator', 'quality_assurance', 'airflow']
[2025-10-09T12:58:37.454+0000] {processor.py:840} INFO - DAG(s) 'translation_pipeline' retrieved from /opt/airflow/dags/translation_pipeline.py
[2025-10-09T12:58:37.474+0000] {logging_mixin.py:188} INFO - [2025-10-09T12:58:37.474+0000] {dag.py:3036} INFO - Sync 1 DAGs
[2025-10-09T12:58:37.484+0000] {logging_mixin.py:188} INFO - [2025-10-09T12:58:37.484+0000] {dag.py:3823} INFO - Setting next_dagrun for translation_pipeline to None, run_after=None
[2025-10-09T12:58:37.495+0000] {processor.py:183} INFO - Processing /opt/airflow/dags/translation_pipeline.py took 0.061 seconds
[2025-10-09T12:59:07.843+0000] {processor.py:161} INFO - Started process (PID=217) to work on /opt/airflow/dags/translation_pipeline.py
[2025-10-09T12:59:07.844+0000] {processor.py:830} INFO - Processing file /opt/airflow/dags/translation_pipeline.py for tasks to queue
[2025-10-09T12:59:07.845+0000] {logging_mixin.py:188} INFO - [2025-10-09T12:59:07.845+0000] {dagbag.py:538} INFO - Filling up the DagBag from /opt/airflow/dags/translation_pipeline.py
[2025-10-09T12:59:07.854+0000] {logging_mixin.py:188} INFO - [2025-10-09T12:59:07.854+0000] {shared_utils.py:409} INFO - Инициализированы пути обработки: ['input_pdf', 'temp_dir', 'output_md', 'logs', 'work_dir']
[2025-10-09T12:59:07.855+0000] {logging_mixin.py:188} INFO - [2025-10-09T12:59:07.855+0000] {shared_utils.py:413} INFO - Настроены URL сервисов: ['document_processor', 'translator', 'quality_assurance', 'airflow']
[2025-10-09T12:59:07.859+0000] {processor.py:840} INFO - DAG(s) 'translation_pipeline' retrieved from /opt/airflow/dags/translation_pipeline.py
[2025-10-09T12:59:07.882+0000] {logging_mixin.py:188} INFO - [2025-10-09T12:59:07.881+0000] {dag.py:3036} INFO - Sync 1 DAGs
[2025-10-09T12:59:07.892+0000] {logging_mixin.py:188} INFO - [2025-10-09T12:59:07.892+0000] {dag.py:3823} INFO - Setting next_dagrun for translation_pipeline to None, run_after=None
[2025-10-09T12:59:07.904+0000] {processor.py:183} INFO - Processing /opt/airflow/dags/translation_pipeline.py took 0.063 seconds
[2025-10-09T12:59:38.159+0000] {processor.py:161} INFO - Started process (PID=230) to work on /opt/airflow/dags/translation_pipeline.py
[2025-10-09T12:59:38.159+0000] {processor.py:830} INFO - Processing file /opt/airflow/dags/translation_pipeline.py for tasks to queue
[2025-10-09T12:59:38.161+0000] {logging_mixin.py:188} INFO - [2025-10-09T12:59:38.161+0000] {dagbag.py:538} INFO - Filling up the DagBag from /opt/airflow/dags/translation_pipeline.py
[2025-10-09T12:59:38.170+0000] {logging_mixin.py:188} INFO - [2025-10-09T12:59:38.170+0000] {shared_utils.py:409} INFO - Инициализированы пути обработки: ['input_pdf', 'temp_dir', 'output_md', 'logs', 'work_dir']
[2025-10-09T12:59:38.171+0000] {logging_mixin.py:188} INFO - [2025-10-09T12:59:38.171+0000] {shared_utils.py:413} INFO - Настроены URL сервисов: ['document_processor', 'translator', 'quality_assurance', 'airflow']
[2025-10-09T12:59:38.176+0000] {processor.py:840} INFO - DAG(s) 'translation_pipeline' retrieved from /opt/airflow/dags/translation_pipeline.py
[2025-10-09T12:59:38.196+0000] {logging_mixin.py:188} INFO - [2025-10-09T12:59:38.196+0000] {dag.py:3036} INFO - Sync 1 DAGs
[2025-10-09T12:59:38.206+0000] {logging_mixin.py:188} INFO - [2025-10-09T12:59:38.206+0000] {dag.py:3823} INFO - Setting next_dagrun for translation_pipeline to None, run_after=None
[2025-10-09T12:59:38.218+0000] {processor.py:183} INFO - Processing /opt/airflow/dags/translation_pipeline.py took 0.062 seconds
[2025-10-09T13:00:08.450+0000] {processor.py:161} INFO - Started process (PID=243) to work on /opt/airflow/dags/translation_pipeline.py
[2025-10-09T13:00:08.451+0000] {processor.py:830} INFO - Processing file /opt/airflow/dags/translation_pipeline.py for tasks to queue
[2025-10-09T13:00:08.452+0000] {logging_mixin.py:188} INFO - [2025-10-09T13:00:08.452+0000] {dagbag.py:538} INFO - Filling up the DagBag from /opt/airflow/dags/translation_pipeline.py
[2025-10-09T13:00:08.461+0000] {logging_mixin.py:188} INFO - [2025-10-09T13:00:08.461+0000] {shared_utils.py:409} INFO - Инициализированы пути обработки: ['input_pdf', 'temp_dir', 'output_md', 'logs', 'work_dir']
[2025-10-09T13:00:08.461+0000] {logging_mixin.py:188} INFO - [2025-10-09T13:00:08.461+0000] {shared_utils.py:413} INFO - Настроены URL сервисов: ['document_processor', 'translator', 'quality_assurance', 'airflow']
[2025-10-09T13:00:08.466+0000] {processor.py:840} INFO - DAG(s) 'translation_pipeline' retrieved from /opt/airflow/dags/translation_pipeline.py
[2025-10-09T13:00:08.486+0000] {logging_mixin.py:188} INFO - [2025-10-09T13:00:08.486+0000] {dag.py:3036} INFO - Sync 1 DAGs
[2025-10-09T13:00:08.496+0000] {logging_mixin.py:188} INFO - [2025-10-09T13:00:08.496+0000] {dag.py:3823} INFO - Setting next_dagrun for translation_pipeline to None, run_after=None
[2025-10-09T13:00:08.508+0000] {processor.py:183} INFO - Processing /opt/airflow/dags/translation_pipeline.py took 0.060 seconds
[2025-10-09T13:00:38.762+0000] {processor.py:161} INFO - Started process (PID=261) to work on /opt/airflow/dags/translation_pipeline.py
[2025-10-09T13:00:38.763+0000] {processor.py:830} INFO - Processing file /opt/airflow/dags/translation_pipeline.py for tasks to queue
[2025-10-09T13:00:38.765+0000] {logging_mixin.py:188} INFO - [2025-10-09T13:00:38.764+0000] {dagbag.py:538} INFO - Filling up the DagBag from /opt/airflow/dags/translation_pipeline.py
[2025-10-09T13:00:38.774+0000] {logging_mixin.py:188} INFO - [2025-10-09T13:00:38.774+0000] {shared_utils.py:409} INFO - Инициализированы пути обработки: ['input_pdf', 'temp_dir', 'output_md', 'logs', 'work_dir']
[2025-10-09T13:00:38.774+0000] {logging_mixin.py:188} INFO - [2025-10-09T13:00:38.774+0000] {shared_utils.py:413} INFO - Настроены URL сервисов: ['document_processor', 'translator', 'quality_assurance', 'airflow']
[2025-10-09T13:00:38.779+0000] {processor.py:840} INFO - DAG(s) 'translation_pipeline' retrieved from /opt/airflow/dags/translation_pipeline.py
[2025-10-09T13:00:38.800+0000] {logging_mixin.py:188} INFO - [2025-10-09T13:00:38.800+0000] {dag.py:3036} INFO - Sync 1 DAGs
[2025-10-09T13:00:38.810+0000] {logging_mixin.py:188} INFO - [2025-10-09T13:00:38.809+0000] {dag.py:3823} INFO - Setting next_dagrun for translation_pipeline to None, run_after=None
[2025-10-09T13:00:38.821+0000] {processor.py:183} INFO - Processing /opt/airflow/dags/translation_pipeline.py took 0.062 seconds
[2025-10-09T13:01:09.178+0000] {processor.py:161} INFO - Started process (PID=274) to work on /opt/airflow/dags/translation_pipeline.py
[2025-10-09T13:01:09.178+0000] {processor.py:830} INFO - Processing file /opt/airflow/dags/translation_pipeline.py for tasks to queue
[2025-10-09T13:01:09.180+0000] {logging_mixin.py:188} INFO - [2025-10-09T13:01:09.180+0000] {dagbag.py:538} INFO - Filling up the DagBag from /opt/airflow/dags/translation_pipeline.py
[2025-10-09T13:01:09.190+0000] {logging_mixin.py:188} INFO - [2025-10-09T13:01:09.190+0000] {shared_utils.py:409} INFO - Инициализированы пути обработки: ['input_pdf', 'temp_dir', 'output_md', 'logs', 'work_dir']
[2025-10-09T13:01:09.190+0000] {logging_mixin.py:188} INFO - [2025-10-09T13:01:09.190+0000] {shared_utils.py:413} INFO - Настроены URL сервисов: ['document_processor', 'translator', 'quality_assurance', 'airflow']
[2025-10-09T13:01:09.195+0000] {processor.py:840} INFO - DAG(s) 'translation_pipeline' retrieved from /opt/airflow/dags/translation_pipeline.py
[2025-10-09T13:01:09.216+0000] {logging_mixin.py:188} INFO - [2025-10-09T13:01:09.216+0000] {dag.py:3036} INFO - Sync 1 DAGs
[2025-10-09T13:01:09.226+0000] {logging_mixin.py:188} INFO - [2025-10-09T13:01:09.226+0000] {dag.py:3823} INFO - Setting next_dagrun for translation_pipeline to None, run_after=None
[2025-10-09T13:01:09.238+0000] {processor.py:183} INFO - Processing /opt/airflow/dags/translation_pipeline.py took 0.063 seconds
[2025-10-09T13:01:39.468+0000] {processor.py:161} INFO - Started process (PID=287) to work on /opt/airflow/dags/translation_pipeline.py
[2025-10-09T13:01:39.468+0000] {processor.py:830} INFO - Processing file /opt/airflow/dags/translation_pipeline.py for tasks to queue
[2025-10-09T13:01:39.470+0000] {logging_mixin.py:188} INFO - [2025-10-09T13:01:39.470+0000] {dagbag.py:538} INFO - Filling up the DagBag from /opt/airflow/dags/translation_pipeline.py
[2025-10-09T13:01:39.480+0000] {logging_mixin.py:188} INFO - [2025-10-09T13:01:39.480+0000] {shared_utils.py:409} INFO - Инициализированы пути обработки: ['input_pdf', 'temp_dir', 'output_md', 'logs', 'work_dir']
[2025-10-09T13:01:39.480+0000] {logging_mixin.py:188} INFO - [2025-10-09T13:01:39.480+0000] {shared_utils.py:413} INFO - Настроены URL сервисов: ['document_processor', 'translator', 'quality_assurance', 'airflow']
[2025-10-09T13:01:39.485+0000] {processor.py:840} INFO - DAG(s) 'translation_pipeline' retrieved from /opt/airflow/dags/translation_pipeline.py
[2025-10-09T13:01:39.506+0000] {logging_mixin.py:188} INFO - [2025-10-09T13:01:39.506+0000] {dag.py:3036} INFO - Sync 1 DAGs
[2025-10-09T13:01:39.517+0000] {logging_mixin.py:188} INFO - [2025-10-09T13:01:39.517+0000] {dag.py:3823} INFO - Setting next_dagrun for translation_pipeline to None, run_after=None
[2025-10-09T13:01:39.529+0000] {processor.py:183} INFO - Processing /opt/airflow/dags/translation_pipeline.py took 0.064 seconds
[2025-10-09T13:02:09.785+0000] {processor.py:161} INFO - Started process (PID=300) to work on /opt/airflow/dags/translation_pipeline.py
[2025-10-09T13:02:09.785+0000] {processor.py:830} INFO - Processing file /opt/airflow/dags/translation_pipeline.py for tasks to queue
[2025-10-09T13:02:09.787+0000] {logging_mixin.py:188} INFO - [2025-10-09T13:02:09.786+0000] {dagbag.py:538} INFO - Filling up the DagBag from /opt/airflow/dags/translation_pipeline.py
[2025-10-09T13:02:09.796+0000] {logging_mixin.py:188} INFO - [2025-10-09T13:02:09.796+0000] {shared_utils.py:409} INFO - Инициализированы пути обработки: ['input_pdf', 'temp_dir', 'output_md', 'logs', 'work_dir']
[2025-10-09T13:02:09.796+0000] {logging_mixin.py:188} INFO - [2025-10-09T13:02:09.796+0000] {shared_utils.py:413} INFO - Настроены URL сервисов: ['document_processor', 'translator', 'quality_assurance', 'airflow']
[2025-10-09T13:02:09.801+0000] {processor.py:840} INFO - DAG(s) 'translation_pipeline' retrieved from /opt/airflow/dags/translation_pipeline.py
[2025-10-09T13:02:09.822+0000] {logging_mixin.py:188} INFO - [2025-10-09T13:02:09.822+0000] {dag.py:3036} INFO - Sync 1 DAGs
[2025-10-09T13:02:09.831+0000] {logging_mixin.py:188} INFO - [2025-10-09T13:02:09.831+0000] {dag.py:3823} INFO - Setting next_dagrun for translation_pipeline to None, run_after=None
[2025-10-09T13:02:09.843+0000] {processor.py:183} INFO - Processing /opt/airflow/dags/translation_pipeline.py took 0.061 seconds
[2025-10-09T13:02:40.099+0000] {processor.py:161} INFO - Started process (PID=313) to work on /opt/airflow/dags/translation_pipeline.py
[2025-10-09T13:02:40.100+0000] {processor.py:830} INFO - Processing file /opt/airflow/dags/translation_pipeline.py for tasks to queue
[2025-10-09T13:02:40.102+0000] {logging_mixin.py:188} INFO - [2025-10-09T13:02:40.101+0000] {dagbag.py:538} INFO - Filling up the DagBag from /opt/airflow/dags/translation_pipeline.py
[2025-10-09T13:02:40.112+0000] {logging_mixin.py:188} INFO - [2025-10-09T13:02:40.111+0000] {shared_utils.py:409} INFO - Инициализированы пути обработки: ['input_pdf', 'temp_dir', 'output_md', 'logs', 'work_dir']
[2025-10-09T13:02:40.112+0000] {logging_mixin.py:188} INFO - [2025-10-09T13:02:40.112+0000] {shared_utils.py:413} INFO - Настроены URL сервисов: ['document_processor', 'translator', 'quality_assurance', 'airflow']
[2025-10-09T13:02:40.117+0000] {processor.py:840} INFO - DAG(s) 'translation_pipeline' retrieved from /opt/airflow/dags/translation_pipeline.py
[2025-10-09T13:02:40.137+0000] {logging_mixin.py:188} INFO - [2025-10-09T13:02:40.137+0000] {dag.py:3036} INFO - Sync 1 DAGs
[2025-10-09T13:02:40.147+0000] {logging_mixin.py:188} INFO - [2025-10-09T13:02:40.147+0000] {dag.py:3823} INFO - Setting next_dagrun for translation_pipeline to None, run_after=None
[2025-10-09T13:02:40.159+0000] {processor.py:183} INFO - Processing /opt/airflow/dags/translation_pipeline.py took 0.063 seconds
[2025-10-09T13:03:10.512+0000] {processor.py:161} INFO - Started process (PID=326) to work on /opt/airflow/dags/translation_pipeline.py
[2025-10-09T13:03:10.512+0000] {processor.py:830} INFO - Processing file /opt/airflow/dags/translation_pipeline.py for tasks to queue
[2025-10-09T13:03:10.514+0000] {logging_mixin.py:188} INFO - [2025-10-09T13:03:10.514+0000] {dagbag.py:538} INFO - Filling up the DagBag from /opt/airflow/dags/translation_pipeline.py
[2025-10-09T13:03:10.523+0000] {logging_mixin.py:188} INFO - [2025-10-09T13:03:10.523+0000] {shared_utils.py:409} INFO - Инициализированы пути обработки: ['input_pdf', 'temp_dir', 'output_md', 'logs', 'work_dir']
[2025-10-09T13:03:10.523+0000] {logging_mixin.py:188} INFO - [2025-10-09T13:03:10.523+0000] {shared_utils.py:413} INFO - Настроены URL сервисов: ['document_processor', 'translator', 'quality_assurance', 'airflow']
[2025-10-09T13:03:10.528+0000] {processor.py:840} INFO - DAG(s) 'translation_pipeline' retrieved from /opt/airflow/dags/translation_pipeline.py
[2025-10-09T13:03:10.548+0000] {logging_mixin.py:188} INFO - [2025-10-09T13:03:10.548+0000] {dag.py:3036} INFO - Sync 1 DAGs
[2025-10-09T13:03:10.558+0000] {logging_mixin.py:188} INFO - [2025-10-09T13:03:10.558+0000] {dag.py:3823} INFO - Setting next_dagrun for translation_pipeline to None, run_after=None
[2025-10-09T13:03:10.570+0000] {processor.py:183} INFO - Processing /opt/airflow/dags/translation_pipeline.py took 0.061 seconds
