[2025-10-16T10:10:10.023+0000] {taskinstance.py:1956} INFO - Dependencies all met for dep_context=non-requeueable deps ti=<TaskInstance: orchestrator_dag.notify_orchestrator_completion manual__2025-10-16T10:05:54.539140+00:00 [queued]>
[2025-10-16T10:10:10.029+0000] {taskinstance.py:1956} INFO - Dependencies all met for dep_context=requeueable deps ti=<TaskInstance: orchestrator_dag.notify_orchestrator_completion manual__2025-10-16T10:05:54.539140+00:00 [queued]>
[2025-10-16T10:10:10.030+0000] {taskinstance.py:2170} INFO - Starting attempt 1 of 2
[2025-10-16T10:10:10.038+0000] {taskinstance.py:2191} INFO - Executing <Task(PythonOperator): notify_orchestrator_completion> on 2025-10-16 10:05:54.539140+00:00
[2025-10-16T10:10:10.043+0000] {standard_task_runner.py:60} INFO - Started process 812 to run task
[2025-10-16T10:10:10.045+0000] {standard_task_runner.py:87} INFO - Running: ['***', 'tasks', 'run', 'orchestrator_dag', 'notify_orchestrator_completion', 'manual__2025-10-16T10:05:54.539140+00:00', '--job-id', '1648', '--raw', '--subdir', 'DAGS_FOLDER/orchestrator_dag.py', '--cfg-path', '/tmp/tmpr20fmsjv']
[2025-10-16T10:10:10.046+0000] {standard_task_runner.py:88} INFO - Job 1648: Subtask notify_orchestrator_completion
[2025-10-16T10:10:10.091+0000] {task_command.py:423} INFO - Running <TaskInstance: orchestrator_dag.notify_orchestrator_completion manual__2025-10-16T10:05:54.539140+00:00 [running]> on host b43a95b9d13d
[2025-10-16T10:10:10.160+0000] {taskinstance.py:2480} INFO - Exporting env vars: AIRFLOW_CTX_DAG_OWNER='pdf-converter' AIRFLOW_CTX_DAG_ID='orchestrator_dag' AIRFLOW_CTX_TASK_ID='notify_orchestrator_completion' AIRFLOW_CTX_EXECUTION_DATE='2025-10-16T10:05:54.539140+00:00' AIRFLOW_CTX_TRY_NUMBER='1' AIRFLOW_CTX_DAG_RUN_ID='manual__2025-10-16T10:05:54.539140+00:00'
[2025-10-16T10:10:10.182+0000] {orchestrator_dag.py:519} INFO - 
🎉 ИСПРАВЛЕННЫЙ PDF КОНВЕЙЕР v4.0 УСПЕШНО ЗАВЕРШЕН!
📄 Файл: test_short.pdf
🌐 Язык: en
⏱️ Время обработки: 0:04:12.472441
🔄 ВЫПОЛНЕННЫЕ ЭТАПЫ:
✅ Stage 1: Document Preprocessing (извлечение контента)
✅ Stage 2: Content Transformation (преобразование в MD)
✅ Stage 3: Translation Pipeline (перевод)
✅ Stage 4: Quality Assurance (валидация)
📊 РЕЗУЛЬТАТЫ:
- Исправленная архитектура: ✅ Применена
- Китайские документы: ✅ Оптимизированы
- Технические термины: ✅ Сохранены
- Итоговый файл: /app/output/en/1760609154_test_short.md
- QA отчет: /app/temp/qa_report_1760609154.json
🚀 СИСТЕМА v4.0 ИСПРАВЛЕНА И ГОТОВА К РАБОТЕ!

[2025-10-16T10:10:10.183+0000] {shared_utils.py:267} INFO - 
✅ УСПЕШНОЕ ЗАВЕРШЕНИЕ
DAG: orchestrator_dag
Task: notify_orchestrator_completion
Время: 2025-10-16T10:10:10.183077
Результат: Обработка завершена

[2025-10-16T10:10:10.183+0000] {python.py:201} INFO - Done. Returned value was: None
[2025-10-16T10:10:10.192+0000] {taskinstance.py:1138} INFO - Marking task as SUCCESS. dag_id=orchestrator_dag, task_id=notify_orchestrator_completion, execution_date=20251016T100554, start_date=20251016T101010, end_date=20251016T101010
[2025-10-16T10:10:10.216+0000] {local_task_job_runner.py:234} INFO - Task exited with return code 0
[2025-10-16T10:10:10.233+0000] {taskinstance.py:3280} INFO - 0 downstream tasks scheduled from follow-on schedule check
