[2025-10-15T17:18:32.740+0000] {taskinstance.py:1956} INFO - Dependencies all met for dep_context=non-requeueable deps ti=<TaskInstance: document_preprocessing.notify_completion manual__2025-10-15T17:18:09.761099+00:00 [queued]>
[2025-10-15T17:18:32.745+0000] {taskinstance.py:1956} INFO - Dependencies all met for dep_context=requeueable deps ti=<TaskInstance: document_preprocessing.notify_completion manual__2025-10-15T17:18:09.761099+00:00 [queued]>
[2025-10-15T17:18:32.746+0000] {taskinstance.py:2170} INFO - Starting attempt 1 of 3
[2025-10-15T17:18:32.754+0000] {taskinstance.py:2191} INFO - Executing <Task(PythonOperator): notify_completion> on 2025-10-15 17:18:09.761099+00:00
[2025-10-15T17:18:32.759+0000] {standard_task_runner.py:60} INFO - Started process 313 to run task
[2025-10-15T17:18:32.761+0000] {standard_task_runner.py:87} INFO - Running: ['***', 'tasks', 'run', 'document_preprocessing', 'notify_completion', 'manual__2025-10-15T17:18:09.761099+00:00', '--job-id', '1590', '--raw', '--subdir', 'DAGS_FOLDER/document_preprocessing.py', '--cfg-path', '/tmp/tmpew_ughb6']
[2025-10-15T17:18:32.762+0000] {standard_task_runner.py:88} INFO - Job 1590: Subtask notify_completion
[2025-10-15T17:18:32.807+0000] {task_command.py:423} INFO - Running <TaskInstance: document_preprocessing.notify_completion manual__2025-10-15T17:18:09.761099+00:00 [running]> on host ee1be49cded6
[2025-10-15T17:18:32.875+0000] {taskinstance.py:2480} INFO - Exporting env vars: AIRFLOW_CTX_DAG_OWNER='pdf-converter' AIRFLOW_CTX_DAG_ID='document_preprocessing' AIRFLOW_CTX_TASK_ID='notify_completion' AIRFLOW_CTX_EXECUTION_DATE='2025-10-15T17:18:09.761099+00:00' AIRFLOW_CTX_TRY_NUMBER='1' AIRFLOW_CTX_DAG_RUN_ID='manual__2025-10-15T17:18:09.761099+00:00'
[2025-10-15T17:18:32.898+0000] {shared_utils.py:267} INFO - 
✅ УСПЕШНОЕ ЗАВЕРШЕНИЕ
DAG: document_preprocessing
Task: notify_completion
Время: 2025-10-15T17:18:32.898685
Результат: Обработка завершена

[2025-10-15T17:18:32.898+0000] {document_preprocessing.py:549} INFO - 
✅ DOCUMENT PREPROCESSING ЗАВЕРШЕН УСПЕШНО
📄 Файл: test_short.pdf
📊 Страниц: 5
⏱️ Время: 19.47с
🔍 OCR: Да
📋 Таблицы: Да
📁 Файл: /opt/***/temp/doc_1760548691/doc_1760548691_intermediate.json
✅ Готов для следующей стадии

[2025-10-15T17:18:32.899+0000] {python.py:201} INFO - Done. Returned value was: None
[2025-10-15T17:18:32.908+0000] {taskinstance.py:1138} INFO - Marking task as SUCCESS. dag_id=document_preprocessing, task_id=notify_completion, execution_date=20251015T171809, start_date=20251015T171832, end_date=20251015T171832
[2025-10-15T17:18:32.933+0000] {local_task_job_runner.py:234} INFO - Task exited with return code 0
[2025-10-15T17:18:32.948+0000] {taskinstance.py:3280} INFO - 0 downstream tasks scheduled from follow-on schedule check
