[2025-10-16T12:19:10.235+0000] {processor.py:161} INFO - Started process (PID=4645) to work on /opt/airflow/dags/document_preprocessing.py
[2025-10-16T12:19:10.236+0000] {processor.py:830} INFO - Processing file /opt/airflow/dags/document_preprocessing.py for tasks to queue
[2025-10-16T12:19:10.237+0000] {logging_mixin.py:188} INFO - [2025-10-16T12:19:10.237+0000] {dagbag.py:538} INFO - Filling up the DagBag from /opt/airflow/dags/document_preprocessing.py
[2025-10-16T12:19:10.247+0000] {logging_mixin.py:188} INFO - [2025-10-16T12:19:10.247+0000] {shared_utils.py:452} INFO - Инициализированы пути обработки: ['input_pdf', 'temp_dir', 'output_md', 'logs', 'work_dir']
[2025-10-16T12:19:10.247+0000] {logging_mixin.py:188} INFO - [2025-10-16T12:19:10.247+0000] {shared_utils.py:456} INFO - Настроены URL сервисов: ['document_processor', 'translator', 'quality_assurance', 'airflow']
[2025-10-16T12:19:10.252+0000] {processor.py:840} INFO - DAG(s) 'document_preprocessing' retrieved from /opt/airflow/dags/document_preprocessing.py
[2025-10-16T12:19:10.272+0000] {logging_mixin.py:188} INFO - [2025-10-16T12:19:10.272+0000] {dag.py:3036} INFO - Sync 1 DAGs
[2025-10-16T12:19:10.282+0000] {logging_mixin.py:188} INFO - [2025-10-16T12:19:10.282+0000] {dag.py:3823} INFO - Setting next_dagrun for document_preprocessing to None, run_after=None
[2025-10-16T12:19:10.294+0000] {processor.py:183} INFO - Processing /opt/airflow/dags/document_preprocessing.py took 0.061 seconds
[2025-10-16T12:19:40.611+0000] {processor.py:161} INFO - Started process (PID=4658) to work on /opt/airflow/dags/document_preprocessing.py
[2025-10-16T12:19:40.611+0000] {processor.py:830} INFO - Processing file /opt/airflow/dags/document_preprocessing.py for tasks to queue
[2025-10-16T12:19:40.613+0000] {logging_mixin.py:188} INFO - [2025-10-16T12:19:40.613+0000] {dagbag.py:538} INFO - Filling up the DagBag from /opt/airflow/dags/document_preprocessing.py
[2025-10-16T12:19:40.623+0000] {logging_mixin.py:188} INFO - [2025-10-16T12:19:40.623+0000] {shared_utils.py:452} INFO - Инициализированы пути обработки: ['input_pdf', 'temp_dir', 'output_md', 'logs', 'work_dir']
[2025-10-16T12:19:40.623+0000] {logging_mixin.py:188} INFO - [2025-10-16T12:19:40.623+0000] {shared_utils.py:456} INFO - Настроены URL сервисов: ['document_processor', 'translator', 'quality_assurance', 'airflow']
[2025-10-16T12:19:40.627+0000] {processor.py:840} INFO - DAG(s) 'document_preprocessing' retrieved from /opt/airflow/dags/document_preprocessing.py
[2025-10-16T12:19:40.647+0000] {logging_mixin.py:188} INFO - [2025-10-16T12:19:40.647+0000] {dag.py:3036} INFO - Sync 1 DAGs
[2025-10-16T12:19:40.657+0000] {logging_mixin.py:188} INFO - [2025-10-16T12:19:40.657+0000] {dag.py:3823} INFO - Setting next_dagrun for document_preprocessing to None, run_after=None
[2025-10-16T12:19:40.669+0000] {processor.py:183} INFO - Processing /opt/airflow/dags/document_preprocessing.py took 0.060 seconds
[2025-10-16T12:20:10.906+0000] {processor.py:161} INFO - Started process (PID=4671) to work on /opt/airflow/dags/document_preprocessing.py
[2025-10-16T12:20:10.907+0000] {processor.py:830} INFO - Processing file /opt/airflow/dags/document_preprocessing.py for tasks to queue
[2025-10-16T12:20:10.908+0000] {logging_mixin.py:188} INFO - [2025-10-16T12:20:10.908+0000] {dagbag.py:538} INFO - Filling up the DagBag from /opt/airflow/dags/document_preprocessing.py
[2025-10-16T12:20:10.918+0000] {logging_mixin.py:188} INFO - [2025-10-16T12:20:10.918+0000] {shared_utils.py:452} INFO - Инициализированы пути обработки: ['input_pdf', 'temp_dir', 'output_md', 'logs', 'work_dir']
[2025-10-16T12:20:10.919+0000] {logging_mixin.py:188} INFO - [2025-10-16T12:20:10.918+0000] {shared_utils.py:456} INFO - Настроены URL сервисов: ['document_processor', 'translator', 'quality_assurance', 'airflow']
[2025-10-16T12:20:10.923+0000] {processor.py:840} INFO - DAG(s) 'document_preprocessing' retrieved from /opt/airflow/dags/document_preprocessing.py
[2025-10-16T12:20:10.943+0000] {logging_mixin.py:188} INFO - [2025-10-16T12:20:10.943+0000] {dag.py:3036} INFO - Sync 1 DAGs
[2025-10-16T12:20:10.953+0000] {logging_mixin.py:188} INFO - [2025-10-16T12:20:10.953+0000] {dag.py:3823} INFO - Setting next_dagrun for document_preprocessing to None, run_after=None
[2025-10-16T12:20:10.965+0000] {processor.py:183} INFO - Processing /opt/airflow/dags/document_preprocessing.py took 0.061 seconds
[2025-10-16T12:20:41.289+0000] {processor.py:161} INFO - Started process (PID=4684) to work on /opt/airflow/dags/document_preprocessing.py
[2025-10-16T12:20:41.290+0000] {processor.py:830} INFO - Processing file /opt/airflow/dags/document_preprocessing.py for tasks to queue
[2025-10-16T12:20:41.291+0000] {logging_mixin.py:188} INFO - [2025-10-16T12:20:41.291+0000] {dagbag.py:538} INFO - Filling up the DagBag from /opt/airflow/dags/document_preprocessing.py
[2025-10-16T12:20:41.301+0000] {logging_mixin.py:188} INFO - [2025-10-16T12:20:41.301+0000] {shared_utils.py:452} INFO - Инициализированы пути обработки: ['input_pdf', 'temp_dir', 'output_md', 'logs', 'work_dir']
[2025-10-16T12:20:41.301+0000] {logging_mixin.py:188} INFO - [2025-10-16T12:20:41.301+0000] {shared_utils.py:456} INFO - Настроены URL сервисов: ['document_processor', 'translator', 'quality_assurance', 'airflow']
[2025-10-16T12:20:41.306+0000] {processor.py:840} INFO - DAG(s) 'document_preprocessing' retrieved from /opt/airflow/dags/document_preprocessing.py
[2025-10-16T12:20:41.326+0000] {logging_mixin.py:188} INFO - [2025-10-16T12:20:41.326+0000] {dag.py:3036} INFO - Sync 1 DAGs
[2025-10-16T12:20:41.336+0000] {logging_mixin.py:188} INFO - [2025-10-16T12:20:41.335+0000] {dag.py:3823} INFO - Setting next_dagrun for document_preprocessing to None, run_after=None
[2025-10-16T12:20:41.347+0000] {processor.py:183} INFO - Processing /opt/airflow/dags/document_preprocessing.py took 0.060 seconds
[2025-10-16T12:21:11.595+0000] {processor.py:161} INFO - Started process (PID=4697) to work on /opt/airflow/dags/document_preprocessing.py
[2025-10-16T12:21:11.596+0000] {processor.py:830} INFO - Processing file /opt/airflow/dags/document_preprocessing.py for tasks to queue
[2025-10-16T12:21:11.597+0000] {logging_mixin.py:188} INFO - [2025-10-16T12:21:11.597+0000] {dagbag.py:538} INFO - Filling up the DagBag from /opt/airflow/dags/document_preprocessing.py
[2025-10-16T12:21:11.608+0000] {logging_mixin.py:188} INFO - [2025-10-16T12:21:11.608+0000] {shared_utils.py:452} INFO - Инициализированы пути обработки: ['input_pdf', 'temp_dir', 'output_md', 'logs', 'work_dir']
[2025-10-16T12:21:11.608+0000] {logging_mixin.py:188} INFO - [2025-10-16T12:21:11.608+0000] {shared_utils.py:456} INFO - Настроены URL сервисов: ['document_processor', 'translator', 'quality_assurance', 'airflow']
[2025-10-16T12:21:11.612+0000] {processor.py:840} INFO - DAG(s) 'document_preprocessing' retrieved from /opt/airflow/dags/document_preprocessing.py
[2025-10-16T12:21:11.633+0000] {logging_mixin.py:188} INFO - [2025-10-16T12:21:11.632+0000] {dag.py:3036} INFO - Sync 1 DAGs
[2025-10-16T12:21:11.642+0000] {logging_mixin.py:188} INFO - [2025-10-16T12:21:11.642+0000] {dag.py:3823} INFO - Setting next_dagrun for document_preprocessing to None, run_after=None
[2025-10-16T12:21:11.654+0000] {processor.py:183} INFO - Processing /opt/airflow/dags/document_preprocessing.py took 0.061 seconds
[2025-10-16T12:21:42.045+0000] {processor.py:161} INFO - Started process (PID=4710) to work on /opt/airflow/dags/document_preprocessing.py
[2025-10-16T12:21:42.046+0000] {processor.py:830} INFO - Processing file /opt/airflow/dags/document_preprocessing.py for tasks to queue
[2025-10-16T12:21:42.048+0000] {logging_mixin.py:188} INFO - [2025-10-16T12:21:42.047+0000] {dagbag.py:538} INFO - Filling up the DagBag from /opt/airflow/dags/document_preprocessing.py
[2025-10-16T12:21:42.058+0000] {logging_mixin.py:188} INFO - [2025-10-16T12:21:42.058+0000] {shared_utils.py:452} INFO - Инициализированы пути обработки: ['input_pdf', 'temp_dir', 'output_md', 'logs', 'work_dir']
[2025-10-16T12:21:42.058+0000] {logging_mixin.py:188} INFO - [2025-10-16T12:21:42.058+0000] {shared_utils.py:456} INFO - Настроены URL сервисов: ['document_processor', 'translator', 'quality_assurance', 'airflow']
[2025-10-16T12:21:42.063+0000] {processor.py:840} INFO - DAG(s) 'document_preprocessing' retrieved from /opt/airflow/dags/document_preprocessing.py
[2025-10-16T12:21:42.083+0000] {logging_mixin.py:188} INFO - [2025-10-16T12:21:42.083+0000] {dag.py:3036} INFO - Sync 1 DAGs
[2025-10-16T12:21:42.093+0000] {logging_mixin.py:188} INFO - [2025-10-16T12:21:42.093+0000] {dag.py:3823} INFO - Setting next_dagrun for document_preprocessing to None, run_after=None
[2025-10-16T12:21:42.104+0000] {processor.py:183} INFO - Processing /opt/airflow/dags/document_preprocessing.py took 0.061 seconds
[2025-10-16T12:21:49.265+0000] {processor.py:161} INFO - Started process (PID=4716) to work on /opt/airflow/dags/document_preprocessing.py
[2025-10-16T12:21:49.266+0000] {processor.py:830} INFO - Processing file /opt/airflow/dags/document_preprocessing.py for tasks to queue
[2025-10-16T12:21:49.267+0000] {logging_mixin.py:188} INFO - [2025-10-16T12:21:49.267+0000] {dagbag.py:538} INFO - Filling up the DagBag from /opt/airflow/dags/document_preprocessing.py
[2025-10-16T12:21:49.277+0000] {logging_mixin.py:188} INFO - [2025-10-16T12:21:49.277+0000] {shared_utils.py:452} INFO - Инициализированы пути обработки: ['input_pdf', 'temp_dir', 'output_md', 'logs', 'work_dir']
[2025-10-16T12:21:49.278+0000] {logging_mixin.py:188} INFO - [2025-10-16T12:21:49.278+0000] {shared_utils.py:456} INFO - Настроены URL сервисов: ['document_processor', 'translator', 'quality_assurance', 'airflow']
[2025-10-16T12:21:49.282+0000] {processor.py:840} INFO - DAG(s) 'document_preprocessing' retrieved from /opt/airflow/dags/document_preprocessing.py
[2025-10-16T12:21:49.302+0000] {logging_mixin.py:188} INFO - [2025-10-16T12:21:49.302+0000] {dag.py:3036} INFO - Sync 1 DAGs
[2025-10-16T12:21:49.313+0000] {logging_mixin.py:188} INFO - [2025-10-16T12:21:49.313+0000] {dag.py:3823} INFO - Setting next_dagrun for document_preprocessing to None, run_after=None
[2025-10-16T12:21:49.325+0000] {processor.py:183} INFO - Processing /opt/airflow/dags/document_preprocessing.py took 0.063 seconds
[2025-10-16T13:16:00.097+0000] {processor.py:161} INFO - Started process (PID=104) to work on /opt/airflow/dags/document_preprocessing.py
[2025-10-16T13:16:00.098+0000] {processor.py:830} INFO - Processing file /opt/airflow/dags/document_preprocessing.py for tasks to queue
[2025-10-16T13:16:00.099+0000] {logging_mixin.py:188} INFO - [2025-10-16T13:16:00.099+0000] {dagbag.py:538} INFO - Filling up the DagBag from /opt/airflow/dags/document_preprocessing.py
[2025-10-16T13:16:00.109+0000] {logging_mixin.py:188} INFO - [2025-10-16T13:16:00.109+0000] {shared_utils.py:452} INFO - Инициализированы пути обработки: ['input_pdf', 'temp_dir', 'output_md', 'logs', 'work_dir']
[2025-10-16T13:16:00.110+0000] {logging_mixin.py:188} INFO - [2025-10-16T13:16:00.110+0000] {shared_utils.py:456} INFO - Настроены URL сервисов: ['document_processor', 'translator', 'quality_assurance', 'airflow']
[2025-10-16T13:16:00.114+0000] {processor.py:840} INFO - DAG(s) 'document_preprocessing' retrieved from /opt/airflow/dags/document_preprocessing.py
[2025-10-16T13:16:00.126+0000] {logging_mixin.py:188} INFO - [2025-10-16T13:16:00.126+0000] {dag.py:3036} INFO - Sync 1 DAGs
[2025-10-16T13:16:00.136+0000] {logging_mixin.py:188} INFO - [2025-10-16T13:16:00.136+0000] {dag.py:3823} INFO - Setting next_dagrun for document_preprocessing to None, run_after=None
[2025-10-16T13:16:00.149+0000] {processor.py:183} INFO - Processing /opt/airflow/dags/document_preprocessing.py took 0.054 seconds
[2025-10-16T13:16:30.448+0000] {processor.py:161} INFO - Started process (PID=115) to work on /opt/airflow/dags/document_preprocessing.py
[2025-10-16T13:16:30.448+0000] {processor.py:830} INFO - Processing file /opt/airflow/dags/document_preprocessing.py for tasks to queue
[2025-10-16T13:16:30.450+0000] {logging_mixin.py:188} INFO - [2025-10-16T13:16:30.449+0000] {dagbag.py:538} INFO - Filling up the DagBag from /opt/airflow/dags/document_preprocessing.py
[2025-10-16T13:16:30.460+0000] {logging_mixin.py:188} INFO - [2025-10-16T13:16:30.460+0000] {shared_utils.py:452} INFO - Инициализированы пути обработки: ['input_pdf', 'temp_dir', 'output_md', 'logs', 'work_dir']
[2025-10-16T13:16:30.460+0000] {logging_mixin.py:188} INFO - [2025-10-16T13:16:30.460+0000] {shared_utils.py:456} INFO - Настроены URL сервисов: ['document_processor', 'translator', 'quality_assurance', 'airflow']
[2025-10-16T13:16:30.465+0000] {processor.py:840} INFO - DAG(s) 'document_preprocessing' retrieved from /opt/airflow/dags/document_preprocessing.py
[2025-10-16T13:16:30.645+0000] {logging_mixin.py:188} INFO - [2025-10-16T13:16:30.645+0000] {dag.py:3036} INFO - Sync 1 DAGs
[2025-10-16T13:16:30.654+0000] {logging_mixin.py:188} INFO - [2025-10-16T13:16:30.653+0000] {dag.py:3823} INFO - Setting next_dagrun for document_preprocessing to None, run_after=None
[2025-10-16T13:16:30.665+0000] {processor.py:183} INFO - Processing /opt/airflow/dags/document_preprocessing.py took 0.220 seconds
[2025-10-16T13:17:00.984+0000] {processor.py:161} INFO - Started process (PID=128) to work on /opt/airflow/dags/document_preprocessing.py
[2025-10-16T13:17:00.984+0000] {processor.py:830} INFO - Processing file /opt/airflow/dags/document_preprocessing.py for tasks to queue
[2025-10-16T13:17:00.985+0000] {logging_mixin.py:188} INFO - [2025-10-16T13:17:00.985+0000] {dagbag.py:538} INFO - Filling up the DagBag from /opt/airflow/dags/document_preprocessing.py
[2025-10-16T13:17:00.996+0000] {logging_mixin.py:188} INFO - [2025-10-16T13:17:00.996+0000] {shared_utils.py:452} INFO - Инициализированы пути обработки: ['input_pdf', 'temp_dir', 'output_md', 'logs', 'work_dir']
[2025-10-16T13:17:00.996+0000] {logging_mixin.py:188} INFO - [2025-10-16T13:17:00.996+0000] {shared_utils.py:456} INFO - Настроены URL сервисов: ['document_processor', 'translator', 'quality_assurance', 'airflow']
[2025-10-16T13:17:01.000+0000] {processor.py:840} INFO - DAG(s) 'document_preprocessing' retrieved from /opt/airflow/dags/document_preprocessing.py
[2025-10-16T13:17:01.020+0000] {logging_mixin.py:188} INFO - [2025-10-16T13:17:01.020+0000] {dag.py:3036} INFO - Sync 1 DAGs
[2025-10-16T13:17:01.031+0000] {logging_mixin.py:188} INFO - [2025-10-16T13:17:01.030+0000] {dag.py:3823} INFO - Setting next_dagrun for document_preprocessing to None, run_after=None
[2025-10-16T13:17:01.042+0000] {processor.py:183} INFO - Processing /opt/airflow/dags/document_preprocessing.py took 0.061 seconds
[2025-10-16T13:17:31.307+0000] {processor.py:161} INFO - Started process (PID=141) to work on /opt/airflow/dags/document_preprocessing.py
[2025-10-16T13:17:31.308+0000] {processor.py:830} INFO - Processing file /opt/airflow/dags/document_preprocessing.py for tasks to queue
[2025-10-16T13:17:31.309+0000] {logging_mixin.py:188} INFO - [2025-10-16T13:17:31.309+0000] {dagbag.py:538} INFO - Filling up the DagBag from /opt/airflow/dags/document_preprocessing.py
[2025-10-16T13:17:31.319+0000] {logging_mixin.py:188} INFO - [2025-10-16T13:17:31.319+0000] {shared_utils.py:452} INFO - Инициализированы пути обработки: ['input_pdf', 'temp_dir', 'output_md', 'logs', 'work_dir']
[2025-10-16T13:17:31.320+0000] {logging_mixin.py:188} INFO - [2025-10-16T13:17:31.320+0000] {shared_utils.py:456} INFO - Настроены URL сервисов: ['document_processor', 'translator', 'quality_assurance', 'airflow']
[2025-10-16T13:17:31.324+0000] {processor.py:840} INFO - DAG(s) 'document_preprocessing' retrieved from /opt/airflow/dags/document_preprocessing.py
[2025-10-16T13:17:31.344+0000] {logging_mixin.py:188} INFO - [2025-10-16T13:17:31.344+0000] {dag.py:3036} INFO - Sync 1 DAGs
[2025-10-16T13:17:31.354+0000] {logging_mixin.py:188} INFO - [2025-10-16T13:17:31.354+0000] {dag.py:3823} INFO - Setting next_dagrun for document_preprocessing to None, run_after=None
[2025-10-16T13:17:31.366+0000] {processor.py:183} INFO - Processing /opt/airflow/dags/document_preprocessing.py took 0.061 seconds
[2025-10-16T13:18:01.753+0000] {processor.py:161} INFO - Started process (PID=154) to work on /opt/airflow/dags/document_preprocessing.py
[2025-10-16T13:18:01.753+0000] {processor.py:830} INFO - Processing file /opt/airflow/dags/document_preprocessing.py for tasks to queue
[2025-10-16T13:18:01.755+0000] {logging_mixin.py:188} INFO - [2025-10-16T13:18:01.755+0000] {dagbag.py:538} INFO - Filling up the DagBag from /opt/airflow/dags/document_preprocessing.py
[2025-10-16T13:18:01.765+0000] {logging_mixin.py:188} INFO - [2025-10-16T13:18:01.765+0000] {shared_utils.py:452} INFO - Инициализированы пути обработки: ['input_pdf', 'temp_dir', 'output_md', 'logs', 'work_dir']
[2025-10-16T13:18:01.765+0000] {logging_mixin.py:188} INFO - [2025-10-16T13:18:01.765+0000] {shared_utils.py:456} INFO - Настроены URL сервисов: ['document_processor', 'translator', 'quality_assurance', 'airflow']
[2025-10-16T13:18:01.770+0000] {processor.py:840} INFO - DAG(s) 'document_preprocessing' retrieved from /opt/airflow/dags/document_preprocessing.py
[2025-10-16T13:18:01.791+0000] {logging_mixin.py:188} INFO - [2025-10-16T13:18:01.790+0000] {dag.py:3036} INFO - Sync 1 DAGs
[2025-10-16T13:18:01.800+0000] {logging_mixin.py:188} INFO - [2025-10-16T13:18:01.800+0000] {dag.py:3823} INFO - Setting next_dagrun for document_preprocessing to None, run_after=None
[2025-10-16T13:18:01.813+0000] {processor.py:183} INFO - Processing /opt/airflow/dags/document_preprocessing.py took 0.062 seconds
[2025-10-16T13:18:32.087+0000] {processor.py:161} INFO - Started process (PID=167) to work on /opt/airflow/dags/document_preprocessing.py
[2025-10-16T13:18:32.087+0000] {processor.py:830} INFO - Processing file /opt/airflow/dags/document_preprocessing.py for tasks to queue
[2025-10-16T13:18:32.089+0000] {logging_mixin.py:188} INFO - [2025-10-16T13:18:32.089+0000] {dagbag.py:538} INFO - Filling up the DagBag from /opt/airflow/dags/document_preprocessing.py
[2025-10-16T13:18:32.099+0000] {logging_mixin.py:188} INFO - [2025-10-16T13:18:32.099+0000] {shared_utils.py:452} INFO - Инициализированы пути обработки: ['input_pdf', 'temp_dir', 'output_md', 'logs', 'work_dir']
[2025-10-16T13:18:32.100+0000] {logging_mixin.py:188} INFO - [2025-10-16T13:18:32.099+0000] {shared_utils.py:456} INFO - Настроены URL сервисов: ['document_processor', 'translator', 'quality_assurance', 'airflow']
[2025-10-16T13:18:32.104+0000] {processor.py:840} INFO - DAG(s) 'document_preprocessing' retrieved from /opt/airflow/dags/document_preprocessing.py
[2025-10-16T13:18:32.125+0000] {logging_mixin.py:188} INFO - [2025-10-16T13:18:32.125+0000] {dag.py:3036} INFO - Sync 1 DAGs
[2025-10-16T13:18:32.135+0000] {logging_mixin.py:188} INFO - [2025-10-16T13:18:32.135+0000] {dag.py:3823} INFO - Setting next_dagrun for document_preprocessing to None, run_after=None
[2025-10-16T13:18:32.147+0000] {processor.py:183} INFO - Processing /opt/airflow/dags/document_preprocessing.py took 0.062 seconds
[2025-10-16T13:19:02.456+0000] {processor.py:161} INFO - Started process (PID=180) to work on /opt/airflow/dags/document_preprocessing.py
[2025-10-16T13:19:02.457+0000] {processor.py:830} INFO - Processing file /opt/airflow/dags/document_preprocessing.py for tasks to queue
[2025-10-16T13:19:02.458+0000] {logging_mixin.py:188} INFO - [2025-10-16T13:19:02.458+0000] {dagbag.py:538} INFO - Filling up the DagBag from /opt/airflow/dags/document_preprocessing.py
[2025-10-16T13:19:02.468+0000] {logging_mixin.py:188} INFO - [2025-10-16T13:19:02.468+0000] {shared_utils.py:452} INFO - Инициализированы пути обработки: ['input_pdf', 'temp_dir', 'output_md', 'logs', 'work_dir']
[2025-10-16T13:19:02.468+0000] {logging_mixin.py:188} INFO - [2025-10-16T13:19:02.468+0000] {shared_utils.py:456} INFO - Настроены URL сервисов: ['document_processor', 'translator', 'quality_assurance', 'airflow']
[2025-10-16T13:19:02.473+0000] {processor.py:840} INFO - DAG(s) 'document_preprocessing' retrieved from /opt/airflow/dags/document_preprocessing.py
[2025-10-16T13:19:02.494+0000] {logging_mixin.py:188} INFO - [2025-10-16T13:19:02.493+0000] {dag.py:3036} INFO - Sync 1 DAGs
[2025-10-16T13:19:02.504+0000] {logging_mixin.py:188} INFO - [2025-10-16T13:19:02.504+0000] {dag.py:3823} INFO - Setting next_dagrun for document_preprocessing to None, run_after=None
[2025-10-16T13:19:02.516+0000] {processor.py:183} INFO - Processing /opt/airflow/dags/document_preprocessing.py took 0.062 seconds
[2025-10-16T13:19:32.786+0000] {processor.py:161} INFO - Started process (PID=193) to work on /opt/airflow/dags/document_preprocessing.py
[2025-10-16T13:19:32.787+0000] {processor.py:830} INFO - Processing file /opt/airflow/dags/document_preprocessing.py for tasks to queue
[2025-10-16T13:19:32.788+0000] {logging_mixin.py:188} INFO - [2025-10-16T13:19:32.788+0000] {dagbag.py:538} INFO - Filling up the DagBag from /opt/airflow/dags/document_preprocessing.py
[2025-10-16T13:19:32.798+0000] {logging_mixin.py:188} INFO - [2025-10-16T13:19:32.798+0000] {shared_utils.py:452} INFO - Инициализированы пути обработки: ['input_pdf', 'temp_dir', 'output_md', 'logs', 'work_dir']
[2025-10-16T13:19:32.798+0000] {logging_mixin.py:188} INFO - [2025-10-16T13:19:32.798+0000] {shared_utils.py:456} INFO - Настроены URL сервисов: ['document_processor', 'translator', 'quality_assurance', 'airflow']
[2025-10-16T13:19:32.802+0000] {processor.py:840} INFO - DAG(s) 'document_preprocessing' retrieved from /opt/airflow/dags/document_preprocessing.py
[2025-10-16T13:19:32.822+0000] {logging_mixin.py:188} INFO - [2025-10-16T13:19:32.822+0000] {dag.py:3036} INFO - Sync 1 DAGs
[2025-10-16T13:19:32.832+0000] {logging_mixin.py:188} INFO - [2025-10-16T13:19:32.832+0000] {dag.py:3823} INFO - Setting next_dagrun for document_preprocessing to None, run_after=None
[2025-10-16T13:19:32.844+0000] {processor.py:183} INFO - Processing /opt/airflow/dags/document_preprocessing.py took 0.060 seconds
[2025-10-16T13:20:03.161+0000] {processor.py:161} INFO - Started process (PID=206) to work on /opt/airflow/dags/document_preprocessing.py
[2025-10-16T13:20:03.162+0000] {processor.py:830} INFO - Processing file /opt/airflow/dags/document_preprocessing.py for tasks to queue
[2025-10-16T13:20:03.163+0000] {logging_mixin.py:188} INFO - [2025-10-16T13:20:03.163+0000] {dagbag.py:538} INFO - Filling up the DagBag from /opt/airflow/dags/document_preprocessing.py
[2025-10-16T13:20:03.173+0000] {logging_mixin.py:188} INFO - [2025-10-16T13:20:03.173+0000] {shared_utils.py:452} INFO - Инициализированы пути обработки: ['input_pdf', 'temp_dir', 'output_md', 'logs', 'work_dir']
[2025-10-16T13:20:03.174+0000] {logging_mixin.py:188} INFO - [2025-10-16T13:20:03.174+0000] {shared_utils.py:456} INFO - Настроены URL сервисов: ['document_processor', 'translator', 'quality_assurance', 'airflow']
[2025-10-16T13:20:03.178+0000] {processor.py:840} INFO - DAG(s) 'document_preprocessing' retrieved from /opt/airflow/dags/document_preprocessing.py
[2025-10-16T13:20:03.200+0000] {logging_mixin.py:188} INFO - [2025-10-16T13:20:03.200+0000] {dag.py:3036} INFO - Sync 1 DAGs
[2025-10-16T13:20:03.210+0000] {logging_mixin.py:188} INFO - [2025-10-16T13:20:03.210+0000] {dag.py:3823} INFO - Setting next_dagrun for document_preprocessing to None, run_after=None
[2025-10-16T13:20:03.223+0000] {processor.py:183} INFO - Processing /opt/airflow/dags/document_preprocessing.py took 0.064 seconds
[2025-10-16T13:20:33.501+0000] {processor.py:161} INFO - Started process (PID=219) to work on /opt/airflow/dags/document_preprocessing.py
[2025-10-16T13:20:33.502+0000] {processor.py:830} INFO - Processing file /opt/airflow/dags/document_preprocessing.py for tasks to queue
[2025-10-16T13:20:33.504+0000] {logging_mixin.py:188} INFO - [2025-10-16T13:20:33.503+0000] {dagbag.py:538} INFO - Filling up the DagBag from /opt/airflow/dags/document_preprocessing.py
[2025-10-16T13:20:33.514+0000] {logging_mixin.py:188} INFO - [2025-10-16T13:20:33.514+0000] {shared_utils.py:452} INFO - Инициализированы пути обработки: ['input_pdf', 'temp_dir', 'output_md', 'logs', 'work_dir']
[2025-10-16T13:20:33.514+0000] {logging_mixin.py:188} INFO - [2025-10-16T13:20:33.514+0000] {shared_utils.py:456} INFO - Настроены URL сервисов: ['document_processor', 'translator', 'quality_assurance', 'airflow']
[2025-10-16T13:20:33.519+0000] {processor.py:840} INFO - DAG(s) 'document_preprocessing' retrieved from /opt/airflow/dags/document_preprocessing.py
[2025-10-16T13:20:33.540+0000] {logging_mixin.py:188} INFO - [2025-10-16T13:20:33.540+0000] {dag.py:3036} INFO - Sync 1 DAGs
[2025-10-16T13:20:33.550+0000] {logging_mixin.py:188} INFO - [2025-10-16T13:20:33.550+0000] {dag.py:3823} INFO - Setting next_dagrun for document_preprocessing to None, run_after=None
[2025-10-16T13:20:33.562+0000] {processor.py:183} INFO - Processing /opt/airflow/dags/document_preprocessing.py took 0.063 seconds
[2025-10-16T13:21:03.900+0000] {processor.py:161} INFO - Started process (PID=232) to work on /opt/airflow/dags/document_preprocessing.py
[2025-10-16T13:21:03.901+0000] {processor.py:830} INFO - Processing file /opt/airflow/dags/document_preprocessing.py for tasks to queue
[2025-10-16T13:21:03.902+0000] {logging_mixin.py:188} INFO - [2025-10-16T13:21:03.902+0000] {dagbag.py:538} INFO - Filling up the DagBag from /opt/airflow/dags/document_preprocessing.py
[2025-10-16T13:21:03.912+0000] {logging_mixin.py:188} INFO - [2025-10-16T13:21:03.912+0000] {shared_utils.py:452} INFO - Инициализированы пути обработки: ['input_pdf', 'temp_dir', 'output_md', 'logs', 'work_dir']
[2025-10-16T13:21:03.912+0000] {logging_mixin.py:188} INFO - [2025-10-16T13:21:03.912+0000] {shared_utils.py:456} INFO - Настроены URL сервисов: ['document_processor', 'translator', 'quality_assurance', 'airflow']
[2025-10-16T13:21:03.917+0000] {processor.py:840} INFO - DAG(s) 'document_preprocessing' retrieved from /opt/airflow/dags/document_preprocessing.py
[2025-10-16T13:21:03.937+0000] {logging_mixin.py:188} INFO - [2025-10-16T13:21:03.937+0000] {dag.py:3036} INFO - Sync 1 DAGs
[2025-10-16T13:21:03.947+0000] {logging_mixin.py:188} INFO - [2025-10-16T13:21:03.947+0000] {dag.py:3823} INFO - Setting next_dagrun for document_preprocessing to None, run_after=None
[2025-10-16T13:21:03.958+0000] {processor.py:183} INFO - Processing /opt/airflow/dags/document_preprocessing.py took 0.060 seconds
[2025-10-16T13:21:34.213+0000] {processor.py:161} INFO - Started process (PID=245) to work on /opt/airflow/dags/document_preprocessing.py
[2025-10-16T13:21:34.213+0000] {processor.py:830} INFO - Processing file /opt/airflow/dags/document_preprocessing.py for tasks to queue
[2025-10-16T13:21:34.215+0000] {logging_mixin.py:188} INFO - [2025-10-16T13:21:34.215+0000] {dagbag.py:538} INFO - Filling up the DagBag from /opt/airflow/dags/document_preprocessing.py
[2025-10-16T13:21:34.225+0000] {logging_mixin.py:188} INFO - [2025-10-16T13:21:34.225+0000] {shared_utils.py:452} INFO - Инициализированы пути обработки: ['input_pdf', 'temp_dir', 'output_md', 'logs', 'work_dir']
[2025-10-16T13:21:34.225+0000] {logging_mixin.py:188} INFO - [2025-10-16T13:21:34.225+0000] {shared_utils.py:456} INFO - Настроены URL сервисов: ['document_processor', 'translator', 'quality_assurance', 'airflow']
[2025-10-16T13:21:34.230+0000] {processor.py:840} INFO - DAG(s) 'document_preprocessing' retrieved from /opt/airflow/dags/document_preprocessing.py
[2025-10-16T13:21:34.251+0000] {logging_mixin.py:188} INFO - [2025-10-16T13:21:34.250+0000] {dag.py:3036} INFO - Sync 1 DAGs
[2025-10-16T13:21:34.260+0000] {logging_mixin.py:188} INFO - [2025-10-16T13:21:34.260+0000] {dag.py:3823} INFO - Setting next_dagrun for document_preprocessing to None, run_after=None
[2025-10-16T13:21:34.273+0000] {processor.py:183} INFO - Processing /opt/airflow/dags/document_preprocessing.py took 0.062 seconds
[2025-10-16T13:22:04.726+0000] {processor.py:161} INFO - Started process (PID=258) to work on /opt/airflow/dags/document_preprocessing.py
[2025-10-16T13:22:04.727+0000] {processor.py:830} INFO - Processing file /opt/airflow/dags/document_preprocessing.py for tasks to queue
[2025-10-16T13:22:04.728+0000] {logging_mixin.py:188} INFO - [2025-10-16T13:22:04.728+0000] {dagbag.py:538} INFO - Filling up the DagBag from /opt/airflow/dags/document_preprocessing.py
[2025-10-16T13:22:04.739+0000] {logging_mixin.py:188} INFO - [2025-10-16T13:22:04.739+0000] {shared_utils.py:452} INFO - Инициализированы пути обработки: ['input_pdf', 'temp_dir', 'output_md', 'logs', 'work_dir']
[2025-10-16T13:22:04.739+0000] {logging_mixin.py:188} INFO - [2025-10-16T13:22:04.739+0000] {shared_utils.py:456} INFO - Настроены URL сервисов: ['document_processor', 'translator', 'quality_assurance', 'airflow']
[2025-10-16T13:22:04.744+0000] {processor.py:840} INFO - DAG(s) 'document_preprocessing' retrieved from /opt/airflow/dags/document_preprocessing.py
[2025-10-16T13:22:04.765+0000] {logging_mixin.py:188} INFO - [2025-10-16T13:22:04.765+0000] {dag.py:3036} INFO - Sync 1 DAGs
[2025-10-16T13:22:04.775+0000] {logging_mixin.py:188} INFO - [2025-10-16T13:22:04.774+0000] {dag.py:3823} INFO - Setting next_dagrun for document_preprocessing to None, run_after=None
[2025-10-16T13:22:04.786+0000] {processor.py:183} INFO - Processing /opt/airflow/dags/document_preprocessing.py took 0.063 seconds
[2025-10-16T13:22:35.072+0000] {processor.py:161} INFO - Started process (PID=276) to work on /opt/airflow/dags/document_preprocessing.py
[2025-10-16T13:22:35.073+0000] {processor.py:830} INFO - Processing file /opt/airflow/dags/document_preprocessing.py for tasks to queue
[2025-10-16T13:22:35.074+0000] {logging_mixin.py:188} INFO - [2025-10-16T13:22:35.074+0000] {dagbag.py:538} INFO - Filling up the DagBag from /opt/airflow/dags/document_preprocessing.py
[2025-10-16T13:22:35.084+0000] {logging_mixin.py:188} INFO - [2025-10-16T13:22:35.084+0000] {shared_utils.py:452} INFO - Инициализированы пути обработки: ['input_pdf', 'temp_dir', 'output_md', 'logs', 'work_dir']
[2025-10-16T13:22:35.084+0000] {logging_mixin.py:188} INFO - [2025-10-16T13:22:35.084+0000] {shared_utils.py:456} INFO - Настроены URL сервисов: ['document_processor', 'translator', 'quality_assurance', 'airflow']
[2025-10-16T13:22:35.089+0000] {processor.py:840} INFO - DAG(s) 'document_preprocessing' retrieved from /opt/airflow/dags/document_preprocessing.py
[2025-10-16T13:22:35.108+0000] {logging_mixin.py:188} INFO - [2025-10-16T13:22:35.108+0000] {dag.py:3036} INFO - Sync 1 DAGs
[2025-10-16T13:22:35.118+0000] {logging_mixin.py:188} INFO - [2025-10-16T13:22:35.118+0000] {dag.py:3823} INFO - Setting next_dagrun for document_preprocessing to None, run_after=None
[2025-10-16T13:22:35.130+0000] {processor.py:183} INFO - Processing /opt/airflow/dags/document_preprocessing.py took 0.060 seconds
[2025-10-16T13:23:05.591+0000] {processor.py:161} INFO - Started process (PID=289) to work on /opt/airflow/dags/document_preprocessing.py
[2025-10-16T13:23:05.591+0000] {processor.py:830} INFO - Processing file /opt/airflow/dags/document_preprocessing.py for tasks to queue
[2025-10-16T13:23:05.593+0000] {logging_mixin.py:188} INFO - [2025-10-16T13:23:05.593+0000] {dagbag.py:538} INFO - Filling up the DagBag from /opt/airflow/dags/document_preprocessing.py
[2025-10-16T13:23:05.603+0000] {logging_mixin.py:188} INFO - [2025-10-16T13:23:05.603+0000] {shared_utils.py:452} INFO - Инициализированы пути обработки: ['input_pdf', 'temp_dir', 'output_md', 'logs', 'work_dir']
[2025-10-16T13:23:05.603+0000] {logging_mixin.py:188} INFO - [2025-10-16T13:23:05.603+0000] {shared_utils.py:456} INFO - Настроены URL сервисов: ['document_processor', 'translator', 'quality_assurance', 'airflow']
[2025-10-16T13:23:05.608+0000] {processor.py:840} INFO - DAG(s) 'document_preprocessing' retrieved from /opt/airflow/dags/document_preprocessing.py
[2025-10-16T13:23:05.629+0000] {logging_mixin.py:188} INFO - [2025-10-16T13:23:05.629+0000] {dag.py:3036} INFO - Sync 1 DAGs
[2025-10-16T13:23:05.639+0000] {logging_mixin.py:188} INFO - [2025-10-16T13:23:05.639+0000] {dag.py:3823} INFO - Setting next_dagrun for document_preprocessing to None, run_after=None
[2025-10-16T13:23:05.651+0000] {processor.py:183} INFO - Processing /opt/airflow/dags/document_preprocessing.py took 0.062 seconds
[2025-10-16T13:23:35.874+0000] {processor.py:161} INFO - Started process (PID=302) to work on /opt/airflow/dags/document_preprocessing.py
[2025-10-16T13:23:35.874+0000] {processor.py:830} INFO - Processing file /opt/airflow/dags/document_preprocessing.py for tasks to queue
[2025-10-16T13:23:35.876+0000] {logging_mixin.py:188} INFO - [2025-10-16T13:23:35.876+0000] {dagbag.py:538} INFO - Filling up the DagBag from /opt/airflow/dags/document_preprocessing.py
[2025-10-16T13:23:35.886+0000] {logging_mixin.py:188} INFO - [2025-10-16T13:23:35.886+0000] {shared_utils.py:452} INFO - Инициализированы пути обработки: ['input_pdf', 'temp_dir', 'output_md', 'logs', 'work_dir']
[2025-10-16T13:23:35.886+0000] {logging_mixin.py:188} INFO - [2025-10-16T13:23:35.886+0000] {shared_utils.py:456} INFO - Настроены URL сервисов: ['document_processor', 'translator', 'quality_assurance', 'airflow']
[2025-10-16T13:23:35.891+0000] {processor.py:840} INFO - DAG(s) 'document_preprocessing' retrieved from /opt/airflow/dags/document_preprocessing.py
[2025-10-16T13:23:35.913+0000] {logging_mixin.py:188} INFO - [2025-10-16T13:23:35.912+0000] {dag.py:3036} INFO - Sync 1 DAGs
[2025-10-16T13:23:35.923+0000] {logging_mixin.py:188} INFO - [2025-10-16T13:23:35.923+0000] {dag.py:3823} INFO - Setting next_dagrun for document_preprocessing to None, run_after=None
[2025-10-16T13:23:35.935+0000] {processor.py:183} INFO - Processing /opt/airflow/dags/document_preprocessing.py took 0.064 seconds
[2025-10-16T13:24:06.320+0000] {processor.py:161} INFO - Started process (PID=315) to work on /opt/airflow/dags/document_preprocessing.py
[2025-10-16T13:24:06.320+0000] {processor.py:830} INFO - Processing file /opt/airflow/dags/document_preprocessing.py for tasks to queue
[2025-10-16T13:24:06.322+0000] {logging_mixin.py:188} INFO - [2025-10-16T13:24:06.322+0000] {dagbag.py:538} INFO - Filling up the DagBag from /opt/airflow/dags/document_preprocessing.py
[2025-10-16T13:24:06.333+0000] {logging_mixin.py:188} INFO - [2025-10-16T13:24:06.333+0000] {shared_utils.py:452} INFO - Инициализированы пути обработки: ['input_pdf', 'temp_dir', 'output_md', 'logs', 'work_dir']
[2025-10-16T13:24:06.333+0000] {logging_mixin.py:188} INFO - [2025-10-16T13:24:06.333+0000] {shared_utils.py:456} INFO - Настроены URL сервисов: ['document_processor', 'translator', 'quality_assurance', 'airflow']
[2025-10-16T13:24:06.338+0000] {processor.py:840} INFO - DAG(s) 'document_preprocessing' retrieved from /opt/airflow/dags/document_preprocessing.py
[2025-10-16T13:24:06.358+0000] {logging_mixin.py:188} INFO - [2025-10-16T13:24:06.358+0000] {dag.py:3036} INFO - Sync 1 DAGs
[2025-10-16T13:24:06.368+0000] {logging_mixin.py:188} INFO - [2025-10-16T13:24:06.368+0000] {dag.py:3823} INFO - Setting next_dagrun for document_preprocessing to None, run_after=None
[2025-10-16T13:24:06.380+0000] {processor.py:183} INFO - Processing /opt/airflow/dags/document_preprocessing.py took 0.062 seconds
[2025-10-16T13:24:36.613+0000] {processor.py:161} INFO - Started process (PID=328) to work on /opt/airflow/dags/document_preprocessing.py
[2025-10-16T13:24:36.614+0000] {processor.py:830} INFO - Processing file /opt/airflow/dags/document_preprocessing.py for tasks to queue
[2025-10-16T13:24:36.615+0000] {logging_mixin.py:188} INFO - [2025-10-16T13:24:36.615+0000] {dagbag.py:538} INFO - Filling up the DagBag from /opt/airflow/dags/document_preprocessing.py
[2025-10-16T13:24:36.625+0000] {logging_mixin.py:188} INFO - [2025-10-16T13:24:36.625+0000] {shared_utils.py:452} INFO - Инициализированы пути обработки: ['input_pdf', 'temp_dir', 'output_md', 'logs', 'work_dir']
[2025-10-16T13:24:36.625+0000] {logging_mixin.py:188} INFO - [2025-10-16T13:24:36.625+0000] {shared_utils.py:456} INFO - Настроены URL сервисов: ['document_processor', 'translator', 'quality_assurance', 'airflow']
[2025-10-16T13:24:36.630+0000] {processor.py:840} INFO - DAG(s) 'document_preprocessing' retrieved from /opt/airflow/dags/document_preprocessing.py
[2025-10-16T13:24:36.650+0000] {logging_mixin.py:188} INFO - [2025-10-16T13:24:36.649+0000] {dag.py:3036} INFO - Sync 1 DAGs
[2025-10-16T13:24:36.659+0000] {logging_mixin.py:188} INFO - [2025-10-16T13:24:36.659+0000] {dag.py:3823} INFO - Setting next_dagrun for document_preprocessing to None, run_after=None
[2025-10-16T13:24:36.671+0000] {processor.py:183} INFO - Processing /opt/airflow/dags/document_preprocessing.py took 0.060 seconds
[2025-10-16T13:25:06.921+0000] {processor.py:161} INFO - Started process (PID=341) to work on /opt/airflow/dags/document_preprocessing.py
[2025-10-16T13:25:06.921+0000] {processor.py:830} INFO - Processing file /opt/airflow/dags/document_preprocessing.py for tasks to queue
[2025-10-16T13:25:06.923+0000] {logging_mixin.py:188} INFO - [2025-10-16T13:25:06.923+0000] {dagbag.py:538} INFO - Filling up the DagBag from /opt/airflow/dags/document_preprocessing.py
[2025-10-16T13:25:06.933+0000] {logging_mixin.py:188} INFO - [2025-10-16T13:25:06.933+0000] {shared_utils.py:452} INFO - Инициализированы пути обработки: ['input_pdf', 'temp_dir', 'output_md', 'logs', 'work_dir']
[2025-10-16T13:25:06.933+0000] {logging_mixin.py:188} INFO - [2025-10-16T13:25:06.933+0000] {shared_utils.py:456} INFO - Настроены URL сервисов: ['document_processor', 'translator', 'quality_assurance', 'airflow']
[2025-10-16T13:25:06.938+0000] {processor.py:840} INFO - DAG(s) 'document_preprocessing' retrieved from /opt/airflow/dags/document_preprocessing.py
[2025-10-16T13:25:06.958+0000] {logging_mixin.py:188} INFO - [2025-10-16T13:25:06.957+0000] {dag.py:3036} INFO - Sync 1 DAGs
[2025-10-16T13:25:06.967+0000] {logging_mixin.py:188} INFO - [2025-10-16T13:25:06.967+0000] {dag.py:3823} INFO - Setting next_dagrun for document_preprocessing to None, run_after=None
[2025-10-16T13:25:06.979+0000] {processor.py:183} INFO - Processing /opt/airflow/dags/document_preprocessing.py took 0.060 seconds
[2025-10-16T13:25:37.341+0000] {processor.py:161} INFO - Started process (PID=354) to work on /opt/airflow/dags/document_preprocessing.py
[2025-10-16T13:25:37.342+0000] {processor.py:830} INFO - Processing file /opt/airflow/dags/document_preprocessing.py for tasks to queue
[2025-10-16T13:25:37.343+0000] {logging_mixin.py:188} INFO - [2025-10-16T13:25:37.343+0000] {dagbag.py:538} INFO - Filling up the DagBag from /opt/airflow/dags/document_preprocessing.py
[2025-10-16T13:25:37.354+0000] {logging_mixin.py:188} INFO - [2025-10-16T13:25:37.354+0000] {shared_utils.py:452} INFO - Инициализированы пути обработки: ['input_pdf', 'temp_dir', 'output_md', 'logs', 'work_dir']
[2025-10-16T13:25:37.354+0000] {logging_mixin.py:188} INFO - [2025-10-16T13:25:37.354+0000] {shared_utils.py:456} INFO - Настроены URL сервисов: ['document_processor', 'translator', 'quality_assurance', 'airflow']
[2025-10-16T13:25:37.359+0000] {processor.py:840} INFO - DAG(s) 'document_preprocessing' retrieved from /opt/airflow/dags/document_preprocessing.py
[2025-10-16T13:25:37.381+0000] {logging_mixin.py:188} INFO - [2025-10-16T13:25:37.380+0000] {dag.py:3036} INFO - Sync 1 DAGs
[2025-10-16T13:25:37.390+0000] {logging_mixin.py:188} INFO - [2025-10-16T13:25:37.390+0000] {dag.py:3823} INFO - Setting next_dagrun for document_preprocessing to None, run_after=None
[2025-10-16T13:25:37.402+0000] {processor.py:183} INFO - Processing /opt/airflow/dags/document_preprocessing.py took 0.064 seconds
[2025-10-16T13:26:07.659+0000] {processor.py:161} INFO - Started process (PID=367) to work on /opt/airflow/dags/document_preprocessing.py
[2025-10-16T13:26:07.660+0000] {processor.py:830} INFO - Processing file /opt/airflow/dags/document_preprocessing.py for tasks to queue
[2025-10-16T13:26:07.661+0000] {logging_mixin.py:188} INFO - [2025-10-16T13:26:07.661+0000] {dagbag.py:538} INFO - Filling up the DagBag from /opt/airflow/dags/document_preprocessing.py
[2025-10-16T13:26:07.672+0000] {logging_mixin.py:188} INFO - [2025-10-16T13:26:07.672+0000] {shared_utils.py:452} INFO - Инициализированы пути обработки: ['input_pdf', 'temp_dir', 'output_md', 'logs', 'work_dir']
[2025-10-16T13:26:07.672+0000] {logging_mixin.py:188} INFO - [2025-10-16T13:26:07.672+0000] {shared_utils.py:456} INFO - Настроены URL сервисов: ['document_processor', 'translator', 'quality_assurance', 'airflow']
[2025-10-16T13:26:07.677+0000] {processor.py:840} INFO - DAG(s) 'document_preprocessing' retrieved from /opt/airflow/dags/document_preprocessing.py
[2025-10-16T13:26:07.697+0000] {logging_mixin.py:188} INFO - [2025-10-16T13:26:07.697+0000] {dag.py:3036} INFO - Sync 1 DAGs
[2025-10-16T13:26:07.707+0000] {logging_mixin.py:188} INFO - [2025-10-16T13:26:07.707+0000] {dag.py:3823} INFO - Setting next_dagrun for document_preprocessing to None, run_after=None
[2025-10-16T13:26:07.838+0000] {processor.py:183} INFO - Processing /opt/airflow/dags/document_preprocessing.py took 0.181 seconds
[2025-10-16T13:26:38.097+0000] {processor.py:161} INFO - Started process (PID=380) to work on /opt/airflow/dags/document_preprocessing.py
[2025-10-16T13:26:38.098+0000] {processor.py:830} INFO - Processing file /opt/airflow/dags/document_preprocessing.py for tasks to queue
[2025-10-16T13:26:38.099+0000] {logging_mixin.py:188} INFO - [2025-10-16T13:26:38.099+0000] {dagbag.py:538} INFO - Filling up the DagBag from /opt/airflow/dags/document_preprocessing.py
[2025-10-16T13:26:38.110+0000] {logging_mixin.py:188} INFO - [2025-10-16T13:26:38.109+0000] {shared_utils.py:452} INFO - Инициализированы пути обработки: ['input_pdf', 'temp_dir', 'output_md', 'logs', 'work_dir']
[2025-10-16T13:26:38.110+0000] {logging_mixin.py:188} INFO - [2025-10-16T13:26:38.110+0000] {shared_utils.py:456} INFO - Настроены URL сервисов: ['document_processor', 'translator', 'quality_assurance', 'airflow']
[2025-10-16T13:26:38.115+0000] {processor.py:840} INFO - DAG(s) 'document_preprocessing' retrieved from /opt/airflow/dags/document_preprocessing.py
[2025-10-16T13:26:38.138+0000] {logging_mixin.py:188} INFO - [2025-10-16T13:26:38.138+0000] {dag.py:3036} INFO - Sync 1 DAGs
[2025-10-16T13:26:38.151+0000] {logging_mixin.py:188} INFO - [2025-10-16T13:26:38.151+0000] {dag.py:3823} INFO - Setting next_dagrun for document_preprocessing to None, run_after=None
[2025-10-16T13:26:38.164+0000] {processor.py:183} INFO - Processing /opt/airflow/dags/document_preprocessing.py took 0.070 seconds
[2025-10-16T13:27:08.404+0000] {processor.py:161} INFO - Started process (PID=393) to work on /opt/airflow/dags/document_preprocessing.py
[2025-10-16T13:27:08.405+0000] {processor.py:830} INFO - Processing file /opt/airflow/dags/document_preprocessing.py for tasks to queue
[2025-10-16T13:27:08.406+0000] {logging_mixin.py:188} INFO - [2025-10-16T13:27:08.406+0000] {dagbag.py:538} INFO - Filling up the DagBag from /opt/airflow/dags/document_preprocessing.py
[2025-10-16T13:27:08.417+0000] {logging_mixin.py:188} INFO - [2025-10-16T13:27:08.417+0000] {shared_utils.py:452} INFO - Инициализированы пути обработки: ['input_pdf', 'temp_dir', 'output_md', 'logs', 'work_dir']
[2025-10-16T13:27:08.417+0000] {logging_mixin.py:188} INFO - [2025-10-16T13:27:08.417+0000] {shared_utils.py:456} INFO - Настроены URL сервисов: ['document_processor', 'translator', 'quality_assurance', 'airflow']
[2025-10-16T13:27:08.422+0000] {processor.py:840} INFO - DAG(s) 'document_preprocessing' retrieved from /opt/airflow/dags/document_preprocessing.py
[2025-10-16T13:27:08.442+0000] {logging_mixin.py:188} INFO - [2025-10-16T13:27:08.442+0000] {dag.py:3036} INFO - Sync 1 DAGs
[2025-10-16T13:27:08.456+0000] {logging_mixin.py:188} INFO - [2025-10-16T13:27:08.456+0000] {dag.py:3823} INFO - Setting next_dagrun for document_preprocessing to None, run_after=None
[2025-10-16T13:27:08.472+0000] {processor.py:183} INFO - Processing /opt/airflow/dags/document_preprocessing.py took 0.070 seconds
