[2025-10-16T12:19:10.148+0000] {processor.py:161} INFO - Started process (PID=4643) to work on /opt/airflow/dags/orchestrator_dag.py
[2025-10-16T12:19:10.149+0000] {processor.py:830} INFO - Processing file /opt/airflow/dags/orchestrator_dag.py for tasks to queue
[2025-10-16T12:19:10.150+0000] {logging_mixin.py:188} INFO - [2025-10-16T12:19:10.150+0000] {dagbag.py:538} INFO - Filling up the DagBag from /opt/airflow/dags/orchestrator_dag.py
[2025-10-16T12:19:10.161+0000] {logging_mixin.py:188} INFO - [2025-10-16T12:19:10.161+0000] {shared_utils.py:452} INFO - Инициализированы пути обработки: ['input_pdf', 'temp_dir', 'output_md', 'logs', 'work_dir']
[2025-10-16T12:19:10.161+0000] {logging_mixin.py:188} INFO - [2025-10-16T12:19:10.161+0000] {shared_utils.py:456} INFO - Настроены URL сервисов: ['document_processor', 'translator', 'quality_assurance', 'airflow']
[2025-10-16T12:19:10.167+0000] {processor.py:840} INFO - DAG(s) 'orchestrator_dag' retrieved from /opt/airflow/dags/orchestrator_dag.py
[2025-10-16T12:19:10.193+0000] {logging_mixin.py:188} INFO - [2025-10-16T12:19:10.193+0000] {dag.py:3036} INFO - Sync 1 DAGs
[2025-10-16T12:19:10.202+0000] {logging_mixin.py:188} INFO - [2025-10-16T12:19:10.202+0000] {dag.py:3823} INFO - Setting next_dagrun for orchestrator_dag to None, run_after=None
[2025-10-16T12:19:10.214+0000] {processor.py:183} INFO - Processing /opt/airflow/dags/orchestrator_dag.py took 0.068 seconds
[2025-10-16T12:19:40.522+0000] {processor.py:161} INFO - Started process (PID=4656) to work on /opt/airflow/dags/orchestrator_dag.py
[2025-10-16T12:19:40.522+0000] {processor.py:830} INFO - Processing file /opt/airflow/dags/orchestrator_dag.py for tasks to queue
[2025-10-16T12:19:40.524+0000] {logging_mixin.py:188} INFO - [2025-10-16T12:19:40.523+0000] {dagbag.py:538} INFO - Filling up the DagBag from /opt/airflow/dags/orchestrator_dag.py
[2025-10-16T12:19:40.534+0000] {logging_mixin.py:188} INFO - [2025-10-16T12:19:40.534+0000] {shared_utils.py:452} INFO - Инициализированы пути обработки: ['input_pdf', 'temp_dir', 'output_md', 'logs', 'work_dir']
[2025-10-16T12:19:40.534+0000] {logging_mixin.py:188} INFO - [2025-10-16T12:19:40.534+0000] {shared_utils.py:456} INFO - Настроены URL сервисов: ['document_processor', 'translator', 'quality_assurance', 'airflow']
[2025-10-16T12:19:40.540+0000] {processor.py:840} INFO - DAG(s) 'orchestrator_dag' retrieved from /opt/airflow/dags/orchestrator_dag.py
[2025-10-16T12:19:40.566+0000] {logging_mixin.py:188} INFO - [2025-10-16T12:19:40.566+0000] {dag.py:3036} INFO - Sync 1 DAGs
[2025-10-16T12:19:40.577+0000] {logging_mixin.py:188} INFO - [2025-10-16T12:19:40.577+0000] {dag.py:3823} INFO - Setting next_dagrun for orchestrator_dag to None, run_after=None
[2025-10-16T12:19:40.588+0000] {processor.py:183} INFO - Processing /opt/airflow/dags/orchestrator_dag.py took 0.069 seconds
[2025-10-16T12:20:10.817+0000] {processor.py:161} INFO - Started process (PID=4669) to work on /opt/airflow/dags/orchestrator_dag.py
[2025-10-16T12:20:10.817+0000] {processor.py:830} INFO - Processing file /opt/airflow/dags/orchestrator_dag.py for tasks to queue
[2025-10-16T12:20:10.819+0000] {logging_mixin.py:188} INFO - [2025-10-16T12:20:10.818+0000] {dagbag.py:538} INFO - Filling up the DagBag from /opt/airflow/dags/orchestrator_dag.py
[2025-10-16T12:20:10.829+0000] {logging_mixin.py:188} INFO - [2025-10-16T12:20:10.829+0000] {shared_utils.py:452} INFO - Инициализированы пути обработки: ['input_pdf', 'temp_dir', 'output_md', 'logs', 'work_dir']
[2025-10-16T12:20:10.829+0000] {logging_mixin.py:188} INFO - [2025-10-16T12:20:10.829+0000] {shared_utils.py:456} INFO - Настроены URL сервисов: ['document_processor', 'translator', 'quality_assurance', 'airflow']
[2025-10-16T12:20:10.835+0000] {processor.py:840} INFO - DAG(s) 'orchestrator_dag' retrieved from /opt/airflow/dags/orchestrator_dag.py
[2025-10-16T12:20:10.861+0000] {logging_mixin.py:188} INFO - [2025-10-16T12:20:10.861+0000] {dag.py:3036} INFO - Sync 1 DAGs
[2025-10-16T12:20:10.871+0000] {logging_mixin.py:188} INFO - [2025-10-16T12:20:10.871+0000] {dag.py:3823} INFO - Setting next_dagrun for orchestrator_dag to None, run_after=None
[2025-10-16T12:20:10.882+0000] {processor.py:183} INFO - Processing /opt/airflow/dags/orchestrator_dag.py took 0.068 seconds
[2025-10-16T12:20:41.104+0000] {processor.py:161} INFO - Started process (PID=4682) to work on /opt/airflow/dags/orchestrator_dag.py
[2025-10-16T12:20:41.105+0000] {processor.py:830} INFO - Processing file /opt/airflow/dags/orchestrator_dag.py for tasks to queue
[2025-10-16T12:20:41.106+0000] {logging_mixin.py:188} INFO - [2025-10-16T12:20:41.106+0000] {dagbag.py:538} INFO - Filling up the DagBag from /opt/airflow/dags/orchestrator_dag.py
[2025-10-16T12:20:41.117+0000] {logging_mixin.py:188} INFO - [2025-10-16T12:20:41.117+0000] {shared_utils.py:452} INFO - Инициализированы пути обработки: ['input_pdf', 'temp_dir', 'output_md', 'logs', 'work_dir']
[2025-10-16T12:20:41.117+0000] {logging_mixin.py:188} INFO - [2025-10-16T12:20:41.117+0000] {shared_utils.py:456} INFO - Настроены URL сервисов: ['document_processor', 'translator', 'quality_assurance', 'airflow']
[2025-10-16T12:20:41.123+0000] {processor.py:840} INFO - DAG(s) 'orchestrator_dag' retrieved from /opt/airflow/dags/orchestrator_dag.py
[2025-10-16T12:20:41.148+0000] {logging_mixin.py:188} INFO - [2025-10-16T12:20:41.148+0000] {dag.py:3036} INFO - Sync 1 DAGs
[2025-10-16T12:20:41.159+0000] {logging_mixin.py:188} INFO - [2025-10-16T12:20:41.158+0000] {dag.py:3823} INFO - Setting next_dagrun for orchestrator_dag to None, run_after=None
[2025-10-16T12:20:41.264+0000] {processor.py:183} INFO - Processing /opt/airflow/dags/orchestrator_dag.py took 0.162 seconds
[2025-10-16T12:21:11.508+0000] {processor.py:161} INFO - Started process (PID=4695) to work on /opt/airflow/dags/orchestrator_dag.py
[2025-10-16T12:21:11.509+0000] {processor.py:830} INFO - Processing file /opt/airflow/dags/orchestrator_dag.py for tasks to queue
[2025-10-16T12:21:11.510+0000] {logging_mixin.py:188} INFO - [2025-10-16T12:21:11.510+0000] {dagbag.py:538} INFO - Filling up the DagBag from /opt/airflow/dags/orchestrator_dag.py
[2025-10-16T12:21:11.520+0000] {logging_mixin.py:188} INFO - [2025-10-16T12:21:11.520+0000] {shared_utils.py:452} INFO - Инициализированы пути обработки: ['input_pdf', 'temp_dir', 'output_md', 'logs', 'work_dir']
[2025-10-16T12:21:11.521+0000] {logging_mixin.py:188} INFO - [2025-10-16T12:21:11.521+0000] {shared_utils.py:456} INFO - Настроены URL сервисов: ['document_processor', 'translator', 'quality_assurance', 'airflow']
[2025-10-16T12:21:11.527+0000] {processor.py:840} INFO - DAG(s) 'orchestrator_dag' retrieved from /opt/airflow/dags/orchestrator_dag.py
[2025-10-16T12:21:11.552+0000] {logging_mixin.py:188} INFO - [2025-10-16T12:21:11.552+0000] {dag.py:3036} INFO - Sync 1 DAGs
[2025-10-16T12:21:11.562+0000] {logging_mixin.py:188} INFO - [2025-10-16T12:21:11.562+0000] {dag.py:3823} INFO - Setting next_dagrun for orchestrator_dag to None, run_after=None
[2025-10-16T12:21:11.573+0000] {processor.py:183} INFO - Processing /opt/airflow/dags/orchestrator_dag.py took 0.068 seconds
[2025-10-16T12:21:41.808+0000] {processor.py:161} INFO - Started process (PID=4708) to work on /opt/airflow/dags/orchestrator_dag.py
[2025-10-16T12:21:41.809+0000] {processor.py:830} INFO - Processing file /opt/airflow/dags/orchestrator_dag.py for tasks to queue
[2025-10-16T12:21:41.811+0000] {logging_mixin.py:188} INFO - [2025-10-16T12:21:41.810+0000] {dagbag.py:538} INFO - Filling up the DagBag from /opt/airflow/dags/orchestrator_dag.py
[2025-10-16T12:21:41.823+0000] {logging_mixin.py:188} INFO - [2025-10-16T12:21:41.823+0000] {shared_utils.py:452} INFO - Инициализированы пути обработки: ['input_pdf', 'temp_dir', 'output_md', 'logs', 'work_dir']
[2025-10-16T12:21:41.823+0000] {logging_mixin.py:188} INFO - [2025-10-16T12:21:41.823+0000] {shared_utils.py:456} INFO - Настроены URL сервисов: ['document_processor', 'translator', 'quality_assurance', 'airflow']
[2025-10-16T12:21:41.830+0000] {processor.py:840} INFO - DAG(s) 'orchestrator_dag' retrieved from /opt/airflow/dags/orchestrator_dag.py
[2025-10-16T12:21:41.857+0000] {logging_mixin.py:188} INFO - [2025-10-16T12:21:41.857+0000] {dag.py:3036} INFO - Sync 1 DAGs
[2025-10-16T12:21:41.867+0000] {logging_mixin.py:188} INFO - [2025-10-16T12:21:41.867+0000] {dag.py:3823} INFO - Setting next_dagrun for orchestrator_dag to None, run_after=None
[2025-10-16T12:21:41.879+0000] {processor.py:183} INFO - Processing /opt/airflow/dags/orchestrator_dag.py took 0.073 seconds
[2025-10-16T12:21:49.173+0000] {processor.py:161} INFO - Started process (PID=4714) to work on /opt/airflow/dags/orchestrator_dag.py
[2025-10-16T12:21:49.174+0000] {processor.py:830} INFO - Processing file /opt/airflow/dags/orchestrator_dag.py for tasks to queue
[2025-10-16T12:21:49.175+0000] {logging_mixin.py:188} INFO - [2025-10-16T12:21:49.175+0000] {dagbag.py:538} INFO - Filling up the DagBag from /opt/airflow/dags/orchestrator_dag.py
[2025-10-16T12:21:49.187+0000] {logging_mixin.py:188} INFO - [2025-10-16T12:21:49.186+0000] {shared_utils.py:452} INFO - Инициализированы пути обработки: ['input_pdf', 'temp_dir', 'output_md', 'logs', 'work_dir']
[2025-10-16T12:21:49.187+0000] {logging_mixin.py:188} INFO - [2025-10-16T12:21:49.187+0000] {shared_utils.py:456} INFO - Настроены URL сервисов: ['document_processor', 'translator', 'quality_assurance', 'airflow']
[2025-10-16T12:21:49.193+0000] {processor.py:840} INFO - DAG(s) 'orchestrator_dag' retrieved from /opt/airflow/dags/orchestrator_dag.py
[2025-10-16T12:21:49.220+0000] {logging_mixin.py:188} INFO - [2025-10-16T12:21:49.220+0000] {dag.py:3036} INFO - Sync 1 DAGs
[2025-10-16T12:21:49.230+0000] {logging_mixin.py:188} INFO - [2025-10-16T12:21:49.230+0000] {dag.py:3823} INFO - Setting next_dagrun for orchestrator_dag to None, run_after=None
[2025-10-16T12:21:49.243+0000] {processor.py:183} INFO - Processing /opt/airflow/dags/orchestrator_dag.py took 0.072 seconds
[2025-10-16T13:16:00.006+0000] {processor.py:161} INFO - Started process (PID=102) to work on /opt/airflow/dags/orchestrator_dag.py
[2025-10-16T13:16:00.007+0000] {processor.py:830} INFO - Processing file /opt/airflow/dags/orchestrator_dag.py for tasks to queue
[2025-10-16T13:16:00.008+0000] {logging_mixin.py:188} INFO - [2025-10-16T13:16:00.008+0000] {dagbag.py:538} INFO - Filling up the DagBag from /opt/airflow/dags/orchestrator_dag.py
[2025-10-16T13:16:00.019+0000] {logging_mixin.py:188} INFO - [2025-10-16T13:16:00.019+0000] {shared_utils.py:452} INFO - Инициализированы пути обработки: ['input_pdf', 'temp_dir', 'output_md', 'logs', 'work_dir']
[2025-10-16T13:16:00.019+0000] {logging_mixin.py:188} INFO - [2025-10-16T13:16:00.019+0000] {shared_utils.py:456} INFO - Настроены URL сервисов: ['document_processor', 'translator', 'quality_assurance', 'airflow']
[2025-10-16T13:16:00.026+0000] {processor.py:840} INFO - DAG(s) 'orchestrator_dag' retrieved from /opt/airflow/dags/orchestrator_dag.py
[2025-10-16T13:16:00.039+0000] {logging_mixin.py:188} INFO - [2025-10-16T13:16:00.039+0000] {dag.py:3036} INFO - Sync 1 DAGs
[2025-10-16T13:16:00.052+0000] {logging_mixin.py:188} INFO - [2025-10-16T13:16:00.052+0000] {dag.py:3823} INFO - Setting next_dagrun for orchestrator_dag to None, run_after=None
[2025-10-16T13:16:00.067+0000] {processor.py:183} INFO - Processing /opt/airflow/dags/orchestrator_dag.py took 0.064 seconds
[2025-10-16T13:16:30.271+0000] {processor.py:161} INFO - Started process (PID=114) to work on /opt/airflow/dags/orchestrator_dag.py
[2025-10-16T13:16:30.272+0000] {processor.py:830} INFO - Processing file /opt/airflow/dags/orchestrator_dag.py for tasks to queue
[2025-10-16T13:16:30.274+0000] {logging_mixin.py:188} INFO - [2025-10-16T13:16:30.273+0000] {dagbag.py:538} INFO - Filling up the DagBag from /opt/airflow/dags/orchestrator_dag.py
[2025-10-16T13:16:30.285+0000] {logging_mixin.py:188} INFO - [2025-10-16T13:16:30.285+0000] {shared_utils.py:452} INFO - Инициализированы пути обработки: ['input_pdf', 'temp_dir', 'output_md', 'logs', 'work_dir']
[2025-10-16T13:16:30.285+0000] {logging_mixin.py:188} INFO - [2025-10-16T13:16:30.285+0000] {shared_utils.py:456} INFO - Настроены URL сервисов: ['document_processor', 'translator', 'quality_assurance', 'airflow']
[2025-10-16T13:16:30.292+0000] {processor.py:840} INFO - DAG(s) 'orchestrator_dag' retrieved from /opt/airflow/dags/orchestrator_dag.py
[2025-10-16T13:16:30.507+0000] {logging_mixin.py:188} INFO - [2025-10-16T13:16:30.507+0000] {dag.py:3036} INFO - Sync 1 DAGs
[2025-10-16T13:16:30.515+0000] {logging_mixin.py:188} INFO - [2025-10-16T13:16:30.515+0000] {dag.py:3823} INFO - Setting next_dagrun for orchestrator_dag to None, run_after=None
[2025-10-16T13:16:30.529+0000] {processor.py:183} INFO - Processing /opt/airflow/dags/orchestrator_dag.py took 0.260 seconds
[2025-10-16T13:17:00.949+0000] {processor.py:161} INFO - Started process (PID=127) to work on /opt/airflow/dags/orchestrator_dag.py
[2025-10-16T13:17:00.950+0000] {processor.py:830} INFO - Processing file /opt/airflow/dags/orchestrator_dag.py for tasks to queue
[2025-10-16T13:17:00.951+0000] {logging_mixin.py:188} INFO - [2025-10-16T13:17:00.951+0000] {dagbag.py:538} INFO - Filling up the DagBag from /opt/airflow/dags/orchestrator_dag.py
[2025-10-16T13:17:00.963+0000] {logging_mixin.py:188} INFO - [2025-10-16T13:17:00.963+0000] {shared_utils.py:452} INFO - Инициализированы пути обработки: ['input_pdf', 'temp_dir', 'output_md', 'logs', 'work_dir']
[2025-10-16T13:17:00.963+0000] {logging_mixin.py:188} INFO - [2025-10-16T13:17:00.963+0000] {shared_utils.py:456} INFO - Настроены URL сервисов: ['document_processor', 'translator', 'quality_assurance', 'airflow']
[2025-10-16T13:17:00.969+0000] {processor.py:840} INFO - DAG(s) 'orchestrator_dag' retrieved from /opt/airflow/dags/orchestrator_dag.py
[2025-10-16T13:17:00.995+0000] {logging_mixin.py:188} INFO - [2025-10-16T13:17:00.995+0000] {dag.py:3036} INFO - Sync 1 DAGs
[2025-10-16T13:17:01.005+0000] {logging_mixin.py:188} INFO - [2025-10-16T13:17:01.005+0000] {dag.py:3823} INFO - Setting next_dagrun for orchestrator_dag to None, run_after=None
[2025-10-16T13:17:01.017+0000] {processor.py:183} INFO - Processing /opt/airflow/dags/orchestrator_dag.py took 0.070 seconds
[2025-10-16T13:17:31.272+0000] {processor.py:161} INFO - Started process (PID=140) to work on /opt/airflow/dags/orchestrator_dag.py
[2025-10-16T13:17:31.273+0000] {processor.py:830} INFO - Processing file /opt/airflow/dags/orchestrator_dag.py for tasks to queue
[2025-10-16T13:17:31.274+0000] {logging_mixin.py:188} INFO - [2025-10-16T13:17:31.274+0000] {dagbag.py:538} INFO - Filling up the DagBag from /opt/airflow/dags/orchestrator_dag.py
[2025-10-16T13:17:31.285+0000] {logging_mixin.py:188} INFO - [2025-10-16T13:17:31.285+0000] {shared_utils.py:452} INFO - Инициализированы пути обработки: ['input_pdf', 'temp_dir', 'output_md', 'logs', 'work_dir']
[2025-10-16T13:17:31.286+0000] {logging_mixin.py:188} INFO - [2025-10-16T13:17:31.286+0000] {shared_utils.py:456} INFO - Настроены URL сервисов: ['document_processor', 'translator', 'quality_assurance', 'airflow']
[2025-10-16T13:17:31.292+0000] {processor.py:840} INFO - DAG(s) 'orchestrator_dag' retrieved from /opt/airflow/dags/orchestrator_dag.py
[2025-10-16T13:17:31.317+0000] {logging_mixin.py:188} INFO - [2025-10-16T13:17:31.317+0000] {dag.py:3036} INFO - Sync 1 DAGs
[2025-10-16T13:17:31.327+0000] {logging_mixin.py:188} INFO - [2025-10-16T13:17:31.327+0000] {dag.py:3823} INFO - Setting next_dagrun for orchestrator_dag to None, run_after=None
[2025-10-16T13:17:31.339+0000] {processor.py:183} INFO - Processing /opt/airflow/dags/orchestrator_dag.py took 0.069 seconds
[2025-10-16T13:18:01.716+0000] {processor.py:161} INFO - Started process (PID=153) to work on /opt/airflow/dags/orchestrator_dag.py
[2025-10-16T13:18:01.716+0000] {processor.py:830} INFO - Processing file /opt/airflow/dags/orchestrator_dag.py for tasks to queue
[2025-10-16T13:18:01.718+0000] {logging_mixin.py:188} INFO - [2025-10-16T13:18:01.717+0000] {dagbag.py:538} INFO - Filling up the DagBag from /opt/airflow/dags/orchestrator_dag.py
[2025-10-16T13:18:01.729+0000] {logging_mixin.py:188} INFO - [2025-10-16T13:18:01.729+0000] {shared_utils.py:452} INFO - Инициализированы пути обработки: ['input_pdf', 'temp_dir', 'output_md', 'logs', 'work_dir']
[2025-10-16T13:18:01.729+0000] {logging_mixin.py:188} INFO - [2025-10-16T13:18:01.729+0000] {shared_utils.py:456} INFO - Настроены URL сервисов: ['document_processor', 'translator', 'quality_assurance', 'airflow']
[2025-10-16T13:18:01.735+0000] {processor.py:840} INFO - DAG(s) 'orchestrator_dag' retrieved from /opt/airflow/dags/orchestrator_dag.py
[2025-10-16T13:18:01.761+0000] {logging_mixin.py:188} INFO - [2025-10-16T13:18:01.761+0000] {dag.py:3036} INFO - Sync 1 DAGs
[2025-10-16T13:18:01.771+0000] {logging_mixin.py:188} INFO - [2025-10-16T13:18:01.770+0000] {dag.py:3823} INFO - Setting next_dagrun for orchestrator_dag to None, run_after=None
[2025-10-16T13:18:01.782+0000] {processor.py:183} INFO - Processing /opt/airflow/dags/orchestrator_dag.py took 0.069 seconds
[2025-10-16T13:18:32.049+0000] {processor.py:161} INFO - Started process (PID=166) to work on /opt/airflow/dags/orchestrator_dag.py
[2025-10-16T13:18:32.050+0000] {processor.py:830} INFO - Processing file /opt/airflow/dags/orchestrator_dag.py for tasks to queue
[2025-10-16T13:18:32.051+0000] {logging_mixin.py:188} INFO - [2025-10-16T13:18:32.051+0000] {dagbag.py:538} INFO - Filling up the DagBag from /opt/airflow/dags/orchestrator_dag.py
[2025-10-16T13:18:32.063+0000] {logging_mixin.py:188} INFO - [2025-10-16T13:18:32.063+0000] {shared_utils.py:452} INFO - Инициализированы пути обработки: ['input_pdf', 'temp_dir', 'output_md', 'logs', 'work_dir']
[2025-10-16T13:18:32.063+0000] {logging_mixin.py:188} INFO - [2025-10-16T13:18:32.063+0000] {shared_utils.py:456} INFO - Настроены URL сервисов: ['document_processor', 'translator', 'quality_assurance', 'airflow']
[2025-10-16T13:18:32.069+0000] {processor.py:840} INFO - DAG(s) 'orchestrator_dag' retrieved from /opt/airflow/dags/orchestrator_dag.py
[2025-10-16T13:18:32.095+0000] {logging_mixin.py:188} INFO - [2025-10-16T13:18:32.095+0000] {dag.py:3036} INFO - Sync 1 DAGs
[2025-10-16T13:18:32.105+0000] {logging_mixin.py:188} INFO - [2025-10-16T13:18:32.105+0000] {dag.py:3823} INFO - Setting next_dagrun for orchestrator_dag to None, run_after=None
[2025-10-16T13:18:32.117+0000] {processor.py:183} INFO - Processing /opt/airflow/dags/orchestrator_dag.py took 0.070 seconds
[2025-10-16T13:19:02.422+0000] {processor.py:161} INFO - Started process (PID=179) to work on /opt/airflow/dags/orchestrator_dag.py
[2025-10-16T13:19:02.422+0000] {processor.py:830} INFO - Processing file /opt/airflow/dags/orchestrator_dag.py for tasks to queue
[2025-10-16T13:19:02.424+0000] {logging_mixin.py:188} INFO - [2025-10-16T13:19:02.424+0000] {dagbag.py:538} INFO - Filling up the DagBag from /opt/airflow/dags/orchestrator_dag.py
[2025-10-16T13:19:02.435+0000] {logging_mixin.py:188} INFO - [2025-10-16T13:19:02.435+0000] {shared_utils.py:452} INFO - Инициализированы пути обработки: ['input_pdf', 'temp_dir', 'output_md', 'logs', 'work_dir']
[2025-10-16T13:19:02.435+0000] {logging_mixin.py:188} INFO - [2025-10-16T13:19:02.435+0000] {shared_utils.py:456} INFO - Настроены URL сервисов: ['document_processor', 'translator', 'quality_assurance', 'airflow']
[2025-10-16T13:19:02.441+0000] {processor.py:840} INFO - DAG(s) 'orchestrator_dag' retrieved from /opt/airflow/dags/orchestrator_dag.py
[2025-10-16T13:19:02.466+0000] {logging_mixin.py:188} INFO - [2025-10-16T13:19:02.466+0000] {dag.py:3036} INFO - Sync 1 DAGs
[2025-10-16T13:19:02.476+0000] {logging_mixin.py:188} INFO - [2025-10-16T13:19:02.476+0000] {dag.py:3823} INFO - Setting next_dagrun for orchestrator_dag to None, run_after=None
[2025-10-16T13:19:02.488+0000] {processor.py:183} INFO - Processing /opt/airflow/dags/orchestrator_dag.py took 0.068 seconds
[2025-10-16T13:19:32.751+0000] {processor.py:161} INFO - Started process (PID=192) to work on /opt/airflow/dags/orchestrator_dag.py
[2025-10-16T13:19:32.752+0000] {processor.py:830} INFO - Processing file /opt/airflow/dags/orchestrator_dag.py for tasks to queue
[2025-10-16T13:19:32.753+0000] {logging_mixin.py:188} INFO - [2025-10-16T13:19:32.753+0000] {dagbag.py:538} INFO - Filling up the DagBag from /opt/airflow/dags/orchestrator_dag.py
[2025-10-16T13:19:32.764+0000] {logging_mixin.py:188} INFO - [2025-10-16T13:19:32.764+0000] {shared_utils.py:452} INFO - Инициализированы пути обработки: ['input_pdf', 'temp_dir', 'output_md', 'logs', 'work_dir']
[2025-10-16T13:19:32.765+0000] {logging_mixin.py:188} INFO - [2025-10-16T13:19:32.764+0000] {shared_utils.py:456} INFO - Настроены URL сервисов: ['document_processor', 'translator', 'quality_assurance', 'airflow']
[2025-10-16T13:19:32.771+0000] {processor.py:840} INFO - DAG(s) 'orchestrator_dag' retrieved from /opt/airflow/dags/orchestrator_dag.py
[2025-10-16T13:19:32.798+0000] {logging_mixin.py:188} INFO - [2025-10-16T13:19:32.798+0000] {dag.py:3036} INFO - Sync 1 DAGs
[2025-10-16T13:19:32.808+0000] {logging_mixin.py:188} INFO - [2025-10-16T13:19:32.808+0000] {dag.py:3823} INFO - Setting next_dagrun for orchestrator_dag to None, run_after=None
[2025-10-16T13:19:32.820+0000] {processor.py:183} INFO - Processing /opt/airflow/dags/orchestrator_dag.py took 0.071 seconds
[2025-10-16T13:20:03.124+0000] {processor.py:161} INFO - Started process (PID=205) to work on /opt/airflow/dags/orchestrator_dag.py
[2025-10-16T13:20:03.125+0000] {processor.py:830} INFO - Processing file /opt/airflow/dags/orchestrator_dag.py for tasks to queue
[2025-10-16T13:20:03.126+0000] {logging_mixin.py:188} INFO - [2025-10-16T13:20:03.126+0000] {dagbag.py:538} INFO - Filling up the DagBag from /opt/airflow/dags/orchestrator_dag.py
[2025-10-16T13:20:03.138+0000] {logging_mixin.py:188} INFO - [2025-10-16T13:20:03.137+0000] {shared_utils.py:452} INFO - Инициализированы пути обработки: ['input_pdf', 'temp_dir', 'output_md', 'logs', 'work_dir']
[2025-10-16T13:20:03.138+0000] {logging_mixin.py:188} INFO - [2025-10-16T13:20:03.138+0000] {shared_utils.py:456} INFO - Настроены URL сервисов: ['document_processor', 'translator', 'quality_assurance', 'airflow']
[2025-10-16T13:20:03.144+0000] {processor.py:840} INFO - DAG(s) 'orchestrator_dag' retrieved from /opt/airflow/dags/orchestrator_dag.py
[2025-10-16T13:20:03.170+0000] {logging_mixin.py:188} INFO - [2025-10-16T13:20:03.170+0000] {dag.py:3036} INFO - Sync 1 DAGs
[2025-10-16T13:20:03.180+0000] {logging_mixin.py:188} INFO - [2025-10-16T13:20:03.180+0000] {dag.py:3823} INFO - Setting next_dagrun for orchestrator_dag to None, run_after=None
[2025-10-16T13:20:03.192+0000] {processor.py:183} INFO - Processing /opt/airflow/dags/orchestrator_dag.py took 0.070 seconds
[2025-10-16T13:20:33.465+0000] {processor.py:161} INFO - Started process (PID=218) to work on /opt/airflow/dags/orchestrator_dag.py
[2025-10-16T13:20:33.466+0000] {processor.py:830} INFO - Processing file /opt/airflow/dags/orchestrator_dag.py for tasks to queue
[2025-10-16T13:20:33.468+0000] {logging_mixin.py:188} INFO - [2025-10-16T13:20:33.467+0000] {dagbag.py:538} INFO - Filling up the DagBag from /opt/airflow/dags/orchestrator_dag.py
[2025-10-16T13:20:33.479+0000] {logging_mixin.py:188} INFO - [2025-10-16T13:20:33.479+0000] {shared_utils.py:452} INFO - Инициализированы пути обработки: ['input_pdf', 'temp_dir', 'output_md', 'logs', 'work_dir']
[2025-10-16T13:20:33.479+0000] {logging_mixin.py:188} INFO - [2025-10-16T13:20:33.479+0000] {shared_utils.py:456} INFO - Настроены URL сервисов: ['document_processor', 'translator', 'quality_assurance', 'airflow']
[2025-10-16T13:20:33.486+0000] {processor.py:840} INFO - DAG(s) 'orchestrator_dag' retrieved from /opt/airflow/dags/orchestrator_dag.py
[2025-10-16T13:20:33.513+0000] {logging_mixin.py:188} INFO - [2025-10-16T13:20:33.513+0000] {dag.py:3036} INFO - Sync 1 DAGs
[2025-10-16T13:20:33.523+0000] {logging_mixin.py:188} INFO - [2025-10-16T13:20:33.523+0000] {dag.py:3823} INFO - Setting next_dagrun for orchestrator_dag to None, run_after=None
[2025-10-16T13:20:33.535+0000] {processor.py:183} INFO - Processing /opt/airflow/dags/orchestrator_dag.py took 0.072 seconds
[2025-10-16T13:21:03.862+0000] {processor.py:161} INFO - Started process (PID=231) to work on /opt/airflow/dags/orchestrator_dag.py
[2025-10-16T13:21:03.863+0000] {processor.py:830} INFO - Processing file /opt/airflow/dags/orchestrator_dag.py for tasks to queue
[2025-10-16T13:21:03.864+0000] {logging_mixin.py:188} INFO - [2025-10-16T13:21:03.864+0000] {dagbag.py:538} INFO - Filling up the DagBag from /opt/airflow/dags/orchestrator_dag.py
[2025-10-16T13:21:03.875+0000] {logging_mixin.py:188} INFO - [2025-10-16T13:21:03.875+0000] {shared_utils.py:452} INFO - Инициализированы пути обработки: ['input_pdf', 'temp_dir', 'output_md', 'logs', 'work_dir']
[2025-10-16T13:21:03.875+0000] {logging_mixin.py:188} INFO - [2025-10-16T13:21:03.875+0000] {shared_utils.py:456} INFO - Настроены URL сервисов: ['document_processor', 'translator', 'quality_assurance', 'airflow']
[2025-10-16T13:21:03.881+0000] {processor.py:840} INFO - DAG(s) 'orchestrator_dag' retrieved from /opt/airflow/dags/orchestrator_dag.py
[2025-10-16T13:21:03.907+0000] {logging_mixin.py:188} INFO - [2025-10-16T13:21:03.907+0000] {dag.py:3036} INFO - Sync 1 DAGs
[2025-10-16T13:21:03.917+0000] {logging_mixin.py:188} INFO - [2025-10-16T13:21:03.917+0000] {dag.py:3823} INFO - Setting next_dagrun for orchestrator_dag to None, run_after=None
[2025-10-16T13:21:03.929+0000] {processor.py:183} INFO - Processing /opt/airflow/dags/orchestrator_dag.py took 0.069 seconds
[2025-10-16T13:21:34.177+0000] {processor.py:161} INFO - Started process (PID=244) to work on /opt/airflow/dags/orchestrator_dag.py
[2025-10-16T13:21:34.178+0000] {processor.py:830} INFO - Processing file /opt/airflow/dags/orchestrator_dag.py for tasks to queue
[2025-10-16T13:21:34.179+0000] {logging_mixin.py:188} INFO - [2025-10-16T13:21:34.179+0000] {dagbag.py:538} INFO - Filling up the DagBag from /opt/airflow/dags/orchestrator_dag.py
[2025-10-16T13:21:34.190+0000] {logging_mixin.py:188} INFO - [2025-10-16T13:21:34.190+0000] {shared_utils.py:452} INFO - Инициализированы пути обработки: ['input_pdf', 'temp_dir', 'output_md', 'logs', 'work_dir']
[2025-10-16T13:21:34.191+0000] {logging_mixin.py:188} INFO - [2025-10-16T13:21:34.191+0000] {shared_utils.py:456} INFO - Настроены URL сервисов: ['document_processor', 'translator', 'quality_assurance', 'airflow']
[2025-10-16T13:21:34.197+0000] {processor.py:840} INFO - DAG(s) 'orchestrator_dag' retrieved from /opt/airflow/dags/orchestrator_dag.py
[2025-10-16T13:21:34.223+0000] {logging_mixin.py:188} INFO - [2025-10-16T13:21:34.222+0000] {dag.py:3036} INFO - Sync 1 DAGs
[2025-10-16T13:21:34.232+0000] {logging_mixin.py:188} INFO - [2025-10-16T13:21:34.232+0000] {dag.py:3823} INFO - Setting next_dagrun for orchestrator_dag to None, run_after=None
[2025-10-16T13:21:34.244+0000] {processor.py:183} INFO - Processing /opt/airflow/dags/orchestrator_dag.py took 0.069 seconds
[2025-10-16T13:22:04.490+0000] {processor.py:161} INFO - Started process (PID=257) to work on /opt/airflow/dags/orchestrator_dag.py
[2025-10-16T13:22:04.491+0000] {processor.py:830} INFO - Processing file /opt/airflow/dags/orchestrator_dag.py for tasks to queue
[2025-10-16T13:22:04.492+0000] {logging_mixin.py:188} INFO - [2025-10-16T13:22:04.492+0000] {dagbag.py:538} INFO - Filling up the DagBag from /opt/airflow/dags/orchestrator_dag.py
[2025-10-16T13:22:04.503+0000] {logging_mixin.py:188} INFO - [2025-10-16T13:22:04.503+0000] {shared_utils.py:452} INFO - Инициализированы пути обработки: ['input_pdf', 'temp_dir', 'output_md', 'logs', 'work_dir']
[2025-10-16T13:22:04.504+0000] {logging_mixin.py:188} INFO - [2025-10-16T13:22:04.503+0000] {shared_utils.py:456} INFO - Настроены URL сервисов: ['document_processor', 'translator', 'quality_assurance', 'airflow']
[2025-10-16T13:22:04.510+0000] {processor.py:840} INFO - DAG(s) 'orchestrator_dag' retrieved from /opt/airflow/dags/orchestrator_dag.py
[2025-10-16T13:22:04.536+0000] {logging_mixin.py:188} INFO - [2025-10-16T13:22:04.536+0000] {dag.py:3036} INFO - Sync 1 DAGs
[2025-10-16T13:22:04.649+0000] {logging_mixin.py:188} INFO - [2025-10-16T13:22:04.649+0000] {dag.py:3823} INFO - Setting next_dagrun for orchestrator_dag to None, run_after=None
[2025-10-16T13:22:04.661+0000] {processor.py:183} INFO - Processing /opt/airflow/dags/orchestrator_dag.py took 0.173 seconds
[2025-10-16T13:22:35.036+0000] {processor.py:161} INFO - Started process (PID=275) to work on /opt/airflow/dags/orchestrator_dag.py
[2025-10-16T13:22:35.037+0000] {processor.py:830} INFO - Processing file /opt/airflow/dags/orchestrator_dag.py for tasks to queue
[2025-10-16T13:22:35.038+0000] {logging_mixin.py:188} INFO - [2025-10-16T13:22:35.038+0000] {dagbag.py:538} INFO - Filling up the DagBag from /opt/airflow/dags/orchestrator_dag.py
[2025-10-16T13:22:35.049+0000] {logging_mixin.py:188} INFO - [2025-10-16T13:22:35.049+0000] {shared_utils.py:452} INFO - Инициализированы пути обработки: ['input_pdf', 'temp_dir', 'output_md', 'logs', 'work_dir']
[2025-10-16T13:22:35.049+0000] {logging_mixin.py:188} INFO - [2025-10-16T13:22:35.049+0000] {shared_utils.py:456} INFO - Настроены URL сервисов: ['document_processor', 'translator', 'quality_assurance', 'airflow']
[2025-10-16T13:22:35.055+0000] {processor.py:840} INFO - DAG(s) 'orchestrator_dag' retrieved from /opt/airflow/dags/orchestrator_dag.py
[2025-10-16T13:22:35.082+0000] {logging_mixin.py:188} INFO - [2025-10-16T13:22:35.082+0000] {dag.py:3036} INFO - Sync 1 DAGs
[2025-10-16T13:22:35.092+0000] {logging_mixin.py:188} INFO - [2025-10-16T13:22:35.091+0000] {dag.py:3823} INFO - Setting next_dagrun for orchestrator_dag to None, run_after=None
[2025-10-16T13:22:35.104+0000] {processor.py:183} INFO - Processing /opt/airflow/dags/orchestrator_dag.py took 0.070 seconds
[2025-10-16T13:23:05.497+0000] {processor.py:161} INFO - Started process (PID=288) to work on /opt/airflow/dags/orchestrator_dag.py
[2025-10-16T13:23:05.497+0000] {processor.py:830} INFO - Processing file /opt/airflow/dags/orchestrator_dag.py for tasks to queue
[2025-10-16T13:23:05.499+0000] {logging_mixin.py:188} INFO - [2025-10-16T13:23:05.499+0000] {dagbag.py:538} INFO - Filling up the DagBag from /opt/airflow/dags/orchestrator_dag.py
[2025-10-16T13:23:05.511+0000] {logging_mixin.py:188} INFO - [2025-10-16T13:23:05.510+0000] {shared_utils.py:452} INFO - Инициализированы пути обработки: ['input_pdf', 'temp_dir', 'output_md', 'logs', 'work_dir']
[2025-10-16T13:23:05.511+0000] {logging_mixin.py:188} INFO - [2025-10-16T13:23:05.511+0000] {shared_utils.py:456} INFO - Настроены URL сервисов: ['document_processor', 'translator', 'quality_assurance', 'airflow']
[2025-10-16T13:23:05.518+0000] {processor.py:840} INFO - DAG(s) 'orchestrator_dag' retrieved from /opt/airflow/dags/orchestrator_dag.py
[2025-10-16T13:23:05.546+0000] {logging_mixin.py:188} INFO - [2025-10-16T13:23:05.545+0000] {dag.py:3036} INFO - Sync 1 DAGs
[2025-10-16T13:23:05.556+0000] {logging_mixin.py:188} INFO - [2025-10-16T13:23:05.556+0000] {dag.py:3823} INFO - Setting next_dagrun for orchestrator_dag to None, run_after=None
[2025-10-16T13:23:05.568+0000] {processor.py:183} INFO - Processing /opt/airflow/dags/orchestrator_dag.py took 0.074 seconds
[2025-10-16T13:23:35.836+0000] {processor.py:161} INFO - Started process (PID=301) to work on /opt/airflow/dags/orchestrator_dag.py
[2025-10-16T13:23:35.836+0000] {processor.py:830} INFO - Processing file /opt/airflow/dags/orchestrator_dag.py for tasks to queue
[2025-10-16T13:23:35.838+0000] {logging_mixin.py:188} INFO - [2025-10-16T13:23:35.837+0000] {dagbag.py:538} INFO - Filling up the DagBag from /opt/airflow/dags/orchestrator_dag.py
[2025-10-16T13:23:35.849+0000] {logging_mixin.py:188} INFO - [2025-10-16T13:23:35.848+0000] {shared_utils.py:452} INFO - Инициализированы пути обработки: ['input_pdf', 'temp_dir', 'output_md', 'logs', 'work_dir']
[2025-10-16T13:23:35.849+0000] {logging_mixin.py:188} INFO - [2025-10-16T13:23:35.849+0000] {shared_utils.py:456} INFO - Настроены URL сервисов: ['document_processor', 'translator', 'quality_assurance', 'airflow']
[2025-10-16T13:23:35.855+0000] {processor.py:840} INFO - DAG(s) 'orchestrator_dag' retrieved from /opt/airflow/dags/orchestrator_dag.py
[2025-10-16T13:23:35.882+0000] {logging_mixin.py:188} INFO - [2025-10-16T13:23:35.881+0000] {dag.py:3036} INFO - Sync 1 DAGs
[2025-10-16T13:23:35.891+0000] {logging_mixin.py:188} INFO - [2025-10-16T13:23:35.891+0000] {dag.py:3823} INFO - Setting next_dagrun for orchestrator_dag to None, run_after=None
[2025-10-16T13:23:35.903+0000] {processor.py:183} INFO - Processing /opt/airflow/dags/orchestrator_dag.py took 0.070 seconds
[2025-10-16T13:24:06.172+0000] {processor.py:161} INFO - Started process (PID=314) to work on /opt/airflow/dags/orchestrator_dag.py
[2025-10-16T13:24:06.172+0000] {processor.py:830} INFO - Processing file /opt/airflow/dags/orchestrator_dag.py for tasks to queue
[2025-10-16T13:24:06.174+0000] {logging_mixin.py:188} INFO - [2025-10-16T13:24:06.173+0000] {dagbag.py:538} INFO - Filling up the DagBag from /opt/airflow/dags/orchestrator_dag.py
[2025-10-16T13:24:06.184+0000] {logging_mixin.py:188} INFO - [2025-10-16T13:24:06.184+0000] {shared_utils.py:452} INFO - Инициализированы пути обработки: ['input_pdf', 'temp_dir', 'output_md', 'logs', 'work_dir']
[2025-10-16T13:24:06.184+0000] {logging_mixin.py:188} INFO - [2025-10-16T13:24:06.184+0000] {shared_utils.py:456} INFO - Настроены URL сервисов: ['document_processor', 'translator', 'quality_assurance', 'airflow']
[2025-10-16T13:24:06.191+0000] {processor.py:840} INFO - DAG(s) 'orchestrator_dag' retrieved from /opt/airflow/dags/orchestrator_dag.py
[2025-10-16T13:24:06.316+0000] {logging_mixin.py:188} INFO - [2025-10-16T13:24:06.315+0000] {dag.py:3036} INFO - Sync 1 DAGs
[2025-10-16T13:24:06.324+0000] {logging_mixin.py:188} INFO - [2025-10-16T13:24:06.324+0000] {dag.py:3823} INFO - Setting next_dagrun for orchestrator_dag to None, run_after=None
[2025-10-16T13:24:06.336+0000] {processor.py:183} INFO - Processing /opt/airflow/dags/orchestrator_dag.py took 0.166 seconds
[2025-10-16T13:24:36.578+0000] {processor.py:161} INFO - Started process (PID=327) to work on /opt/airflow/dags/orchestrator_dag.py
[2025-10-16T13:24:36.579+0000] {processor.py:830} INFO - Processing file /opt/airflow/dags/orchestrator_dag.py for tasks to queue
[2025-10-16T13:24:36.580+0000] {logging_mixin.py:188} INFO - [2025-10-16T13:24:36.580+0000] {dagbag.py:538} INFO - Filling up the DagBag from /opt/airflow/dags/orchestrator_dag.py
[2025-10-16T13:24:36.591+0000] {logging_mixin.py:188} INFO - [2025-10-16T13:24:36.591+0000] {shared_utils.py:452} INFO - Инициализированы пути обработки: ['input_pdf', 'temp_dir', 'output_md', 'logs', 'work_dir']
[2025-10-16T13:24:36.591+0000] {logging_mixin.py:188} INFO - [2025-10-16T13:24:36.591+0000] {shared_utils.py:456} INFO - Настроены URL сервисов: ['document_processor', 'translator', 'quality_assurance', 'airflow']
[2025-10-16T13:24:36.598+0000] {processor.py:840} INFO - DAG(s) 'orchestrator_dag' retrieved from /opt/airflow/dags/orchestrator_dag.py
[2025-10-16T13:24:36.624+0000] {logging_mixin.py:188} INFO - [2025-10-16T13:24:36.623+0000] {dag.py:3036} INFO - Sync 1 DAGs
[2025-10-16T13:24:36.633+0000] {logging_mixin.py:188} INFO - [2025-10-16T13:24:36.633+0000] {dag.py:3823} INFO - Setting next_dagrun for orchestrator_dag to None, run_after=None
[2025-10-16T13:24:36.645+0000] {processor.py:183} INFO - Processing /opt/airflow/dags/orchestrator_dag.py took 0.070 seconds
[2025-10-16T13:25:06.883+0000] {processor.py:161} INFO - Started process (PID=340) to work on /opt/airflow/dags/orchestrator_dag.py
[2025-10-16T13:25:06.883+0000] {processor.py:830} INFO - Processing file /opt/airflow/dags/orchestrator_dag.py for tasks to queue
[2025-10-16T13:25:06.884+0000] {logging_mixin.py:188} INFO - [2025-10-16T13:25:06.884+0000] {dagbag.py:538} INFO - Filling up the DagBag from /opt/airflow/dags/orchestrator_dag.py
[2025-10-16T13:25:06.895+0000] {logging_mixin.py:188} INFO - [2025-10-16T13:25:06.895+0000] {shared_utils.py:452} INFO - Инициализированы пути обработки: ['input_pdf', 'temp_dir', 'output_md', 'logs', 'work_dir']
[2025-10-16T13:25:06.895+0000] {logging_mixin.py:188} INFO - [2025-10-16T13:25:06.895+0000] {shared_utils.py:456} INFO - Настроены URL сервисов: ['document_processor', 'translator', 'quality_assurance', 'airflow']
[2025-10-16T13:25:06.901+0000] {processor.py:840} INFO - DAG(s) 'orchestrator_dag' retrieved from /opt/airflow/dags/orchestrator_dag.py
[2025-10-16T13:25:06.927+0000] {logging_mixin.py:188} INFO - [2025-10-16T13:25:06.927+0000] {dag.py:3036} INFO - Sync 1 DAGs
[2025-10-16T13:25:06.937+0000] {logging_mixin.py:188} INFO - [2025-10-16T13:25:06.937+0000] {dag.py:3823} INFO - Setting next_dagrun for orchestrator_dag to None, run_after=None
[2025-10-16T13:25:06.949+0000] {processor.py:183} INFO - Processing /opt/airflow/dags/orchestrator_dag.py took 0.069 seconds
[2025-10-16T13:25:37.303+0000] {processor.py:161} INFO - Started process (PID=353) to work on /opt/airflow/dags/orchestrator_dag.py
[2025-10-16T13:25:37.304+0000] {processor.py:830} INFO - Processing file /opt/airflow/dags/orchestrator_dag.py for tasks to queue
[2025-10-16T13:25:37.305+0000] {logging_mixin.py:188} INFO - [2025-10-16T13:25:37.305+0000] {dagbag.py:538} INFO - Filling up the DagBag from /opt/airflow/dags/orchestrator_dag.py
[2025-10-16T13:25:37.317+0000] {logging_mixin.py:188} INFO - [2025-10-16T13:25:37.316+0000] {shared_utils.py:452} INFO - Инициализированы пути обработки: ['input_pdf', 'temp_dir', 'output_md', 'logs', 'work_dir']
[2025-10-16T13:25:37.317+0000] {logging_mixin.py:188} INFO - [2025-10-16T13:25:37.317+0000] {shared_utils.py:456} INFO - Настроены URL сервисов: ['document_processor', 'translator', 'quality_assurance', 'airflow']
[2025-10-16T13:25:37.323+0000] {processor.py:840} INFO - DAG(s) 'orchestrator_dag' retrieved from /opt/airflow/dags/orchestrator_dag.py
[2025-10-16T13:25:37.350+0000] {logging_mixin.py:188} INFO - [2025-10-16T13:25:37.350+0000] {dag.py:3036} INFO - Sync 1 DAGs
[2025-10-16T13:25:37.360+0000] {logging_mixin.py:188} INFO - [2025-10-16T13:25:37.360+0000] {dag.py:3823} INFO - Setting next_dagrun for orchestrator_dag to None, run_after=None
[2025-10-16T13:25:37.374+0000] {processor.py:183} INFO - Processing /opt/airflow/dags/orchestrator_dag.py took 0.073 seconds
[2025-10-16T13:26:07.621+0000] {processor.py:161} INFO - Started process (PID=366) to work on /opt/airflow/dags/orchestrator_dag.py
[2025-10-16T13:26:07.622+0000] {processor.py:830} INFO - Processing file /opt/airflow/dags/orchestrator_dag.py for tasks to queue
[2025-10-16T13:26:07.623+0000] {logging_mixin.py:188} INFO - [2025-10-16T13:26:07.623+0000] {dagbag.py:538} INFO - Filling up the DagBag from /opt/airflow/dags/orchestrator_dag.py
[2025-10-16T13:26:07.634+0000] {logging_mixin.py:188} INFO - [2025-10-16T13:26:07.634+0000] {shared_utils.py:452} INFO - Инициализированы пути обработки: ['input_pdf', 'temp_dir', 'output_md', 'logs', 'work_dir']
[2025-10-16T13:26:07.634+0000] {logging_mixin.py:188} INFO - [2025-10-16T13:26:07.634+0000] {shared_utils.py:456} INFO - Настроены URL сервисов: ['document_processor', 'translator', 'quality_assurance', 'airflow']
[2025-10-16T13:26:07.640+0000] {processor.py:840} INFO - DAG(s) 'orchestrator_dag' retrieved from /opt/airflow/dags/orchestrator_dag.py
[2025-10-16T13:26:07.666+0000] {logging_mixin.py:188} INFO - [2025-10-16T13:26:07.665+0000] {dag.py:3036} INFO - Sync 1 DAGs
[2025-10-16T13:26:07.675+0000] {logging_mixin.py:188} INFO - [2025-10-16T13:26:07.675+0000] {dag.py:3823} INFO - Setting next_dagrun for orchestrator_dag to None, run_after=None
[2025-10-16T13:26:07.687+0000] {processor.py:183} INFO - Processing /opt/airflow/dags/orchestrator_dag.py took 0.068 seconds
[2025-10-16T13:26:38.056+0000] {processor.py:161} INFO - Started process (PID=379) to work on /opt/airflow/dags/orchestrator_dag.py
[2025-10-16T13:26:38.057+0000] {processor.py:830} INFO - Processing file /opt/airflow/dags/orchestrator_dag.py for tasks to queue
[2025-10-16T13:26:38.058+0000] {logging_mixin.py:188} INFO - [2025-10-16T13:26:38.058+0000] {dagbag.py:538} INFO - Filling up the DagBag from /opt/airflow/dags/orchestrator_dag.py
[2025-10-16T13:26:38.069+0000] {logging_mixin.py:188} INFO - [2025-10-16T13:26:38.069+0000] {shared_utils.py:452} INFO - Инициализированы пути обработки: ['input_pdf', 'temp_dir', 'output_md', 'logs', 'work_dir']
[2025-10-16T13:26:38.069+0000] {logging_mixin.py:188} INFO - [2025-10-16T13:26:38.069+0000] {shared_utils.py:456} INFO - Настроены URL сервисов: ['document_processor', 'translator', 'quality_assurance', 'airflow']
[2025-10-16T13:26:38.075+0000] {processor.py:840} INFO - DAG(s) 'orchestrator_dag' retrieved from /opt/airflow/dags/orchestrator_dag.py
[2025-10-16T13:26:38.100+0000] {logging_mixin.py:188} INFO - [2025-10-16T13:26:38.100+0000] {dag.py:3036} INFO - Sync 1 DAGs
[2025-10-16T13:26:38.110+0000] {logging_mixin.py:188} INFO - [2025-10-16T13:26:38.110+0000] {dag.py:3823} INFO - Setting next_dagrun for orchestrator_dag to None, run_after=None
[2025-10-16T13:26:38.122+0000] {processor.py:183} INFO - Processing /opt/airflow/dags/orchestrator_dag.py took 0.068 seconds
[2025-10-16T13:27:08.368+0000] {processor.py:161} INFO - Started process (PID=392) to work on /opt/airflow/dags/orchestrator_dag.py
[2025-10-16T13:27:08.368+0000] {processor.py:830} INFO - Processing file /opt/airflow/dags/orchestrator_dag.py for tasks to queue
[2025-10-16T13:27:08.370+0000] {logging_mixin.py:188} INFO - [2025-10-16T13:27:08.369+0000] {dagbag.py:538} INFO - Filling up the DagBag from /opt/airflow/dags/orchestrator_dag.py
[2025-10-16T13:27:08.381+0000] {logging_mixin.py:188} INFO - [2025-10-16T13:27:08.381+0000] {shared_utils.py:452} INFO - Инициализированы пути обработки: ['input_pdf', 'temp_dir', 'output_md', 'logs', 'work_dir']
[2025-10-16T13:27:08.381+0000] {logging_mixin.py:188} INFO - [2025-10-16T13:27:08.381+0000] {shared_utils.py:456} INFO - Настроены URL сервисов: ['document_processor', 'translator', 'quality_assurance', 'airflow']
[2025-10-16T13:27:08.387+0000] {processor.py:840} INFO - DAG(s) 'orchestrator_dag' retrieved from /opt/airflow/dags/orchestrator_dag.py
[2025-10-16T13:27:08.413+0000] {logging_mixin.py:188} INFO - [2025-10-16T13:27:08.413+0000] {dag.py:3036} INFO - Sync 1 DAGs
[2025-10-16T13:27:08.423+0000] {logging_mixin.py:188} INFO - [2025-10-16T13:27:08.422+0000] {dag.py:3823} INFO - Setting next_dagrun for orchestrator_dag to None, run_after=None
[2025-10-16T13:27:08.434+0000] {processor.py:183} INFO - Processing /opt/airflow/dags/orchestrator_dag.py took 0.069 seconds
