[2025-10-16T12:18:45.025+0000] {processor.py:161} INFO - Started process (PID=4633) to work on /opt/airflow/dags/quality_assurance.py
[2025-10-16T12:18:45.026+0000] {processor.py:830} INFO - Processing file /opt/airflow/dags/quality_assurance.py for tasks to queue
[2025-10-16T12:18:45.027+0000] {logging_mixin.py:188} INFO - [2025-10-16T12:18:45.027+0000] {dagbag.py:538} INFO - Filling up the DagBag from /opt/airflow/dags/quality_assurance.py
[2025-10-16T12:18:45.367+0000] {logging_mixin.py:188} INFO - [2025-10-16T12:18:45.367+0000] {shared_utils.py:452} INFO - Инициализированы пути обработки: ['input_pdf', 'temp_dir', 'output_md', 'logs', 'work_dir']
[2025-10-16T12:18:45.367+0000] {logging_mixin.py:188} INFO - [2025-10-16T12:18:45.367+0000] {shared_utils.py:456} INFO - Настроены URL сервисов: ['document_processor', 'translator', 'quality_assurance', 'airflow']
[2025-10-16T12:18:45.383+0000] {logging_mixin.py:188} INFO - [2025-10-16T12:18:45.383+0000] {quality_assurance.py:233} WARNING - visual_diff_system helpers are not available; visual QA will run in fallback mode
[2025-10-16T12:18:45.383+0000] {logging_mixin.py:188} INFO - [2025-10-16T12:18:45.383+0000] {quality_assurance.py:233} WARNING - scikit-image не установлен, используется fallback SSIM
[2025-10-16T12:18:45.383+0000] {logging_mixin.py:188} INFO - [2025-10-16T12:18:45.383+0000] {quality_assurance.py:233} WARNING - sentence-transformers не установлен, семантический анализ упрощен
[2025-10-16T12:18:45.383+0000] {logging_mixin.py:188} INFO - [2025-10-16T12:18:45.383+0000] {quality_assurance.py:233} WARNING - PyMuPDF не установлен, fallback генерация PDF недоступна
[2025-10-16T12:18:45.386+0000] {logging_mixin.py:188} INFO - [2025-10-16T12:18:45.385+0000] {quality_assurance.py:233} WARNING - visual_diff_system helpers are not available; visual QA will run in fallback mode
[2025-10-16T12:18:45.386+0000] {logging_mixin.py:188} INFO - [2025-10-16T12:18:45.386+0000] {quality_assurance.py:233} WARNING - scikit-image не установлен, используется fallback SSIM
[2025-10-16T12:18:45.386+0000] {logging_mixin.py:188} INFO - [2025-10-16T12:18:45.386+0000] {quality_assurance.py:233} WARNING - sentence-transformers не установлен, семантический анализ упрощен
[2025-10-16T12:18:45.386+0000] {logging_mixin.py:188} INFO - [2025-10-16T12:18:45.386+0000] {quality_assurance.py:233} WARNING - PyMuPDF не установлен, fallback генерация PDF недоступна
[2025-10-16T12:18:45.389+0000] {processor.py:840} INFO - DAG(s) 'quality_assurance' retrieved from /opt/airflow/dags/quality_assurance.py
[2025-10-16T12:18:45.410+0000] {logging_mixin.py:188} INFO - [2025-10-16T12:18:45.410+0000] {dag.py:3036} INFO - Sync 1 DAGs
[2025-10-16T12:18:45.420+0000] {logging_mixin.py:188} INFO - [2025-10-16T12:18:45.420+0000] {dag.py:3823} INFO - Setting next_dagrun for quality_assurance to None, run_after=None
[2025-10-16T12:18:45.432+0000] {processor.py:183} INFO - Processing /opt/airflow/dags/quality_assurance.py took 0.409 seconds
[2025-10-16T12:19:16.405+0000] {processor.py:161} INFO - Started process (PID=4646) to work on /opt/airflow/dags/quality_assurance.py
[2025-10-16T12:19:16.406+0000] {processor.py:830} INFO - Processing file /opt/airflow/dags/quality_assurance.py for tasks to queue
[2025-10-16T12:19:16.407+0000] {logging_mixin.py:188} INFO - [2025-10-16T12:19:16.407+0000] {dagbag.py:538} INFO - Filling up the DagBag from /opt/airflow/dags/quality_assurance.py
[2025-10-16T12:19:16.638+0000] {logging_mixin.py:188} INFO - [2025-10-16T12:19:16.638+0000] {shared_utils.py:452} INFO - Инициализированы пути обработки: ['input_pdf', 'temp_dir', 'output_md', 'logs', 'work_dir']
[2025-10-16T12:19:16.638+0000] {logging_mixin.py:188} INFO - [2025-10-16T12:19:16.638+0000] {shared_utils.py:456} INFO - Настроены URL сервисов: ['document_processor', 'translator', 'quality_assurance', 'airflow']
[2025-10-16T12:19:16.654+0000] {logging_mixin.py:188} INFO - [2025-10-16T12:19:16.654+0000] {quality_assurance.py:233} WARNING - visual_diff_system helpers are not available; visual QA will run in fallback mode
[2025-10-16T12:19:16.654+0000] {logging_mixin.py:188} INFO - [2025-10-16T12:19:16.654+0000] {quality_assurance.py:233} WARNING - scikit-image не установлен, используется fallback SSIM
[2025-10-16T12:19:16.654+0000] {logging_mixin.py:188} INFO - [2025-10-16T12:19:16.654+0000] {quality_assurance.py:233} WARNING - sentence-transformers не установлен, семантический анализ упрощен
[2025-10-16T12:19:16.654+0000] {logging_mixin.py:188} INFO - [2025-10-16T12:19:16.654+0000] {quality_assurance.py:233} WARNING - PyMuPDF не установлен, fallback генерация PDF недоступна
[2025-10-16T12:19:16.657+0000] {logging_mixin.py:188} INFO - [2025-10-16T12:19:16.657+0000] {quality_assurance.py:233} WARNING - visual_diff_system helpers are not available; visual QA will run in fallback mode
[2025-10-16T12:19:16.657+0000] {logging_mixin.py:188} INFO - [2025-10-16T12:19:16.657+0000] {quality_assurance.py:233} WARNING - scikit-image не установлен, используется fallback SSIM
[2025-10-16T12:19:16.658+0000] {logging_mixin.py:188} INFO - [2025-10-16T12:19:16.658+0000] {quality_assurance.py:233} WARNING - sentence-transformers не установлен, семантический анализ упрощен
[2025-10-16T12:19:16.658+0000] {logging_mixin.py:188} INFO - [2025-10-16T12:19:16.658+0000] {quality_assurance.py:233} WARNING - PyMuPDF не установлен, fallback генерация PDF недоступна
[2025-10-16T12:19:16.661+0000] {processor.py:840} INFO - DAG(s) 'quality_assurance' retrieved from /opt/airflow/dags/quality_assurance.py
[2025-10-16T12:19:16.685+0000] {logging_mixin.py:188} INFO - [2025-10-16T12:19:16.684+0000] {dag.py:3036} INFO - Sync 1 DAGs
[2025-10-16T12:19:16.694+0000] {logging_mixin.py:188} INFO - [2025-10-16T12:19:16.694+0000] {dag.py:3823} INFO - Setting next_dagrun for quality_assurance to None, run_after=None
[2025-10-16T12:19:16.706+0000] {processor.py:183} INFO - Processing /opt/airflow/dags/quality_assurance.py took 0.304 seconds
[2025-10-16T12:19:47.699+0000] {processor.py:161} INFO - Started process (PID=4659) to work on /opt/airflow/dags/quality_assurance.py
[2025-10-16T12:19:47.700+0000] {processor.py:830} INFO - Processing file /opt/airflow/dags/quality_assurance.py for tasks to queue
[2025-10-16T12:19:47.702+0000] {logging_mixin.py:188} INFO - [2025-10-16T12:19:47.701+0000] {dagbag.py:538} INFO - Filling up the DagBag from /opt/airflow/dags/quality_assurance.py
[2025-10-16T12:19:47.934+0000] {logging_mixin.py:188} INFO - [2025-10-16T12:19:47.933+0000] {shared_utils.py:452} INFO - Инициализированы пути обработки: ['input_pdf', 'temp_dir', 'output_md', 'logs', 'work_dir']
[2025-10-16T12:19:47.934+0000] {logging_mixin.py:188} INFO - [2025-10-16T12:19:47.934+0000] {shared_utils.py:456} INFO - Настроены URL сервисов: ['document_processor', 'translator', 'quality_assurance', 'airflow']
[2025-10-16T12:19:47.949+0000] {logging_mixin.py:188} INFO - [2025-10-16T12:19:47.949+0000] {quality_assurance.py:233} WARNING - visual_diff_system helpers are not available; visual QA will run in fallback mode
[2025-10-16T12:19:47.950+0000] {logging_mixin.py:188} INFO - [2025-10-16T12:19:47.949+0000] {quality_assurance.py:233} WARNING - scikit-image не установлен, используется fallback SSIM
[2025-10-16T12:19:47.950+0000] {logging_mixin.py:188} INFO - [2025-10-16T12:19:47.950+0000] {quality_assurance.py:233} WARNING - sentence-transformers не установлен, семантический анализ упрощен
[2025-10-16T12:19:47.950+0000] {logging_mixin.py:188} INFO - [2025-10-16T12:19:47.950+0000] {quality_assurance.py:233} WARNING - PyMuPDF не установлен, fallback генерация PDF недоступна
[2025-10-16T12:19:47.953+0000] {logging_mixin.py:188} INFO - [2025-10-16T12:19:47.953+0000] {quality_assurance.py:233} WARNING - visual_diff_system helpers are not available; visual QA will run in fallback mode
[2025-10-16T12:19:47.953+0000] {logging_mixin.py:188} INFO - [2025-10-16T12:19:47.953+0000] {quality_assurance.py:233} WARNING - scikit-image не установлен, используется fallback SSIM
[2025-10-16T12:19:47.953+0000] {logging_mixin.py:188} INFO - [2025-10-16T12:19:47.953+0000] {quality_assurance.py:233} WARNING - sentence-transformers не установлен, семантический анализ упрощен
[2025-10-16T12:19:47.953+0000] {logging_mixin.py:188} INFO - [2025-10-16T12:19:47.953+0000] {quality_assurance.py:233} WARNING - PyMuPDF не установлен, fallback генерация PDF недоступна
[2025-10-16T12:19:47.956+0000] {processor.py:840} INFO - DAG(s) 'quality_assurance' retrieved from /opt/airflow/dags/quality_assurance.py
[2025-10-16T12:19:47.980+0000] {logging_mixin.py:188} INFO - [2025-10-16T12:19:47.980+0000] {dag.py:3036} INFO - Sync 1 DAGs
[2025-10-16T12:19:48.110+0000] {logging_mixin.py:188} INFO - [2025-10-16T12:19:48.110+0000] {dag.py:3823} INFO - Setting next_dagrun for quality_assurance to None, run_after=None
[2025-10-16T12:19:48.122+0000] {processor.py:183} INFO - Processing /opt/airflow/dags/quality_assurance.py took 0.424 seconds
[2025-10-16T12:20:18.992+0000] {processor.py:161} INFO - Started process (PID=4672) to work on /opt/airflow/dags/quality_assurance.py
[2025-10-16T12:20:18.993+0000] {processor.py:830} INFO - Processing file /opt/airflow/dags/quality_assurance.py for tasks to queue
[2025-10-16T12:20:18.994+0000] {logging_mixin.py:188} INFO - [2025-10-16T12:20:18.994+0000] {dagbag.py:538} INFO - Filling up the DagBag from /opt/airflow/dags/quality_assurance.py
[2025-10-16T12:20:19.338+0000] {logging_mixin.py:188} INFO - [2025-10-16T12:20:19.338+0000] {shared_utils.py:452} INFO - Инициализированы пути обработки: ['input_pdf', 'temp_dir', 'output_md', 'logs', 'work_dir']
[2025-10-16T12:20:19.338+0000] {logging_mixin.py:188} INFO - [2025-10-16T12:20:19.338+0000] {shared_utils.py:456} INFO - Настроены URL сервисов: ['document_processor', 'translator', 'quality_assurance', 'airflow']
[2025-10-16T12:20:19.354+0000] {logging_mixin.py:188} INFO - [2025-10-16T12:20:19.354+0000] {quality_assurance.py:233} WARNING - visual_diff_system helpers are not available; visual QA will run in fallback mode
[2025-10-16T12:20:19.354+0000] {logging_mixin.py:188} INFO - [2025-10-16T12:20:19.354+0000] {quality_assurance.py:233} WARNING - scikit-image не установлен, используется fallback SSIM
[2025-10-16T12:20:19.354+0000] {logging_mixin.py:188} INFO - [2025-10-16T12:20:19.354+0000] {quality_assurance.py:233} WARNING - sentence-transformers не установлен, семантический анализ упрощен
[2025-10-16T12:20:19.354+0000] {logging_mixin.py:188} INFO - [2025-10-16T12:20:19.354+0000] {quality_assurance.py:233} WARNING - PyMuPDF не установлен, fallback генерация PDF недоступна
[2025-10-16T12:20:19.357+0000] {logging_mixin.py:188} INFO - [2025-10-16T12:20:19.357+0000] {quality_assurance.py:233} WARNING - visual_diff_system helpers are not available; visual QA will run in fallback mode
[2025-10-16T12:20:19.357+0000] {logging_mixin.py:188} INFO - [2025-10-16T12:20:19.357+0000] {quality_assurance.py:233} WARNING - scikit-image не установлен, используется fallback SSIM
[2025-10-16T12:20:19.357+0000] {logging_mixin.py:188} INFO - [2025-10-16T12:20:19.357+0000] {quality_assurance.py:233} WARNING - sentence-transformers не установлен, семантический анализ упрощен
[2025-10-16T12:20:19.357+0000] {logging_mixin.py:188} INFO - [2025-10-16T12:20:19.357+0000] {quality_assurance.py:233} WARNING - PyMuPDF не установлен, fallback генерация PDF недоступна
[2025-10-16T12:20:19.360+0000] {processor.py:840} INFO - DAG(s) 'quality_assurance' retrieved from /opt/airflow/dags/quality_assurance.py
[2025-10-16T12:20:19.381+0000] {logging_mixin.py:188} INFO - [2025-10-16T12:20:19.381+0000] {dag.py:3036} INFO - Sync 1 DAGs
[2025-10-16T12:20:19.390+0000] {logging_mixin.py:188} INFO - [2025-10-16T12:20:19.389+0000] {dag.py:3823} INFO - Setting next_dagrun for quality_assurance to None, run_after=None
[2025-10-16T12:20:19.401+0000] {processor.py:183} INFO - Processing /opt/airflow/dags/quality_assurance.py took 0.411 seconds
[2025-10-16T12:20:50.395+0000] {processor.py:161} INFO - Started process (PID=4691) to work on /opt/airflow/dags/quality_assurance.py
[2025-10-16T12:20:50.396+0000] {processor.py:830} INFO - Processing file /opt/airflow/dags/quality_assurance.py for tasks to queue
[2025-10-16T12:20:50.397+0000] {logging_mixin.py:188} INFO - [2025-10-16T12:20:50.397+0000] {dagbag.py:538} INFO - Filling up the DagBag from /opt/airflow/dags/quality_assurance.py
[2025-10-16T12:20:50.627+0000] {logging_mixin.py:188} INFO - [2025-10-16T12:20:50.627+0000] {shared_utils.py:452} INFO - Инициализированы пути обработки: ['input_pdf', 'temp_dir', 'output_md', 'logs', 'work_dir']
[2025-10-16T12:20:50.627+0000] {logging_mixin.py:188} INFO - [2025-10-16T12:20:50.627+0000] {shared_utils.py:456} INFO - Настроены URL сервисов: ['document_processor', 'translator', 'quality_assurance', 'airflow']
[2025-10-16T12:20:50.642+0000] {logging_mixin.py:188} INFO - [2025-10-16T12:20:50.642+0000] {quality_assurance.py:233} WARNING - visual_diff_system helpers are not available; visual QA will run in fallback mode
[2025-10-16T12:20:50.643+0000] {logging_mixin.py:188} INFO - [2025-10-16T12:20:50.643+0000] {quality_assurance.py:233} WARNING - scikit-image не установлен, используется fallback SSIM
[2025-10-16T12:20:50.643+0000] {logging_mixin.py:188} INFO - [2025-10-16T12:20:50.643+0000] {quality_assurance.py:233} WARNING - sentence-transformers не установлен, семантический анализ упрощен
[2025-10-16T12:20:50.643+0000] {logging_mixin.py:188} INFO - [2025-10-16T12:20:50.643+0000] {quality_assurance.py:233} WARNING - PyMuPDF не установлен, fallback генерация PDF недоступна
[2025-10-16T12:20:50.646+0000] {logging_mixin.py:188} INFO - [2025-10-16T12:20:50.646+0000] {quality_assurance.py:233} WARNING - visual_diff_system helpers are not available; visual QA will run in fallback mode
[2025-10-16T12:20:50.646+0000] {logging_mixin.py:188} INFO - [2025-10-16T12:20:50.646+0000] {quality_assurance.py:233} WARNING - scikit-image не установлен, используется fallback SSIM
[2025-10-16T12:20:50.646+0000] {logging_mixin.py:188} INFO - [2025-10-16T12:20:50.646+0000] {quality_assurance.py:233} WARNING - sentence-transformers не установлен, семантический анализ упрощен
[2025-10-16T12:20:50.646+0000] {logging_mixin.py:188} INFO - [2025-10-16T12:20:50.646+0000] {quality_assurance.py:233} WARNING - PyMuPDF не установлен, fallback генерация PDF недоступна
[2025-10-16T12:20:50.650+0000] {processor.py:840} INFO - DAG(s) 'quality_assurance' retrieved from /opt/airflow/dags/quality_assurance.py
[2025-10-16T12:20:50.674+0000] {logging_mixin.py:188} INFO - [2025-10-16T12:20:50.674+0000] {dag.py:3036} INFO - Sync 1 DAGs
[2025-10-16T12:20:50.684+0000] {logging_mixin.py:188} INFO - [2025-10-16T12:20:50.683+0000] {dag.py:3823} INFO - Setting next_dagrun for quality_assurance to None, run_after=None
[2025-10-16T12:20:50.696+0000] {processor.py:183} INFO - Processing /opt/airflow/dags/quality_assurance.py took 0.303 seconds
[2025-10-16T12:21:21.692+0000] {processor.py:161} INFO - Started process (PID=4704) to work on /opt/airflow/dags/quality_assurance.py
[2025-10-16T12:21:21.693+0000] {processor.py:830} INFO - Processing file /opt/airflow/dags/quality_assurance.py for tasks to queue
[2025-10-16T12:21:21.695+0000] {logging_mixin.py:188} INFO - [2025-10-16T12:21:21.695+0000] {dagbag.py:538} INFO - Filling up the DagBag from /opt/airflow/dags/quality_assurance.py
[2025-10-16T12:21:22.037+0000] {logging_mixin.py:188} INFO - [2025-10-16T12:21:22.037+0000] {shared_utils.py:452} INFO - Инициализированы пути обработки: ['input_pdf', 'temp_dir', 'output_md', 'logs', 'work_dir']
[2025-10-16T12:21:22.037+0000] {logging_mixin.py:188} INFO - [2025-10-16T12:21:22.037+0000] {shared_utils.py:456} INFO - Настроены URL сервисов: ['document_processor', 'translator', 'quality_assurance', 'airflow']
[2025-10-16T12:21:22.053+0000] {logging_mixin.py:188} INFO - [2025-10-16T12:21:22.053+0000] {quality_assurance.py:233} WARNING - visual_diff_system helpers are not available; visual QA will run in fallback mode
[2025-10-16T12:21:22.053+0000] {logging_mixin.py:188} INFO - [2025-10-16T12:21:22.053+0000] {quality_assurance.py:233} WARNING - scikit-image не установлен, используется fallback SSIM
[2025-10-16T12:21:22.053+0000] {logging_mixin.py:188} INFO - [2025-10-16T12:21:22.053+0000] {quality_assurance.py:233} WARNING - sentence-transformers не установлен, семантический анализ упрощен
[2025-10-16T12:21:22.053+0000] {logging_mixin.py:188} INFO - [2025-10-16T12:21:22.053+0000] {quality_assurance.py:233} WARNING - PyMuPDF не установлен, fallback генерация PDF недоступна
[2025-10-16T12:21:22.056+0000] {logging_mixin.py:188} INFO - [2025-10-16T12:21:22.056+0000] {quality_assurance.py:233} WARNING - visual_diff_system helpers are not available; visual QA will run in fallback mode
[2025-10-16T12:21:22.056+0000] {logging_mixin.py:188} INFO - [2025-10-16T12:21:22.056+0000] {quality_assurance.py:233} WARNING - scikit-image не установлен, используется fallback SSIM
[2025-10-16T12:21:22.056+0000] {logging_mixin.py:188} INFO - [2025-10-16T12:21:22.056+0000] {quality_assurance.py:233} WARNING - sentence-transformers не установлен, семантический анализ упрощен
[2025-10-16T12:21:22.056+0000] {logging_mixin.py:188} INFO - [2025-10-16T12:21:22.056+0000] {quality_assurance.py:233} WARNING - PyMuPDF не установлен, fallback генерация PDF недоступна
[2025-10-16T12:21:22.059+0000] {processor.py:840} INFO - DAG(s) 'quality_assurance' retrieved from /opt/airflow/dags/quality_assurance.py
[2025-10-16T12:21:22.080+0000] {logging_mixin.py:188} INFO - [2025-10-16T12:21:22.080+0000] {dag.py:3036} INFO - Sync 1 DAGs
[2025-10-16T12:21:22.089+0000] {logging_mixin.py:188} INFO - [2025-10-16T12:21:22.089+0000] {dag.py:3823} INFO - Setting next_dagrun for quality_assurance to None, run_after=None
[2025-10-16T12:21:22.101+0000] {processor.py:183} INFO - Processing /opt/airflow/dags/quality_assurance.py took 0.411 seconds
[2025-10-16T12:21:49.143+0000] {processor.py:161} INFO - Started process (PID=4713) to work on /opt/airflow/dags/quality_assurance.py
[2025-10-16T12:21:49.144+0000] {processor.py:830} INFO - Processing file /opt/airflow/dags/quality_assurance.py for tasks to queue
[2025-10-16T12:21:49.146+0000] {logging_mixin.py:188} INFO - [2025-10-16T12:21:49.145+0000] {dagbag.py:538} INFO - Filling up the DagBag from /opt/airflow/dags/quality_assurance.py
[2025-10-16T12:21:49.376+0000] {logging_mixin.py:188} INFO - [2025-10-16T12:21:49.376+0000] {shared_utils.py:452} INFO - Инициализированы пути обработки: ['input_pdf', 'temp_dir', 'output_md', 'logs', 'work_dir']
[2025-10-16T12:21:49.376+0000] {logging_mixin.py:188} INFO - [2025-10-16T12:21:49.376+0000] {shared_utils.py:456} INFO - Настроены URL сервисов: ['document_processor', 'translator', 'quality_assurance', 'airflow']
[2025-10-16T12:21:49.393+0000] {logging_mixin.py:188} INFO - [2025-10-16T12:21:49.393+0000] {quality_assurance.py:238} WARNING - visual_diff_system helpers are not available; visual QA will run in fallback mode
[2025-10-16T12:21:49.393+0000] {logging_mixin.py:188} INFO - [2025-10-16T12:21:49.393+0000] {quality_assurance.py:238} WARNING - scikit-image не установлен, используется fallback SSIM
[2025-10-16T12:21:49.393+0000] {logging_mixin.py:188} INFO - [2025-10-16T12:21:49.393+0000] {quality_assurance.py:238} WARNING - sentence-transformers не установлен, семантический анализ упрощен
[2025-10-16T12:21:49.393+0000] {logging_mixin.py:188} INFO - [2025-10-16T12:21:49.393+0000] {quality_assurance.py:238} WARNING - PyMuPDF не установлен, fallback генерация PDF недоступна
[2025-10-16T12:21:49.396+0000] {logging_mixin.py:188} INFO - [2025-10-16T12:21:49.396+0000] {quality_assurance.py:238} WARNING - visual_diff_system helpers are not available; visual QA will run in fallback mode
[2025-10-16T12:21:49.396+0000] {logging_mixin.py:188} INFO - [2025-10-16T12:21:49.396+0000] {quality_assurance.py:238} WARNING - scikit-image не установлен, используется fallback SSIM
[2025-10-16T12:21:49.396+0000] {logging_mixin.py:188} INFO - [2025-10-16T12:21:49.396+0000] {quality_assurance.py:238} WARNING - sentence-transformers не установлен, семантический анализ упрощен
[2025-10-16T12:21:49.397+0000] {logging_mixin.py:188} INFO - [2025-10-16T12:21:49.397+0000] {quality_assurance.py:238} WARNING - PyMuPDF не установлен, fallback генерация PDF недоступна
[2025-10-16T12:21:49.400+0000] {processor.py:840} INFO - DAG(s) 'quality_assurance' retrieved from /opt/airflow/dags/quality_assurance.py
[2025-10-16T12:21:49.423+0000] {logging_mixin.py:188} INFO - [2025-10-16T12:21:49.423+0000] {dag.py:3036} INFO - Sync 1 DAGs
[2025-10-16T12:21:49.433+0000] {logging_mixin.py:188} INFO - [2025-10-16T12:21:49.433+0000] {dag.py:3823} INFO - Setting next_dagrun for quality_assurance to None, run_after=None
[2025-10-16T12:21:49.450+0000] {processor.py:183} INFO - Processing /opt/airflow/dags/quality_assurance.py took 0.309 seconds
[2025-10-16T13:15:59.952+0000] {processor.py:161} INFO - Started process (PID=101) to work on /opt/airflow/dags/quality_assurance.py
[2025-10-16T13:15:59.953+0000] {processor.py:830} INFO - Processing file /opt/airflow/dags/quality_assurance.py for tasks to queue
[2025-10-16T13:15:59.954+0000] {logging_mixin.py:188} INFO - [2025-10-16T13:15:59.954+0000] {dagbag.py:538} INFO - Filling up the DagBag from /opt/airflow/dags/quality_assurance.py
[2025-10-16T13:16:01.051+0000] {logging_mixin.py:188} INFO - [2025-10-16T13:16:01.051+0000] {shared_utils.py:452} INFO - Инициализированы пути обработки: ['input_pdf', 'temp_dir', 'output_md', 'logs', 'work_dir']
[2025-10-16T13:16:01.051+0000] {logging_mixin.py:188} INFO - [2025-10-16T13:16:01.051+0000] {shared_utils.py:456} INFO - Настроены URL сервисов: ['document_processor', 'translator', 'quality_assurance', 'airflow']
[2025-10-16T13:16:01.065+0000] {logging_mixin.py:188} INFO - [2025-10-16T13:16:01.065+0000] {quality_assurance.py:238} WARNING - visual_diff_system helpers are not available; visual QA will run in fallback mode
[2025-10-16T13:16:01.065+0000] {logging_mixin.py:188} INFO - [2025-10-16T13:16:01.065+0000] {quality_assurance.py:238} WARNING - scikit-image не установлен, используется fallback SSIM
[2025-10-16T13:16:01.066+0000] {logging_mixin.py:188} INFO - [2025-10-16T13:16:01.065+0000] {quality_assurance.py:238} WARNING - sentence-transformers не установлен, семантический анализ упрощен
[2025-10-16T13:16:01.066+0000] {logging_mixin.py:188} INFO - [2025-10-16T13:16:01.066+0000] {quality_assurance.py:238} WARNING - PyMuPDF не установлен, fallback генерация PDF недоступна
[2025-10-16T13:16:01.068+0000] {logging_mixin.py:188} INFO - [2025-10-16T13:16:01.068+0000] {quality_assurance.py:238} WARNING - visual_diff_system helpers are not available; visual QA will run in fallback mode
[2025-10-16T13:16:01.068+0000] {logging_mixin.py:188} INFO - [2025-10-16T13:16:01.068+0000] {quality_assurance.py:238} WARNING - scikit-image не установлен, используется fallback SSIM
[2025-10-16T13:16:01.068+0000] {logging_mixin.py:188} INFO - [2025-10-16T13:16:01.068+0000] {quality_assurance.py:238} WARNING - sentence-transformers не установлен, семантический анализ упрощен
[2025-10-16T13:16:01.068+0000] {logging_mixin.py:188} INFO - [2025-10-16T13:16:01.068+0000] {quality_assurance.py:238} WARNING - PyMuPDF не установлен, fallback генерация PDF недоступна
[2025-10-16T13:16:01.071+0000] {processor.py:840} INFO - DAG(s) 'quality_assurance' retrieved from /opt/airflow/dags/quality_assurance.py
[2025-10-16T13:16:01.083+0000] {logging_mixin.py:188} INFO - [2025-10-16T13:16:01.083+0000] {dag.py:3036} INFO - Sync 1 DAGs
[2025-10-16T13:16:01.093+0000] {logging_mixin.py:188} INFO - [2025-10-16T13:16:01.092+0000] {dag.py:3823} INFO - Setting next_dagrun for quality_assurance to None, run_after=None
[2025-10-16T13:16:01.105+0000] {processor.py:183} INFO - Processing /opt/airflow/dags/quality_assurance.py took 1.155 seconds
[2025-10-16T13:16:31.706+0000] {processor.py:161} INFO - Started process (PID=117) to work on /opt/airflow/dags/quality_assurance.py
[2025-10-16T13:16:31.707+0000] {processor.py:830} INFO - Processing file /opt/airflow/dags/quality_assurance.py for tasks to queue
[2025-10-16T13:16:31.708+0000] {logging_mixin.py:188} INFO - [2025-10-16T13:16:31.708+0000] {dagbag.py:538} INFO - Filling up the DagBag from /opt/airflow/dags/quality_assurance.py
[2025-10-16T13:16:31.944+0000] {logging_mixin.py:188} INFO - [2025-10-16T13:16:31.944+0000] {shared_utils.py:452} INFO - Инициализированы пути обработки: ['input_pdf', 'temp_dir', 'output_md', 'logs', 'work_dir']
[2025-10-16T13:16:31.945+0000] {logging_mixin.py:188} INFO - [2025-10-16T13:16:31.944+0000] {shared_utils.py:456} INFO - Настроены URL сервисов: ['document_processor', 'translator', 'quality_assurance', 'airflow']
[2025-10-16T13:16:31.961+0000] {logging_mixin.py:188} INFO - [2025-10-16T13:16:31.960+0000] {quality_assurance.py:238} WARNING - visual_diff_system helpers are not available; visual QA will run in fallback mode
[2025-10-16T13:16:31.961+0000] {logging_mixin.py:188} INFO - [2025-10-16T13:16:31.961+0000] {quality_assurance.py:238} WARNING - scikit-image не установлен, используется fallback SSIM
[2025-10-16T13:16:31.961+0000] {logging_mixin.py:188} INFO - [2025-10-16T13:16:31.961+0000] {quality_assurance.py:238} WARNING - sentence-transformers не установлен, семантический анализ упрощен
[2025-10-16T13:16:31.961+0000] {logging_mixin.py:188} INFO - [2025-10-16T13:16:31.961+0000] {quality_assurance.py:238} WARNING - PyMuPDF не установлен, fallback генерация PDF недоступна
[2025-10-16T13:16:31.964+0000] {logging_mixin.py:188} INFO - [2025-10-16T13:16:31.964+0000] {quality_assurance.py:238} WARNING - visual_diff_system helpers are not available; visual QA will run in fallback mode
[2025-10-16T13:16:31.964+0000] {logging_mixin.py:188} INFO - [2025-10-16T13:16:31.964+0000] {quality_assurance.py:238} WARNING - scikit-image не установлен, используется fallback SSIM
[2025-10-16T13:16:31.964+0000] {logging_mixin.py:188} INFO - [2025-10-16T13:16:31.964+0000] {quality_assurance.py:238} WARNING - sentence-transformers не установлен, семантический анализ упрощен
[2025-10-16T13:16:31.965+0000] {logging_mixin.py:188} INFO - [2025-10-16T13:16:31.965+0000] {quality_assurance.py:238} WARNING - PyMuPDF не установлен, fallback генерация PDF недоступна
[2025-10-16T13:16:31.968+0000] {processor.py:840} INFO - DAG(s) 'quality_assurance' retrieved from /opt/airflow/dags/quality_assurance.py
[2025-10-16T13:16:32.045+0000] {logging_mixin.py:188} INFO - [2025-10-16T13:16:32.044+0000] {dag.py:3036} INFO - Sync 1 DAGs
[2025-10-16T13:16:32.054+0000] {logging_mixin.py:188} INFO - [2025-10-16T13:16:32.054+0000] {dag.py:3823} INFO - Setting next_dagrun for quality_assurance to None, run_after=None
[2025-10-16T13:16:32.181+0000] {processor.py:183} INFO - Processing /opt/airflow/dags/quality_assurance.py took 0.477 seconds
[2025-10-16T13:17:03.085+0000] {processor.py:161} INFO - Started process (PID=130) to work on /opt/airflow/dags/quality_assurance.py
[2025-10-16T13:17:03.085+0000] {processor.py:830} INFO - Processing file /opt/airflow/dags/quality_assurance.py for tasks to queue
[2025-10-16T13:17:03.087+0000] {logging_mixin.py:188} INFO - [2025-10-16T13:17:03.087+0000] {dagbag.py:538} INFO - Filling up the DagBag from /opt/airflow/dags/quality_assurance.py
[2025-10-16T13:17:03.444+0000] {logging_mixin.py:188} INFO - [2025-10-16T13:17:03.443+0000] {shared_utils.py:452} INFO - Инициализированы пути обработки: ['input_pdf', 'temp_dir', 'output_md', 'logs', 'work_dir']
[2025-10-16T13:17:03.444+0000] {logging_mixin.py:188} INFO - [2025-10-16T13:17:03.444+0000] {shared_utils.py:456} INFO - Настроены URL сервисов: ['document_processor', 'translator', 'quality_assurance', 'airflow']
[2025-10-16T13:17:03.460+0000] {logging_mixin.py:188} INFO - [2025-10-16T13:17:03.460+0000] {quality_assurance.py:238} WARNING - visual_diff_system helpers are not available; visual QA will run in fallback mode
[2025-10-16T13:17:03.460+0000] {logging_mixin.py:188} INFO - [2025-10-16T13:17:03.460+0000] {quality_assurance.py:238} WARNING - scikit-image не установлен, используется fallback SSIM
[2025-10-16T13:17:03.461+0000] {logging_mixin.py:188} INFO - [2025-10-16T13:17:03.460+0000] {quality_assurance.py:238} WARNING - sentence-transformers не установлен, семантический анализ упрощен
[2025-10-16T13:17:03.461+0000] {logging_mixin.py:188} INFO - [2025-10-16T13:17:03.461+0000] {quality_assurance.py:238} WARNING - PyMuPDF не установлен, fallback генерация PDF недоступна
[2025-10-16T13:17:03.463+0000] {logging_mixin.py:188} INFO - [2025-10-16T13:17:03.463+0000] {quality_assurance.py:238} WARNING - visual_diff_system helpers are not available; visual QA will run in fallback mode
[2025-10-16T13:17:03.463+0000] {logging_mixin.py:188} INFO - [2025-10-16T13:17:03.463+0000] {quality_assurance.py:238} WARNING - scikit-image не установлен, используется fallback SSIM
[2025-10-16T13:17:03.463+0000] {logging_mixin.py:188} INFO - [2025-10-16T13:17:03.463+0000] {quality_assurance.py:238} WARNING - sentence-transformers не установлен, семантический анализ упрощен
[2025-10-16T13:17:03.463+0000] {logging_mixin.py:188} INFO - [2025-10-16T13:17:03.463+0000] {quality_assurance.py:238} WARNING - PyMuPDF не установлен, fallback генерация PDF недоступна
[2025-10-16T13:17:03.466+0000] {processor.py:840} INFO - DAG(s) 'quality_assurance' retrieved from /opt/airflow/dags/quality_assurance.py
[2025-10-16T13:17:03.488+0000] {logging_mixin.py:188} INFO - [2025-10-16T13:17:03.488+0000] {dag.py:3036} INFO - Sync 1 DAGs
[2025-10-16T13:17:03.498+0000] {logging_mixin.py:188} INFO - [2025-10-16T13:17:03.497+0000] {dag.py:3823} INFO - Setting next_dagrun for quality_assurance to None, run_after=None
[2025-10-16T13:17:03.510+0000] {processor.py:183} INFO - Processing /opt/airflow/dags/quality_assurance.py took 0.428 seconds
[2025-10-16T13:17:33.575+0000] {processor.py:161} INFO - Started process (PID=143) to work on /opt/airflow/dags/quality_assurance.py
[2025-10-16T13:17:33.575+0000] {processor.py:830} INFO - Processing file /opt/airflow/dags/quality_assurance.py for tasks to queue
[2025-10-16T13:17:33.577+0000] {logging_mixin.py:188} INFO - [2025-10-16T13:17:33.577+0000] {dagbag.py:538} INFO - Filling up the DagBag from /opt/airflow/dags/quality_assurance.py
[2025-10-16T13:17:33.808+0000] {logging_mixin.py:188} INFO - [2025-10-16T13:17:33.807+0000] {shared_utils.py:452} INFO - Инициализированы пути обработки: ['input_pdf', 'temp_dir', 'output_md', 'logs', 'work_dir']
[2025-10-16T13:17:33.808+0000] {logging_mixin.py:188} INFO - [2025-10-16T13:17:33.808+0000] {shared_utils.py:456} INFO - Настроены URL сервисов: ['document_processor', 'translator', 'quality_assurance', 'airflow']
[2025-10-16T13:17:33.823+0000] {logging_mixin.py:188} INFO - [2025-10-16T13:17:33.823+0000] {quality_assurance.py:238} WARNING - visual_diff_system helpers are not available; visual QA will run in fallback mode
[2025-10-16T13:17:33.824+0000] {logging_mixin.py:188} INFO - [2025-10-16T13:17:33.824+0000] {quality_assurance.py:238} WARNING - scikit-image не установлен, используется fallback SSIM
[2025-10-16T13:17:33.824+0000] {logging_mixin.py:188} INFO - [2025-10-16T13:17:33.824+0000] {quality_assurance.py:238} WARNING - sentence-transformers не установлен, семантический анализ упрощен
[2025-10-16T13:17:33.824+0000] {logging_mixin.py:188} INFO - [2025-10-16T13:17:33.824+0000] {quality_assurance.py:238} WARNING - PyMuPDF не установлен, fallback генерация PDF недоступна
[2025-10-16T13:17:33.827+0000] {logging_mixin.py:188} INFO - [2025-10-16T13:17:33.827+0000] {quality_assurance.py:238} WARNING - visual_diff_system helpers are not available; visual QA will run in fallback mode
[2025-10-16T13:17:33.827+0000] {logging_mixin.py:188} INFO - [2025-10-16T13:17:33.827+0000] {quality_assurance.py:238} WARNING - scikit-image не установлен, используется fallback SSIM
[2025-10-16T13:17:33.827+0000] {logging_mixin.py:188} INFO - [2025-10-16T13:17:33.827+0000] {quality_assurance.py:238} WARNING - sentence-transformers не установлен, семантический анализ упрощен
[2025-10-16T13:17:33.827+0000] {logging_mixin.py:188} INFO - [2025-10-16T13:17:33.827+0000] {quality_assurance.py:238} WARNING - PyMuPDF не установлен, fallback генерация PDF недоступна
[2025-10-16T13:17:33.830+0000] {processor.py:840} INFO - DAG(s) 'quality_assurance' retrieved from /opt/airflow/dags/quality_assurance.py
[2025-10-16T13:17:33.855+0000] {logging_mixin.py:188} INFO - [2025-10-16T13:17:33.854+0000] {dag.py:3036} INFO - Sync 1 DAGs
[2025-10-16T13:17:33.866+0000] {logging_mixin.py:188} INFO - [2025-10-16T13:17:33.866+0000] {dag.py:3823} INFO - Setting next_dagrun for quality_assurance to None, run_after=None
[2025-10-16T13:17:33.878+0000] {processor.py:183} INFO - Processing /opt/airflow/dags/quality_assurance.py took 0.306 seconds
[2025-10-16T13:18:03.916+0000] {processor.py:161} INFO - Started process (PID=156) to work on /opt/airflow/dags/quality_assurance.py
[2025-10-16T13:18:03.917+0000] {processor.py:830} INFO - Processing file /opt/airflow/dags/quality_assurance.py for tasks to queue
[2025-10-16T13:18:03.918+0000] {logging_mixin.py:188} INFO - [2025-10-16T13:18:03.918+0000] {dagbag.py:538} INFO - Filling up the DagBag from /opt/airflow/dags/quality_assurance.py
[2025-10-16T13:18:04.257+0000] {logging_mixin.py:188} INFO - [2025-10-16T13:18:04.257+0000] {shared_utils.py:452} INFO - Инициализированы пути обработки: ['input_pdf', 'temp_dir', 'output_md', 'logs', 'work_dir']
[2025-10-16T13:18:04.257+0000] {logging_mixin.py:188} INFO - [2025-10-16T13:18:04.257+0000] {shared_utils.py:456} INFO - Настроены URL сервисов: ['document_processor', 'translator', 'quality_assurance', 'airflow']
[2025-10-16T13:18:04.273+0000] {logging_mixin.py:188} INFO - [2025-10-16T13:18:04.273+0000] {quality_assurance.py:238} WARNING - visual_diff_system helpers are not available; visual QA will run in fallback mode
[2025-10-16T13:18:04.273+0000] {logging_mixin.py:188} INFO - [2025-10-16T13:18:04.273+0000] {quality_assurance.py:238} WARNING - scikit-image не установлен, используется fallback SSIM
[2025-10-16T13:18:04.273+0000] {logging_mixin.py:188} INFO - [2025-10-16T13:18:04.273+0000] {quality_assurance.py:238} WARNING - sentence-transformers не установлен, семантический анализ упрощен
[2025-10-16T13:18:04.273+0000] {logging_mixin.py:188} INFO - [2025-10-16T13:18:04.273+0000] {quality_assurance.py:238} WARNING - PyMuPDF не установлен, fallback генерация PDF недоступна
[2025-10-16T13:18:04.275+0000] {logging_mixin.py:188} INFO - [2025-10-16T13:18:04.275+0000] {quality_assurance.py:238} WARNING - visual_diff_system helpers are not available; visual QA will run in fallback mode
[2025-10-16T13:18:04.276+0000] {logging_mixin.py:188} INFO - [2025-10-16T13:18:04.275+0000] {quality_assurance.py:238} WARNING - scikit-image не установлен, используется fallback SSIM
[2025-10-16T13:18:04.276+0000] {logging_mixin.py:188} INFO - [2025-10-16T13:18:04.276+0000] {quality_assurance.py:238} WARNING - sentence-transformers не установлен, семантический анализ упрощен
[2025-10-16T13:18:04.276+0000] {logging_mixin.py:188} INFO - [2025-10-16T13:18:04.276+0000] {quality_assurance.py:238} WARNING - PyMuPDF не установлен, fallback генерация PDF недоступна
[2025-10-16T13:18:04.278+0000] {processor.py:840} INFO - DAG(s) 'quality_assurance' retrieved from /opt/airflow/dags/quality_assurance.py
[2025-10-16T13:18:04.301+0000] {logging_mixin.py:188} INFO - [2025-10-16T13:18:04.301+0000] {dag.py:3036} INFO - Sync 1 DAGs
[2025-10-16T13:18:04.311+0000] {logging_mixin.py:188} INFO - [2025-10-16T13:18:04.311+0000] {dag.py:3823} INFO - Setting next_dagrun for quality_assurance to None, run_after=None
[2025-10-16T13:18:04.325+0000] {processor.py:183} INFO - Processing /opt/airflow/dags/quality_assurance.py took 0.411 seconds
[2025-10-16T13:18:35.288+0000] {processor.py:161} INFO - Started process (PID=169) to work on /opt/airflow/dags/quality_assurance.py
[2025-10-16T13:18:35.288+0000] {processor.py:830} INFO - Processing file /opt/airflow/dags/quality_assurance.py for tasks to queue
[2025-10-16T13:18:35.290+0000] {logging_mixin.py:188} INFO - [2025-10-16T13:18:35.289+0000] {dagbag.py:538} INFO - Filling up the DagBag from /opt/airflow/dags/quality_assurance.py
[2025-10-16T13:18:35.519+0000] {logging_mixin.py:188} INFO - [2025-10-16T13:18:35.519+0000] {shared_utils.py:452} INFO - Инициализированы пути обработки: ['input_pdf', 'temp_dir', 'output_md', 'logs', 'work_dir']
[2025-10-16T13:18:35.519+0000] {logging_mixin.py:188} INFO - [2025-10-16T13:18:35.519+0000] {shared_utils.py:456} INFO - Настроены URL сервисов: ['document_processor', 'translator', 'quality_assurance', 'airflow']
[2025-10-16T13:18:35.535+0000] {logging_mixin.py:188} INFO - [2025-10-16T13:18:35.535+0000] {quality_assurance.py:238} WARNING - visual_diff_system helpers are not available; visual QA will run in fallback mode
[2025-10-16T13:18:35.535+0000] {logging_mixin.py:188} INFO - [2025-10-16T13:18:35.535+0000] {quality_assurance.py:238} WARNING - scikit-image не установлен, используется fallback SSIM
[2025-10-16T13:18:35.535+0000] {logging_mixin.py:188} INFO - [2025-10-16T13:18:35.535+0000] {quality_assurance.py:238} WARNING - sentence-transformers не установлен, семантический анализ упрощен
[2025-10-16T13:18:35.535+0000] {logging_mixin.py:188} INFO - [2025-10-16T13:18:35.535+0000] {quality_assurance.py:238} WARNING - PyMuPDF не установлен, fallback генерация PDF недоступна
[2025-10-16T13:18:35.538+0000] {logging_mixin.py:188} INFO - [2025-10-16T13:18:35.538+0000] {quality_assurance.py:238} WARNING - visual_diff_system helpers are not available; visual QA will run in fallback mode
[2025-10-16T13:18:35.539+0000] {logging_mixin.py:188} INFO - [2025-10-16T13:18:35.539+0000] {quality_assurance.py:238} WARNING - scikit-image не установлен, используется fallback SSIM
[2025-10-16T13:18:35.539+0000] {logging_mixin.py:188} INFO - [2025-10-16T13:18:35.539+0000] {quality_assurance.py:238} WARNING - sentence-transformers не установлен, семантический анализ упрощен
[2025-10-16T13:18:35.539+0000] {logging_mixin.py:188} INFO - [2025-10-16T13:18:35.539+0000] {quality_assurance.py:238} WARNING - PyMuPDF не установлен, fallback генерация PDF недоступна
[2025-10-16T13:18:35.542+0000] {processor.py:840} INFO - DAG(s) 'quality_assurance' retrieved from /opt/airflow/dags/quality_assurance.py
[2025-10-16T13:18:35.565+0000] {logging_mixin.py:188} INFO - [2025-10-16T13:18:35.565+0000] {dag.py:3036} INFO - Sync 1 DAGs
[2025-10-16T13:18:35.575+0000] {logging_mixin.py:188} INFO - [2025-10-16T13:18:35.575+0000] {dag.py:3823} INFO - Setting next_dagrun for quality_assurance to None, run_after=None
[2025-10-16T13:18:35.588+0000] {processor.py:183} INFO - Processing /opt/airflow/dags/quality_assurance.py took 0.303 seconds
[2025-10-16T13:19:05.626+0000] {processor.py:161} INFO - Started process (PID=182) to work on /opt/airflow/dags/quality_assurance.py
[2025-10-16T13:19:05.627+0000] {processor.py:830} INFO - Processing file /opt/airflow/dags/quality_assurance.py for tasks to queue
[2025-10-16T13:19:05.629+0000] {logging_mixin.py:188} INFO - [2025-10-16T13:19:05.628+0000] {dagbag.py:538} INFO - Filling up the DagBag from /opt/airflow/dags/quality_assurance.py
[2025-10-16T13:19:05.970+0000] {logging_mixin.py:188} INFO - [2025-10-16T13:19:05.970+0000] {shared_utils.py:452} INFO - Инициализированы пути обработки: ['input_pdf', 'temp_dir', 'output_md', 'logs', 'work_dir']
[2025-10-16T13:19:05.970+0000] {logging_mixin.py:188} INFO - [2025-10-16T13:19:05.970+0000] {shared_utils.py:456} INFO - Настроены URL сервисов: ['document_processor', 'translator', 'quality_assurance', 'airflow']
[2025-10-16T13:19:05.986+0000] {logging_mixin.py:188} INFO - [2025-10-16T13:19:05.986+0000] {quality_assurance.py:238} WARNING - visual_diff_system helpers are not available; visual QA will run in fallback mode
[2025-10-16T13:19:05.986+0000] {logging_mixin.py:188} INFO - [2025-10-16T13:19:05.986+0000] {quality_assurance.py:238} WARNING - scikit-image не установлен, используется fallback SSIM
[2025-10-16T13:19:05.986+0000] {logging_mixin.py:188} INFO - [2025-10-16T13:19:05.986+0000] {quality_assurance.py:238} WARNING - sentence-transformers не установлен, семантический анализ упрощен
[2025-10-16T13:19:05.987+0000] {logging_mixin.py:188} INFO - [2025-10-16T13:19:05.986+0000] {quality_assurance.py:238} WARNING - PyMuPDF не установлен, fallback генерация PDF недоступна
[2025-10-16T13:19:05.989+0000] {logging_mixin.py:188} INFO - [2025-10-16T13:19:05.989+0000] {quality_assurance.py:238} WARNING - visual_diff_system helpers are not available; visual QA will run in fallback mode
[2025-10-16T13:19:05.989+0000] {logging_mixin.py:188} INFO - [2025-10-16T13:19:05.989+0000] {quality_assurance.py:238} WARNING - scikit-image не установлен, используется fallback SSIM
[2025-10-16T13:19:05.989+0000] {logging_mixin.py:188} INFO - [2025-10-16T13:19:05.989+0000] {quality_assurance.py:238} WARNING - sentence-transformers не установлен, семантический анализ упрощен
[2025-10-16T13:19:05.989+0000] {logging_mixin.py:188} INFO - [2025-10-16T13:19:05.989+0000] {quality_assurance.py:238} WARNING - PyMuPDF не установлен, fallback генерация PDF недоступна
[2025-10-16T13:19:05.992+0000] {processor.py:840} INFO - DAG(s) 'quality_assurance' retrieved from /opt/airflow/dags/quality_assurance.py
[2025-10-16T13:19:06.014+0000] {logging_mixin.py:188} INFO - [2025-10-16T13:19:06.013+0000] {dag.py:3036} INFO - Sync 1 DAGs
[2025-10-16T13:19:06.023+0000] {logging_mixin.py:188} INFO - [2025-10-16T13:19:06.023+0000] {dag.py:3823} INFO - Setting next_dagrun for quality_assurance to None, run_after=None
[2025-10-16T13:19:06.035+0000] {processor.py:183} INFO - Processing /opt/airflow/dags/quality_assurance.py took 0.411 seconds
[2025-10-16T13:19:36.989+0000] {processor.py:161} INFO - Started process (PID=195) to work on /opt/airflow/dags/quality_assurance.py
[2025-10-16T13:19:36.990+0000] {processor.py:830} INFO - Processing file /opt/airflow/dags/quality_assurance.py for tasks to queue
[2025-10-16T13:19:36.991+0000] {logging_mixin.py:188} INFO - [2025-10-16T13:19:36.991+0000] {dagbag.py:538} INFO - Filling up the DagBag from /opt/airflow/dags/quality_assurance.py
[2025-10-16T13:19:37.220+0000] {logging_mixin.py:188} INFO - [2025-10-16T13:19:37.220+0000] {shared_utils.py:452} INFO - Инициализированы пути обработки: ['input_pdf', 'temp_dir', 'output_md', 'logs', 'work_dir']
[2025-10-16T13:19:37.221+0000] {logging_mixin.py:188} INFO - [2025-10-16T13:19:37.221+0000] {shared_utils.py:456} INFO - Настроены URL сервисов: ['document_processor', 'translator', 'quality_assurance', 'airflow']
[2025-10-16T13:19:37.237+0000] {logging_mixin.py:188} INFO - [2025-10-16T13:19:37.237+0000] {quality_assurance.py:238} WARNING - visual_diff_system helpers are not available; visual QA will run in fallback mode
[2025-10-16T13:19:37.237+0000] {logging_mixin.py:188} INFO - [2025-10-16T13:19:37.237+0000] {quality_assurance.py:238} WARNING - scikit-image не установлен, используется fallback SSIM
[2025-10-16T13:19:37.237+0000] {logging_mixin.py:188} INFO - [2025-10-16T13:19:37.237+0000] {quality_assurance.py:238} WARNING - sentence-transformers не установлен, семантический анализ упрощен
[2025-10-16T13:19:37.237+0000] {logging_mixin.py:188} INFO - [2025-10-16T13:19:37.237+0000] {quality_assurance.py:238} WARNING - PyMuPDF не установлен, fallback генерация PDF недоступна
[2025-10-16T13:19:37.241+0000] {logging_mixin.py:188} INFO - [2025-10-16T13:19:37.241+0000] {quality_assurance.py:238} WARNING - visual_diff_system helpers are not available; visual QA will run in fallback mode
[2025-10-16T13:19:37.241+0000] {logging_mixin.py:188} INFO - [2025-10-16T13:19:37.241+0000] {quality_assurance.py:238} WARNING - scikit-image не установлен, используется fallback SSIM
[2025-10-16T13:19:37.241+0000] {logging_mixin.py:188} INFO - [2025-10-16T13:19:37.241+0000] {quality_assurance.py:238} WARNING - sentence-transformers не установлен, семантический анализ упрощен
[2025-10-16T13:19:37.241+0000] {logging_mixin.py:188} INFO - [2025-10-16T13:19:37.241+0000] {quality_assurance.py:238} WARNING - PyMuPDF не установлен, fallback генерация PDF недоступна
[2025-10-16T13:19:37.244+0000] {processor.py:840} INFO - DAG(s) 'quality_assurance' retrieved from /opt/airflow/dags/quality_assurance.py
[2025-10-16T13:19:37.267+0000] {logging_mixin.py:188} INFO - [2025-10-16T13:19:37.266+0000] {dag.py:3036} INFO - Sync 1 DAGs
[2025-10-16T13:19:37.276+0000] {logging_mixin.py:188} INFO - [2025-10-16T13:19:37.276+0000] {dag.py:3823} INFO - Setting next_dagrun for quality_assurance to None, run_after=None
[2025-10-16T13:19:37.288+0000] {processor.py:183} INFO - Processing /opt/airflow/dags/quality_assurance.py took 0.301 seconds
[2025-10-16T13:20:07.336+0000] {processor.py:161} INFO - Started process (PID=208) to work on /opt/airflow/dags/quality_assurance.py
[2025-10-16T13:20:07.337+0000] {processor.py:830} INFO - Processing file /opt/airflow/dags/quality_assurance.py for tasks to queue
[2025-10-16T13:20:07.338+0000] {logging_mixin.py:188} INFO - [2025-10-16T13:20:07.338+0000] {dagbag.py:538} INFO - Filling up the DagBag from /opt/airflow/dags/quality_assurance.py
[2025-10-16T13:20:07.680+0000] {logging_mixin.py:188} INFO - [2025-10-16T13:20:07.679+0000] {shared_utils.py:452} INFO - Инициализированы пути обработки: ['input_pdf', 'temp_dir', 'output_md', 'logs', 'work_dir']
[2025-10-16T13:20:07.680+0000] {logging_mixin.py:188} INFO - [2025-10-16T13:20:07.680+0000] {shared_utils.py:456} INFO - Настроены URL сервисов: ['document_processor', 'translator', 'quality_assurance', 'airflow']
[2025-10-16T13:20:07.696+0000] {logging_mixin.py:188} INFO - [2025-10-16T13:20:07.695+0000] {quality_assurance.py:238} WARNING - visual_diff_system helpers are not available; visual QA will run in fallback mode
[2025-10-16T13:20:07.696+0000] {logging_mixin.py:188} INFO - [2025-10-16T13:20:07.696+0000] {quality_assurance.py:238} WARNING - scikit-image не установлен, используется fallback SSIM
[2025-10-16T13:20:07.696+0000] {logging_mixin.py:188} INFO - [2025-10-16T13:20:07.696+0000] {quality_assurance.py:238} WARNING - sentence-transformers не установлен, семантический анализ упрощен
[2025-10-16T13:20:07.696+0000] {logging_mixin.py:188} INFO - [2025-10-16T13:20:07.696+0000] {quality_assurance.py:238} WARNING - PyMuPDF не установлен, fallback генерация PDF недоступна
[2025-10-16T13:20:07.698+0000] {logging_mixin.py:188} INFO - [2025-10-16T13:20:07.698+0000] {quality_assurance.py:238} WARNING - visual_diff_system helpers are not available; visual QA will run in fallback mode
[2025-10-16T13:20:07.698+0000] {logging_mixin.py:188} INFO - [2025-10-16T13:20:07.698+0000] {quality_assurance.py:238} WARNING - scikit-image не установлен, используется fallback SSIM
[2025-10-16T13:20:07.699+0000] {logging_mixin.py:188} INFO - [2025-10-16T13:20:07.699+0000] {quality_assurance.py:238} WARNING - sentence-transformers не установлен, семантический анализ упрощен
[2025-10-16T13:20:07.699+0000] {logging_mixin.py:188} INFO - [2025-10-16T13:20:07.699+0000] {quality_assurance.py:238} WARNING - PyMuPDF не установлен, fallback генерация PDF недоступна
[2025-10-16T13:20:07.701+0000] {processor.py:840} INFO - DAG(s) 'quality_assurance' retrieved from /opt/airflow/dags/quality_assurance.py
[2025-10-16T13:20:07.723+0000] {logging_mixin.py:188} INFO - [2025-10-16T13:20:07.723+0000] {dag.py:3036} INFO - Sync 1 DAGs
[2025-10-16T13:20:07.732+0000] {logging_mixin.py:188} INFO - [2025-10-16T13:20:07.732+0000] {dag.py:3823} INFO - Setting next_dagrun for quality_assurance to None, run_after=None
[2025-10-16T13:20:07.745+0000] {processor.py:183} INFO - Processing /opt/airflow/dags/quality_assurance.py took 0.411 seconds
[2025-10-16T13:20:38.734+0000] {processor.py:161} INFO - Started process (PID=221) to work on /opt/airflow/dags/quality_assurance.py
[2025-10-16T13:20:38.734+0000] {processor.py:830} INFO - Processing file /opt/airflow/dags/quality_assurance.py for tasks to queue
[2025-10-16T13:20:38.736+0000] {logging_mixin.py:188} INFO - [2025-10-16T13:20:38.736+0000] {dagbag.py:538} INFO - Filling up the DagBag from /opt/airflow/dags/quality_assurance.py
[2025-10-16T13:20:38.973+0000] {logging_mixin.py:188} INFO - [2025-10-16T13:20:38.973+0000] {shared_utils.py:452} INFO - Инициализированы пути обработки: ['input_pdf', 'temp_dir', 'output_md', 'logs', 'work_dir']
[2025-10-16T13:20:38.974+0000] {logging_mixin.py:188} INFO - [2025-10-16T13:20:38.973+0000] {shared_utils.py:456} INFO - Настроены URL сервисов: ['document_processor', 'translator', 'quality_assurance', 'airflow']
[2025-10-16T13:20:38.989+0000] {logging_mixin.py:188} INFO - [2025-10-16T13:20:38.989+0000] {quality_assurance.py:238} WARNING - visual_diff_system helpers are not available; visual QA will run in fallback mode
[2025-10-16T13:20:38.990+0000] {logging_mixin.py:188} INFO - [2025-10-16T13:20:38.990+0000] {quality_assurance.py:238} WARNING - scikit-image не установлен, используется fallback SSIM
[2025-10-16T13:20:38.990+0000] {logging_mixin.py:188} INFO - [2025-10-16T13:20:38.990+0000] {quality_assurance.py:238} WARNING - sentence-transformers не установлен, семантический анализ упрощен
[2025-10-16T13:20:38.990+0000] {logging_mixin.py:188} INFO - [2025-10-16T13:20:38.990+0000] {quality_assurance.py:238} WARNING - PyMuPDF не установлен, fallback генерация PDF недоступна
[2025-10-16T13:20:38.993+0000] {logging_mixin.py:188} INFO - [2025-10-16T13:20:38.993+0000] {quality_assurance.py:238} WARNING - visual_diff_system helpers are not available; visual QA will run in fallback mode
[2025-10-16T13:20:38.993+0000] {logging_mixin.py:188} INFO - [2025-10-16T13:20:38.993+0000] {quality_assurance.py:238} WARNING - scikit-image не установлен, используется fallback SSIM
[2025-10-16T13:20:38.993+0000] {logging_mixin.py:188} INFO - [2025-10-16T13:20:38.993+0000] {quality_assurance.py:238} WARNING - sentence-transformers не установлен, семантический анализ упрощен
[2025-10-16T13:20:38.993+0000] {logging_mixin.py:188} INFO - [2025-10-16T13:20:38.993+0000] {quality_assurance.py:238} WARNING - PyMuPDF не установлен, fallback генерация PDF недоступна
[2025-10-16T13:20:38.997+0000] {processor.py:840} INFO - DAG(s) 'quality_assurance' retrieved from /opt/airflow/dags/quality_assurance.py
[2025-10-16T13:20:39.020+0000] {logging_mixin.py:188} INFO - [2025-10-16T13:20:39.020+0000] {dag.py:3036} INFO - Sync 1 DAGs
[2025-10-16T13:20:39.030+0000] {logging_mixin.py:188} INFO - [2025-10-16T13:20:39.030+0000] {dag.py:3823} INFO - Setting next_dagrun for quality_assurance to None, run_after=None
[2025-10-16T13:20:39.042+0000] {processor.py:183} INFO - Processing /opt/airflow/dags/quality_assurance.py took 0.311 seconds
[2025-10-16T13:21:10.013+0000] {processor.py:161} INFO - Started process (PID=234) to work on /opt/airflow/dags/quality_assurance.py
[2025-10-16T13:21:10.014+0000] {processor.py:830} INFO - Processing file /opt/airflow/dags/quality_assurance.py for tasks to queue
[2025-10-16T13:21:10.016+0000] {logging_mixin.py:188} INFO - [2025-10-16T13:21:10.015+0000] {dagbag.py:538} INFO - Filling up the DagBag from /opt/airflow/dags/quality_assurance.py
[2025-10-16T13:21:10.249+0000] {logging_mixin.py:188} INFO - [2025-10-16T13:21:10.249+0000] {shared_utils.py:452} INFO - Инициализированы пути обработки: ['input_pdf', 'temp_dir', 'output_md', 'logs', 'work_dir']
[2025-10-16T13:21:10.249+0000] {logging_mixin.py:188} INFO - [2025-10-16T13:21:10.249+0000] {shared_utils.py:456} INFO - Настроены URL сервисов: ['document_processor', 'translator', 'quality_assurance', 'airflow']
[2025-10-16T13:21:10.265+0000] {logging_mixin.py:188} INFO - [2025-10-16T13:21:10.265+0000] {quality_assurance.py:238} WARNING - visual_diff_system helpers are not available; visual QA will run in fallback mode
[2025-10-16T13:21:10.266+0000] {logging_mixin.py:188} INFO - [2025-10-16T13:21:10.265+0000] {quality_assurance.py:238} WARNING - scikit-image не установлен, используется fallback SSIM
[2025-10-16T13:21:10.266+0000] {logging_mixin.py:188} INFO - [2025-10-16T13:21:10.266+0000] {quality_assurance.py:238} WARNING - sentence-transformers не установлен, семантический анализ упрощен
[2025-10-16T13:21:10.266+0000] {logging_mixin.py:188} INFO - [2025-10-16T13:21:10.266+0000] {quality_assurance.py:238} WARNING - PyMuPDF не установлен, fallback генерация PDF недоступна
[2025-10-16T13:21:10.269+0000] {logging_mixin.py:188} INFO - [2025-10-16T13:21:10.269+0000] {quality_assurance.py:238} WARNING - visual_diff_system helpers are not available; visual QA will run in fallback mode
[2025-10-16T13:21:10.269+0000] {logging_mixin.py:188} INFO - [2025-10-16T13:21:10.269+0000] {quality_assurance.py:238} WARNING - scikit-image не установлен, используется fallback SSIM
[2025-10-16T13:21:10.269+0000] {logging_mixin.py:188} INFO - [2025-10-16T13:21:10.269+0000] {quality_assurance.py:238} WARNING - sentence-transformers не установлен, семантический анализ упрощен
[2025-10-16T13:21:10.269+0000] {logging_mixin.py:188} INFO - [2025-10-16T13:21:10.269+0000] {quality_assurance.py:238} WARNING - PyMuPDF не установлен, fallback генерация PDF недоступна
[2025-10-16T13:21:10.272+0000] {processor.py:840} INFO - DAG(s) 'quality_assurance' retrieved from /opt/airflow/dags/quality_assurance.py
[2025-10-16T13:21:10.295+0000] {logging_mixin.py:188} INFO - [2025-10-16T13:21:10.294+0000] {dag.py:3036} INFO - Sync 1 DAGs
[2025-10-16T13:21:10.422+0000] {logging_mixin.py:188} INFO - [2025-10-16T13:21:10.422+0000] {dag.py:3823} INFO - Setting next_dagrun for quality_assurance to None, run_after=None
[2025-10-16T13:21:10.434+0000] {processor.py:183} INFO - Processing /opt/airflow/dags/quality_assurance.py took 0.423 seconds
[2025-10-16T13:21:41.330+0000] {processor.py:161} INFO - Started process (PID=247) to work on /opt/airflow/dags/quality_assurance.py
[2025-10-16T13:21:41.331+0000] {processor.py:830} INFO - Processing file /opt/airflow/dags/quality_assurance.py for tasks to queue
[2025-10-16T13:21:41.332+0000] {logging_mixin.py:188} INFO - [2025-10-16T13:21:41.332+0000] {dagbag.py:538} INFO - Filling up the DagBag from /opt/airflow/dags/quality_assurance.py
[2025-10-16T13:21:41.671+0000] {logging_mixin.py:188} INFO - [2025-10-16T13:21:41.670+0000] {shared_utils.py:452} INFO - Инициализированы пути обработки: ['input_pdf', 'temp_dir', 'output_md', 'logs', 'work_dir']
[2025-10-16T13:21:41.671+0000] {logging_mixin.py:188} INFO - [2025-10-16T13:21:41.671+0000] {shared_utils.py:456} INFO - Настроены URL сервисов: ['document_processor', 'translator', 'quality_assurance', 'airflow']
[2025-10-16T13:21:41.687+0000] {logging_mixin.py:188} INFO - [2025-10-16T13:21:41.686+0000] {quality_assurance.py:238} WARNING - visual_diff_system helpers are not available; visual QA will run in fallback mode
[2025-10-16T13:21:41.687+0000] {logging_mixin.py:188} INFO - [2025-10-16T13:21:41.687+0000] {quality_assurance.py:238} WARNING - scikit-image не установлен, используется fallback SSIM
[2025-10-16T13:21:41.687+0000] {logging_mixin.py:188} INFO - [2025-10-16T13:21:41.687+0000] {quality_assurance.py:238} WARNING - sentence-transformers не установлен, семантический анализ упрощен
[2025-10-16T13:21:41.687+0000] {logging_mixin.py:188} INFO - [2025-10-16T13:21:41.687+0000] {quality_assurance.py:238} WARNING - PyMuPDF не установлен, fallback генерация PDF недоступна
[2025-10-16T13:21:41.689+0000] {logging_mixin.py:188} INFO - [2025-10-16T13:21:41.689+0000] {quality_assurance.py:238} WARNING - visual_diff_system helpers are not available; visual QA will run in fallback mode
[2025-10-16T13:21:41.689+0000] {logging_mixin.py:188} INFO - [2025-10-16T13:21:41.689+0000] {quality_assurance.py:238} WARNING - scikit-image не установлен, используется fallback SSIM
[2025-10-16T13:21:41.690+0000] {logging_mixin.py:188} INFO - [2025-10-16T13:21:41.690+0000] {quality_assurance.py:238} WARNING - sentence-transformers не установлен, семантический анализ упрощен
[2025-10-16T13:21:41.690+0000] {logging_mixin.py:188} INFO - [2025-10-16T13:21:41.690+0000] {quality_assurance.py:238} WARNING - PyMuPDF не установлен, fallback генерация PDF недоступна
[2025-10-16T13:21:41.692+0000] {processor.py:840} INFO - DAG(s) 'quality_assurance' retrieved from /opt/airflow/dags/quality_assurance.py
[2025-10-16T13:21:41.713+0000] {logging_mixin.py:188} INFO - [2025-10-16T13:21:41.713+0000] {dag.py:3036} INFO - Sync 1 DAGs
[2025-10-16T13:21:41.722+0000] {logging_mixin.py:188} INFO - [2025-10-16T13:21:41.721+0000] {dag.py:3823} INFO - Setting next_dagrun for quality_assurance to None, run_after=None
[2025-10-16T13:21:41.733+0000] {processor.py:183} INFO - Processing /opt/airflow/dags/quality_assurance.py took 0.406 seconds
[2025-10-16T13:22:11.862+0000] {processor.py:161} INFO - Started process (PID=260) to work on /opt/airflow/dags/quality_assurance.py
[2025-10-16T13:22:11.862+0000] {processor.py:830} INFO - Processing file /opt/airflow/dags/quality_assurance.py for tasks to queue
[2025-10-16T13:22:11.864+0000] {logging_mixin.py:188} INFO - [2025-10-16T13:22:11.864+0000] {dagbag.py:538} INFO - Filling up the DagBag from /opt/airflow/dags/quality_assurance.py
[2025-10-16T13:22:12.093+0000] {logging_mixin.py:188} INFO - [2025-10-16T13:22:12.093+0000] {shared_utils.py:452} INFO - Инициализированы пути обработки: ['input_pdf', 'temp_dir', 'output_md', 'logs', 'work_dir']
[2025-10-16T13:22:12.093+0000] {logging_mixin.py:188} INFO - [2025-10-16T13:22:12.093+0000] {shared_utils.py:456} INFO - Настроены URL сервисов: ['document_processor', 'translator', 'quality_assurance', 'airflow']
[2025-10-16T13:22:12.109+0000] {logging_mixin.py:188} INFO - [2025-10-16T13:22:12.109+0000] {quality_assurance.py:238} WARNING - visual_diff_system helpers are not available; visual QA will run in fallback mode
[2025-10-16T13:22:12.109+0000] {logging_mixin.py:188} INFO - [2025-10-16T13:22:12.109+0000] {quality_assurance.py:238} WARNING - scikit-image не установлен, используется fallback SSIM
[2025-10-16T13:22:12.109+0000] {logging_mixin.py:188} INFO - [2025-10-16T13:22:12.109+0000] {quality_assurance.py:238} WARNING - sentence-transformers не установлен, семантический анализ упрощен
[2025-10-16T13:22:12.109+0000] {logging_mixin.py:188} INFO - [2025-10-16T13:22:12.109+0000] {quality_assurance.py:238} WARNING - PyMuPDF не установлен, fallback генерация PDF недоступна
[2025-10-16T13:22:12.113+0000] {logging_mixin.py:188} INFO - [2025-10-16T13:22:12.113+0000] {quality_assurance.py:238} WARNING - visual_diff_system helpers are not available; visual QA will run in fallback mode
[2025-10-16T13:22:12.113+0000] {logging_mixin.py:188} INFO - [2025-10-16T13:22:12.113+0000] {quality_assurance.py:238} WARNING - scikit-image не установлен, используется fallback SSIM
[2025-10-16T13:22:12.113+0000] {logging_mixin.py:188} INFO - [2025-10-16T13:22:12.113+0000] {quality_assurance.py:238} WARNING - sentence-transformers не установлен, семантический анализ упрощен
[2025-10-16T13:22:12.113+0000] {logging_mixin.py:188} INFO - [2025-10-16T13:22:12.113+0000] {quality_assurance.py:238} WARNING - PyMuPDF не установлен, fallback генерация PDF недоступна
[2025-10-16T13:22:12.116+0000] {processor.py:840} INFO - DAG(s) 'quality_assurance' retrieved from /opt/airflow/dags/quality_assurance.py
[2025-10-16T13:22:12.140+0000] {logging_mixin.py:188} INFO - [2025-10-16T13:22:12.140+0000] {dag.py:3036} INFO - Sync 1 DAGs
[2025-10-16T13:22:12.150+0000] {logging_mixin.py:188} INFO - [2025-10-16T13:22:12.150+0000] {dag.py:3823} INFO - Setting next_dagrun for quality_assurance to None, run_after=None
[2025-10-16T13:22:12.162+0000] {processor.py:183} INFO - Processing /opt/airflow/dags/quality_assurance.py took 0.303 seconds
[2025-10-16T13:22:42.250+0000] {processor.py:161} INFO - Started process (PID=278) to work on /opt/airflow/dags/quality_assurance.py
[2025-10-16T13:22:42.250+0000] {processor.py:830} INFO - Processing file /opt/airflow/dags/quality_assurance.py for tasks to queue
[2025-10-16T13:22:42.252+0000] {logging_mixin.py:188} INFO - [2025-10-16T13:22:42.252+0000] {dagbag.py:538} INFO - Filling up the DagBag from /opt/airflow/dags/quality_assurance.py
[2025-10-16T13:22:42.584+0000] {logging_mixin.py:188} INFO - [2025-10-16T13:22:42.584+0000] {shared_utils.py:452} INFO - Инициализированы пути обработки: ['input_pdf', 'temp_dir', 'output_md', 'logs', 'work_dir']
[2025-10-16T13:22:42.585+0000] {logging_mixin.py:188} INFO - [2025-10-16T13:22:42.585+0000] {shared_utils.py:456} INFO - Настроены URL сервисов: ['document_processor', 'translator', 'quality_assurance', 'airflow']
[2025-10-16T13:22:42.600+0000] {logging_mixin.py:188} INFO - [2025-10-16T13:22:42.600+0000] {quality_assurance.py:238} WARNING - visual_diff_system helpers are not available; visual QA will run in fallback mode
[2025-10-16T13:22:42.601+0000] {logging_mixin.py:188} INFO - [2025-10-16T13:22:42.600+0000] {quality_assurance.py:238} WARNING - scikit-image не установлен, используется fallback SSIM
[2025-10-16T13:22:42.601+0000] {logging_mixin.py:188} INFO - [2025-10-16T13:22:42.601+0000] {quality_assurance.py:238} WARNING - sentence-transformers не установлен, семантический анализ упрощен
[2025-10-16T13:22:42.601+0000] {logging_mixin.py:188} INFO - [2025-10-16T13:22:42.601+0000] {quality_assurance.py:238} WARNING - PyMuPDF не установлен, fallback генерация PDF недоступна
[2025-10-16T13:22:42.603+0000] {logging_mixin.py:188} INFO - [2025-10-16T13:22:42.603+0000] {quality_assurance.py:238} WARNING - visual_diff_system helpers are not available; visual QA will run in fallback mode
[2025-10-16T13:22:42.603+0000] {logging_mixin.py:188} INFO - [2025-10-16T13:22:42.603+0000] {quality_assurance.py:238} WARNING - scikit-image не установлен, используется fallback SSIM
[2025-10-16T13:22:42.603+0000] {logging_mixin.py:188} INFO - [2025-10-16T13:22:42.603+0000] {quality_assurance.py:238} WARNING - sentence-transformers не установлен, семантический анализ упрощен
[2025-10-16T13:22:42.603+0000] {logging_mixin.py:188} INFO - [2025-10-16T13:22:42.603+0000] {quality_assurance.py:238} WARNING - PyMuPDF не установлен, fallback генерация PDF недоступна
[2025-10-16T13:22:42.606+0000] {processor.py:840} INFO - DAG(s) 'quality_assurance' retrieved from /opt/airflow/dags/quality_assurance.py
[2025-10-16T13:22:42.626+0000] {logging_mixin.py:188} INFO - [2025-10-16T13:22:42.626+0000] {dag.py:3036} INFO - Sync 1 DAGs
[2025-10-16T13:22:42.635+0000] {logging_mixin.py:188} INFO - [2025-10-16T13:22:42.635+0000] {dag.py:3823} INFO - Setting next_dagrun for quality_assurance to None, run_after=None
[2025-10-16T13:22:42.646+0000] {processor.py:183} INFO - Processing /opt/airflow/dags/quality_assurance.py took 0.399 seconds
[2025-10-16T13:23:12.709+0000] {processor.py:161} INFO - Started process (PID=291) to work on /opt/airflow/dags/quality_assurance.py
[2025-10-16T13:23:12.710+0000] {processor.py:830} INFO - Processing file /opt/airflow/dags/quality_assurance.py for tasks to queue
[2025-10-16T13:23:12.711+0000] {logging_mixin.py:188} INFO - [2025-10-16T13:23:12.711+0000] {dagbag.py:538} INFO - Filling up the DagBag from /opt/airflow/dags/quality_assurance.py
[2025-10-16T13:23:12.944+0000] {logging_mixin.py:188} INFO - [2025-10-16T13:23:12.943+0000] {shared_utils.py:452} INFO - Инициализированы пути обработки: ['input_pdf', 'temp_dir', 'output_md', 'logs', 'work_dir']
[2025-10-16T13:23:12.944+0000] {logging_mixin.py:188} INFO - [2025-10-16T13:23:12.944+0000] {shared_utils.py:456} INFO - Настроены URL сервисов: ['document_processor', 'translator', 'quality_assurance', 'airflow']
[2025-10-16T13:23:12.960+0000] {logging_mixin.py:188} INFO - [2025-10-16T13:23:12.960+0000] {quality_assurance.py:238} WARNING - visual_diff_system helpers are not available; visual QA will run in fallback mode
[2025-10-16T13:23:12.960+0000] {logging_mixin.py:188} INFO - [2025-10-16T13:23:12.960+0000] {quality_assurance.py:238} WARNING - scikit-image не установлен, используется fallback SSIM
[2025-10-16T13:23:12.960+0000] {logging_mixin.py:188} INFO - [2025-10-16T13:23:12.960+0000] {quality_assurance.py:238} WARNING - sentence-transformers не установлен, семантический анализ упрощен
[2025-10-16T13:23:12.960+0000] {logging_mixin.py:188} INFO - [2025-10-16T13:23:12.960+0000] {quality_assurance.py:238} WARNING - PyMuPDF не установлен, fallback генерация PDF недоступна
[2025-10-16T13:23:12.963+0000] {logging_mixin.py:188} INFO - [2025-10-16T13:23:12.963+0000] {quality_assurance.py:238} WARNING - visual_diff_system helpers are not available; visual QA will run in fallback mode
[2025-10-16T13:23:12.964+0000] {logging_mixin.py:188} INFO - [2025-10-16T13:23:12.963+0000] {quality_assurance.py:238} WARNING - scikit-image не установлен, используется fallback SSIM
[2025-10-16T13:23:12.964+0000] {logging_mixin.py:188} INFO - [2025-10-16T13:23:12.964+0000] {quality_assurance.py:238} WARNING - sentence-transformers не установлен, семантический анализ упрощен
[2025-10-16T13:23:12.964+0000] {logging_mixin.py:188} INFO - [2025-10-16T13:23:12.964+0000] {quality_assurance.py:238} WARNING - PyMuPDF не установлен, fallback генерация PDF недоступна
[2025-10-16T13:23:12.967+0000] {processor.py:840} INFO - DAG(s) 'quality_assurance' retrieved from /opt/airflow/dags/quality_assurance.py
[2025-10-16T13:23:12.991+0000] {logging_mixin.py:188} INFO - [2025-10-16T13:23:12.990+0000] {dag.py:3036} INFO - Sync 1 DAGs
[2025-10-16T13:23:13.001+0000] {logging_mixin.py:188} INFO - [2025-10-16T13:23:13.001+0000] {dag.py:3823} INFO - Setting next_dagrun for quality_assurance to None, run_after=None
[2025-10-16T13:23:13.013+0000] {processor.py:183} INFO - Processing /opt/airflow/dags/quality_assurance.py took 0.306 seconds
[2025-10-16T13:23:43.051+0000] {processor.py:161} INFO - Started process (PID=304) to work on /opt/airflow/dags/quality_assurance.py
[2025-10-16T13:23:43.052+0000] {processor.py:830} INFO - Processing file /opt/airflow/dags/quality_assurance.py for tasks to queue
[2025-10-16T13:23:43.053+0000] {logging_mixin.py:188} INFO - [2025-10-16T13:23:43.053+0000] {dagbag.py:538} INFO - Filling up the DagBag from /opt/airflow/dags/quality_assurance.py
[2025-10-16T13:23:43.402+0000] {logging_mixin.py:188} INFO - [2025-10-16T13:23:43.402+0000] {shared_utils.py:452} INFO - Инициализированы пути обработки: ['input_pdf', 'temp_dir', 'output_md', 'logs', 'work_dir']
[2025-10-16T13:23:43.402+0000] {logging_mixin.py:188} INFO - [2025-10-16T13:23:43.402+0000] {shared_utils.py:456} INFO - Настроены URL сервисов: ['document_processor', 'translator', 'quality_assurance', 'airflow']
[2025-10-16T13:23:43.418+0000] {logging_mixin.py:188} INFO - [2025-10-16T13:23:43.418+0000] {quality_assurance.py:238} WARNING - visual_diff_system helpers are not available; visual QA will run in fallback mode
[2025-10-16T13:23:43.418+0000] {logging_mixin.py:188} INFO - [2025-10-16T13:23:43.418+0000] {quality_assurance.py:238} WARNING - scikit-image не установлен, используется fallback SSIM
[2025-10-16T13:23:43.419+0000] {logging_mixin.py:188} INFO - [2025-10-16T13:23:43.418+0000] {quality_assurance.py:238} WARNING - sentence-transformers не установлен, семантический анализ упрощен
[2025-10-16T13:23:43.419+0000] {logging_mixin.py:188} INFO - [2025-10-16T13:23:43.419+0000] {quality_assurance.py:238} WARNING - PyMuPDF не установлен, fallback генерация PDF недоступна
[2025-10-16T13:23:43.421+0000] {logging_mixin.py:188} INFO - [2025-10-16T13:23:43.421+0000] {quality_assurance.py:238} WARNING - visual_diff_system helpers are not available; visual QA will run in fallback mode
[2025-10-16T13:23:43.421+0000] {logging_mixin.py:188} INFO - [2025-10-16T13:23:43.421+0000] {quality_assurance.py:238} WARNING - scikit-image не установлен, используется fallback SSIM
[2025-10-16T13:23:43.421+0000] {logging_mixin.py:188} INFO - [2025-10-16T13:23:43.421+0000] {quality_assurance.py:238} WARNING - sentence-transformers не установлен, семантический анализ упрощен
[2025-10-16T13:23:43.421+0000] {logging_mixin.py:188} INFO - [2025-10-16T13:23:43.421+0000] {quality_assurance.py:238} WARNING - PyMuPDF не установлен, fallback генерация PDF недоступна
[2025-10-16T13:23:43.424+0000] {processor.py:840} INFO - DAG(s) 'quality_assurance' retrieved from /opt/airflow/dags/quality_assurance.py
[2025-10-16T13:23:43.444+0000] {logging_mixin.py:188} INFO - [2025-10-16T13:23:43.444+0000] {dag.py:3036} INFO - Sync 1 DAGs
[2025-10-16T13:23:43.453+0000] {logging_mixin.py:188} INFO - [2025-10-16T13:23:43.453+0000] {dag.py:3823} INFO - Setting next_dagrun for quality_assurance to None, run_after=None
[2025-10-16T13:23:43.465+0000] {processor.py:183} INFO - Processing /opt/airflow/dags/quality_assurance.py took 0.417 seconds
[2025-10-16T13:24:14.441+0000] {processor.py:161} INFO - Started process (PID=317) to work on /opt/airflow/dags/quality_assurance.py
[2025-10-16T13:24:14.442+0000] {processor.py:830} INFO - Processing file /opt/airflow/dags/quality_assurance.py for tasks to queue
[2025-10-16T13:24:14.443+0000] {logging_mixin.py:188} INFO - [2025-10-16T13:24:14.443+0000] {dagbag.py:538} INFO - Filling up the DagBag from /opt/airflow/dags/quality_assurance.py
[2025-10-16T13:24:14.674+0000] {logging_mixin.py:188} INFO - [2025-10-16T13:24:14.674+0000] {shared_utils.py:452} INFO - Инициализированы пути обработки: ['input_pdf', 'temp_dir', 'output_md', 'logs', 'work_dir']
[2025-10-16T13:24:14.674+0000] {logging_mixin.py:188} INFO - [2025-10-16T13:24:14.674+0000] {shared_utils.py:456} INFO - Настроены URL сервисов: ['document_processor', 'translator', 'quality_assurance', 'airflow']
[2025-10-16T13:24:14.691+0000] {logging_mixin.py:188} INFO - [2025-10-16T13:24:14.691+0000] {quality_assurance.py:238} WARNING - visual_diff_system helpers are not available; visual QA will run in fallback mode
[2025-10-16T13:24:14.691+0000] {logging_mixin.py:188} INFO - [2025-10-16T13:24:14.691+0000] {quality_assurance.py:238} WARNING - scikit-image не установлен, используется fallback SSIM
[2025-10-16T13:24:14.691+0000] {logging_mixin.py:188} INFO - [2025-10-16T13:24:14.691+0000] {quality_assurance.py:238} WARNING - sentence-transformers не установлен, семантический анализ упрощен
[2025-10-16T13:24:14.691+0000] {logging_mixin.py:188} INFO - [2025-10-16T13:24:14.691+0000] {quality_assurance.py:238} WARNING - PyMuPDF не установлен, fallback генерация PDF недоступна
[2025-10-16T13:24:14.694+0000] {logging_mixin.py:188} INFO - [2025-10-16T13:24:14.694+0000] {quality_assurance.py:238} WARNING - visual_diff_system helpers are not available; visual QA will run in fallback mode
[2025-10-16T13:24:14.694+0000] {logging_mixin.py:188} INFO - [2025-10-16T13:24:14.694+0000] {quality_assurance.py:238} WARNING - scikit-image не установлен, используется fallback SSIM
[2025-10-16T13:24:14.695+0000] {logging_mixin.py:188} INFO - [2025-10-16T13:24:14.694+0000] {quality_assurance.py:238} WARNING - sentence-transformers не установлен, семантический анализ упрощен
[2025-10-16T13:24:14.695+0000] {logging_mixin.py:188} INFO - [2025-10-16T13:24:14.695+0000] {quality_assurance.py:238} WARNING - PyMuPDF не установлен, fallback генерация PDF недоступна
[2025-10-16T13:24:14.698+0000] {processor.py:840} INFO - DAG(s) 'quality_assurance' retrieved from /opt/airflow/dags/quality_assurance.py
[2025-10-16T13:24:14.835+0000] {logging_mixin.py:188} INFO - [2025-10-16T13:24:14.835+0000] {dag.py:3036} INFO - Sync 1 DAGs
[2025-10-16T13:24:14.844+0000] {logging_mixin.py:188} INFO - [2025-10-16T13:24:14.844+0000] {dag.py:3823} INFO - Setting next_dagrun for quality_assurance to None, run_after=None
[2025-10-16T13:24:14.856+0000] {processor.py:183} INFO - Processing /opt/airflow/dags/quality_assurance.py took 0.418 seconds
[2025-10-16T13:24:45.736+0000] {processor.py:161} INFO - Started process (PID=330) to work on /opt/airflow/dags/quality_assurance.py
[2025-10-16T13:24:45.737+0000] {processor.py:830} INFO - Processing file /opt/airflow/dags/quality_assurance.py for tasks to queue
[2025-10-16T13:24:45.738+0000] {logging_mixin.py:188} INFO - [2025-10-16T13:24:45.738+0000] {dagbag.py:538} INFO - Filling up the DagBag from /opt/airflow/dags/quality_assurance.py
[2025-10-16T13:24:46.070+0000] {logging_mixin.py:188} INFO - [2025-10-16T13:24:46.070+0000] {shared_utils.py:452} INFO - Инициализированы пути обработки: ['input_pdf', 'temp_dir', 'output_md', 'logs', 'work_dir']
[2025-10-16T13:24:46.070+0000] {logging_mixin.py:188} INFO - [2025-10-16T13:24:46.070+0000] {shared_utils.py:456} INFO - Настроены URL сервисов: ['document_processor', 'translator', 'quality_assurance', 'airflow']
[2025-10-16T13:24:46.086+0000] {logging_mixin.py:188} INFO - [2025-10-16T13:24:46.086+0000] {quality_assurance.py:238} WARNING - visual_diff_system helpers are not available; visual QA will run in fallback mode
[2025-10-16T13:24:46.086+0000] {logging_mixin.py:188} INFO - [2025-10-16T13:24:46.086+0000] {quality_assurance.py:238} WARNING - scikit-image не установлен, используется fallback SSIM
[2025-10-16T13:24:46.086+0000] {logging_mixin.py:188} INFO - [2025-10-16T13:24:46.086+0000] {quality_assurance.py:238} WARNING - sentence-transformers не установлен, семантический анализ упрощен
[2025-10-16T13:24:46.087+0000] {logging_mixin.py:188} INFO - [2025-10-16T13:24:46.086+0000] {quality_assurance.py:238} WARNING - PyMuPDF не установлен, fallback генерация PDF недоступна
[2025-10-16T13:24:46.089+0000] {logging_mixin.py:188} INFO - [2025-10-16T13:24:46.089+0000] {quality_assurance.py:238} WARNING - visual_diff_system helpers are not available; visual QA will run in fallback mode
[2025-10-16T13:24:46.089+0000] {logging_mixin.py:188} INFO - [2025-10-16T13:24:46.089+0000] {quality_assurance.py:238} WARNING - scikit-image не установлен, используется fallback SSIM
[2025-10-16T13:24:46.089+0000] {logging_mixin.py:188} INFO - [2025-10-16T13:24:46.089+0000] {quality_assurance.py:238} WARNING - sentence-transformers не установлен, семантический анализ упрощен
[2025-10-16T13:24:46.089+0000] {logging_mixin.py:188} INFO - [2025-10-16T13:24:46.089+0000] {quality_assurance.py:238} WARNING - PyMuPDF не установлен, fallback генерация PDF недоступна
[2025-10-16T13:24:46.092+0000] {processor.py:840} INFO - DAG(s) 'quality_assurance' retrieved from /opt/airflow/dags/quality_assurance.py
[2025-10-16T13:24:46.114+0000] {logging_mixin.py:188} INFO - [2025-10-16T13:24:46.113+0000] {dag.py:3036} INFO - Sync 1 DAGs
[2025-10-16T13:24:46.124+0000] {logging_mixin.py:188} INFO - [2025-10-16T13:24:46.123+0000] {dag.py:3823} INFO - Setting next_dagrun for quality_assurance to None, run_after=None
[2025-10-16T13:24:46.135+0000] {processor.py:183} INFO - Processing /opt/airflow/dags/quality_assurance.py took 0.402 seconds
[2025-10-16T13:25:16.189+0000] {processor.py:161} INFO - Started process (PID=343) to work on /opt/airflow/dags/quality_assurance.py
[2025-10-16T13:25:16.189+0000] {processor.py:830} INFO - Processing file /opt/airflow/dags/quality_assurance.py for tasks to queue
[2025-10-16T13:25:16.191+0000] {logging_mixin.py:188} INFO - [2025-10-16T13:25:16.191+0000] {dagbag.py:538} INFO - Filling up the DagBag from /opt/airflow/dags/quality_assurance.py
[2025-10-16T13:25:16.423+0000] {logging_mixin.py:188} INFO - [2025-10-16T13:25:16.423+0000] {shared_utils.py:452} INFO - Инициализированы пути обработки: ['input_pdf', 'temp_dir', 'output_md', 'logs', 'work_dir']
[2025-10-16T13:25:16.423+0000] {logging_mixin.py:188} INFO - [2025-10-16T13:25:16.423+0000] {shared_utils.py:456} INFO - Настроены URL сервисов: ['document_processor', 'translator', 'quality_assurance', 'airflow']
[2025-10-16T13:25:16.439+0000] {logging_mixin.py:188} INFO - [2025-10-16T13:25:16.439+0000] {quality_assurance.py:238} WARNING - visual_diff_system helpers are not available; visual QA will run in fallback mode
[2025-10-16T13:25:16.439+0000] {logging_mixin.py:188} INFO - [2025-10-16T13:25:16.439+0000] {quality_assurance.py:238} WARNING - scikit-image не установлен, используется fallback SSIM
[2025-10-16T13:25:16.439+0000] {logging_mixin.py:188} INFO - [2025-10-16T13:25:16.439+0000] {quality_assurance.py:238} WARNING - sentence-transformers не установлен, семантический анализ упрощен
[2025-10-16T13:25:16.440+0000] {logging_mixin.py:188} INFO - [2025-10-16T13:25:16.440+0000] {quality_assurance.py:238} WARNING - PyMuPDF не установлен, fallback генерация PDF недоступна
[2025-10-16T13:25:16.443+0000] {logging_mixin.py:188} INFO - [2025-10-16T13:25:16.443+0000] {quality_assurance.py:238} WARNING - visual_diff_system helpers are not available; visual QA will run in fallback mode
[2025-10-16T13:25:16.443+0000] {logging_mixin.py:188} INFO - [2025-10-16T13:25:16.443+0000] {quality_assurance.py:238} WARNING - scikit-image не установлен, используется fallback SSIM
[2025-10-16T13:25:16.443+0000] {logging_mixin.py:188} INFO - [2025-10-16T13:25:16.443+0000] {quality_assurance.py:238} WARNING - sentence-transformers не установлен, семантический анализ упрощен
[2025-10-16T13:25:16.443+0000] {logging_mixin.py:188} INFO - [2025-10-16T13:25:16.443+0000] {quality_assurance.py:238} WARNING - PyMuPDF не установлен, fallback генерация PDF недоступна
[2025-10-16T13:25:16.446+0000] {processor.py:840} INFO - DAG(s) 'quality_assurance' retrieved from /opt/airflow/dags/quality_assurance.py
[2025-10-16T13:25:16.470+0000] {logging_mixin.py:188} INFO - [2025-10-16T13:25:16.469+0000] {dag.py:3036} INFO - Sync 1 DAGs
[2025-10-16T13:25:16.479+0000] {logging_mixin.py:188} INFO - [2025-10-16T13:25:16.479+0000] {dag.py:3823} INFO - Setting next_dagrun for quality_assurance to None, run_after=None
[2025-10-16T13:25:16.492+0000] {processor.py:183} INFO - Processing /opt/airflow/dags/quality_assurance.py took 0.306 seconds
[2025-10-16T13:25:47.468+0000] {processor.py:161} INFO - Started process (PID=356) to work on /opt/airflow/dags/quality_assurance.py
[2025-10-16T13:25:47.469+0000] {processor.py:830} INFO - Processing file /opt/airflow/dags/quality_assurance.py for tasks to queue
[2025-10-16T13:25:47.471+0000] {logging_mixin.py:188} INFO - [2025-10-16T13:25:47.470+0000] {dagbag.py:538} INFO - Filling up the DagBag from /opt/airflow/dags/quality_assurance.py
[2025-10-16T13:25:47.811+0000] {logging_mixin.py:188} INFO - [2025-10-16T13:25:47.810+0000] {shared_utils.py:452} INFO - Инициализированы пути обработки: ['input_pdf', 'temp_dir', 'output_md', 'logs', 'work_dir']
[2025-10-16T13:25:47.811+0000] {logging_mixin.py:188} INFO - [2025-10-16T13:25:47.811+0000] {shared_utils.py:456} INFO - Настроены URL сервисов: ['document_processor', 'translator', 'quality_assurance', 'airflow']
[2025-10-16T13:25:47.827+0000] {logging_mixin.py:188} INFO - [2025-10-16T13:25:47.827+0000] {quality_assurance.py:238} WARNING - visual_diff_system helpers are not available; visual QA will run in fallback mode
[2025-10-16T13:25:47.827+0000] {logging_mixin.py:188} INFO - [2025-10-16T13:25:47.827+0000] {quality_assurance.py:238} WARNING - scikit-image не установлен, используется fallback SSIM
[2025-10-16T13:25:47.827+0000] {logging_mixin.py:188} INFO - [2025-10-16T13:25:47.827+0000] {quality_assurance.py:238} WARNING - sentence-transformers не установлен, семантический анализ упрощен
[2025-10-16T13:25:47.827+0000] {logging_mixin.py:188} INFO - [2025-10-16T13:25:47.827+0000] {quality_assurance.py:238} WARNING - PyMuPDF не установлен, fallback генерация PDF недоступна
[2025-10-16T13:25:47.829+0000] {logging_mixin.py:188} INFO - [2025-10-16T13:25:47.829+0000] {quality_assurance.py:238} WARNING - visual_diff_system helpers are not available; visual QA will run in fallback mode
[2025-10-16T13:25:47.830+0000] {logging_mixin.py:188} INFO - [2025-10-16T13:25:47.829+0000] {quality_assurance.py:238} WARNING - scikit-image не установлен, используется fallback SSIM
[2025-10-16T13:25:47.830+0000] {logging_mixin.py:188} INFO - [2025-10-16T13:25:47.830+0000] {quality_assurance.py:238} WARNING - sentence-transformers не установлен, семантический анализ упрощен
[2025-10-16T13:25:47.830+0000] {logging_mixin.py:188} INFO - [2025-10-16T13:25:47.830+0000] {quality_assurance.py:238} WARNING - PyMuPDF не установлен, fallback генерация PDF недоступна
[2025-10-16T13:25:47.833+0000] {processor.py:840} INFO - DAG(s) 'quality_assurance' retrieved from /opt/airflow/dags/quality_assurance.py
[2025-10-16T13:25:47.853+0000] {logging_mixin.py:188} INFO - [2025-10-16T13:25:47.853+0000] {dag.py:3036} INFO - Sync 1 DAGs
[2025-10-16T13:25:47.862+0000] {logging_mixin.py:188} INFO - [2025-10-16T13:25:47.862+0000] {dag.py:3823} INFO - Setting next_dagrun for quality_assurance to None, run_after=None
[2025-10-16T13:25:47.873+0000] {processor.py:183} INFO - Processing /opt/airflow/dags/quality_assurance.py took 0.408 seconds
[2025-10-16T13:26:17.948+0000] {processor.py:161} INFO - Started process (PID=369) to work on /opt/airflow/dags/quality_assurance.py
[2025-10-16T13:26:17.949+0000] {processor.py:830} INFO - Processing file /opt/airflow/dags/quality_assurance.py for tasks to queue
[2025-10-16T13:26:17.951+0000] {logging_mixin.py:188} INFO - [2025-10-16T13:26:17.951+0000] {dagbag.py:538} INFO - Filling up the DagBag from /opt/airflow/dags/quality_assurance.py
[2025-10-16T13:26:18.188+0000] {logging_mixin.py:188} INFO - [2025-10-16T13:26:18.188+0000] {shared_utils.py:452} INFO - Инициализированы пути обработки: ['input_pdf', 'temp_dir', 'output_md', 'logs', 'work_dir']
[2025-10-16T13:26:18.188+0000] {logging_mixin.py:188} INFO - [2025-10-16T13:26:18.188+0000] {shared_utils.py:456} INFO - Настроены URL сервисов: ['document_processor', 'translator', 'quality_assurance', 'airflow']
[2025-10-16T13:26:18.204+0000] {logging_mixin.py:188} INFO - [2025-10-16T13:26:18.204+0000] {quality_assurance.py:238} WARNING - visual_diff_system helpers are not available; visual QA will run in fallback mode
[2025-10-16T13:26:18.205+0000] {logging_mixin.py:188} INFO - [2025-10-16T13:26:18.204+0000] {quality_assurance.py:238} WARNING - scikit-image не установлен, используется fallback SSIM
[2025-10-16T13:26:18.205+0000] {logging_mixin.py:188} INFO - [2025-10-16T13:26:18.205+0000] {quality_assurance.py:238} WARNING - sentence-transformers не установлен, семантический анализ упрощен
[2025-10-16T13:26:18.205+0000] {logging_mixin.py:188} INFO - [2025-10-16T13:26:18.205+0000] {quality_assurance.py:238} WARNING - PyMuPDF не установлен, fallback генерация PDF недоступна
[2025-10-16T13:26:18.208+0000] {logging_mixin.py:188} INFO - [2025-10-16T13:26:18.208+0000] {quality_assurance.py:238} WARNING - visual_diff_system helpers are not available; visual QA will run in fallback mode
[2025-10-16T13:26:18.208+0000] {logging_mixin.py:188} INFO - [2025-10-16T13:26:18.208+0000] {quality_assurance.py:238} WARNING - scikit-image не установлен, используется fallback SSIM
[2025-10-16T13:26:18.208+0000] {logging_mixin.py:188} INFO - [2025-10-16T13:26:18.208+0000] {quality_assurance.py:238} WARNING - sentence-transformers не установлен, семантический анализ упрощен
[2025-10-16T13:26:18.208+0000] {logging_mixin.py:188} INFO - [2025-10-16T13:26:18.208+0000] {quality_assurance.py:238} WARNING - PyMuPDF не установлен, fallback генерация PDF недоступна
[2025-10-16T13:26:18.212+0000] {processor.py:840} INFO - DAG(s) 'quality_assurance' retrieved from /opt/airflow/dags/quality_assurance.py
[2025-10-16T13:26:18.236+0000] {logging_mixin.py:188} INFO - [2025-10-16T13:26:18.236+0000] {dag.py:3036} INFO - Sync 1 DAGs
[2025-10-16T13:26:18.246+0000] {logging_mixin.py:188} INFO - [2025-10-16T13:26:18.246+0000] {dag.py:3823} INFO - Setting next_dagrun for quality_assurance to None, run_after=None
[2025-10-16T13:26:18.259+0000] {processor.py:183} INFO - Processing /opt/airflow/dags/quality_assurance.py took 0.313 seconds
[2025-10-16T13:26:49.233+0000] {processor.py:161} INFO - Started process (PID=382) to work on /opt/airflow/dags/quality_assurance.py
[2025-10-16T13:26:49.234+0000] {processor.py:830} INFO - Processing file /opt/airflow/dags/quality_assurance.py for tasks to queue
[2025-10-16T13:26:49.235+0000] {logging_mixin.py:188} INFO - [2025-10-16T13:26:49.235+0000] {dagbag.py:538} INFO - Filling up the DagBag from /opt/airflow/dags/quality_assurance.py
[2025-10-16T13:26:49.576+0000] {logging_mixin.py:188} INFO - [2025-10-16T13:26:49.575+0000] {shared_utils.py:452} INFO - Инициализированы пути обработки: ['input_pdf', 'temp_dir', 'output_md', 'logs', 'work_dir']
[2025-10-16T13:26:49.576+0000] {logging_mixin.py:188} INFO - [2025-10-16T13:26:49.576+0000] {shared_utils.py:456} INFO - Настроены URL сервисов: ['document_processor', 'translator', 'quality_assurance', 'airflow']
[2025-10-16T13:26:49.592+0000] {logging_mixin.py:188} INFO - [2025-10-16T13:26:49.591+0000] {quality_assurance.py:238} WARNING - visual_diff_system helpers are not available; visual QA will run in fallback mode
[2025-10-16T13:26:49.592+0000] {logging_mixin.py:188} INFO - [2025-10-16T13:26:49.592+0000] {quality_assurance.py:238} WARNING - scikit-image не установлен, используется fallback SSIM
[2025-10-16T13:26:49.592+0000] {logging_mixin.py:188} INFO - [2025-10-16T13:26:49.592+0000] {quality_assurance.py:238} WARNING - sentence-transformers не установлен, семантический анализ упрощен
[2025-10-16T13:26:49.592+0000] {logging_mixin.py:188} INFO - [2025-10-16T13:26:49.592+0000] {quality_assurance.py:238} WARNING - PyMuPDF не установлен, fallback генерация PDF недоступна
[2025-10-16T13:26:49.594+0000] {logging_mixin.py:188} INFO - [2025-10-16T13:26:49.594+0000] {quality_assurance.py:238} WARNING - visual_diff_system helpers are not available; visual QA will run in fallback mode
[2025-10-16T13:26:49.594+0000] {logging_mixin.py:188} INFO - [2025-10-16T13:26:49.594+0000] {quality_assurance.py:238} WARNING - scikit-image не установлен, используется fallback SSIM
[2025-10-16T13:26:49.595+0000] {logging_mixin.py:188} INFO - [2025-10-16T13:26:49.594+0000] {quality_assurance.py:238} WARNING - sentence-transformers не установлен, семантический анализ упрощен
[2025-10-16T13:26:49.595+0000] {logging_mixin.py:188} INFO - [2025-10-16T13:26:49.595+0000] {quality_assurance.py:238} WARNING - PyMuPDF не установлен, fallback генерация PDF недоступна
[2025-10-16T13:26:49.597+0000] {processor.py:840} INFO - DAG(s) 'quality_assurance' retrieved from /opt/airflow/dags/quality_assurance.py
[2025-10-16T13:26:49.620+0000] {logging_mixin.py:188} INFO - [2025-10-16T13:26:49.620+0000] {dag.py:3036} INFO - Sync 1 DAGs
[2025-10-16T13:26:49.629+0000] {logging_mixin.py:188} INFO - [2025-10-16T13:26:49.629+0000] {dag.py:3823} INFO - Setting next_dagrun for quality_assurance to None, run_after=None
[2025-10-16T13:26:49.641+0000] {processor.py:183} INFO - Processing /opt/airflow/dags/quality_assurance.py took 0.411 seconds
[2025-10-16T13:27:19.683+0000] {processor.py:161} INFO - Started process (PID=395) to work on /opt/airflow/dags/quality_assurance.py
[2025-10-16T13:27:19.683+0000] {processor.py:830} INFO - Processing file /opt/airflow/dags/quality_assurance.py for tasks to queue
[2025-10-16T13:27:19.685+0000] {logging_mixin.py:188} INFO - [2025-10-16T13:27:19.685+0000] {dagbag.py:538} INFO - Filling up the DagBag from /opt/airflow/dags/quality_assurance.py
[2025-10-16T13:27:19.919+0000] {logging_mixin.py:188} INFO - [2025-10-16T13:27:19.919+0000] {shared_utils.py:452} INFO - Инициализированы пути обработки: ['input_pdf', 'temp_dir', 'output_md', 'logs', 'work_dir']
[2025-10-16T13:27:19.919+0000] {logging_mixin.py:188} INFO - [2025-10-16T13:27:19.919+0000] {shared_utils.py:456} INFO - Настроены URL сервисов: ['document_processor', 'translator', 'quality_assurance', 'airflow']
[2025-10-16T13:27:19.935+0000] {logging_mixin.py:188} INFO - [2025-10-16T13:27:19.935+0000] {quality_assurance.py:238} WARNING - visual_diff_system helpers are not available; visual QA will run in fallback mode
[2025-10-16T13:27:19.935+0000] {logging_mixin.py:188} INFO - [2025-10-16T13:27:19.935+0000] {quality_assurance.py:238} WARNING - scikit-image не установлен, используется fallback SSIM
[2025-10-16T13:27:19.935+0000] {logging_mixin.py:188} INFO - [2025-10-16T13:27:19.935+0000] {quality_assurance.py:238} WARNING - sentence-transformers не установлен, семантический анализ упрощен
[2025-10-16T13:27:19.935+0000] {logging_mixin.py:188} INFO - [2025-10-16T13:27:19.935+0000] {quality_assurance.py:238} WARNING - PyMuPDF не установлен, fallback генерация PDF недоступна
[2025-10-16T13:27:19.938+0000] {logging_mixin.py:188} INFO - [2025-10-16T13:27:19.938+0000] {quality_assurance.py:238} WARNING - visual_diff_system helpers are not available; visual QA will run in fallback mode
[2025-10-16T13:27:19.939+0000] {logging_mixin.py:188} INFO - [2025-10-16T13:27:19.939+0000] {quality_assurance.py:238} WARNING - scikit-image не установлен, используется fallback SSIM
[2025-10-16T13:27:19.939+0000] {logging_mixin.py:188} INFO - [2025-10-16T13:27:19.939+0000] {quality_assurance.py:238} WARNING - sentence-transformers не установлен, семантический анализ упрощен
[2025-10-16T13:27:19.939+0000] {logging_mixin.py:188} INFO - [2025-10-16T13:27:19.939+0000] {quality_assurance.py:238} WARNING - PyMuPDF не установлен, fallback генерация PDF недоступна
[2025-10-16T13:27:19.942+0000] {processor.py:840} INFO - DAG(s) 'quality_assurance' retrieved from /opt/airflow/dags/quality_assurance.py
[2025-10-16T13:27:19.965+0000] {logging_mixin.py:188} INFO - [2025-10-16T13:27:19.965+0000] {dag.py:3036} INFO - Sync 1 DAGs
[2025-10-16T13:27:19.974+0000] {logging_mixin.py:188} INFO - [2025-10-16T13:27:19.974+0000] {dag.py:3823} INFO - Setting next_dagrun for quality_assurance to None, run_after=None
[2025-10-16T13:27:19.988+0000] {processor.py:183} INFO - Processing /opt/airflow/dags/quality_assurance.py took 0.308 seconds
