[2025-10-16T12:19:10.098+0000] {processor.py:161} INFO - Started process (PID=4641) to work on /opt/airflow/dags/translation_pipeline.py
[2025-10-16T12:19:10.098+0000] {processor.py:830} INFO - Processing file /opt/airflow/dags/translation_pipeline.py for tasks to queue
[2025-10-16T12:19:10.100+0000] {logging_mixin.py:188} INFO - [2025-10-16T12:19:10.099+0000] {dagbag.py:538} INFO - Filling up the DagBag from /opt/airflow/dags/translation_pipeline.py
[2025-10-16T12:19:10.117+0000] {logging_mixin.py:188} INFO - [2025-10-16T12:19:10.117+0000] {shared_utils.py:452} INFO - Инициализированы пути обработки: ['input_pdf', 'temp_dir', 'output_md', 'logs', 'work_dir']
[2025-10-16T12:19:10.117+0000] {logging_mixin.py:188} INFO - [2025-10-16T12:19:10.117+0000] {shared_utils.py:456} INFO - Настроены URL сервисов: ['document_processor', 'translator', 'quality_assurance', 'airflow']
[2025-10-16T12:19:10.122+0000] {processor.py:840} INFO - DAG(s) 'translation_pipeline' retrieved from /opt/airflow/dags/translation_pipeline.py
[2025-10-16T12:19:10.143+0000] {logging_mixin.py:188} INFO - [2025-10-16T12:19:10.143+0000] {dag.py:3036} INFO - Sync 1 DAGs
[2025-10-16T12:19:10.152+0000] {logging_mixin.py:188} INFO - [2025-10-16T12:19:10.152+0000] {dag.py:3823} INFO - Setting next_dagrun for translation_pipeline to None, run_after=None
[2025-10-16T12:19:10.164+0000] {processor.py:183} INFO - Processing /opt/airflow/dags/translation_pipeline.py took 0.069 seconds
[2025-10-16T12:19:40.472+0000] {processor.py:161} INFO - Started process (PID=4654) to work on /opt/airflow/dags/translation_pipeline.py
[2025-10-16T12:19:40.472+0000] {processor.py:830} INFO - Processing file /opt/airflow/dags/translation_pipeline.py for tasks to queue
[2025-10-16T12:19:40.474+0000] {logging_mixin.py:188} INFO - [2025-10-16T12:19:40.474+0000] {dagbag.py:538} INFO - Filling up the DagBag from /opt/airflow/dags/translation_pipeline.py
[2025-10-16T12:19:40.491+0000] {logging_mixin.py:188} INFO - [2025-10-16T12:19:40.491+0000] {shared_utils.py:452} INFO - Инициализированы пути обработки: ['input_pdf', 'temp_dir', 'output_md', 'logs', 'work_dir']
[2025-10-16T12:19:40.491+0000] {logging_mixin.py:188} INFO - [2025-10-16T12:19:40.491+0000] {shared_utils.py:456} INFO - Настроены URL сервисов: ['document_processor', 'translator', 'quality_assurance', 'airflow']
[2025-10-16T12:19:40.497+0000] {processor.py:840} INFO - DAG(s) 'translation_pipeline' retrieved from /opt/airflow/dags/translation_pipeline.py
[2025-10-16T12:19:40.517+0000] {logging_mixin.py:188} INFO - [2025-10-16T12:19:40.517+0000] {dag.py:3036} INFO - Sync 1 DAGs
[2025-10-16T12:19:40.527+0000] {logging_mixin.py:188} INFO - [2025-10-16T12:19:40.527+0000] {dag.py:3823} INFO - Setting next_dagrun for translation_pipeline to None, run_after=None
[2025-10-16T12:19:40.539+0000] {processor.py:183} INFO - Processing /opt/airflow/dags/translation_pipeline.py took 0.070 seconds
[2025-10-16T12:20:10.766+0000] {processor.py:161} INFO - Started process (PID=4667) to work on /opt/airflow/dags/translation_pipeline.py
[2025-10-16T12:20:10.767+0000] {processor.py:830} INFO - Processing file /opt/airflow/dags/translation_pipeline.py for tasks to queue
[2025-10-16T12:20:10.769+0000] {logging_mixin.py:188} INFO - [2025-10-16T12:20:10.768+0000] {dagbag.py:538} INFO - Filling up the DagBag from /opt/airflow/dags/translation_pipeline.py
[2025-10-16T12:20:10.786+0000] {logging_mixin.py:188} INFO - [2025-10-16T12:20:10.786+0000] {shared_utils.py:452} INFO - Инициализированы пути обработки: ['input_pdf', 'temp_dir', 'output_md', 'logs', 'work_dir']
[2025-10-16T12:20:10.786+0000] {logging_mixin.py:188} INFO - [2025-10-16T12:20:10.786+0000] {shared_utils.py:456} INFO - Настроены URL сервисов: ['document_processor', 'translator', 'quality_assurance', 'airflow']
[2025-10-16T12:20:10.791+0000] {processor.py:840} INFO - DAG(s) 'translation_pipeline' retrieved from /opt/airflow/dags/translation_pipeline.py
[2025-10-16T12:20:10.812+0000] {logging_mixin.py:188} INFO - [2025-10-16T12:20:10.812+0000] {dag.py:3036} INFO - Sync 1 DAGs
[2025-10-16T12:20:10.822+0000] {logging_mixin.py:188} INFO - [2025-10-16T12:20:10.821+0000] {dag.py:3823} INFO - Setting next_dagrun for translation_pipeline to None, run_after=None
[2025-10-16T12:20:10.833+0000] {processor.py:183} INFO - Processing /opt/airflow/dags/translation_pipeline.py took 0.070 seconds
[2025-10-16T12:20:41.054+0000] {processor.py:161} INFO - Started process (PID=4680) to work on /opt/airflow/dags/translation_pipeline.py
[2025-10-16T12:20:41.055+0000] {processor.py:830} INFO - Processing file /opt/airflow/dags/translation_pipeline.py for tasks to queue
[2025-10-16T12:20:41.056+0000] {logging_mixin.py:188} INFO - [2025-10-16T12:20:41.056+0000] {dagbag.py:538} INFO - Filling up the DagBag from /opt/airflow/dags/translation_pipeline.py
[2025-10-16T12:20:41.073+0000] {logging_mixin.py:188} INFO - [2025-10-16T12:20:41.073+0000] {shared_utils.py:452} INFO - Инициализированы пути обработки: ['input_pdf', 'temp_dir', 'output_md', 'logs', 'work_dir']
[2025-10-16T12:20:41.073+0000] {logging_mixin.py:188} INFO - [2025-10-16T12:20:41.073+0000] {shared_utils.py:456} INFO - Настроены URL сервисов: ['document_processor', 'translator', 'quality_assurance', 'airflow']
[2025-10-16T12:20:41.079+0000] {processor.py:840} INFO - DAG(s) 'translation_pipeline' retrieved from /opt/airflow/dags/translation_pipeline.py
[2025-10-16T12:20:41.099+0000] {logging_mixin.py:188} INFO - [2025-10-16T12:20:41.099+0000] {dag.py:3036} INFO - Sync 1 DAGs
[2025-10-16T12:20:41.109+0000] {logging_mixin.py:188} INFO - [2025-10-16T12:20:41.109+0000] {dag.py:3823} INFO - Setting next_dagrun for translation_pipeline to None, run_after=None
[2025-10-16T12:20:41.121+0000] {processor.py:183} INFO - Processing /opt/airflow/dags/translation_pipeline.py took 0.070 seconds
[2025-10-16T12:21:11.458+0000] {processor.py:161} INFO - Started process (PID=4693) to work on /opt/airflow/dags/translation_pipeline.py
[2025-10-16T12:21:11.459+0000] {processor.py:830} INFO - Processing file /opt/airflow/dags/translation_pipeline.py for tasks to queue
[2025-10-16T12:21:11.461+0000] {logging_mixin.py:188} INFO - [2025-10-16T12:21:11.460+0000] {dagbag.py:538} INFO - Filling up the DagBag from /opt/airflow/dags/translation_pipeline.py
[2025-10-16T12:21:11.478+0000] {logging_mixin.py:188} INFO - [2025-10-16T12:21:11.478+0000] {shared_utils.py:452} INFO - Инициализированы пути обработки: ['input_pdf', 'temp_dir', 'output_md', 'logs', 'work_dir']
[2025-10-16T12:21:11.478+0000] {logging_mixin.py:188} INFO - [2025-10-16T12:21:11.478+0000] {shared_utils.py:456} INFO - Настроены URL сервисов: ['document_processor', 'translator', 'quality_assurance', 'airflow']
[2025-10-16T12:21:11.483+0000] {processor.py:840} INFO - DAG(s) 'translation_pipeline' retrieved from /opt/airflow/dags/translation_pipeline.py
[2025-10-16T12:21:11.504+0000] {logging_mixin.py:188} INFO - [2025-10-16T12:21:11.504+0000] {dag.py:3036} INFO - Sync 1 DAGs
[2025-10-16T12:21:11.514+0000] {logging_mixin.py:188} INFO - [2025-10-16T12:21:11.514+0000] {dag.py:3823} INFO - Setting next_dagrun for translation_pipeline to None, run_after=None
[2025-10-16T12:21:11.526+0000] {processor.py:183} INFO - Processing /opt/airflow/dags/translation_pipeline.py took 0.070 seconds
[2025-10-16T12:21:41.753+0000] {processor.py:161} INFO - Started process (PID=4706) to work on /opt/airflow/dags/translation_pipeline.py
[2025-10-16T12:21:41.753+0000] {processor.py:830} INFO - Processing file /opt/airflow/dags/translation_pipeline.py for tasks to queue
[2025-10-16T12:21:41.755+0000] {logging_mixin.py:188} INFO - [2025-10-16T12:21:41.755+0000] {dagbag.py:538} INFO - Filling up the DagBag from /opt/airflow/dags/translation_pipeline.py
[2025-10-16T12:21:41.772+0000] {logging_mixin.py:188} INFO - [2025-10-16T12:21:41.772+0000] {shared_utils.py:452} INFO - Инициализированы пути обработки: ['input_pdf', 'temp_dir', 'output_md', 'logs', 'work_dir']
[2025-10-16T12:21:41.772+0000] {logging_mixin.py:188} INFO - [2025-10-16T12:21:41.772+0000] {shared_utils.py:456} INFO - Настроены URL сервисов: ['document_processor', 'translator', 'quality_assurance', 'airflow']
[2025-10-16T12:21:41.777+0000] {processor.py:840} INFO - DAG(s) 'translation_pipeline' retrieved from /opt/airflow/dags/translation_pipeline.py
[2025-10-16T12:21:41.799+0000] {logging_mixin.py:188} INFO - [2025-10-16T12:21:41.799+0000] {dag.py:3036} INFO - Sync 1 DAGs
[2025-10-16T12:21:41.810+0000] {logging_mixin.py:188} INFO - [2025-10-16T12:21:41.809+0000] {dag.py:3823} INFO - Setting next_dagrun for translation_pipeline to None, run_after=None
[2025-10-16T12:21:41.823+0000] {processor.py:183} INFO - Processing /opt/airflow/dags/translation_pipeline.py took 0.073 seconds
[2025-10-16T12:21:49.080+0000] {processor.py:161} INFO - Started process (PID=4711) to work on /opt/airflow/dags/translation_pipeline.py
[2025-10-16T12:21:49.081+0000] {processor.py:830} INFO - Processing file /opt/airflow/dags/translation_pipeline.py for tasks to queue
[2025-10-16T12:21:49.082+0000] {logging_mixin.py:188} INFO - [2025-10-16T12:21:49.082+0000] {dagbag.py:538} INFO - Filling up the DagBag from /opt/airflow/dags/translation_pipeline.py
[2025-10-16T12:21:49.099+0000] {logging_mixin.py:188} INFO - [2025-10-16T12:21:49.099+0000] {shared_utils.py:452} INFO - Инициализированы пути обработки: ['input_pdf', 'temp_dir', 'output_md', 'logs', 'work_dir']
[2025-10-16T12:21:49.100+0000] {logging_mixin.py:188} INFO - [2025-10-16T12:21:49.100+0000] {shared_utils.py:456} INFO - Настроены URL сервисов: ['document_processor', 'translator', 'quality_assurance', 'airflow']
[2025-10-16T12:21:49.105+0000] {processor.py:840} INFO - DAG(s) 'translation_pipeline' retrieved from /opt/airflow/dags/translation_pipeline.py
[2025-10-16T12:21:49.126+0000] {logging_mixin.py:188} INFO - [2025-10-16T12:21:49.126+0000] {dag.py:3036} INFO - Sync 1 DAGs
[2025-10-16T12:21:49.136+0000] {logging_mixin.py:188} INFO - [2025-10-16T12:21:49.135+0000] {dag.py:3823} INFO - Setting next_dagrun for translation_pipeline to None, run_after=None
[2025-10-16T12:21:49.148+0000] {processor.py:183} INFO - Processing /opt/airflow/dags/translation_pipeline.py took 0.071 seconds
[2025-10-16T13:15:59.884+0000] {processor.py:161} INFO - Started process (PID=99) to work on /opt/airflow/dags/translation_pipeline.py
[2025-10-16T13:15:59.885+0000] {processor.py:830} INFO - Processing file /opt/airflow/dags/translation_pipeline.py for tasks to queue
[2025-10-16T13:15:59.887+0000] {logging_mixin.py:188} INFO - [2025-10-16T13:15:59.886+0000] {dagbag.py:538} INFO - Filling up the DagBag from /opt/airflow/dags/translation_pipeline.py
[2025-10-16T13:15:59.903+0000] {logging_mixin.py:188} INFO - [2025-10-16T13:15:59.903+0000] {shared_utils.py:452} INFO - Инициализированы пути обработки: ['input_pdf', 'temp_dir', 'output_md', 'logs', 'work_dir']
[2025-10-16T13:15:59.904+0000] {logging_mixin.py:188} INFO - [2025-10-16T13:15:59.904+0000] {shared_utils.py:456} INFO - Настроены URL сервисов: ['document_processor', 'translator', 'quality_assurance', 'airflow']
[2025-10-16T13:15:59.915+0000] {processor.py:840} INFO - DAG(s) 'translation_pipeline' retrieved from /opt/airflow/dags/translation_pipeline.py
[2025-10-16T13:15:59.935+0000] {logging_mixin.py:188} INFO - [2025-10-16T13:15:59.935+0000] {dag.py:3036} INFO - Sync 1 DAGs
[2025-10-16T13:15:59.947+0000] {logging_mixin.py:188} INFO - [2025-10-16T13:15:59.947+0000] {dag.py:3823} INFO - Setting next_dagrun for translation_pipeline to None, run_after=None
[2025-10-16T13:15:59.960+0000] {processor.py:183} INFO - Processing /opt/airflow/dags/translation_pipeline.py took 0.078 seconds
[2025-10-16T13:16:30.217+0000] {processor.py:161} INFO - Started process (PID=112) to work on /opt/airflow/dags/translation_pipeline.py
[2025-10-16T13:16:30.218+0000] {processor.py:830} INFO - Processing file /opt/airflow/dags/translation_pipeline.py for tasks to queue
[2025-10-16T13:16:30.219+0000] {logging_mixin.py:188} INFO - [2025-10-16T13:16:30.219+0000] {dagbag.py:538} INFO - Filling up the DagBag from /opt/airflow/dags/translation_pipeline.py
[2025-10-16T13:16:30.236+0000] {logging_mixin.py:188} INFO - [2025-10-16T13:16:30.236+0000] {shared_utils.py:452} INFO - Инициализированы пути обработки: ['input_pdf', 'temp_dir', 'output_md', 'logs', 'work_dir']
[2025-10-16T13:16:30.236+0000] {logging_mixin.py:188} INFO - [2025-10-16T13:16:30.236+0000] {shared_utils.py:456} INFO - Настроены URL сервисов: ['document_processor', 'translator', 'quality_assurance', 'airflow']
[2025-10-16T13:16:30.241+0000] {processor.py:840} INFO - DAG(s) 'translation_pipeline' retrieved from /opt/airflow/dags/translation_pipeline.py
[2025-10-16T13:16:30.405+0000] {logging_mixin.py:188} INFO - [2025-10-16T13:16:30.404+0000] {dag.py:3036} INFO - Sync 1 DAGs
[2025-10-16T13:16:30.413+0000] {logging_mixin.py:188} INFO - [2025-10-16T13:16:30.413+0000] {dag.py:3823} INFO - Setting next_dagrun for translation_pipeline to None, run_after=None
[2025-10-16T13:16:30.425+0000] {processor.py:183} INFO - Processing /opt/airflow/dags/translation_pipeline.py took 0.211 seconds
[2025-10-16T13:17:00.893+0000] {processor.py:161} INFO - Started process (PID=125) to work on /opt/airflow/dags/translation_pipeline.py
[2025-10-16T13:17:00.894+0000] {processor.py:830} INFO - Processing file /opt/airflow/dags/translation_pipeline.py for tasks to queue
[2025-10-16T13:17:00.895+0000] {logging_mixin.py:188} INFO - [2025-10-16T13:17:00.895+0000] {dagbag.py:538} INFO - Filling up the DagBag from /opt/airflow/dags/translation_pipeline.py
[2025-10-16T13:17:00.912+0000] {logging_mixin.py:188} INFO - [2025-10-16T13:17:00.911+0000] {shared_utils.py:452} INFO - Инициализированы пути обработки: ['input_pdf', 'temp_dir', 'output_md', 'logs', 'work_dir']
[2025-10-16T13:17:00.912+0000] {logging_mixin.py:188} INFO - [2025-10-16T13:17:00.912+0000] {shared_utils.py:456} INFO - Настроены URL сервисов: ['document_processor', 'translator', 'quality_assurance', 'airflow']
[2025-10-16T13:17:00.917+0000] {processor.py:840} INFO - DAG(s) 'translation_pipeline' retrieved from /opt/airflow/dags/translation_pipeline.py
[2025-10-16T13:17:00.938+0000] {logging_mixin.py:188} INFO - [2025-10-16T13:17:00.938+0000] {dag.py:3036} INFO - Sync 1 DAGs
[2025-10-16T13:17:00.948+0000] {logging_mixin.py:188} INFO - [2025-10-16T13:17:00.948+0000] {dag.py:3823} INFO - Setting next_dagrun for translation_pipeline to None, run_after=None
[2025-10-16T13:17:00.960+0000] {processor.py:183} INFO - Processing /opt/airflow/dags/translation_pipeline.py took 0.069 seconds
[2025-10-16T13:17:31.217+0000] {processor.py:161} INFO - Started process (PID=138) to work on /opt/airflow/dags/translation_pipeline.py
[2025-10-16T13:17:31.218+0000] {processor.py:830} INFO - Processing file /opt/airflow/dags/translation_pipeline.py for tasks to queue
[2025-10-16T13:17:31.219+0000] {logging_mixin.py:188} INFO - [2025-10-16T13:17:31.219+0000] {dagbag.py:538} INFO - Filling up the DagBag from /opt/airflow/dags/translation_pipeline.py
[2025-10-16T13:17:31.236+0000] {logging_mixin.py:188} INFO - [2025-10-16T13:17:31.236+0000] {shared_utils.py:452} INFO - Инициализированы пути обработки: ['input_pdf', 'temp_dir', 'output_md', 'logs', 'work_dir']
[2025-10-16T13:17:31.237+0000] {logging_mixin.py:188} INFO - [2025-10-16T13:17:31.236+0000] {shared_utils.py:456} INFO - Настроены URL сервисов: ['document_processor', 'translator', 'quality_assurance', 'airflow']
[2025-10-16T13:17:31.242+0000] {processor.py:840} INFO - DAG(s) 'translation_pipeline' retrieved from /opt/airflow/dags/translation_pipeline.py
[2025-10-16T13:17:31.262+0000] {logging_mixin.py:188} INFO - [2025-10-16T13:17:31.262+0000] {dag.py:3036} INFO - Sync 1 DAGs
[2025-10-16T13:17:31.272+0000] {logging_mixin.py:188} INFO - [2025-10-16T13:17:31.272+0000] {dag.py:3823} INFO - Setting next_dagrun for translation_pipeline to None, run_after=None
[2025-10-16T13:17:31.284+0000] {processor.py:183} INFO - Processing /opt/airflow/dags/translation_pipeline.py took 0.069 seconds
[2025-10-16T13:18:01.664+0000] {processor.py:161} INFO - Started process (PID=151) to work on /opt/airflow/dags/translation_pipeline.py
[2025-10-16T13:18:01.665+0000] {processor.py:830} INFO - Processing file /opt/airflow/dags/translation_pipeline.py for tasks to queue
[2025-10-16T13:18:01.667+0000] {logging_mixin.py:188} INFO - [2025-10-16T13:18:01.666+0000] {dagbag.py:538} INFO - Filling up the DagBag from /opt/airflow/dags/translation_pipeline.py
[2025-10-16T13:18:01.684+0000] {logging_mixin.py:188} INFO - [2025-10-16T13:18:01.684+0000] {shared_utils.py:452} INFO - Инициализированы пути обработки: ['input_pdf', 'temp_dir', 'output_md', 'logs', 'work_dir']
[2025-10-16T13:18:01.684+0000] {logging_mixin.py:188} INFO - [2025-10-16T13:18:01.684+0000] {shared_utils.py:456} INFO - Настроены URL сервисов: ['document_processor', 'translator', 'quality_assurance', 'airflow']
[2025-10-16T13:18:01.689+0000] {processor.py:840} INFO - DAG(s) 'translation_pipeline' retrieved from /opt/airflow/dags/translation_pipeline.py
[2025-10-16T13:18:01.710+0000] {logging_mixin.py:188} INFO - [2025-10-16T13:18:01.710+0000] {dag.py:3036} INFO - Sync 1 DAGs
[2025-10-16T13:18:01.720+0000] {logging_mixin.py:188} INFO - [2025-10-16T13:18:01.720+0000] {dag.py:3823} INFO - Setting next_dagrun for translation_pipeline to None, run_after=None
[2025-10-16T13:18:01.732+0000] {processor.py:183} INFO - Processing /opt/airflow/dags/translation_pipeline.py took 0.070 seconds
[2025-10-16T13:18:31.997+0000] {processor.py:161} INFO - Started process (PID=164) to work on /opt/airflow/dags/translation_pipeline.py
[2025-10-16T13:18:31.998+0000] {processor.py:830} INFO - Processing file /opt/airflow/dags/translation_pipeline.py for tasks to queue
[2025-10-16T13:18:31.999+0000] {logging_mixin.py:188} INFO - [2025-10-16T13:18:31.999+0000] {dagbag.py:538} INFO - Filling up the DagBag from /opt/airflow/dags/translation_pipeline.py
[2025-10-16T13:18:32.017+0000] {logging_mixin.py:188} INFO - [2025-10-16T13:18:32.016+0000] {shared_utils.py:452} INFO - Инициализированы пути обработки: ['input_pdf', 'temp_dir', 'output_md', 'logs', 'work_dir']
[2025-10-16T13:18:32.017+0000] {logging_mixin.py:188} INFO - [2025-10-16T13:18:32.017+0000] {shared_utils.py:456} INFO - Настроены URL сервисов: ['document_processor', 'translator', 'quality_assurance', 'airflow']
[2025-10-16T13:18:32.022+0000] {processor.py:840} INFO - DAG(s) 'translation_pipeline' retrieved from /opt/airflow/dags/translation_pipeline.py
[2025-10-16T13:18:32.043+0000] {logging_mixin.py:188} INFO - [2025-10-16T13:18:32.042+0000] {dag.py:3036} INFO - Sync 1 DAGs
[2025-10-16T13:18:32.053+0000] {logging_mixin.py:188} INFO - [2025-10-16T13:18:32.053+0000] {dag.py:3823} INFO - Setting next_dagrun for translation_pipeline to None, run_after=None
[2025-10-16T13:18:32.065+0000] {processor.py:183} INFO - Processing /opt/airflow/dags/translation_pipeline.py took 0.070 seconds
[2025-10-16T13:19:02.367+0000] {processor.py:161} INFO - Started process (PID=177) to work on /opt/airflow/dags/translation_pipeline.py
[2025-10-16T13:19:02.368+0000] {processor.py:830} INFO - Processing file /opt/airflow/dags/translation_pipeline.py for tasks to queue
[2025-10-16T13:19:02.370+0000] {logging_mixin.py:188} INFO - [2025-10-16T13:19:02.369+0000] {dagbag.py:538} INFO - Filling up the DagBag from /opt/airflow/dags/translation_pipeline.py
[2025-10-16T13:19:02.387+0000] {logging_mixin.py:188} INFO - [2025-10-16T13:19:02.387+0000] {shared_utils.py:452} INFO - Инициализированы пути обработки: ['input_pdf', 'temp_dir', 'output_md', 'logs', 'work_dir']
[2025-10-16T13:19:02.387+0000] {logging_mixin.py:188} INFO - [2025-10-16T13:19:02.387+0000] {shared_utils.py:456} INFO - Настроены URL сервисов: ['document_processor', 'translator', 'quality_assurance', 'airflow']
[2025-10-16T13:19:02.392+0000] {processor.py:840} INFO - DAG(s) 'translation_pipeline' retrieved from /opt/airflow/dags/translation_pipeline.py
[2025-10-16T13:19:02.412+0000] {logging_mixin.py:188} INFO - [2025-10-16T13:19:02.412+0000] {dag.py:3036} INFO - Sync 1 DAGs
[2025-10-16T13:19:02.422+0000] {logging_mixin.py:188} INFO - [2025-10-16T13:19:02.422+0000] {dag.py:3823} INFO - Setting next_dagrun for translation_pipeline to None, run_after=None
[2025-10-16T13:19:02.433+0000] {processor.py:183} INFO - Processing /opt/airflow/dags/translation_pipeline.py took 0.068 seconds
[2025-10-16T13:19:32.701+0000] {processor.py:161} INFO - Started process (PID=190) to work on /opt/airflow/dags/translation_pipeline.py
[2025-10-16T13:19:32.702+0000] {processor.py:830} INFO - Processing file /opt/airflow/dags/translation_pipeline.py for tasks to queue
[2025-10-16T13:19:32.703+0000] {logging_mixin.py:188} INFO - [2025-10-16T13:19:32.703+0000] {dagbag.py:538} INFO - Filling up the DagBag from /opt/airflow/dags/translation_pipeline.py
[2025-10-16T13:19:32.720+0000] {logging_mixin.py:188} INFO - [2025-10-16T13:19:32.719+0000] {shared_utils.py:452} INFO - Инициализированы пути обработки: ['input_pdf', 'temp_dir', 'output_md', 'logs', 'work_dir']
[2025-10-16T13:19:32.720+0000] {logging_mixin.py:188} INFO - [2025-10-16T13:19:32.720+0000] {shared_utils.py:456} INFO - Настроены URL сервисов: ['document_processor', 'translator', 'quality_assurance', 'airflow']
[2025-10-16T13:19:32.725+0000] {processor.py:840} INFO - DAG(s) 'translation_pipeline' retrieved from /opt/airflow/dags/translation_pipeline.py
[2025-10-16T13:19:32.745+0000] {logging_mixin.py:188} INFO - [2025-10-16T13:19:32.745+0000] {dag.py:3036} INFO - Sync 1 DAGs
[2025-10-16T13:19:32.755+0000] {logging_mixin.py:188} INFO - [2025-10-16T13:19:32.755+0000] {dag.py:3823} INFO - Setting next_dagrun for translation_pipeline to None, run_after=None
[2025-10-16T13:19:32.766+0000] {processor.py:183} INFO - Processing /opt/airflow/dags/translation_pipeline.py took 0.068 seconds
[2025-10-16T13:20:03.072+0000] {processor.py:161} INFO - Started process (PID=203) to work on /opt/airflow/dags/translation_pipeline.py
[2025-10-16T13:20:03.073+0000] {processor.py:830} INFO - Processing file /opt/airflow/dags/translation_pipeline.py for tasks to queue
[2025-10-16T13:20:03.074+0000] {logging_mixin.py:188} INFO - [2025-10-16T13:20:03.074+0000] {dagbag.py:538} INFO - Filling up the DagBag from /opt/airflow/dags/translation_pipeline.py
[2025-10-16T13:20:03.092+0000] {logging_mixin.py:188} INFO - [2025-10-16T13:20:03.091+0000] {shared_utils.py:452} INFO - Инициализированы пути обработки: ['input_pdf', 'temp_dir', 'output_md', 'logs', 'work_dir']
[2025-10-16T13:20:03.092+0000] {logging_mixin.py:188} INFO - [2025-10-16T13:20:03.092+0000] {shared_utils.py:456} INFO - Настроены URL сервисов: ['document_processor', 'translator', 'quality_assurance', 'airflow']
[2025-10-16T13:20:03.097+0000] {processor.py:840} INFO - DAG(s) 'translation_pipeline' retrieved from /opt/airflow/dags/translation_pipeline.py
[2025-10-16T13:20:03.118+0000] {logging_mixin.py:188} INFO - [2025-10-16T13:20:03.118+0000] {dag.py:3036} INFO - Sync 1 DAGs
[2025-10-16T13:20:03.128+0000] {logging_mixin.py:188} INFO - [2025-10-16T13:20:03.128+0000] {dag.py:3823} INFO - Setting next_dagrun for translation_pipeline to None, run_after=None
[2025-10-16T13:20:03.140+0000] {processor.py:183} INFO - Processing /opt/airflow/dags/translation_pipeline.py took 0.070 seconds
[2025-10-16T13:20:33.410+0000] {processor.py:161} INFO - Started process (PID=216) to work on /opt/airflow/dags/translation_pipeline.py
[2025-10-16T13:20:33.411+0000] {processor.py:830} INFO - Processing file /opt/airflow/dags/translation_pipeline.py for tasks to queue
[2025-10-16T13:20:33.412+0000] {logging_mixin.py:188} INFO - [2025-10-16T13:20:33.412+0000] {dagbag.py:538} INFO - Filling up the DagBag from /opt/airflow/dags/translation_pipeline.py
[2025-10-16T13:20:33.429+0000] {logging_mixin.py:188} INFO - [2025-10-16T13:20:33.429+0000] {shared_utils.py:452} INFO - Инициализированы пути обработки: ['input_pdf', 'temp_dir', 'output_md', 'logs', 'work_dir']
[2025-10-16T13:20:33.429+0000] {logging_mixin.py:188} INFO - [2025-10-16T13:20:33.429+0000] {shared_utils.py:456} INFO - Настроены URL сервисов: ['document_processor', 'translator', 'quality_assurance', 'airflow']
[2025-10-16T13:20:33.435+0000] {processor.py:840} INFO - DAG(s) 'translation_pipeline' retrieved from /opt/airflow/dags/translation_pipeline.py
[2025-10-16T13:20:33.456+0000] {logging_mixin.py:188} INFO - [2025-10-16T13:20:33.456+0000] {dag.py:3036} INFO - Sync 1 DAGs
[2025-10-16T13:20:33.466+0000] {logging_mixin.py:188} INFO - [2025-10-16T13:20:33.466+0000] {dag.py:3823} INFO - Setting next_dagrun for translation_pipeline to None, run_after=None
[2025-10-16T13:20:33.478+0000] {processor.py:183} INFO - Processing /opt/airflow/dags/translation_pipeline.py took 0.071 seconds
[2025-10-16T13:21:03.812+0000] {processor.py:161} INFO - Started process (PID=229) to work on /opt/airflow/dags/translation_pipeline.py
[2025-10-16T13:21:03.812+0000] {processor.py:830} INFO - Processing file /opt/airflow/dags/translation_pipeline.py for tasks to queue
[2025-10-16T13:21:03.814+0000] {logging_mixin.py:188} INFO - [2025-10-16T13:21:03.814+0000] {dagbag.py:538} INFO - Filling up the DagBag from /opt/airflow/dags/translation_pipeline.py
[2025-10-16T13:21:03.831+0000] {logging_mixin.py:188} INFO - [2025-10-16T13:21:03.831+0000] {shared_utils.py:452} INFO - Инициализированы пути обработки: ['input_pdf', 'temp_dir', 'output_md', 'logs', 'work_dir']
[2025-10-16T13:21:03.831+0000] {logging_mixin.py:188} INFO - [2025-10-16T13:21:03.831+0000] {shared_utils.py:456} INFO - Настроены URL сервисов: ['document_processor', 'translator', 'quality_assurance', 'airflow']
[2025-10-16T13:21:03.837+0000] {processor.py:840} INFO - DAG(s) 'translation_pipeline' retrieved from /opt/airflow/dags/translation_pipeline.py
[2025-10-16T13:21:03.857+0000] {logging_mixin.py:188} INFO - [2025-10-16T13:21:03.857+0000] {dag.py:3036} INFO - Sync 1 DAGs
[2025-10-16T13:21:03.867+0000] {logging_mixin.py:188} INFO - [2025-10-16T13:21:03.867+0000] {dag.py:3823} INFO - Setting next_dagrun for translation_pipeline to None, run_after=None
[2025-10-16T13:21:03.879+0000] {processor.py:183} INFO - Processing /opt/airflow/dags/translation_pipeline.py took 0.069 seconds
[2025-10-16T13:21:34.123+0000] {processor.py:161} INFO - Started process (PID=242) to work on /opt/airflow/dags/translation_pipeline.py
[2025-10-16T13:21:34.124+0000] {processor.py:830} INFO - Processing file /opt/airflow/dags/translation_pipeline.py for tasks to queue
[2025-10-16T13:21:34.126+0000] {logging_mixin.py:188} INFO - [2025-10-16T13:21:34.125+0000] {dagbag.py:538} INFO - Filling up the DagBag from /opt/airflow/dags/translation_pipeline.py
[2025-10-16T13:21:34.143+0000] {logging_mixin.py:188} INFO - [2025-10-16T13:21:34.143+0000] {shared_utils.py:452} INFO - Инициализированы пути обработки: ['input_pdf', 'temp_dir', 'output_md', 'logs', 'work_dir']
[2025-10-16T13:21:34.143+0000] {logging_mixin.py:188} INFO - [2025-10-16T13:21:34.143+0000] {shared_utils.py:456} INFO - Настроены URL сервисов: ['document_processor', 'translator', 'quality_assurance', 'airflow']
[2025-10-16T13:21:34.148+0000] {processor.py:840} INFO - DAG(s) 'translation_pipeline' retrieved from /opt/airflow/dags/translation_pipeline.py
[2025-10-16T13:21:34.169+0000] {logging_mixin.py:188} INFO - [2025-10-16T13:21:34.169+0000] {dag.py:3036} INFO - Sync 1 DAGs
[2025-10-16T13:21:34.179+0000] {logging_mixin.py:188} INFO - [2025-10-16T13:21:34.179+0000] {dag.py:3823} INFO - Setting next_dagrun for translation_pipeline to None, run_after=None
[2025-10-16T13:21:34.191+0000] {processor.py:183} INFO - Processing /opt/airflow/dags/translation_pipeline.py took 0.071 seconds
[2025-10-16T13:22:04.436+0000] {processor.py:161} INFO - Started process (PID=255) to work on /opt/airflow/dags/translation_pipeline.py
[2025-10-16T13:22:04.437+0000] {processor.py:830} INFO - Processing file /opt/airflow/dags/translation_pipeline.py for tasks to queue
[2025-10-16T13:22:04.438+0000] {logging_mixin.py:188} INFO - [2025-10-16T13:22:04.438+0000] {dagbag.py:538} INFO - Filling up the DagBag from /opt/airflow/dags/translation_pipeline.py
[2025-10-16T13:22:04.456+0000] {logging_mixin.py:188} INFO - [2025-10-16T13:22:04.456+0000] {shared_utils.py:452} INFO - Инициализированы пути обработки: ['input_pdf', 'temp_dir', 'output_md', 'logs', 'work_dir']
[2025-10-16T13:22:04.456+0000] {logging_mixin.py:188} INFO - [2025-10-16T13:22:04.456+0000] {shared_utils.py:456} INFO - Настроены URL сервисов: ['document_processor', 'translator', 'quality_assurance', 'airflow']
[2025-10-16T13:22:04.461+0000] {processor.py:840} INFO - DAG(s) 'translation_pipeline' retrieved from /opt/airflow/dags/translation_pipeline.py
[2025-10-16T13:22:04.482+0000] {logging_mixin.py:188} INFO - [2025-10-16T13:22:04.482+0000] {dag.py:3036} INFO - Sync 1 DAGs
[2025-10-16T13:22:04.493+0000] {logging_mixin.py:188} INFO - [2025-10-16T13:22:04.493+0000] {dag.py:3823} INFO - Setting next_dagrun for translation_pipeline to None, run_after=None
[2025-10-16T13:22:04.606+0000] {processor.py:183} INFO - Processing /opt/airflow/dags/translation_pipeline.py took 0.173 seconds
[2025-10-16T13:22:34.980+0000] {processor.py:161} INFO - Started process (PID=273) to work on /opt/airflow/dags/translation_pipeline.py
[2025-10-16T13:22:34.981+0000] {processor.py:830} INFO - Processing file /opt/airflow/dags/translation_pipeline.py for tasks to queue
[2025-10-16T13:22:34.983+0000] {logging_mixin.py:188} INFO - [2025-10-16T13:22:34.983+0000] {dagbag.py:538} INFO - Filling up the DagBag from /opt/airflow/dags/translation_pipeline.py
[2025-10-16T13:22:35.000+0000] {logging_mixin.py:188} INFO - [2025-10-16T13:22:35.000+0000] {shared_utils.py:452} INFO - Инициализированы пути обработки: ['input_pdf', 'temp_dir', 'output_md', 'logs', 'work_dir']
[2025-10-16T13:22:35.000+0000] {logging_mixin.py:188} INFO - [2025-10-16T13:22:35.000+0000] {shared_utils.py:456} INFO - Настроены URL сервисов: ['document_processor', 'translator', 'quality_assurance', 'airflow']
[2025-10-16T13:22:35.005+0000] {processor.py:840} INFO - DAG(s) 'translation_pipeline' retrieved from /opt/airflow/dags/translation_pipeline.py
[2025-10-16T13:22:35.027+0000] {logging_mixin.py:188} INFO - [2025-10-16T13:22:35.027+0000] {dag.py:3036} INFO - Sync 1 DAGs
[2025-10-16T13:22:35.037+0000] {logging_mixin.py:188} INFO - [2025-10-16T13:22:35.037+0000] {dag.py:3823} INFO - Setting next_dagrun for translation_pipeline to None, run_after=None
[2025-10-16T13:22:35.049+0000] {processor.py:183} INFO - Processing /opt/airflow/dags/translation_pipeline.py took 0.071 seconds
[2025-10-16T13:23:05.318+0000] {processor.py:161} INFO - Started process (PID=286) to work on /opt/airflow/dags/translation_pipeline.py
[2025-10-16T13:23:05.319+0000] {processor.py:830} INFO - Processing file /opt/airflow/dags/translation_pipeline.py for tasks to queue
[2025-10-16T13:23:05.320+0000] {logging_mixin.py:188} INFO - [2025-10-16T13:23:05.320+0000] {dagbag.py:538} INFO - Filling up the DagBag from /opt/airflow/dags/translation_pipeline.py
[2025-10-16T13:23:05.337+0000] {logging_mixin.py:188} INFO - [2025-10-16T13:23:05.337+0000] {shared_utils.py:452} INFO - Инициализированы пути обработки: ['input_pdf', 'temp_dir', 'output_md', 'logs', 'work_dir']
[2025-10-16T13:23:05.337+0000] {logging_mixin.py:188} INFO - [2025-10-16T13:23:05.337+0000] {shared_utils.py:456} INFO - Настроены URL сервисов: ['document_processor', 'translator', 'quality_assurance', 'airflow']
[2025-10-16T13:23:05.342+0000] {processor.py:840} INFO - DAG(s) 'translation_pipeline' retrieved from /opt/airflow/dags/translation_pipeline.py
[2025-10-16T13:23:05.362+0000] {logging_mixin.py:188} INFO - [2025-10-16T13:23:05.362+0000] {dag.py:3036} INFO - Sync 1 DAGs
[2025-10-16T13:23:05.372+0000] {logging_mixin.py:188} INFO - [2025-10-16T13:23:05.372+0000] {dag.py:3823} INFO - Setting next_dagrun for translation_pipeline to None, run_after=None
[2025-10-16T13:23:05.384+0000] {processor.py:183} INFO - Processing /opt/airflow/dags/translation_pipeline.py took 0.068 seconds
[2025-10-16T13:23:35.784+0000] {processor.py:161} INFO - Started process (PID=299) to work on /opt/airflow/dags/translation_pipeline.py
[2025-10-16T13:23:35.785+0000] {processor.py:830} INFO - Processing file /opt/airflow/dags/translation_pipeline.py for tasks to queue
[2025-10-16T13:23:35.786+0000] {logging_mixin.py:188} INFO - [2025-10-16T13:23:35.786+0000] {dagbag.py:538} INFO - Filling up the DagBag from /opt/airflow/dags/translation_pipeline.py
[2025-10-16T13:23:35.803+0000] {logging_mixin.py:188} INFO - [2025-10-16T13:23:35.803+0000] {shared_utils.py:452} INFO - Инициализированы пути обработки: ['input_pdf', 'temp_dir', 'output_md', 'logs', 'work_dir']
[2025-10-16T13:23:35.803+0000] {logging_mixin.py:188} INFO - [2025-10-16T13:23:35.803+0000] {shared_utils.py:456} INFO - Настроены URL сервисов: ['document_processor', 'translator', 'quality_assurance', 'airflow']
[2025-10-16T13:23:35.809+0000] {processor.py:840} INFO - DAG(s) 'translation_pipeline' retrieved from /opt/airflow/dags/translation_pipeline.py
[2025-10-16T13:23:35.829+0000] {logging_mixin.py:188} INFO - [2025-10-16T13:23:35.829+0000] {dag.py:3036} INFO - Sync 1 DAGs
[2025-10-16T13:23:35.838+0000] {logging_mixin.py:188} INFO - [2025-10-16T13:23:35.838+0000] {dag.py:3823} INFO - Setting next_dagrun for translation_pipeline to None, run_after=None
[2025-10-16T13:23:35.850+0000] {processor.py:183} INFO - Processing /opt/airflow/dags/translation_pipeline.py took 0.068 seconds
[2025-10-16T13:24:06.120+0000] {processor.py:161} INFO - Started process (PID=312) to work on /opt/airflow/dags/translation_pipeline.py
[2025-10-16T13:24:06.121+0000] {processor.py:830} INFO - Processing file /opt/airflow/dags/translation_pipeline.py for tasks to queue
[2025-10-16T13:24:06.123+0000] {logging_mixin.py:188} INFO - [2025-10-16T13:24:06.122+0000] {dagbag.py:538} INFO - Filling up the DagBag from /opt/airflow/dags/translation_pipeline.py
[2025-10-16T13:24:06.140+0000] {logging_mixin.py:188} INFO - [2025-10-16T13:24:06.140+0000] {shared_utils.py:452} INFO - Инициализированы пути обработки: ['input_pdf', 'temp_dir', 'output_md', 'logs', 'work_dir']
[2025-10-16T13:24:06.140+0000] {logging_mixin.py:188} INFO - [2025-10-16T13:24:06.140+0000] {shared_utils.py:456} INFO - Настроены URL сервисов: ['document_processor', 'translator', 'quality_assurance', 'airflow']
[2025-10-16T13:24:06.145+0000] {processor.py:840} INFO - DAG(s) 'translation_pipeline' retrieved from /opt/airflow/dags/translation_pipeline.py
[2025-10-16T13:24:06.166+0000] {logging_mixin.py:188} INFO - [2025-10-16T13:24:06.166+0000] {dag.py:3036} INFO - Sync 1 DAGs
[2025-10-16T13:24:06.176+0000] {logging_mixin.py:188} INFO - [2025-10-16T13:24:06.176+0000] {dag.py:3823} INFO - Setting next_dagrun for translation_pipeline to None, run_after=None
[2025-10-16T13:24:06.188+0000] {processor.py:183} INFO - Processing /opt/airflow/dags/translation_pipeline.py took 0.070 seconds
[2025-10-16T13:24:36.526+0000] {processor.py:161} INFO - Started process (PID=325) to work on /opt/airflow/dags/translation_pipeline.py
[2025-10-16T13:24:36.527+0000] {processor.py:830} INFO - Processing file /opt/airflow/dags/translation_pipeline.py for tasks to queue
[2025-10-16T13:24:36.528+0000] {logging_mixin.py:188} INFO - [2025-10-16T13:24:36.528+0000] {dagbag.py:538} INFO - Filling up the DagBag from /opt/airflow/dags/translation_pipeline.py
[2025-10-16T13:24:36.545+0000] {logging_mixin.py:188} INFO - [2025-10-16T13:24:36.545+0000] {shared_utils.py:452} INFO - Инициализированы пути обработки: ['input_pdf', 'temp_dir', 'output_md', 'logs', 'work_dir']
[2025-10-16T13:24:36.546+0000] {logging_mixin.py:188} INFO - [2025-10-16T13:24:36.545+0000] {shared_utils.py:456} INFO - Настроены URL сервисов: ['document_processor', 'translator', 'quality_assurance', 'airflow']
[2025-10-16T13:24:36.551+0000] {processor.py:840} INFO - DAG(s) 'translation_pipeline' retrieved from /opt/airflow/dags/translation_pipeline.py
[2025-10-16T13:24:36.571+0000] {logging_mixin.py:188} INFO - [2025-10-16T13:24:36.571+0000] {dag.py:3036} INFO - Sync 1 DAGs
[2025-10-16T13:24:36.581+0000] {logging_mixin.py:188} INFO - [2025-10-16T13:24:36.581+0000] {dag.py:3823} INFO - Setting next_dagrun for translation_pipeline to None, run_after=None
[2025-10-16T13:24:36.593+0000] {processor.py:183} INFO - Processing /opt/airflow/dags/translation_pipeline.py took 0.069 seconds
[2025-10-16T13:25:06.831+0000] {processor.py:161} INFO - Started process (PID=338) to work on /opt/airflow/dags/translation_pipeline.py
[2025-10-16T13:25:06.832+0000] {processor.py:830} INFO - Processing file /opt/airflow/dags/translation_pipeline.py for tasks to queue
[2025-10-16T13:25:06.834+0000] {logging_mixin.py:188} INFO - [2025-10-16T13:25:06.834+0000] {dagbag.py:538} INFO - Filling up the DagBag from /opt/airflow/dags/translation_pipeline.py
[2025-10-16T13:25:06.851+0000] {logging_mixin.py:188} INFO - [2025-10-16T13:25:06.851+0000] {shared_utils.py:452} INFO - Инициализированы пути обработки: ['input_pdf', 'temp_dir', 'output_md', 'logs', 'work_dir']
[2025-10-16T13:25:06.851+0000] {logging_mixin.py:188} INFO - [2025-10-16T13:25:06.851+0000] {shared_utils.py:456} INFO - Настроены URL сервисов: ['document_processor', 'translator', 'quality_assurance', 'airflow']
[2025-10-16T13:25:06.856+0000] {processor.py:840} INFO - DAG(s) 'translation_pipeline' retrieved from /opt/airflow/dags/translation_pipeline.py
[2025-10-16T13:25:06.877+0000] {logging_mixin.py:188} INFO - [2025-10-16T13:25:06.877+0000] {dag.py:3036} INFO - Sync 1 DAGs
[2025-10-16T13:25:06.887+0000] {logging_mixin.py:188} INFO - [2025-10-16T13:25:06.886+0000] {dag.py:3823} INFO - Setting next_dagrun for translation_pipeline to None, run_after=None
[2025-10-16T13:25:06.898+0000] {processor.py:183} INFO - Processing /opt/airflow/dags/translation_pipeline.py took 0.069 seconds
[2025-10-16T13:25:37.252+0000] {processor.py:161} INFO - Started process (PID=351) to work on /opt/airflow/dags/translation_pipeline.py
[2025-10-16T13:25:37.253+0000] {processor.py:830} INFO - Processing file /opt/airflow/dags/translation_pipeline.py for tasks to queue
[2025-10-16T13:25:37.255+0000] {logging_mixin.py:188} INFO - [2025-10-16T13:25:37.255+0000] {dagbag.py:538} INFO - Filling up the DagBag from /opt/airflow/dags/translation_pipeline.py
[2025-10-16T13:25:37.272+0000] {logging_mixin.py:188} INFO - [2025-10-16T13:25:37.272+0000] {shared_utils.py:452} INFO - Инициализированы пути обработки: ['input_pdf', 'temp_dir', 'output_md', 'logs', 'work_dir']
[2025-10-16T13:25:37.272+0000] {logging_mixin.py:188} INFO - [2025-10-16T13:25:37.272+0000] {shared_utils.py:456} INFO - Настроены URL сервисов: ['document_processor', 'translator', 'quality_assurance', 'airflow']
[2025-10-16T13:25:37.277+0000] {processor.py:840} INFO - DAG(s) 'translation_pipeline' retrieved from /opt/airflow/dags/translation_pipeline.py
[2025-10-16T13:25:37.298+0000] {logging_mixin.py:188} INFO - [2025-10-16T13:25:37.298+0000] {dag.py:3036} INFO - Sync 1 DAGs
[2025-10-16T13:25:37.308+0000] {logging_mixin.py:188} INFO - [2025-10-16T13:25:37.308+0000] {dag.py:3823} INFO - Setting next_dagrun for translation_pipeline to None, run_after=None
[2025-10-16T13:25:37.320+0000] {processor.py:183} INFO - Processing /opt/airflow/dags/translation_pipeline.py took 0.070 seconds
[2025-10-16T13:26:07.569+0000] {processor.py:161} INFO - Started process (PID=364) to work on /opt/airflow/dags/translation_pipeline.py
[2025-10-16T13:26:07.570+0000] {processor.py:830} INFO - Processing file /opt/airflow/dags/translation_pipeline.py for tasks to queue
[2025-10-16T13:26:07.571+0000] {logging_mixin.py:188} INFO - [2025-10-16T13:26:07.571+0000] {dagbag.py:538} INFO - Filling up the DagBag from /opt/airflow/dags/translation_pipeline.py
[2025-10-16T13:26:07.589+0000] {logging_mixin.py:188} INFO - [2025-10-16T13:26:07.588+0000] {shared_utils.py:452} INFO - Инициализированы пути обработки: ['input_pdf', 'temp_dir', 'output_md', 'logs', 'work_dir']
[2025-10-16T13:26:07.589+0000] {logging_mixin.py:188} INFO - [2025-10-16T13:26:07.589+0000] {shared_utils.py:456} INFO - Настроены URL сервисов: ['document_processor', 'translator', 'quality_assurance', 'airflow']
[2025-10-16T13:26:07.594+0000] {processor.py:840} INFO - DAG(s) 'translation_pipeline' retrieved from /opt/airflow/dags/translation_pipeline.py
[2025-10-16T13:26:07.615+0000] {logging_mixin.py:188} INFO - [2025-10-16T13:26:07.615+0000] {dag.py:3036} INFO - Sync 1 DAGs
[2025-10-16T13:26:07.624+0000] {logging_mixin.py:188} INFO - [2025-10-16T13:26:07.624+0000] {dag.py:3823} INFO - Setting next_dagrun for translation_pipeline to None, run_after=None
[2025-10-16T13:26:07.636+0000] {processor.py:183} INFO - Processing /opt/airflow/dags/translation_pipeline.py took 0.070 seconds
[2025-10-16T13:26:38.006+0000] {processor.py:161} INFO - Started process (PID=377) to work on /opt/airflow/dags/translation_pipeline.py
[2025-10-16T13:26:38.007+0000] {processor.py:830} INFO - Processing file /opt/airflow/dags/translation_pipeline.py for tasks to queue
[2025-10-16T13:26:38.009+0000] {logging_mixin.py:188} INFO - [2025-10-16T13:26:38.008+0000] {dagbag.py:538} INFO - Filling up the DagBag from /opt/airflow/dags/translation_pipeline.py
[2025-10-16T13:26:38.026+0000] {logging_mixin.py:188} INFO - [2025-10-16T13:26:38.026+0000] {shared_utils.py:452} INFO - Инициализированы пути обработки: ['input_pdf', 'temp_dir', 'output_md', 'logs', 'work_dir']
[2025-10-16T13:26:38.026+0000] {logging_mixin.py:188} INFO - [2025-10-16T13:26:38.026+0000] {shared_utils.py:456} INFO - Настроены URL сервисов: ['document_processor', 'translator', 'quality_assurance', 'airflow']
[2025-10-16T13:26:38.031+0000] {processor.py:840} INFO - DAG(s) 'translation_pipeline' retrieved from /opt/airflow/dags/translation_pipeline.py
[2025-10-16T13:26:38.052+0000] {logging_mixin.py:188} INFO - [2025-10-16T13:26:38.052+0000] {dag.py:3036} INFO - Sync 1 DAGs
[2025-10-16T13:26:38.062+0000] {logging_mixin.py:188} INFO - [2025-10-16T13:26:38.062+0000] {dag.py:3823} INFO - Setting next_dagrun for translation_pipeline to None, run_after=None
[2025-10-16T13:26:38.074+0000] {processor.py:183} INFO - Processing /opt/airflow/dags/translation_pipeline.py took 0.071 seconds
[2025-10-16T13:27:08.311+0000] {processor.py:161} INFO - Started process (PID=390) to work on /opt/airflow/dags/translation_pipeline.py
[2025-10-16T13:27:08.312+0000] {processor.py:830} INFO - Processing file /opt/airflow/dags/translation_pipeline.py for tasks to queue
[2025-10-16T13:27:08.314+0000] {logging_mixin.py:188} INFO - [2025-10-16T13:27:08.313+0000] {dagbag.py:538} INFO - Filling up the DagBag from /opt/airflow/dags/translation_pipeline.py
[2025-10-16T13:27:08.331+0000] {logging_mixin.py:188} INFO - [2025-10-16T13:27:08.331+0000] {shared_utils.py:452} INFO - Инициализированы пути обработки: ['input_pdf', 'temp_dir', 'output_md', 'logs', 'work_dir']
[2025-10-16T13:27:08.331+0000] {logging_mixin.py:188} INFO - [2025-10-16T13:27:08.331+0000] {shared_utils.py:456} INFO - Настроены URL сервисов: ['document_processor', 'translator', 'quality_assurance', 'airflow']
[2025-10-16T13:27:08.336+0000] {processor.py:840} INFO - DAG(s) 'translation_pipeline' retrieved from /opt/airflow/dags/translation_pipeline.py
[2025-10-16T13:27:08.361+0000] {logging_mixin.py:188} INFO - [2025-10-16T13:27:08.360+0000] {dag.py:3036} INFO - Sync 1 DAGs
[2025-10-16T13:27:08.371+0000] {logging_mixin.py:188} INFO - [2025-10-16T13:27:08.371+0000] {dag.py:3823} INFO - Setting next_dagrun for translation_pipeline to None, run_after=None
[2025-10-16T13:27:08.383+0000] {processor.py:183} INFO - Processing /opt/airflow/dags/translation_pipeline.py took 0.074 seconds
