[2025-10-15T17:13:04.947+0000] {processor.py:161} INFO - Started process (PID=155) to work on /opt/airflow/dags/document_preprocessing.py
[2025-10-15T17:13:04.947+0000] {processor.py:830} INFO - Processing file /opt/airflow/dags/document_preprocessing.py for tasks to queue
[2025-10-15T17:13:04.949+0000] {logging_mixin.py:188} INFO - [2025-10-15T17:13:04.949+0000] {dagbag.py:538} INFO - Filling up the DagBag from /opt/airflow/dags/document_preprocessing.py
[2025-10-15T17:13:04.959+0000] {logging_mixin.py:188} INFO - [2025-10-15T17:13:04.959+0000] {shared_utils.py:452} INFO - Инициализированы пути обработки: ['input_pdf', 'temp_dir', 'output_md', 'logs', 'work_dir']
[2025-10-15T17:13:04.959+0000] {logging_mixin.py:188} INFO - [2025-10-15T17:13:04.959+0000] {shared_utils.py:456} INFO - Настроены URL сервисов: ['document_processor', 'translator', 'quality_assurance', 'airflow']
[2025-10-15T17:13:04.964+0000] {processor.py:840} INFO - DAG(s) 'document_preprocessing' retrieved from /opt/airflow/dags/document_preprocessing.py
[2025-10-15T17:13:04.985+0000] {logging_mixin.py:188} INFO - [2025-10-15T17:13:04.985+0000] {dag.py:3036} INFO - Sync 1 DAGs
[2025-10-15T17:13:04.995+0000] {logging_mixin.py:188} INFO - [2025-10-15T17:13:04.995+0000] {dag.py:3823} INFO - Setting next_dagrun for document_preprocessing to None, run_after=None
[2025-10-15T17:13:05.007+0000] {processor.py:183} INFO - Processing /opt/airflow/dags/document_preprocessing.py took 0.063 seconds
[2025-10-15T17:13:35.413+0000] {processor.py:161} INFO - Started process (PID=168) to work on /opt/airflow/dags/document_preprocessing.py
[2025-10-15T17:13:35.414+0000] {processor.py:830} INFO - Processing file /opt/airflow/dags/document_preprocessing.py for tasks to queue
[2025-10-15T17:13:35.415+0000] {logging_mixin.py:188} INFO - [2025-10-15T17:13:35.415+0000] {dagbag.py:538} INFO - Filling up the DagBag from /opt/airflow/dags/document_preprocessing.py
[2025-10-15T17:13:35.426+0000] {logging_mixin.py:188} INFO - [2025-10-15T17:13:35.425+0000] {shared_utils.py:452} INFO - Инициализированы пути обработки: ['input_pdf', 'temp_dir', 'output_md', 'logs', 'work_dir']
[2025-10-15T17:13:35.426+0000] {logging_mixin.py:188} INFO - [2025-10-15T17:13:35.426+0000] {shared_utils.py:456} INFO - Настроены URL сервисов: ['document_processor', 'translator', 'quality_assurance', 'airflow']
[2025-10-15T17:13:35.431+0000] {processor.py:840} INFO - DAG(s) 'document_preprocessing' retrieved from /opt/airflow/dags/document_preprocessing.py
[2025-10-15T17:13:35.452+0000] {logging_mixin.py:188} INFO - [2025-10-15T17:13:35.451+0000] {dag.py:3036} INFO - Sync 1 DAGs
[2025-10-15T17:13:35.461+0000] {logging_mixin.py:188} INFO - [2025-10-15T17:13:35.461+0000] {dag.py:3823} INFO - Setting next_dagrun for document_preprocessing to None, run_after=None
[2025-10-15T17:13:35.474+0000] {processor.py:183} INFO - Processing /opt/airflow/dags/document_preprocessing.py took 0.063 seconds
[2025-10-15T17:14:05.745+0000] {processor.py:161} INFO - Started process (PID=181) to work on /opt/airflow/dags/document_preprocessing.py
[2025-10-15T17:14:05.745+0000] {processor.py:830} INFO - Processing file /opt/airflow/dags/document_preprocessing.py for tasks to queue
[2025-10-15T17:14:05.747+0000] {logging_mixin.py:188} INFO - [2025-10-15T17:14:05.747+0000] {dagbag.py:538} INFO - Filling up the DagBag from /opt/airflow/dags/document_preprocessing.py
[2025-10-15T17:14:05.757+0000] {logging_mixin.py:188} INFO - [2025-10-15T17:14:05.757+0000] {shared_utils.py:452} INFO - Инициализированы пути обработки: ['input_pdf', 'temp_dir', 'output_md', 'logs', 'work_dir']
[2025-10-15T17:14:05.758+0000] {logging_mixin.py:188} INFO - [2025-10-15T17:14:05.758+0000] {shared_utils.py:456} INFO - Настроены URL сервисов: ['document_processor', 'translator', 'quality_assurance', 'airflow']
[2025-10-15T17:14:05.762+0000] {processor.py:840} INFO - DAG(s) 'document_preprocessing' retrieved from /opt/airflow/dags/document_preprocessing.py
[2025-10-15T17:14:05.784+0000] {logging_mixin.py:188} INFO - [2025-10-15T17:14:05.784+0000] {dag.py:3036} INFO - Sync 1 DAGs
[2025-10-15T17:14:05.794+0000] {logging_mixin.py:188} INFO - [2025-10-15T17:14:05.794+0000] {dag.py:3823} INFO - Setting next_dagrun for document_preprocessing to None, run_after=None
[2025-10-15T17:14:05.806+0000] {processor.py:183} INFO - Processing /opt/airflow/dags/document_preprocessing.py took 0.064 seconds
[2025-10-15T17:14:36.130+0000] {processor.py:161} INFO - Started process (PID=194) to work on /opt/airflow/dags/document_preprocessing.py
[2025-10-15T17:14:36.131+0000] {processor.py:830} INFO - Processing file /opt/airflow/dags/document_preprocessing.py for tasks to queue
[2025-10-15T17:14:36.132+0000] {logging_mixin.py:188} INFO - [2025-10-15T17:14:36.132+0000] {dagbag.py:538} INFO - Filling up the DagBag from /opt/airflow/dags/document_preprocessing.py
[2025-10-15T17:14:36.143+0000] {logging_mixin.py:188} INFO - [2025-10-15T17:14:36.143+0000] {shared_utils.py:452} INFO - Инициализированы пути обработки: ['input_pdf', 'temp_dir', 'output_md', 'logs', 'work_dir']
[2025-10-15T17:14:36.143+0000] {logging_mixin.py:188} INFO - [2025-10-15T17:14:36.143+0000] {shared_utils.py:456} INFO - Настроены URL сервисов: ['document_processor', 'translator', 'quality_assurance', 'airflow']
[2025-10-15T17:14:36.148+0000] {processor.py:840} INFO - DAG(s) 'document_preprocessing' retrieved from /opt/airflow/dags/document_preprocessing.py
[2025-10-15T17:14:36.168+0000] {logging_mixin.py:188} INFO - [2025-10-15T17:14:36.168+0000] {dag.py:3036} INFO - Sync 1 DAGs
[2025-10-15T17:14:36.178+0000] {logging_mixin.py:188} INFO - [2025-10-15T17:14:36.178+0000] {dag.py:3823} INFO - Setting next_dagrun for document_preprocessing to None, run_after=None
[2025-10-15T17:14:36.190+0000] {processor.py:183} INFO - Processing /opt/airflow/dags/document_preprocessing.py took 0.063 seconds
[2025-10-15T17:15:06.459+0000] {processor.py:161} INFO - Started process (PID=208) to work on /opt/airflow/dags/document_preprocessing.py
[2025-10-15T17:15:06.459+0000] {processor.py:830} INFO - Processing file /opt/airflow/dags/document_preprocessing.py for tasks to queue
[2025-10-15T17:15:06.461+0000] {logging_mixin.py:188} INFO - [2025-10-15T17:15:06.461+0000] {dagbag.py:538} INFO - Filling up the DagBag from /opt/airflow/dags/document_preprocessing.py
[2025-10-15T17:15:06.471+0000] {logging_mixin.py:188} INFO - [2025-10-15T17:15:06.471+0000] {shared_utils.py:452} INFO - Инициализированы пути обработки: ['input_pdf', 'temp_dir', 'output_md', 'logs', 'work_dir']
[2025-10-15T17:15:06.471+0000] {logging_mixin.py:188} INFO - [2025-10-15T17:15:06.471+0000] {shared_utils.py:456} INFO - Настроены URL сервисов: ['document_processor', 'translator', 'quality_assurance', 'airflow']
[2025-10-15T17:15:06.476+0000] {processor.py:840} INFO - DAG(s) 'document_preprocessing' retrieved from /opt/airflow/dags/document_preprocessing.py
[2025-10-15T17:15:06.496+0000] {logging_mixin.py:188} INFO - [2025-10-15T17:15:06.496+0000] {dag.py:3036} INFO - Sync 1 DAGs
[2025-10-15T17:15:06.506+0000] {logging_mixin.py:188} INFO - [2025-10-15T17:15:06.506+0000] {dag.py:3823} INFO - Setting next_dagrun for document_preprocessing to None, run_after=None
[2025-10-15T17:15:06.518+0000] {processor.py:183} INFO - Processing /opt/airflow/dags/document_preprocessing.py took 0.061 seconds
[2025-10-15T17:15:36.923+0000] {processor.py:161} INFO - Started process (PID=226) to work on /opt/airflow/dags/document_preprocessing.py
[2025-10-15T17:15:36.924+0000] {processor.py:830} INFO - Processing file /opt/airflow/dags/document_preprocessing.py for tasks to queue
[2025-10-15T17:15:36.925+0000] {logging_mixin.py:188} INFO - [2025-10-15T17:15:36.925+0000] {dagbag.py:538} INFO - Filling up the DagBag from /opt/airflow/dags/document_preprocessing.py
[2025-10-15T17:15:36.935+0000] {logging_mixin.py:188} INFO - [2025-10-15T17:15:36.935+0000] {shared_utils.py:452} INFO - Инициализированы пути обработки: ['input_pdf', 'temp_dir', 'output_md', 'logs', 'work_dir']
[2025-10-15T17:15:36.936+0000] {logging_mixin.py:188} INFO - [2025-10-15T17:15:36.935+0000] {shared_utils.py:456} INFO - Настроены URL сервисов: ['document_processor', 'translator', 'quality_assurance', 'airflow']
[2025-10-15T17:15:36.940+0000] {processor.py:840} INFO - DAG(s) 'document_preprocessing' retrieved from /opt/airflow/dags/document_preprocessing.py
[2025-10-15T17:15:36.962+0000] {logging_mixin.py:188} INFO - [2025-10-15T17:15:36.961+0000] {dag.py:3036} INFO - Sync 1 DAGs
[2025-10-15T17:15:36.972+0000] {logging_mixin.py:188} INFO - [2025-10-15T17:15:36.971+0000] {dag.py:3823} INFO - Setting next_dagrun for document_preprocessing to None, run_after=None
[2025-10-15T17:15:36.984+0000] {processor.py:183} INFO - Processing /opt/airflow/dags/document_preprocessing.py took 0.063 seconds
[2025-10-15T17:16:07.248+0000] {processor.py:161} INFO - Started process (PID=239) to work on /opt/airflow/dags/document_preprocessing.py
[2025-10-15T17:16:07.249+0000] {processor.py:830} INFO - Processing file /opt/airflow/dags/document_preprocessing.py for tasks to queue
[2025-10-15T17:16:07.251+0000] {logging_mixin.py:188} INFO - [2025-10-15T17:16:07.250+0000] {dagbag.py:538} INFO - Filling up the DagBag from /opt/airflow/dags/document_preprocessing.py
[2025-10-15T17:16:07.261+0000] {logging_mixin.py:188} INFO - [2025-10-15T17:16:07.261+0000] {shared_utils.py:452} INFO - Инициализированы пути обработки: ['input_pdf', 'temp_dir', 'output_md', 'logs', 'work_dir']
[2025-10-15T17:16:07.261+0000] {logging_mixin.py:188} INFO - [2025-10-15T17:16:07.261+0000] {shared_utils.py:456} INFO - Настроены URL сервисов: ['document_processor', 'translator', 'quality_assurance', 'airflow']
[2025-10-15T17:16:07.266+0000] {processor.py:840} INFO - DAG(s) 'document_preprocessing' retrieved from /opt/airflow/dags/document_preprocessing.py
[2025-10-15T17:16:07.287+0000] {logging_mixin.py:188} INFO - [2025-10-15T17:16:07.287+0000] {dag.py:3036} INFO - Sync 1 DAGs
[2025-10-15T17:16:07.297+0000] {logging_mixin.py:188} INFO - [2025-10-15T17:16:07.297+0000] {dag.py:3823} INFO - Setting next_dagrun for document_preprocessing to None, run_after=None
[2025-10-15T17:16:07.309+0000] {processor.py:183} INFO - Processing /opt/airflow/dags/document_preprocessing.py took 0.063 seconds
[2025-10-15T17:16:37.631+0000] {processor.py:161} INFO - Started process (PID=252) to work on /opt/airflow/dags/document_preprocessing.py
[2025-10-15T17:16:37.631+0000] {processor.py:830} INFO - Processing file /opt/airflow/dags/document_preprocessing.py for tasks to queue
[2025-10-15T17:16:37.633+0000] {logging_mixin.py:188} INFO - [2025-10-15T17:16:37.632+0000] {dagbag.py:538} INFO - Filling up the DagBag from /opt/airflow/dags/document_preprocessing.py
[2025-10-15T17:16:37.643+0000] {logging_mixin.py:188} INFO - [2025-10-15T17:16:37.643+0000] {shared_utils.py:452} INFO - Инициализированы пути обработки: ['input_pdf', 'temp_dir', 'output_md', 'logs', 'work_dir']
[2025-10-15T17:16:37.643+0000] {logging_mixin.py:188} INFO - [2025-10-15T17:16:37.643+0000] {shared_utils.py:456} INFO - Настроены URL сервисов: ['document_processor', 'translator', 'quality_assurance', 'airflow']
[2025-10-15T17:16:37.648+0000] {processor.py:840} INFO - DAG(s) 'document_preprocessing' retrieved from /opt/airflow/dags/document_preprocessing.py
[2025-10-15T17:16:37.668+0000] {logging_mixin.py:188} INFO - [2025-10-15T17:16:37.668+0000] {dag.py:3036} INFO - Sync 1 DAGs
[2025-10-15T17:16:37.677+0000] {logging_mixin.py:188} INFO - [2025-10-15T17:16:37.677+0000] {dag.py:3823} INFO - Setting next_dagrun for document_preprocessing to None, run_after=None
[2025-10-15T17:16:37.689+0000] {processor.py:183} INFO - Processing /opt/airflow/dags/document_preprocessing.py took 0.061 seconds
[2025-10-15T17:17:07.963+0000] {processor.py:161} INFO - Started process (PID=265) to work on /opt/airflow/dags/document_preprocessing.py
[2025-10-15T17:17:07.963+0000] {processor.py:830} INFO - Processing file /opt/airflow/dags/document_preprocessing.py for tasks to queue
[2025-10-15T17:17:07.965+0000] {logging_mixin.py:188} INFO - [2025-10-15T17:17:07.965+0000] {dagbag.py:538} INFO - Filling up the DagBag from /opt/airflow/dags/document_preprocessing.py
[2025-10-15T17:17:07.975+0000] {logging_mixin.py:188} INFO - [2025-10-15T17:17:07.975+0000] {shared_utils.py:452} INFO - Инициализированы пути обработки: ['input_pdf', 'temp_dir', 'output_md', 'logs', 'work_dir']
[2025-10-15T17:17:07.975+0000] {logging_mixin.py:188} INFO - [2025-10-15T17:17:07.975+0000] {shared_utils.py:456} INFO - Настроены URL сервисов: ['document_processor', 'translator', 'quality_assurance', 'airflow']
[2025-10-15T17:17:07.980+0000] {processor.py:840} INFO - DAG(s) 'document_preprocessing' retrieved from /opt/airflow/dags/document_preprocessing.py
[2025-10-15T17:17:08.001+0000] {logging_mixin.py:188} INFO - [2025-10-15T17:17:08.001+0000] {dag.py:3036} INFO - Sync 1 DAGs
[2025-10-15T17:17:08.010+0000] {logging_mixin.py:188} INFO - [2025-10-15T17:17:08.010+0000] {dag.py:3823} INFO - Setting next_dagrun for document_preprocessing to None, run_after=None
[2025-10-15T17:17:08.022+0000] {processor.py:183} INFO - Processing /opt/airflow/dags/document_preprocessing.py took 0.062 seconds
[2025-10-15T17:17:38.396+0000] {processor.py:161} INFO - Started process (PID=278) to work on /opt/airflow/dags/document_preprocessing.py
[2025-10-15T17:17:38.397+0000] {processor.py:830} INFO - Processing file /opt/airflow/dags/document_preprocessing.py for tasks to queue
[2025-10-15T17:17:38.399+0000] {logging_mixin.py:188} INFO - [2025-10-15T17:17:38.398+0000] {dagbag.py:538} INFO - Filling up the DagBag from /opt/airflow/dags/document_preprocessing.py
[2025-10-15T17:17:38.409+0000] {logging_mixin.py:188} INFO - [2025-10-15T17:17:38.409+0000] {shared_utils.py:452} INFO - Инициализированы пути обработки: ['input_pdf', 'temp_dir', 'output_md', 'logs', 'work_dir']
[2025-10-15T17:17:38.410+0000] {logging_mixin.py:188} INFO - [2025-10-15T17:17:38.409+0000] {shared_utils.py:456} INFO - Настроены URL сервисов: ['document_processor', 'translator', 'quality_assurance', 'airflow']
[2025-10-15T17:17:38.414+0000] {processor.py:840} INFO - DAG(s) 'document_preprocessing' retrieved from /opt/airflow/dags/document_preprocessing.py
[2025-10-15T17:17:38.436+0000] {logging_mixin.py:188} INFO - [2025-10-15T17:17:38.436+0000] {dag.py:3036} INFO - Sync 1 DAGs
[2025-10-15T17:17:38.445+0000] {logging_mixin.py:188} INFO - [2025-10-15T17:17:38.445+0000] {dag.py:3823} INFO - Setting next_dagrun for document_preprocessing to None, run_after=None
[2025-10-15T17:17:38.458+0000] {processor.py:183} INFO - Processing /opt/airflow/dags/document_preprocessing.py took 0.064 seconds
[2025-10-15T17:18:08.710+0000] {processor.py:161} INFO - Started process (PID=291) to work on /opt/airflow/dags/document_preprocessing.py
[2025-10-15T17:18:08.711+0000] {processor.py:830} INFO - Processing file /opt/airflow/dags/document_preprocessing.py for tasks to queue
[2025-10-15T17:18:08.712+0000] {logging_mixin.py:188} INFO - [2025-10-15T17:18:08.712+0000] {dagbag.py:538} INFO - Filling up the DagBag from /opt/airflow/dags/document_preprocessing.py
[2025-10-15T17:18:08.722+0000] {logging_mixin.py:188} INFO - [2025-10-15T17:18:08.722+0000] {shared_utils.py:452} INFO - Инициализированы пути обработки: ['input_pdf', 'temp_dir', 'output_md', 'logs', 'work_dir']
[2025-10-15T17:18:08.723+0000] {logging_mixin.py:188} INFO - [2025-10-15T17:18:08.723+0000] {shared_utils.py:456} INFO - Настроены URL сервисов: ['document_processor', 'translator', 'quality_assurance', 'airflow']
[2025-10-15T17:18:08.727+0000] {processor.py:840} INFO - DAG(s) 'document_preprocessing' retrieved from /opt/airflow/dags/document_preprocessing.py
[2025-10-15T17:18:08.748+0000] {logging_mixin.py:188} INFO - [2025-10-15T17:18:08.748+0000] {dag.py:3036} INFO - Sync 1 DAGs
[2025-10-15T17:18:08.758+0000] {logging_mixin.py:188} INFO - [2025-10-15T17:18:08.758+0000] {dag.py:3823} INFO - Setting next_dagrun for document_preprocessing to None, run_after=None
[2025-10-15T17:18:08.770+0000] {processor.py:183} INFO - Processing /opt/airflow/dags/document_preprocessing.py took 0.063 seconds
[2025-10-15T17:18:39.087+0000] {processor.py:161} INFO - Started process (PID=304) to work on /opt/airflow/dags/document_preprocessing.py
[2025-10-15T17:18:39.088+0000] {processor.py:830} INFO - Processing file /opt/airflow/dags/document_preprocessing.py for tasks to queue
[2025-10-15T17:18:39.089+0000] {logging_mixin.py:188} INFO - [2025-10-15T17:18:39.089+0000] {dagbag.py:538} INFO - Filling up the DagBag from /opt/airflow/dags/document_preprocessing.py
[2025-10-15T17:18:39.099+0000] {logging_mixin.py:188} INFO - [2025-10-15T17:18:39.099+0000] {shared_utils.py:452} INFO - Инициализированы пути обработки: ['input_pdf', 'temp_dir', 'output_md', 'logs', 'work_dir']
[2025-10-15T17:18:39.100+0000] {logging_mixin.py:188} INFO - [2025-10-15T17:18:39.100+0000] {shared_utils.py:456} INFO - Настроены URL сервисов: ['document_processor', 'translator', 'quality_assurance', 'airflow']
[2025-10-15T17:18:39.104+0000] {processor.py:840} INFO - DAG(s) 'document_preprocessing' retrieved from /opt/airflow/dags/document_preprocessing.py
[2025-10-15T17:18:39.124+0000] {logging_mixin.py:188} INFO - [2025-10-15T17:18:39.124+0000] {dag.py:3036} INFO - Sync 1 DAGs
[2025-10-15T17:18:39.134+0000] {logging_mixin.py:188} INFO - [2025-10-15T17:18:39.134+0000] {dag.py:3823} INFO - Setting next_dagrun for document_preprocessing to None, run_after=None
[2025-10-15T17:18:39.146+0000] {processor.py:183} INFO - Processing /opt/airflow/dags/document_preprocessing.py took 0.062 seconds
[2025-10-15T17:19:09.410+0000] {processor.py:161} INFO - Started process (PID=317) to work on /opt/airflow/dags/document_preprocessing.py
[2025-10-15T17:19:09.411+0000] {processor.py:830} INFO - Processing file /opt/airflow/dags/document_preprocessing.py for tasks to queue
[2025-10-15T17:19:09.412+0000] {logging_mixin.py:188} INFO - [2025-10-15T17:19:09.412+0000] {dagbag.py:538} INFO - Filling up the DagBag from /opt/airflow/dags/document_preprocessing.py
[2025-10-15T17:19:09.422+0000] {logging_mixin.py:188} INFO - [2025-10-15T17:19:09.422+0000] {shared_utils.py:452} INFO - Инициализированы пути обработки: ['input_pdf', 'temp_dir', 'output_md', 'logs', 'work_dir']
[2025-10-15T17:19:09.423+0000] {logging_mixin.py:188} INFO - [2025-10-15T17:19:09.422+0000] {shared_utils.py:456} INFO - Настроены URL сервисов: ['document_processor', 'translator', 'quality_assurance', 'airflow']
[2025-10-15T17:19:09.427+0000] {processor.py:840} INFO - DAG(s) 'document_preprocessing' retrieved from /opt/airflow/dags/document_preprocessing.py
[2025-10-15T17:19:09.449+0000] {logging_mixin.py:188} INFO - [2025-10-15T17:19:09.449+0000] {dag.py:3036} INFO - Sync 1 DAGs
[2025-10-15T17:19:09.459+0000] {logging_mixin.py:188} INFO - [2025-10-15T17:19:09.459+0000] {dag.py:3823} INFO - Setting next_dagrun for document_preprocessing to None, run_after=None
[2025-10-15T17:19:09.471+0000] {processor.py:183} INFO - Processing /opt/airflow/dags/document_preprocessing.py took 0.063 seconds
[2025-10-15T17:19:39.849+0000] {processor.py:161} INFO - Started process (PID=330) to work on /opt/airflow/dags/document_preprocessing.py
[2025-10-15T17:19:39.850+0000] {processor.py:830} INFO - Processing file /opt/airflow/dags/document_preprocessing.py for tasks to queue
[2025-10-15T17:19:39.851+0000] {logging_mixin.py:188} INFO - [2025-10-15T17:19:39.851+0000] {dagbag.py:538} INFO - Filling up the DagBag from /opt/airflow/dags/document_preprocessing.py
[2025-10-15T17:19:39.862+0000] {logging_mixin.py:188} INFO - [2025-10-15T17:19:39.861+0000] {shared_utils.py:452} INFO - Инициализированы пути обработки: ['input_pdf', 'temp_dir', 'output_md', 'logs', 'work_dir']
[2025-10-15T17:19:39.862+0000] {logging_mixin.py:188} INFO - [2025-10-15T17:19:39.862+0000] {shared_utils.py:456} INFO - Настроены URL сервисов: ['document_processor', 'translator', 'quality_assurance', 'airflow']
[2025-10-15T17:19:39.866+0000] {processor.py:840} INFO - DAG(s) 'document_preprocessing' retrieved from /opt/airflow/dags/document_preprocessing.py
[2025-10-15T17:19:39.886+0000] {logging_mixin.py:188} INFO - [2025-10-15T17:19:39.886+0000] {dag.py:3036} INFO - Sync 1 DAGs
[2025-10-15T17:19:39.896+0000] {logging_mixin.py:188} INFO - [2025-10-15T17:19:39.896+0000] {dag.py:3823} INFO - Setting next_dagrun for document_preprocessing to None, run_after=None
[2025-10-15T17:19:39.907+0000] {processor.py:183} INFO - Processing /opt/airflow/dags/document_preprocessing.py took 0.061 seconds
[2025-10-15T17:20:10.157+0000] {processor.py:161} INFO - Started process (PID=348) to work on /opt/airflow/dags/document_preprocessing.py
[2025-10-15T17:20:10.157+0000] {processor.py:830} INFO - Processing file /opt/airflow/dags/document_preprocessing.py for tasks to queue
[2025-10-15T17:20:10.159+0000] {logging_mixin.py:188} INFO - [2025-10-15T17:20:10.158+0000] {dagbag.py:538} INFO - Filling up the DagBag from /opt/airflow/dags/document_preprocessing.py
[2025-10-15T17:20:10.169+0000] {logging_mixin.py:188} INFO - [2025-10-15T17:20:10.169+0000] {shared_utils.py:452} INFO - Инициализированы пути обработки: ['input_pdf', 'temp_dir', 'output_md', 'logs', 'work_dir']
[2025-10-15T17:20:10.169+0000] {logging_mixin.py:188} INFO - [2025-10-15T17:20:10.169+0000] {shared_utils.py:456} INFO - Настроены URL сервисов: ['document_processor', 'translator', 'quality_assurance', 'airflow']
[2025-10-15T17:20:10.174+0000] {processor.py:840} INFO - DAG(s) 'document_preprocessing' retrieved from /opt/airflow/dags/document_preprocessing.py
[2025-10-15T17:20:10.194+0000] {logging_mixin.py:188} INFO - [2025-10-15T17:20:10.194+0000] {dag.py:3036} INFO - Sync 1 DAGs
[2025-10-15T17:20:10.204+0000] {logging_mixin.py:188} INFO - [2025-10-15T17:20:10.203+0000] {dag.py:3823} INFO - Setting next_dagrun for document_preprocessing to None, run_after=None
[2025-10-15T17:20:10.216+0000] {processor.py:183} INFO - Processing /opt/airflow/dags/document_preprocessing.py took 0.061 seconds
[2025-10-15T17:20:40.448+0000] {processor.py:161} INFO - Started process (PID=361) to work on /opt/airflow/dags/document_preprocessing.py
[2025-10-15T17:20:40.449+0000] {processor.py:830} INFO - Processing file /opt/airflow/dags/document_preprocessing.py for tasks to queue
[2025-10-15T17:20:40.450+0000] {logging_mixin.py:188} INFO - [2025-10-15T17:20:40.450+0000] {dagbag.py:538} INFO - Filling up the DagBag from /opt/airflow/dags/document_preprocessing.py
[2025-10-15T17:20:40.460+0000] {logging_mixin.py:188} INFO - [2025-10-15T17:20:40.460+0000] {shared_utils.py:452} INFO - Инициализированы пути обработки: ['input_pdf', 'temp_dir', 'output_md', 'logs', 'work_dir']
[2025-10-15T17:20:40.461+0000] {logging_mixin.py:188} INFO - [2025-10-15T17:20:40.461+0000] {shared_utils.py:456} INFO - Настроены URL сервисов: ['document_processor', 'translator', 'quality_assurance', 'airflow']
[2025-10-15T17:20:40.465+0000] {processor.py:840} INFO - DAG(s) 'document_preprocessing' retrieved from /opt/airflow/dags/document_preprocessing.py
[2025-10-15T17:20:40.485+0000] {logging_mixin.py:188} INFO - [2025-10-15T17:20:40.485+0000] {dag.py:3036} INFO - Sync 1 DAGs
[2025-10-15T17:20:40.494+0000] {logging_mixin.py:188} INFO - [2025-10-15T17:20:40.494+0000] {dag.py:3823} INFO - Setting next_dagrun for document_preprocessing to None, run_after=None
[2025-10-15T17:20:40.506+0000] {processor.py:183} INFO - Processing /opt/airflow/dags/document_preprocessing.py took 0.060 seconds
[2025-10-15T17:21:10.834+0000] {processor.py:161} INFO - Started process (PID=374) to work on /opt/airflow/dags/document_preprocessing.py
[2025-10-15T17:21:10.835+0000] {processor.py:830} INFO - Processing file /opt/airflow/dags/document_preprocessing.py for tasks to queue
[2025-10-15T17:21:10.836+0000] {logging_mixin.py:188} INFO - [2025-10-15T17:21:10.836+0000] {dagbag.py:538} INFO - Filling up the DagBag from /opt/airflow/dags/document_preprocessing.py
[2025-10-15T17:21:10.846+0000] {logging_mixin.py:188} INFO - [2025-10-15T17:21:10.846+0000] {shared_utils.py:452} INFO - Инициализированы пути обработки: ['input_pdf', 'temp_dir', 'output_md', 'logs', 'work_dir']
[2025-10-15T17:21:10.846+0000] {logging_mixin.py:188} INFO - [2025-10-15T17:21:10.846+0000] {shared_utils.py:456} INFO - Настроены URL сервисов: ['document_processor', 'translator', 'quality_assurance', 'airflow']
[2025-10-15T17:21:10.851+0000] {processor.py:840} INFO - DAG(s) 'document_preprocessing' retrieved from /opt/airflow/dags/document_preprocessing.py
[2025-10-15T17:21:10.874+0000] {logging_mixin.py:188} INFO - [2025-10-15T17:21:10.873+0000] {dag.py:3036} INFO - Sync 1 DAGs
[2025-10-15T17:21:10.883+0000] {logging_mixin.py:188} INFO - [2025-10-15T17:21:10.883+0000] {dag.py:3823} INFO - Setting next_dagrun for document_preprocessing to None, run_after=None
[2025-10-15T17:21:10.895+0000] {processor.py:183} INFO - Processing /opt/airflow/dags/document_preprocessing.py took 0.064 seconds
[2025-10-15T17:21:41.132+0000] {processor.py:161} INFO - Started process (PID=387) to work on /opt/airflow/dags/document_preprocessing.py
[2025-10-15T17:21:41.133+0000] {processor.py:830} INFO - Processing file /opt/airflow/dags/document_preprocessing.py for tasks to queue
[2025-10-15T17:21:41.134+0000] {logging_mixin.py:188} INFO - [2025-10-15T17:21:41.134+0000] {dagbag.py:538} INFO - Filling up the DagBag from /opt/airflow/dags/document_preprocessing.py
[2025-10-15T17:21:41.145+0000] {logging_mixin.py:188} INFO - [2025-10-15T17:21:41.144+0000] {shared_utils.py:452} INFO - Инициализированы пути обработки: ['input_pdf', 'temp_dir', 'output_md', 'logs', 'work_dir']
[2025-10-15T17:21:41.145+0000] {logging_mixin.py:188} INFO - [2025-10-15T17:21:41.145+0000] {shared_utils.py:456} INFO - Настроены URL сервисов: ['document_processor', 'translator', 'quality_assurance', 'airflow']
[2025-10-15T17:21:41.150+0000] {processor.py:840} INFO - DAG(s) 'document_preprocessing' retrieved from /opt/airflow/dags/document_preprocessing.py
[2025-10-15T17:21:41.170+0000] {logging_mixin.py:188} INFO - [2025-10-15T17:21:41.170+0000] {dag.py:3036} INFO - Sync 1 DAGs
[2025-10-15T17:21:41.180+0000] {logging_mixin.py:188} INFO - [2025-10-15T17:21:41.180+0000] {dag.py:3823} INFO - Setting next_dagrun for document_preprocessing to None, run_after=None
[2025-10-15T17:21:41.191+0000] {processor.py:183} INFO - Processing /opt/airflow/dags/document_preprocessing.py took 0.062 seconds
[2025-10-15T17:22:11.541+0000] {processor.py:161} INFO - Started process (PID=400) to work on /opt/airflow/dags/document_preprocessing.py
[2025-10-15T17:22:11.542+0000] {processor.py:830} INFO - Processing file /opt/airflow/dags/document_preprocessing.py for tasks to queue
[2025-10-15T17:22:11.543+0000] {logging_mixin.py:188} INFO - [2025-10-15T17:22:11.543+0000] {dagbag.py:538} INFO - Filling up the DagBag from /opt/airflow/dags/document_preprocessing.py
[2025-10-15T17:22:11.553+0000] {logging_mixin.py:188} INFO - [2025-10-15T17:22:11.553+0000] {shared_utils.py:452} INFO - Инициализированы пути обработки: ['input_pdf', 'temp_dir', 'output_md', 'logs', 'work_dir']
[2025-10-15T17:22:11.554+0000] {logging_mixin.py:188} INFO - [2025-10-15T17:22:11.553+0000] {shared_utils.py:456} INFO - Настроены URL сервисов: ['document_processor', 'translator', 'quality_assurance', 'airflow']
[2025-10-15T17:22:11.558+0000] {processor.py:840} INFO - DAG(s) 'document_preprocessing' retrieved from /opt/airflow/dags/document_preprocessing.py
[2025-10-15T17:22:11.578+0000] {logging_mixin.py:188} INFO - [2025-10-15T17:22:11.577+0000] {dag.py:3036} INFO - Sync 1 DAGs
[2025-10-15T17:22:11.587+0000] {logging_mixin.py:188} INFO - [2025-10-15T17:22:11.587+0000] {dag.py:3823} INFO - Setting next_dagrun for document_preprocessing to None, run_after=None
[2025-10-15T17:22:11.599+0000] {processor.py:183} INFO - Processing /opt/airflow/dags/document_preprocessing.py took 0.060 seconds
[2025-10-15T17:22:41.822+0000] {processor.py:161} INFO - Started process (PID=413) to work on /opt/airflow/dags/document_preprocessing.py
[2025-10-15T17:22:41.823+0000] {processor.py:830} INFO - Processing file /opt/airflow/dags/document_preprocessing.py for tasks to queue
[2025-10-15T17:22:41.824+0000] {logging_mixin.py:188} INFO - [2025-10-15T17:22:41.824+0000] {dagbag.py:538} INFO - Filling up the DagBag from /opt/airflow/dags/document_preprocessing.py
[2025-10-15T17:22:41.834+0000] {logging_mixin.py:188} INFO - [2025-10-15T17:22:41.834+0000] {shared_utils.py:452} INFO - Инициализированы пути обработки: ['input_pdf', 'temp_dir', 'output_md', 'logs', 'work_dir']
[2025-10-15T17:22:41.835+0000] {logging_mixin.py:188} INFO - [2025-10-15T17:22:41.835+0000] {shared_utils.py:456} INFO - Настроены URL сервисов: ['document_processor', 'translator', 'quality_assurance', 'airflow']
[2025-10-15T17:22:41.839+0000] {processor.py:840} INFO - DAG(s) 'document_preprocessing' retrieved from /opt/airflow/dags/document_preprocessing.py
[2025-10-15T17:22:41.860+0000] {logging_mixin.py:188} INFO - [2025-10-15T17:22:41.860+0000] {dag.py:3036} INFO - Sync 1 DAGs
[2025-10-15T17:22:41.869+0000] {logging_mixin.py:188} INFO - [2025-10-15T17:22:41.869+0000] {dag.py:3823} INFO - Setting next_dagrun for document_preprocessing to None, run_after=None
[2025-10-15T17:22:41.881+0000] {processor.py:183} INFO - Processing /opt/airflow/dags/document_preprocessing.py took 0.061 seconds
