[2025-10-15T09:18:03.033+0000] {processor.py:161} INFO - Started process (PID=103) to work on /opt/airflow/dags/orchestrator_dag.py
[2025-10-15T09:18:03.034+0000] {processor.py:830} INFO - Processing file /opt/airflow/dags/orchestrator_dag.py for tasks to queue
[2025-10-15T09:18:03.035+0000] {logging_mixin.py:188} INFO - [2025-10-15T09:18:03.035+0000] {dagbag.py:538} INFO - Filling up the DagBag from /opt/airflow/dags/orchestrator_dag.py
[2025-10-15T09:18:03.046+0000] {logging_mixin.py:188} INFO - [2025-10-15T09:18:03.046+0000] {shared_utils.py:452} INFO - Инициализированы пути обработки: ['input_pdf', 'temp_dir', 'output_md', 'logs', 'work_dir']
[2025-10-15T09:18:03.046+0000] {logging_mixin.py:188} INFO - [2025-10-15T09:18:03.046+0000] {shared_utils.py:456} INFO - Настроены URL сервисов: ['document_processor', 'translator', 'quality_assurance', 'airflow']
[2025-10-15T09:18:03.053+0000] {processor.py:840} INFO - DAG(s) 'orchestrator_dag' retrieved from /opt/airflow/dags/orchestrator_dag.py
[2025-10-15T09:18:03.065+0000] {logging_mixin.py:188} INFO - [2025-10-15T09:18:03.065+0000] {dag.py:3036} INFO - Sync 1 DAGs
[2025-10-15T09:18:03.077+0000] {logging_mixin.py:188} INFO - [2025-10-15T09:18:03.076+0000] {dag.py:3823} INFO - Setting next_dagrun for orchestrator_dag to None, run_after=None
[2025-10-15T09:18:03.091+0000] {processor.py:183} INFO - Processing /opt/airflow/dags/orchestrator_dag.py took 0.060 seconds
[2025-10-15T09:18:33.511+0000] {processor.py:161} INFO - Started process (PID=115) to work on /opt/airflow/dags/orchestrator_dag.py
[2025-10-15T09:18:33.512+0000] {processor.py:830} INFO - Processing file /opt/airflow/dags/orchestrator_dag.py for tasks to queue
[2025-10-15T09:18:33.513+0000] {logging_mixin.py:188} INFO - [2025-10-15T09:18:33.513+0000] {dagbag.py:538} INFO - Filling up the DagBag from /opt/airflow/dags/orchestrator_dag.py
[2025-10-15T09:18:33.524+0000] {logging_mixin.py:188} INFO - [2025-10-15T09:18:33.524+0000] {shared_utils.py:452} INFO - Инициализированы пути обработки: ['input_pdf', 'temp_dir', 'output_md', 'logs', 'work_dir']
[2025-10-15T09:18:33.524+0000] {logging_mixin.py:188} INFO - [2025-10-15T09:18:33.524+0000] {shared_utils.py:456} INFO - Настроены URL сервисов: ['document_processor', 'translator', 'quality_assurance', 'airflow']
[2025-10-15T09:18:33.530+0000] {processor.py:840} INFO - DAG(s) 'orchestrator_dag' retrieved from /opt/airflow/dags/orchestrator_dag.py
[2025-10-15T09:18:33.612+0000] {logging_mixin.py:188} INFO - [2025-10-15T09:18:33.612+0000] {dag.py:3036} INFO - Sync 1 DAGs
[2025-10-15T09:18:33.620+0000] {logging_mixin.py:188} INFO - [2025-10-15T09:18:33.620+0000] {dag.py:3823} INFO - Setting next_dagrun for orchestrator_dag to None, run_after=None
[2025-10-15T09:18:33.635+0000] {processor.py:183} INFO - Processing /opt/airflow/dags/orchestrator_dag.py took 0.126 seconds
[2025-10-15T09:19:03.865+0000] {processor.py:161} INFO - Started process (PID=128) to work on /opt/airflow/dags/orchestrator_dag.py
[2025-10-15T09:19:03.865+0000] {processor.py:830} INFO - Processing file /opt/airflow/dags/orchestrator_dag.py for tasks to queue
[2025-10-15T09:19:03.867+0000] {logging_mixin.py:188} INFO - [2025-10-15T09:19:03.867+0000] {dagbag.py:538} INFO - Filling up the DagBag from /opt/airflow/dags/orchestrator_dag.py
[2025-10-15T09:19:03.877+0000] {logging_mixin.py:188} INFO - [2025-10-15T09:19:03.877+0000] {shared_utils.py:452} INFO - Инициализированы пути обработки: ['input_pdf', 'temp_dir', 'output_md', 'logs', 'work_dir']
[2025-10-15T09:19:03.877+0000] {logging_mixin.py:188} INFO - [2025-10-15T09:19:03.877+0000] {shared_utils.py:456} INFO - Настроены URL сервисов: ['document_processor', 'translator', 'quality_assurance', 'airflow']
[2025-10-15T09:19:03.884+0000] {processor.py:840} INFO - DAG(s) 'orchestrator_dag' retrieved from /opt/airflow/dags/orchestrator_dag.py
[2025-10-15T09:19:03.911+0000] {logging_mixin.py:188} INFO - [2025-10-15T09:19:03.911+0000] {dag.py:3036} INFO - Sync 1 DAGs
[2025-10-15T09:19:03.921+0000] {logging_mixin.py:188} INFO - [2025-10-15T09:19:03.921+0000] {dag.py:3823} INFO - Setting next_dagrun for orchestrator_dag to None, run_after=None
[2025-10-15T09:19:03.933+0000] {processor.py:183} INFO - Processing /opt/airflow/dags/orchestrator_dag.py took 0.071 seconds
[2025-10-15T09:19:34.169+0000] {processor.py:161} INFO - Started process (PID=141) to work on /opt/airflow/dags/orchestrator_dag.py
[2025-10-15T09:19:34.169+0000] {processor.py:830} INFO - Processing file /opt/airflow/dags/orchestrator_dag.py for tasks to queue
[2025-10-15T09:19:34.171+0000] {logging_mixin.py:188} INFO - [2025-10-15T09:19:34.171+0000] {dagbag.py:538} INFO - Filling up the DagBag from /opt/airflow/dags/orchestrator_dag.py
[2025-10-15T09:19:34.181+0000] {logging_mixin.py:188} INFO - [2025-10-15T09:19:34.181+0000] {shared_utils.py:452} INFO - Инициализированы пути обработки: ['input_pdf', 'temp_dir', 'output_md', 'logs', 'work_dir']
[2025-10-15T09:19:34.181+0000] {logging_mixin.py:188} INFO - [2025-10-15T09:19:34.181+0000] {shared_utils.py:456} INFO - Настроены URL сервисов: ['document_processor', 'translator', 'quality_assurance', 'airflow']
[2025-10-15T09:19:34.188+0000] {processor.py:840} INFO - DAG(s) 'orchestrator_dag' retrieved from /opt/airflow/dags/orchestrator_dag.py
[2025-10-15T09:19:34.214+0000] {logging_mixin.py:188} INFO - [2025-10-15T09:19:34.214+0000] {dag.py:3036} INFO - Sync 1 DAGs
[2025-10-15T09:19:34.224+0000] {logging_mixin.py:188} INFO - [2025-10-15T09:19:34.223+0000] {dag.py:3823} INFO - Setting next_dagrun for orchestrator_dag to None, run_after=None
[2025-10-15T09:19:34.236+0000] {processor.py:183} INFO - Processing /opt/airflow/dags/orchestrator_dag.py took 0.070 seconds
[2025-10-15T09:20:04.577+0000] {processor.py:161} INFO - Started process (PID=154) to work on /opt/airflow/dags/orchestrator_dag.py
[2025-10-15T09:20:04.578+0000] {processor.py:830} INFO - Processing file /opt/airflow/dags/orchestrator_dag.py for tasks to queue
[2025-10-15T09:20:04.579+0000] {logging_mixin.py:188} INFO - [2025-10-15T09:20:04.579+0000] {dagbag.py:538} INFO - Filling up the DagBag from /opt/airflow/dags/orchestrator_dag.py
[2025-10-15T09:20:04.590+0000] {logging_mixin.py:188} INFO - [2025-10-15T09:20:04.589+0000] {shared_utils.py:452} INFO - Инициализированы пути обработки: ['input_pdf', 'temp_dir', 'output_md', 'logs', 'work_dir']
[2025-10-15T09:20:04.590+0000] {logging_mixin.py:188} INFO - [2025-10-15T09:20:04.590+0000] {shared_utils.py:456} INFO - Настроены URL сервисов: ['document_processor', 'translator', 'quality_assurance', 'airflow']
[2025-10-15T09:20:04.596+0000] {processor.py:840} INFO - DAG(s) 'orchestrator_dag' retrieved from /opt/airflow/dags/orchestrator_dag.py
[2025-10-15T09:20:04.623+0000] {logging_mixin.py:188} INFO - [2025-10-15T09:20:04.622+0000] {dag.py:3036} INFO - Sync 1 DAGs
[2025-10-15T09:20:04.632+0000] {logging_mixin.py:188} INFO - [2025-10-15T09:20:04.632+0000] {dag.py:3823} INFO - Setting next_dagrun for orchestrator_dag to None, run_after=None
[2025-10-15T09:20:04.644+0000] {processor.py:183} INFO - Processing /opt/airflow/dags/orchestrator_dag.py took 0.069 seconds
[2025-10-15T09:20:34.900+0000] {processor.py:161} INFO - Started process (PID=167) to work on /opt/airflow/dags/orchestrator_dag.py
[2025-10-15T09:20:34.901+0000] {processor.py:830} INFO - Processing file /opt/airflow/dags/orchestrator_dag.py for tasks to queue
[2025-10-15T09:20:34.902+0000] {logging_mixin.py:188} INFO - [2025-10-15T09:20:34.902+0000] {dagbag.py:538} INFO - Filling up the DagBag from /opt/airflow/dags/orchestrator_dag.py
[2025-10-15T09:20:34.913+0000] {logging_mixin.py:188} INFO - [2025-10-15T09:20:34.912+0000] {shared_utils.py:452} INFO - Инициализированы пути обработки: ['input_pdf', 'temp_dir', 'output_md', 'logs', 'work_dir']
[2025-10-15T09:20:34.913+0000] {logging_mixin.py:188} INFO - [2025-10-15T09:20:34.913+0000] {shared_utils.py:456} INFO - Настроены URL сервисов: ['document_processor', 'translator', 'quality_assurance', 'airflow']
[2025-10-15T09:20:34.919+0000] {processor.py:840} INFO - DAG(s) 'orchestrator_dag' retrieved from /opt/airflow/dags/orchestrator_dag.py
[2025-10-15T09:20:34.945+0000] {logging_mixin.py:188} INFO - [2025-10-15T09:20:34.945+0000] {dag.py:3036} INFO - Sync 1 DAGs
[2025-10-15T09:20:34.955+0000] {logging_mixin.py:188} INFO - [2025-10-15T09:20:34.954+0000] {dag.py:3823} INFO - Setting next_dagrun for orchestrator_dag to None, run_after=None
[2025-10-15T09:20:34.966+0000] {processor.py:183} INFO - Processing /opt/airflow/dags/orchestrator_dag.py took 0.068 seconds
[2025-10-15T09:21:05.283+0000] {processor.py:161} INFO - Started process (PID=180) to work on /opt/airflow/dags/orchestrator_dag.py
[2025-10-15T09:21:05.283+0000] {processor.py:830} INFO - Processing file /opt/airflow/dags/orchestrator_dag.py for tasks to queue
[2025-10-15T09:21:05.285+0000] {logging_mixin.py:188} INFO - [2025-10-15T09:21:05.285+0000] {dagbag.py:538} INFO - Filling up the DagBag from /opt/airflow/dags/orchestrator_dag.py
[2025-10-15T09:21:05.295+0000] {logging_mixin.py:188} INFO - [2025-10-15T09:21:05.295+0000] {shared_utils.py:452} INFO - Инициализированы пути обработки: ['input_pdf', 'temp_dir', 'output_md', 'logs', 'work_dir']
[2025-10-15T09:21:05.295+0000] {logging_mixin.py:188} INFO - [2025-10-15T09:21:05.295+0000] {shared_utils.py:456} INFO - Настроены URL сервисов: ['document_processor', 'translator', 'quality_assurance', 'airflow']
[2025-10-15T09:21:05.301+0000] {processor.py:840} INFO - DAG(s) 'orchestrator_dag' retrieved from /opt/airflow/dags/orchestrator_dag.py
[2025-10-15T09:21:05.326+0000] {logging_mixin.py:188} INFO - [2025-10-15T09:21:05.326+0000] {dag.py:3036} INFO - Sync 1 DAGs
[2025-10-15T09:21:05.336+0000] {logging_mixin.py:188} INFO - [2025-10-15T09:21:05.336+0000] {dag.py:3823} INFO - Setting next_dagrun for orchestrator_dag to None, run_after=None
[2025-10-15T09:21:05.348+0000] {processor.py:183} INFO - Processing /opt/airflow/dags/orchestrator_dag.py took 0.067 seconds
[2025-10-15T09:21:35.588+0000] {processor.py:161} INFO - Started process (PID=193) to work on /opt/airflow/dags/orchestrator_dag.py
[2025-10-15T09:21:35.589+0000] {processor.py:830} INFO - Processing file /opt/airflow/dags/orchestrator_dag.py for tasks to queue
[2025-10-15T09:21:35.590+0000] {logging_mixin.py:188} INFO - [2025-10-15T09:21:35.590+0000] {dagbag.py:538} INFO - Filling up the DagBag from /opt/airflow/dags/orchestrator_dag.py
[2025-10-15T09:21:35.600+0000] {logging_mixin.py:188} INFO - [2025-10-15T09:21:35.600+0000] {shared_utils.py:452} INFO - Инициализированы пути обработки: ['input_pdf', 'temp_dir', 'output_md', 'logs', 'work_dir']
[2025-10-15T09:21:35.601+0000] {logging_mixin.py:188} INFO - [2025-10-15T09:21:35.601+0000] {shared_utils.py:456} INFO - Настроены URL сервисов: ['document_processor', 'translator', 'quality_assurance', 'airflow']
[2025-10-15T09:21:35.607+0000] {processor.py:840} INFO - DAG(s) 'orchestrator_dag' retrieved from /opt/airflow/dags/orchestrator_dag.py
[2025-10-15T09:21:35.633+0000] {logging_mixin.py:188} INFO - [2025-10-15T09:21:35.632+0000] {dag.py:3036} INFO - Sync 1 DAGs
[2025-10-15T09:21:35.642+0000] {logging_mixin.py:188} INFO - [2025-10-15T09:21:35.642+0000] {dag.py:3823} INFO - Setting next_dagrun for orchestrator_dag to None, run_after=None
[2025-10-15T09:21:35.654+0000] {processor.py:183} INFO - Processing /opt/airflow/dags/orchestrator_dag.py took 0.068 seconds
[2025-10-15T09:22:05.993+0000] {processor.py:161} INFO - Started process (PID=206) to work on /opt/airflow/dags/orchestrator_dag.py
[2025-10-15T09:22:05.993+0000] {processor.py:830} INFO - Processing file /opt/airflow/dags/orchestrator_dag.py for tasks to queue
[2025-10-15T09:22:05.995+0000] {logging_mixin.py:188} INFO - [2025-10-15T09:22:05.995+0000] {dagbag.py:538} INFO - Filling up the DagBag from /opt/airflow/dags/orchestrator_dag.py
[2025-10-15T09:22:06.005+0000] {logging_mixin.py:188} INFO - [2025-10-15T09:22:06.005+0000] {shared_utils.py:452} INFO - Инициализированы пути обработки: ['input_pdf', 'temp_dir', 'output_md', 'logs', 'work_dir']
[2025-10-15T09:22:06.005+0000] {logging_mixin.py:188} INFO - [2025-10-15T09:22:06.005+0000] {shared_utils.py:456} INFO - Настроены URL сервисов: ['document_processor', 'translator', 'quality_assurance', 'airflow']
[2025-10-15T09:22:06.012+0000] {processor.py:840} INFO - DAG(s) 'orchestrator_dag' retrieved from /opt/airflow/dags/orchestrator_dag.py
[2025-10-15T09:22:06.038+0000] {logging_mixin.py:188} INFO - [2025-10-15T09:22:06.038+0000] {dag.py:3036} INFO - Sync 1 DAGs
[2025-10-15T09:22:06.048+0000] {logging_mixin.py:188} INFO - [2025-10-15T09:22:06.047+0000] {dag.py:3823} INFO - Setting next_dagrun for orchestrator_dag to None, run_after=None
[2025-10-15T09:22:06.060+0000] {processor.py:183} INFO - Processing /opt/airflow/dags/orchestrator_dag.py took 0.070 seconds
[2025-10-15T09:22:36.292+0000] {processor.py:161} INFO - Started process (PID=219) to work on /opt/airflow/dags/orchestrator_dag.py
[2025-10-15T09:22:36.292+0000] {processor.py:830} INFO - Processing file /opt/airflow/dags/orchestrator_dag.py for tasks to queue
[2025-10-15T09:22:36.294+0000] {logging_mixin.py:188} INFO - [2025-10-15T09:22:36.293+0000] {dagbag.py:538} INFO - Filling up the DagBag from /opt/airflow/dags/orchestrator_dag.py
[2025-10-15T09:22:36.304+0000] {logging_mixin.py:188} INFO - [2025-10-15T09:22:36.303+0000] {shared_utils.py:452} INFO - Инициализированы пути обработки: ['input_pdf', 'temp_dir', 'output_md', 'logs', 'work_dir']
[2025-10-15T09:22:36.304+0000] {logging_mixin.py:188} INFO - [2025-10-15T09:22:36.304+0000] {shared_utils.py:456} INFO - Настроены URL сервисов: ['document_processor', 'translator', 'quality_assurance', 'airflow']
[2025-10-15T09:22:36.310+0000] {processor.py:840} INFO - DAG(s) 'orchestrator_dag' retrieved from /opt/airflow/dags/orchestrator_dag.py
[2025-10-15T09:22:36.336+0000] {logging_mixin.py:188} INFO - [2025-10-15T09:22:36.335+0000] {dag.py:3036} INFO - Sync 1 DAGs
[2025-10-15T09:22:36.346+0000] {logging_mixin.py:188} INFO - [2025-10-15T09:22:36.345+0000] {dag.py:3823} INFO - Setting next_dagrun for orchestrator_dag to None, run_after=None
[2025-10-15T09:22:36.357+0000] {processor.py:183} INFO - Processing /opt/airflow/dags/orchestrator_dag.py took 0.068 seconds
[2025-10-15T09:23:06.700+0000] {processor.py:161} INFO - Started process (PID=232) to work on /opt/airflow/dags/orchestrator_dag.py
[2025-10-15T09:23:06.701+0000] {processor.py:830} INFO - Processing file /opt/airflow/dags/orchestrator_dag.py for tasks to queue
[2025-10-15T09:23:06.702+0000] {logging_mixin.py:188} INFO - [2025-10-15T09:23:06.702+0000] {dagbag.py:538} INFO - Filling up the DagBag from /opt/airflow/dags/orchestrator_dag.py
[2025-10-15T09:23:06.713+0000] {logging_mixin.py:188} INFO - [2025-10-15T09:23:06.713+0000] {shared_utils.py:452} INFO - Инициализированы пути обработки: ['input_pdf', 'temp_dir', 'output_md', 'logs', 'work_dir']
[2025-10-15T09:23:06.713+0000] {logging_mixin.py:188} INFO - [2025-10-15T09:23:06.713+0000] {shared_utils.py:456} INFO - Настроены URL сервисов: ['document_processor', 'translator', 'quality_assurance', 'airflow']
[2025-10-15T09:23:06.719+0000] {processor.py:840} INFO - DAG(s) 'orchestrator_dag' retrieved from /opt/airflow/dags/orchestrator_dag.py
[2025-10-15T09:23:06.745+0000] {logging_mixin.py:188} INFO - [2025-10-15T09:23:06.745+0000] {dag.py:3036} INFO - Sync 1 DAGs
[2025-10-15T09:23:06.755+0000] {logging_mixin.py:188} INFO - [2025-10-15T09:23:06.755+0000] {dag.py:3823} INFO - Setting next_dagrun for orchestrator_dag to None, run_after=None
[2025-10-15T09:23:06.766+0000] {processor.py:183} INFO - Processing /opt/airflow/dags/orchestrator_dag.py took 0.069 seconds
[2025-10-15T09:23:37.003+0000] {processor.py:161} INFO - Started process (PID=245) to work on /opt/airflow/dags/orchestrator_dag.py
[2025-10-15T09:23:37.003+0000] {processor.py:830} INFO - Processing file /opt/airflow/dags/orchestrator_dag.py for tasks to queue
[2025-10-15T09:23:37.005+0000] {logging_mixin.py:188} INFO - [2025-10-15T09:23:37.004+0000] {dagbag.py:538} INFO - Filling up the DagBag from /opt/airflow/dags/orchestrator_dag.py
[2025-10-15T09:23:37.015+0000] {logging_mixin.py:188} INFO - [2025-10-15T09:23:37.015+0000] {shared_utils.py:452} INFO - Инициализированы пути обработки: ['input_pdf', 'temp_dir', 'output_md', 'logs', 'work_dir']
[2025-10-15T09:23:37.015+0000] {logging_mixin.py:188} INFO - [2025-10-15T09:23:37.015+0000] {shared_utils.py:456} INFO - Настроены URL сервисов: ['document_processor', 'translator', 'quality_assurance', 'airflow']
[2025-10-15T09:23:37.021+0000] {processor.py:840} INFO - DAG(s) 'orchestrator_dag' retrieved from /opt/airflow/dags/orchestrator_dag.py
[2025-10-15T09:23:37.046+0000] {logging_mixin.py:188} INFO - [2025-10-15T09:23:37.046+0000] {dag.py:3036} INFO - Sync 1 DAGs
[2025-10-15T09:23:37.055+0000] {logging_mixin.py:188} INFO - [2025-10-15T09:23:37.055+0000] {dag.py:3823} INFO - Setting next_dagrun for orchestrator_dag to None, run_after=None
[2025-10-15T09:23:37.067+0000] {processor.py:183} INFO - Processing /opt/airflow/dags/orchestrator_dag.py took 0.067 seconds
[2025-10-15T09:24:07.300+0000] {processor.py:161} INFO - Started process (PID=258) to work on /opt/airflow/dags/orchestrator_dag.py
[2025-10-15T09:24:07.301+0000] {processor.py:830} INFO - Processing file /opt/airflow/dags/orchestrator_dag.py for tasks to queue
[2025-10-15T09:24:07.303+0000] {logging_mixin.py:188} INFO - [2025-10-15T09:24:07.302+0000] {dagbag.py:538} INFO - Filling up the DagBag from /opt/airflow/dags/orchestrator_dag.py
[2025-10-15T09:24:07.313+0000] {logging_mixin.py:188} INFO - [2025-10-15T09:24:07.312+0000] {shared_utils.py:452} INFO - Инициализированы пути обработки: ['input_pdf', 'temp_dir', 'output_md', 'logs', 'work_dir']
[2025-10-15T09:24:07.313+0000] {logging_mixin.py:188} INFO - [2025-10-15T09:24:07.313+0000] {shared_utils.py:456} INFO - Настроены URL сервисов: ['document_processor', 'translator', 'quality_assurance', 'airflow']
[2025-10-15T09:24:07.319+0000] {processor.py:840} INFO - DAG(s) 'orchestrator_dag' retrieved from /opt/airflow/dags/orchestrator_dag.py
[2025-10-15T09:24:07.345+0000] {logging_mixin.py:188} INFO - [2025-10-15T09:24:07.345+0000] {dag.py:3036} INFO - Sync 1 DAGs
[2025-10-15T09:24:07.457+0000] {logging_mixin.py:188} INFO - [2025-10-15T09:24:07.456+0000] {dag.py:3823} INFO - Setting next_dagrun for orchestrator_dag to None, run_after=None
[2025-10-15T09:24:07.468+0000] {processor.py:183} INFO - Processing /opt/airflow/dags/orchestrator_dag.py took 0.170 seconds
[2025-10-15T09:24:37.709+0000] {processor.py:161} INFO - Started process (PID=271) to work on /opt/airflow/dags/orchestrator_dag.py
[2025-10-15T09:24:37.709+0000] {processor.py:830} INFO - Processing file /opt/airflow/dags/orchestrator_dag.py for tasks to queue
[2025-10-15T09:24:37.711+0000] {logging_mixin.py:188} INFO - [2025-10-15T09:24:37.711+0000] {dagbag.py:538} INFO - Filling up the DagBag from /opt/airflow/dags/orchestrator_dag.py
[2025-10-15T09:24:37.721+0000] {logging_mixin.py:188} INFO - [2025-10-15T09:24:37.721+0000] {shared_utils.py:452} INFO - Инициализированы пути обработки: ['input_pdf', 'temp_dir', 'output_md', 'logs', 'work_dir']
[2025-10-15T09:24:37.721+0000] {logging_mixin.py:188} INFO - [2025-10-15T09:24:37.721+0000] {shared_utils.py:456} INFO - Настроены URL сервисов: ['document_processor', 'translator', 'quality_assurance', 'airflow']
[2025-10-15T09:24:37.728+0000] {processor.py:840} INFO - DAG(s) 'orchestrator_dag' retrieved from /opt/airflow/dags/orchestrator_dag.py
[2025-10-15T09:24:37.753+0000] {logging_mixin.py:188} INFO - [2025-10-15T09:24:37.753+0000] {dag.py:3036} INFO - Sync 1 DAGs
[2025-10-15T09:24:37.763+0000] {logging_mixin.py:188} INFO - [2025-10-15T09:24:37.763+0000] {dag.py:3823} INFO - Setting next_dagrun for orchestrator_dag to None, run_after=None
[2025-10-15T09:24:37.774+0000] {processor.py:183} INFO - Processing /opt/airflow/dags/orchestrator_dag.py took 0.068 seconds
[2025-10-15T09:25:07.997+0000] {processor.py:161} INFO - Started process (PID=284) to work on /opt/airflow/dags/orchestrator_dag.py
[2025-10-15T09:25:07.998+0000] {processor.py:830} INFO - Processing file /opt/airflow/dags/orchestrator_dag.py for tasks to queue
[2025-10-15T09:25:07.999+0000] {logging_mixin.py:188} INFO - [2025-10-15T09:25:07.999+0000] {dagbag.py:538} INFO - Filling up the DagBag from /opt/airflow/dags/orchestrator_dag.py
[2025-10-15T09:25:08.009+0000] {logging_mixin.py:188} INFO - [2025-10-15T09:25:08.008+0000] {shared_utils.py:452} INFO - Инициализированы пути обработки: ['input_pdf', 'temp_dir', 'output_md', 'logs', 'work_dir']
[2025-10-15T09:25:08.009+0000] {logging_mixin.py:188} INFO - [2025-10-15T09:25:08.009+0000] {shared_utils.py:456} INFO - Настроены URL сервисов: ['document_processor', 'translator', 'quality_assurance', 'airflow']
[2025-10-15T09:25:08.015+0000] {processor.py:840} INFO - DAG(s) 'orchestrator_dag' retrieved from /opt/airflow/dags/orchestrator_dag.py
[2025-10-15T09:25:08.040+0000] {logging_mixin.py:188} INFO - [2025-10-15T09:25:08.040+0000] {dag.py:3036} INFO - Sync 1 DAGs
[2025-10-15T09:25:08.050+0000] {logging_mixin.py:188} INFO - [2025-10-15T09:25:08.050+0000] {dag.py:3823} INFO - Setting next_dagrun for orchestrator_dag to None, run_after=None
[2025-10-15T09:25:08.061+0000] {processor.py:183} INFO - Processing /opt/airflow/dags/orchestrator_dag.py took 0.066 seconds
[2025-10-15T09:25:38.381+0000] {processor.py:161} INFO - Started process (PID=297) to work on /opt/airflow/dags/orchestrator_dag.py
[2025-10-15T09:25:38.382+0000] {processor.py:830} INFO - Processing file /opt/airflow/dags/orchestrator_dag.py for tasks to queue
[2025-10-15T09:25:38.383+0000] {logging_mixin.py:188} INFO - [2025-10-15T09:25:38.383+0000] {dagbag.py:538} INFO - Filling up the DagBag from /opt/airflow/dags/orchestrator_dag.py
[2025-10-15T09:25:38.393+0000] {logging_mixin.py:188} INFO - [2025-10-15T09:25:38.393+0000] {shared_utils.py:452} INFO - Инициализированы пути обработки: ['input_pdf', 'temp_dir', 'output_md', 'logs', 'work_dir']
[2025-10-15T09:25:38.393+0000] {logging_mixin.py:188} INFO - [2025-10-15T09:25:38.393+0000] {shared_utils.py:456} INFO - Настроены URL сервисов: ['document_processor', 'translator', 'quality_assurance', 'airflow']
[2025-10-15T09:25:38.399+0000] {processor.py:840} INFO - DAG(s) 'orchestrator_dag' retrieved from /opt/airflow/dags/orchestrator_dag.py
[2025-10-15T09:25:38.425+0000] {logging_mixin.py:188} INFO - [2025-10-15T09:25:38.425+0000] {dag.py:3036} INFO - Sync 1 DAGs
[2025-10-15T09:25:38.435+0000] {logging_mixin.py:188} INFO - [2025-10-15T09:25:38.435+0000] {dag.py:3823} INFO - Setting next_dagrun for orchestrator_dag to None, run_after=None
[2025-10-15T09:25:38.447+0000] {processor.py:183} INFO - Processing /opt/airflow/dags/orchestrator_dag.py took 0.068 seconds
[2025-10-15T09:26:08.673+0000] {processor.py:161} INFO - Started process (PID=310) to work on /opt/airflow/dags/orchestrator_dag.py
[2025-10-15T09:26:08.674+0000] {processor.py:830} INFO - Processing file /opt/airflow/dags/orchestrator_dag.py for tasks to queue
[2025-10-15T09:26:08.675+0000] {logging_mixin.py:188} INFO - [2025-10-15T09:26:08.675+0000] {dagbag.py:538} INFO - Filling up the DagBag from /opt/airflow/dags/orchestrator_dag.py
[2025-10-15T09:26:08.685+0000] {logging_mixin.py:188} INFO - [2025-10-15T09:26:08.685+0000] {shared_utils.py:452} INFO - Инициализированы пути обработки: ['input_pdf', 'temp_dir', 'output_md', 'logs', 'work_dir']
[2025-10-15T09:26:08.685+0000] {logging_mixin.py:188} INFO - [2025-10-15T09:26:08.685+0000] {shared_utils.py:456} INFO - Настроены URL сервисов: ['document_processor', 'translator', 'quality_assurance', 'airflow']
[2025-10-15T09:26:08.691+0000] {processor.py:840} INFO - DAG(s) 'orchestrator_dag' retrieved from /opt/airflow/dags/orchestrator_dag.py
[2025-10-15T09:26:08.717+0000] {logging_mixin.py:188} INFO - [2025-10-15T09:26:08.717+0000] {dag.py:3036} INFO - Sync 1 DAGs
[2025-10-15T09:26:08.726+0000] {logging_mixin.py:188} INFO - [2025-10-15T09:26:08.726+0000] {dag.py:3823} INFO - Setting next_dagrun for orchestrator_dag to None, run_after=None
[2025-10-15T09:26:08.737+0000] {processor.py:183} INFO - Processing /opt/airflow/dags/orchestrator_dag.py took 0.066 seconds
[2025-10-15T09:26:39.045+0000] {processor.py:161} INFO - Started process (PID=323) to work on /opt/airflow/dags/orchestrator_dag.py
[2025-10-15T09:26:39.046+0000] {processor.py:830} INFO - Processing file /opt/airflow/dags/orchestrator_dag.py for tasks to queue
[2025-10-15T09:26:39.047+0000] {logging_mixin.py:188} INFO - [2025-10-15T09:26:39.047+0000] {dagbag.py:538} INFO - Filling up the DagBag from /opt/airflow/dags/orchestrator_dag.py
[2025-10-15T09:26:39.057+0000] {logging_mixin.py:188} INFO - [2025-10-15T09:26:39.057+0000] {shared_utils.py:452} INFO - Инициализированы пути обработки: ['input_pdf', 'temp_dir', 'output_md', 'logs', 'work_dir']
[2025-10-15T09:26:39.058+0000] {logging_mixin.py:188} INFO - [2025-10-15T09:26:39.058+0000] {shared_utils.py:456} INFO - Настроены URL сервисов: ['document_processor', 'translator', 'quality_assurance', 'airflow']
[2025-10-15T09:26:39.064+0000] {processor.py:840} INFO - DAG(s) 'orchestrator_dag' retrieved from /opt/airflow/dags/orchestrator_dag.py
[2025-10-15T09:26:39.090+0000] {logging_mixin.py:188} INFO - [2025-10-15T09:26:39.089+0000] {dag.py:3036} INFO - Sync 1 DAGs
[2025-10-15T09:26:39.099+0000] {logging_mixin.py:188} INFO - [2025-10-15T09:26:39.099+0000] {dag.py:3823} INFO - Setting next_dagrun for orchestrator_dag to None, run_after=None
[2025-10-15T09:26:39.111+0000] {processor.py:183} INFO - Processing /opt/airflow/dags/orchestrator_dag.py took 0.068 seconds
[2025-10-15T09:27:09.349+0000] {processor.py:161} INFO - Started process (PID=336) to work on /opt/airflow/dags/orchestrator_dag.py
[2025-10-15T09:27:09.349+0000] {processor.py:830} INFO - Processing file /opt/airflow/dags/orchestrator_dag.py for tasks to queue
[2025-10-15T09:27:09.351+0000] {logging_mixin.py:188} INFO - [2025-10-15T09:27:09.350+0000] {dagbag.py:538} INFO - Filling up the DagBag from /opt/airflow/dags/orchestrator_dag.py
[2025-10-15T09:27:09.361+0000] {logging_mixin.py:188} INFO - [2025-10-15T09:27:09.360+0000] {shared_utils.py:452} INFO - Инициализированы пути обработки: ['input_pdf', 'temp_dir', 'output_md', 'logs', 'work_dir']
[2025-10-15T09:27:09.361+0000] {logging_mixin.py:188} INFO - [2025-10-15T09:27:09.361+0000] {shared_utils.py:456} INFO - Настроены URL сервисов: ['document_processor', 'translator', 'quality_assurance', 'airflow']
[2025-10-15T09:27:09.367+0000] {processor.py:840} INFO - DAG(s) 'orchestrator_dag' retrieved from /opt/airflow/dags/orchestrator_dag.py
[2025-10-15T09:27:09.393+0000] {logging_mixin.py:188} INFO - [2025-10-15T09:27:09.393+0000] {dag.py:3036} INFO - Sync 1 DAGs
[2025-10-15T09:27:09.403+0000] {logging_mixin.py:188} INFO - [2025-10-15T09:27:09.403+0000] {dag.py:3823} INFO - Setting next_dagrun for orchestrator_dag to None, run_after=None
[2025-10-15T09:27:09.414+0000] {processor.py:183} INFO - Processing /opt/airflow/dags/orchestrator_dag.py took 0.068 seconds
[2025-10-15T09:27:39.733+0000] {processor.py:161} INFO - Started process (PID=349) to work on /opt/airflow/dags/orchestrator_dag.py
[2025-10-15T09:27:39.733+0000] {processor.py:830} INFO - Processing file /opt/airflow/dags/orchestrator_dag.py for tasks to queue
[2025-10-15T09:27:39.735+0000] {logging_mixin.py:188} INFO - [2025-10-15T09:27:39.735+0000] {dagbag.py:538} INFO - Filling up the DagBag from /opt/airflow/dags/orchestrator_dag.py
[2025-10-15T09:27:39.745+0000] {logging_mixin.py:188} INFO - [2025-10-15T09:27:39.745+0000] {shared_utils.py:452} INFO - Инициализированы пути обработки: ['input_pdf', 'temp_dir', 'output_md', 'logs', 'work_dir']
[2025-10-15T09:27:39.745+0000] {logging_mixin.py:188} INFO - [2025-10-15T09:27:39.745+0000] {shared_utils.py:456} INFO - Настроены URL сервисов: ['document_processor', 'translator', 'quality_assurance', 'airflow']
[2025-10-15T09:27:39.751+0000] {processor.py:840} INFO - DAG(s) 'orchestrator_dag' retrieved from /opt/airflow/dags/orchestrator_dag.py
[2025-10-15T09:27:39.776+0000] {logging_mixin.py:188} INFO - [2025-10-15T09:27:39.776+0000] {dag.py:3036} INFO - Sync 1 DAGs
[2025-10-15T09:27:39.786+0000] {logging_mixin.py:188} INFO - [2025-10-15T09:27:39.786+0000] {dag.py:3823} INFO - Setting next_dagrun for orchestrator_dag to None, run_after=None
[2025-10-15T09:27:39.797+0000] {processor.py:183} INFO - Processing /opt/airflow/dags/orchestrator_dag.py took 0.067 seconds
[2025-10-15T09:28:10.033+0000] {processor.py:161} INFO - Started process (PID=362) to work on /opt/airflow/dags/orchestrator_dag.py
[2025-10-15T09:28:10.034+0000] {processor.py:830} INFO - Processing file /opt/airflow/dags/orchestrator_dag.py for tasks to queue
[2025-10-15T09:28:10.035+0000] {logging_mixin.py:188} INFO - [2025-10-15T09:28:10.035+0000] {dagbag.py:538} INFO - Filling up the DagBag from /opt/airflow/dags/orchestrator_dag.py
[2025-10-15T09:28:10.045+0000] {logging_mixin.py:188} INFO - [2025-10-15T09:28:10.045+0000] {shared_utils.py:452} INFO - Инициализированы пути обработки: ['input_pdf', 'temp_dir', 'output_md', 'logs', 'work_dir']
[2025-10-15T09:28:10.045+0000] {logging_mixin.py:188} INFO - [2025-10-15T09:28:10.045+0000] {shared_utils.py:456} INFO - Настроены URL сервисов: ['document_processor', 'translator', 'quality_assurance', 'airflow']
[2025-10-15T09:28:10.051+0000] {processor.py:840} INFO - DAG(s) 'orchestrator_dag' retrieved from /opt/airflow/dags/orchestrator_dag.py
[2025-10-15T09:28:10.077+0000] {logging_mixin.py:188} INFO - [2025-10-15T09:28:10.077+0000] {dag.py:3036} INFO - Sync 1 DAGs
[2025-10-15T09:28:10.087+0000] {logging_mixin.py:188} INFO - [2025-10-15T09:28:10.087+0000] {dag.py:3823} INFO - Setting next_dagrun for orchestrator_dag to None, run_after=None
[2025-10-15T09:28:10.098+0000] {processor.py:183} INFO - Processing /opt/airflow/dags/orchestrator_dag.py took 0.067 seconds
[2025-10-15T09:28:40.481+0000] {processor.py:161} INFO - Started process (PID=375) to work on /opt/airflow/dags/orchestrator_dag.py
[2025-10-15T09:28:40.482+0000] {processor.py:830} INFO - Processing file /opt/airflow/dags/orchestrator_dag.py for tasks to queue
[2025-10-15T09:28:40.483+0000] {logging_mixin.py:188} INFO - [2025-10-15T09:28:40.483+0000] {dagbag.py:538} INFO - Filling up the DagBag from /opt/airflow/dags/orchestrator_dag.py
[2025-10-15T09:28:40.493+0000] {logging_mixin.py:188} INFO - [2025-10-15T09:28:40.492+0000] {shared_utils.py:452} INFO - Инициализированы пути обработки: ['input_pdf', 'temp_dir', 'output_md', 'logs', 'work_dir']
[2025-10-15T09:28:40.493+0000] {logging_mixin.py:188} INFO - [2025-10-15T09:28:40.493+0000] {shared_utils.py:456} INFO - Настроены URL сервисов: ['document_processor', 'translator', 'quality_assurance', 'airflow']
[2025-10-15T09:28:40.499+0000] {processor.py:840} INFO - DAG(s) 'orchestrator_dag' retrieved from /opt/airflow/dags/orchestrator_dag.py
[2025-10-15T09:28:40.524+0000] {logging_mixin.py:188} INFO - [2025-10-15T09:28:40.524+0000] {dag.py:3036} INFO - Sync 1 DAGs
[2025-10-15T09:28:40.534+0000] {logging_mixin.py:188} INFO - [2025-10-15T09:28:40.533+0000] {dag.py:3823} INFO - Setting next_dagrun for orchestrator_dag to None, run_after=None
[2025-10-15T09:28:40.545+0000] {processor.py:183} INFO - Processing /opt/airflow/dags/orchestrator_dag.py took 0.066 seconds
[2025-10-15T09:29:10.778+0000] {processor.py:161} INFO - Started process (PID=388) to work on /opt/airflow/dags/orchestrator_dag.py
[2025-10-15T09:29:10.779+0000] {processor.py:830} INFO - Processing file /opt/airflow/dags/orchestrator_dag.py for tasks to queue
[2025-10-15T09:29:10.780+0000] {logging_mixin.py:188} INFO - [2025-10-15T09:29:10.780+0000] {dagbag.py:538} INFO - Filling up the DagBag from /opt/airflow/dags/orchestrator_dag.py
[2025-10-15T09:29:10.790+0000] {logging_mixin.py:188} INFO - [2025-10-15T09:29:10.790+0000] {shared_utils.py:452} INFO - Инициализированы пути обработки: ['input_pdf', 'temp_dir', 'output_md', 'logs', 'work_dir']
[2025-10-15T09:29:10.790+0000] {logging_mixin.py:188} INFO - [2025-10-15T09:29:10.790+0000] {shared_utils.py:456} INFO - Настроены URL сервисов: ['document_processor', 'translator', 'quality_assurance', 'airflow']
[2025-10-15T09:29:10.796+0000] {processor.py:840} INFO - DAG(s) 'orchestrator_dag' retrieved from /opt/airflow/dags/orchestrator_dag.py
[2025-10-15T09:29:10.821+0000] {logging_mixin.py:188} INFO - [2025-10-15T09:29:10.821+0000] {dag.py:3036} INFO - Sync 1 DAGs
[2025-10-15T09:29:10.831+0000] {logging_mixin.py:188} INFO - [2025-10-15T09:29:10.830+0000] {dag.py:3823} INFO - Setting next_dagrun for orchestrator_dag to None, run_after=None
[2025-10-15T09:29:10.842+0000] {processor.py:183} INFO - Processing /opt/airflow/dags/orchestrator_dag.py took 0.066 seconds
[2025-10-15T09:29:41.081+0000] {processor.py:161} INFO - Started process (PID=401) to work on /opt/airflow/dags/orchestrator_dag.py
[2025-10-15T09:29:41.082+0000] {processor.py:830} INFO - Processing file /opt/airflow/dags/orchestrator_dag.py for tasks to queue
[2025-10-15T09:29:41.083+0000] {logging_mixin.py:188} INFO - [2025-10-15T09:29:41.083+0000] {dagbag.py:538} INFO - Filling up the DagBag from /opt/airflow/dags/orchestrator_dag.py
[2025-10-15T09:29:41.093+0000] {logging_mixin.py:188} INFO - [2025-10-15T09:29:41.093+0000] {shared_utils.py:452} INFO - Инициализированы пути обработки: ['input_pdf', 'temp_dir', 'output_md', 'logs', 'work_dir']
[2025-10-15T09:29:41.094+0000] {logging_mixin.py:188} INFO - [2025-10-15T09:29:41.094+0000] {shared_utils.py:456} INFO - Настроены URL сервисов: ['document_processor', 'translator', 'quality_assurance', 'airflow']
[2025-10-15T09:29:41.100+0000] {processor.py:840} INFO - DAG(s) 'orchestrator_dag' retrieved from /opt/airflow/dags/orchestrator_dag.py
[2025-10-15T09:29:41.233+0000] {logging_mixin.py:188} INFO - [2025-10-15T09:29:41.233+0000] {dag.py:3036} INFO - Sync 1 DAGs
[2025-10-15T09:29:41.242+0000] {logging_mixin.py:188} INFO - [2025-10-15T09:29:41.242+0000] {dag.py:3823} INFO - Setting next_dagrun for orchestrator_dag to None, run_after=None
[2025-10-15T09:29:41.253+0000] {processor.py:183} INFO - Processing /opt/airflow/dags/orchestrator_dag.py took 0.175 seconds
[2025-10-15T09:30:11.494+0000] {processor.py:161} INFO - Started process (PID=414) to work on /opt/airflow/dags/orchestrator_dag.py
[2025-10-15T09:30:11.494+0000] {processor.py:830} INFO - Processing file /opt/airflow/dags/orchestrator_dag.py for tasks to queue
[2025-10-15T09:30:11.496+0000] {logging_mixin.py:188} INFO - [2025-10-15T09:30:11.495+0000] {dagbag.py:538} INFO - Filling up the DagBag from /opt/airflow/dags/orchestrator_dag.py
[2025-10-15T09:30:11.505+0000] {logging_mixin.py:188} INFO - [2025-10-15T09:30:11.505+0000] {shared_utils.py:452} INFO - Инициализированы пути обработки: ['input_pdf', 'temp_dir', 'output_md', 'logs', 'work_dir']
[2025-10-15T09:30:11.506+0000] {logging_mixin.py:188} INFO - [2025-10-15T09:30:11.506+0000] {shared_utils.py:456} INFO - Настроены URL сервисов: ['document_processor', 'translator', 'quality_assurance', 'airflow']
[2025-10-15T09:30:11.512+0000] {processor.py:840} INFO - DAG(s) 'orchestrator_dag' retrieved from /opt/airflow/dags/orchestrator_dag.py
[2025-10-15T09:30:11.538+0000] {logging_mixin.py:188} INFO - [2025-10-15T09:30:11.537+0000] {dag.py:3036} INFO - Sync 1 DAGs
[2025-10-15T09:30:11.547+0000] {logging_mixin.py:188} INFO - [2025-10-15T09:30:11.547+0000] {dag.py:3823} INFO - Setting next_dagrun for orchestrator_dag to None, run_after=None
[2025-10-15T09:30:11.559+0000] {processor.py:183} INFO - Processing /opt/airflow/dags/orchestrator_dag.py took 0.067 seconds
[2025-10-15T09:30:41.783+0000] {processor.py:161} INFO - Started process (PID=427) to work on /opt/airflow/dags/orchestrator_dag.py
[2025-10-15T09:30:41.784+0000] {processor.py:830} INFO - Processing file /opt/airflow/dags/orchestrator_dag.py for tasks to queue
[2025-10-15T09:30:41.785+0000] {logging_mixin.py:188} INFO - [2025-10-15T09:30:41.785+0000] {dagbag.py:538} INFO - Filling up the DagBag from /opt/airflow/dags/orchestrator_dag.py
[2025-10-15T09:30:41.796+0000] {logging_mixin.py:188} INFO - [2025-10-15T09:30:41.796+0000] {shared_utils.py:452} INFO - Инициализированы пути обработки: ['input_pdf', 'temp_dir', 'output_md', 'logs', 'work_dir']
[2025-10-15T09:30:41.796+0000] {logging_mixin.py:188} INFO - [2025-10-15T09:30:41.796+0000] {shared_utils.py:456} INFO - Настроены URL сервисов: ['document_processor', 'translator', 'quality_assurance', 'airflow']
[2025-10-15T09:30:41.802+0000] {processor.py:840} INFO - DAG(s) 'orchestrator_dag' retrieved from /opt/airflow/dags/orchestrator_dag.py
[2025-10-15T09:30:41.828+0000] {logging_mixin.py:188} INFO - [2025-10-15T09:30:41.828+0000] {dag.py:3036} INFO - Sync 1 DAGs
[2025-10-15T09:30:41.838+0000] {logging_mixin.py:188} INFO - [2025-10-15T09:30:41.838+0000] {dag.py:3823} INFO - Setting next_dagrun for orchestrator_dag to None, run_after=None
[2025-10-15T09:30:41.850+0000] {processor.py:183} INFO - Processing /opt/airflow/dags/orchestrator_dag.py took 0.069 seconds
[2025-10-15T09:31:12.173+0000] {processor.py:161} INFO - Started process (PID=440) to work on /opt/airflow/dags/orchestrator_dag.py
[2025-10-15T09:31:12.174+0000] {processor.py:830} INFO - Processing file /opt/airflow/dags/orchestrator_dag.py for tasks to queue
[2025-10-15T09:31:12.175+0000] {logging_mixin.py:188} INFO - [2025-10-15T09:31:12.175+0000] {dagbag.py:538} INFO - Filling up the DagBag from /opt/airflow/dags/orchestrator_dag.py
[2025-10-15T09:31:12.185+0000] {logging_mixin.py:188} INFO - [2025-10-15T09:31:12.185+0000] {shared_utils.py:452} INFO - Инициализированы пути обработки: ['input_pdf', 'temp_dir', 'output_md', 'logs', 'work_dir']
[2025-10-15T09:31:12.185+0000] {logging_mixin.py:188} INFO - [2025-10-15T09:31:12.185+0000] {shared_utils.py:456} INFO - Настроены URL сервисов: ['document_processor', 'translator', 'quality_assurance', 'airflow']
[2025-10-15T09:31:12.191+0000] {processor.py:840} INFO - DAG(s) 'orchestrator_dag' retrieved from /opt/airflow/dags/orchestrator_dag.py
[2025-10-15T09:31:12.218+0000] {logging_mixin.py:188} INFO - [2025-10-15T09:31:12.217+0000] {dag.py:3036} INFO - Sync 1 DAGs
[2025-10-15T09:31:12.227+0000] {logging_mixin.py:188} INFO - [2025-10-15T09:31:12.227+0000] {dag.py:3823} INFO - Setting next_dagrun for orchestrator_dag to None, run_after=None
[2025-10-15T09:31:12.239+0000] {processor.py:183} INFO - Processing /opt/airflow/dags/orchestrator_dag.py took 0.068 seconds
[2025-10-15T09:31:42.490+0000] {processor.py:161} INFO - Started process (PID=453) to work on /opt/airflow/dags/orchestrator_dag.py
[2025-10-15T09:31:42.491+0000] {processor.py:830} INFO - Processing file /opt/airflow/dags/orchestrator_dag.py for tasks to queue
[2025-10-15T09:31:42.492+0000] {logging_mixin.py:188} INFO - [2025-10-15T09:31:42.492+0000] {dagbag.py:538} INFO - Filling up the DagBag from /opt/airflow/dags/orchestrator_dag.py
[2025-10-15T09:31:42.502+0000] {logging_mixin.py:188} INFO - [2025-10-15T09:31:42.502+0000] {shared_utils.py:452} INFO - Инициализированы пути обработки: ['input_pdf', 'temp_dir', 'output_md', 'logs', 'work_dir']
[2025-10-15T09:31:42.502+0000] {logging_mixin.py:188} INFO - [2025-10-15T09:31:42.502+0000] {shared_utils.py:456} INFO - Настроены URL сервисов: ['document_processor', 'translator', 'quality_assurance', 'airflow']
[2025-10-15T09:31:42.508+0000] {processor.py:840} INFO - DAG(s) 'orchestrator_dag' retrieved from /opt/airflow/dags/orchestrator_dag.py
[2025-10-15T09:31:42.534+0000] {logging_mixin.py:188} INFO - [2025-10-15T09:31:42.534+0000] {dag.py:3036} INFO - Sync 1 DAGs
[2025-10-15T09:31:42.543+0000] {logging_mixin.py:188} INFO - [2025-10-15T09:31:42.543+0000] {dag.py:3823} INFO - Setting next_dagrun for orchestrator_dag to None, run_after=None
[2025-10-15T09:31:42.555+0000] {processor.py:183} INFO - Processing /opt/airflow/dags/orchestrator_dag.py took 0.067 seconds
[2025-10-15T09:32:12.886+0000] {processor.py:161} INFO - Started process (PID=466) to work on /opt/airflow/dags/orchestrator_dag.py
[2025-10-15T09:32:12.886+0000] {processor.py:830} INFO - Processing file /opt/airflow/dags/orchestrator_dag.py for tasks to queue
[2025-10-15T09:32:12.888+0000] {logging_mixin.py:188} INFO - [2025-10-15T09:32:12.887+0000] {dagbag.py:538} INFO - Filling up the DagBag from /opt/airflow/dags/orchestrator_dag.py
[2025-10-15T09:32:12.898+0000] {logging_mixin.py:188} INFO - [2025-10-15T09:32:12.898+0000] {shared_utils.py:452} INFO - Инициализированы пути обработки: ['input_pdf', 'temp_dir', 'output_md', 'logs', 'work_dir']
[2025-10-15T09:32:12.898+0000] {logging_mixin.py:188} INFO - [2025-10-15T09:32:12.898+0000] {shared_utils.py:456} INFO - Настроены URL сервисов: ['document_processor', 'translator', 'quality_assurance', 'airflow']
[2025-10-15T09:32:12.904+0000] {processor.py:840} INFO - DAG(s) 'orchestrator_dag' retrieved from /opt/airflow/dags/orchestrator_dag.py
[2025-10-15T09:32:12.931+0000] {logging_mixin.py:188} INFO - [2025-10-15T09:32:12.930+0000] {dag.py:3036} INFO - Sync 1 DAGs
[2025-10-15T09:32:12.940+0000] {logging_mixin.py:188} INFO - [2025-10-15T09:32:12.940+0000] {dag.py:3823} INFO - Setting next_dagrun for orchestrator_dag to None, run_after=None
[2025-10-15T09:32:12.953+0000] {processor.py:183} INFO - Processing /opt/airflow/dags/orchestrator_dag.py took 0.070 seconds
[2025-10-15T09:32:43.203+0000] {processor.py:161} INFO - Started process (PID=479) to work on /opt/airflow/dags/orchestrator_dag.py
[2025-10-15T09:32:43.204+0000] {processor.py:830} INFO - Processing file /opt/airflow/dags/orchestrator_dag.py for tasks to queue
[2025-10-15T09:32:43.205+0000] {logging_mixin.py:188} INFO - [2025-10-15T09:32:43.205+0000] {dagbag.py:538} INFO - Filling up the DagBag from /opt/airflow/dags/orchestrator_dag.py
[2025-10-15T09:32:43.216+0000] {logging_mixin.py:188} INFO - [2025-10-15T09:32:43.215+0000] {shared_utils.py:452} INFO - Инициализированы пути обработки: ['input_pdf', 'temp_dir', 'output_md', 'logs', 'work_dir']
[2025-10-15T09:32:43.216+0000] {logging_mixin.py:188} INFO - [2025-10-15T09:32:43.216+0000] {shared_utils.py:456} INFO - Настроены URL сервисов: ['document_processor', 'translator', 'quality_assurance', 'airflow']
[2025-10-15T09:32:43.222+0000] {processor.py:840} INFO - DAG(s) 'orchestrator_dag' retrieved from /opt/airflow/dags/orchestrator_dag.py
[2025-10-15T09:32:43.248+0000] {logging_mixin.py:188} INFO - [2025-10-15T09:32:43.248+0000] {dag.py:3036} INFO - Sync 1 DAGs
[2025-10-15T09:32:43.258+0000] {logging_mixin.py:188} INFO - [2025-10-15T09:32:43.257+0000] {dag.py:3823} INFO - Setting next_dagrun for orchestrator_dag to None, run_after=None
[2025-10-15T09:32:43.269+0000] {processor.py:183} INFO - Processing /opt/airflow/dags/orchestrator_dag.py took 0.068 seconds
[2025-10-15T09:33:13.719+0000] {processor.py:161} INFO - Started process (PID=492) to work on /opt/airflow/dags/orchestrator_dag.py
[2025-10-15T09:33:13.719+0000] {processor.py:830} INFO - Processing file /opt/airflow/dags/orchestrator_dag.py for tasks to queue
[2025-10-15T09:33:13.721+0000] {logging_mixin.py:188} INFO - [2025-10-15T09:33:13.720+0000] {dagbag.py:538} INFO - Filling up the DagBag from /opt/airflow/dags/orchestrator_dag.py
[2025-10-15T09:33:13.731+0000] {logging_mixin.py:188} INFO - [2025-10-15T09:33:13.731+0000] {shared_utils.py:452} INFO - Инициализированы пути обработки: ['input_pdf', 'temp_dir', 'output_md', 'logs', 'work_dir']
[2025-10-15T09:33:13.731+0000] {logging_mixin.py:188} INFO - [2025-10-15T09:33:13.731+0000] {shared_utils.py:456} INFO - Настроены URL сервисов: ['document_processor', 'translator', 'quality_assurance', 'airflow']
[2025-10-15T09:33:13.738+0000] {processor.py:840} INFO - DAG(s) 'orchestrator_dag' retrieved from /opt/airflow/dags/orchestrator_dag.py
[2025-10-15T09:33:13.766+0000] {logging_mixin.py:188} INFO - [2025-10-15T09:33:13.766+0000] {dag.py:3036} INFO - Sync 1 DAGs
[2025-10-15T09:33:13.777+0000] {logging_mixin.py:188} INFO - [2025-10-15T09:33:13.776+0000] {dag.py:3823} INFO - Setting next_dagrun for orchestrator_dag to None, run_after=None
[2025-10-15T09:33:13.789+0000] {processor.py:183} INFO - Processing /opt/airflow/dags/orchestrator_dag.py took 0.073 seconds
[2025-10-15T09:33:44.046+0000] {processor.py:161} INFO - Started process (PID=505) to work on /opt/airflow/dags/orchestrator_dag.py
[2025-10-15T09:33:44.046+0000] {processor.py:830} INFO - Processing file /opt/airflow/dags/orchestrator_dag.py for tasks to queue
[2025-10-15T09:33:44.048+0000] {logging_mixin.py:188} INFO - [2025-10-15T09:33:44.048+0000] {dagbag.py:538} INFO - Filling up the DagBag from /opt/airflow/dags/orchestrator_dag.py
[2025-10-15T09:33:44.058+0000] {logging_mixin.py:188} INFO - [2025-10-15T09:33:44.058+0000] {shared_utils.py:452} INFO - Инициализированы пути обработки: ['input_pdf', 'temp_dir', 'output_md', 'logs', 'work_dir']
[2025-10-15T09:33:44.058+0000] {logging_mixin.py:188} INFO - [2025-10-15T09:33:44.058+0000] {shared_utils.py:456} INFO - Настроены URL сервисов: ['document_processor', 'translator', 'quality_assurance', 'airflow']
[2025-10-15T09:33:44.064+0000] {processor.py:840} INFO - DAG(s) 'orchestrator_dag' retrieved from /opt/airflow/dags/orchestrator_dag.py
[2025-10-15T09:33:44.090+0000] {logging_mixin.py:188} INFO - [2025-10-15T09:33:44.090+0000] {dag.py:3036} INFO - Sync 1 DAGs
[2025-10-15T09:33:44.101+0000] {logging_mixin.py:188} INFO - [2025-10-15T09:33:44.101+0000] {dag.py:3823} INFO - Setting next_dagrun for orchestrator_dag to None, run_after=None
[2025-10-15T09:33:44.113+0000] {processor.py:183} INFO - Processing /opt/airflow/dags/orchestrator_dag.py took 0.070 seconds
[2025-10-15T09:34:14.440+0000] {processor.py:161} INFO - Started process (PID=518) to work on /opt/airflow/dags/orchestrator_dag.py
[2025-10-15T09:34:14.440+0000] {processor.py:830} INFO - Processing file /opt/airflow/dags/orchestrator_dag.py for tasks to queue
[2025-10-15T09:34:14.442+0000] {logging_mixin.py:188} INFO - [2025-10-15T09:34:14.442+0000] {dagbag.py:538} INFO - Filling up the DagBag from /opt/airflow/dags/orchestrator_dag.py
[2025-10-15T09:34:14.452+0000] {logging_mixin.py:188} INFO - [2025-10-15T09:34:14.452+0000] {shared_utils.py:452} INFO - Инициализированы пути обработки: ['input_pdf', 'temp_dir', 'output_md', 'logs', 'work_dir']
[2025-10-15T09:34:14.452+0000] {logging_mixin.py:188} INFO - [2025-10-15T09:34:14.452+0000] {shared_utils.py:456} INFO - Настроены URL сервисов: ['document_processor', 'translator', 'quality_assurance', 'airflow']
[2025-10-15T09:34:14.458+0000] {processor.py:840} INFO - DAG(s) 'orchestrator_dag' retrieved from /opt/airflow/dags/orchestrator_dag.py
[2025-10-15T09:34:14.485+0000] {logging_mixin.py:188} INFO - [2025-10-15T09:34:14.485+0000] {dag.py:3036} INFO - Sync 1 DAGs
[2025-10-15T09:34:14.494+0000] {logging_mixin.py:188} INFO - [2025-10-15T09:34:14.494+0000] {dag.py:3823} INFO - Setting next_dagrun for orchestrator_dag to None, run_after=None
[2025-10-15T09:34:14.506+0000] {processor.py:183} INFO - Processing /opt/airflow/dags/orchestrator_dag.py took 0.069 seconds
[2025-10-15T09:34:44.746+0000] {processor.py:161} INFO - Started process (PID=531) to work on /opt/airflow/dags/orchestrator_dag.py
[2025-10-15T09:34:44.747+0000] {processor.py:830} INFO - Processing file /opt/airflow/dags/orchestrator_dag.py for tasks to queue
[2025-10-15T09:34:44.748+0000] {logging_mixin.py:188} INFO - [2025-10-15T09:34:44.748+0000] {dagbag.py:538} INFO - Filling up the DagBag from /opt/airflow/dags/orchestrator_dag.py
[2025-10-15T09:34:44.758+0000] {logging_mixin.py:188} INFO - [2025-10-15T09:34:44.758+0000] {shared_utils.py:452} INFO - Инициализированы пути обработки: ['input_pdf', 'temp_dir', 'output_md', 'logs', 'work_dir']
[2025-10-15T09:34:44.758+0000] {logging_mixin.py:188} INFO - [2025-10-15T09:34:44.758+0000] {shared_utils.py:456} INFO - Настроены URL сервисов: ['document_processor', 'translator', 'quality_assurance', 'airflow']
[2025-10-15T09:34:44.764+0000] {processor.py:840} INFO - DAG(s) 'orchestrator_dag' retrieved from /opt/airflow/dags/orchestrator_dag.py
[2025-10-15T09:34:44.790+0000] {logging_mixin.py:188} INFO - [2025-10-15T09:34:44.790+0000] {dag.py:3036} INFO - Sync 1 DAGs
[2025-10-15T09:34:44.799+0000] {logging_mixin.py:188} INFO - [2025-10-15T09:34:44.799+0000] {dag.py:3823} INFO - Setting next_dagrun for orchestrator_dag to None, run_after=None
[2025-10-15T09:34:44.810+0000] {processor.py:183} INFO - Processing /opt/airflow/dags/orchestrator_dag.py took 0.066 seconds
[2025-10-15T09:35:15.079+0000] {processor.py:161} INFO - Started process (PID=543) to work on /opt/airflow/dags/orchestrator_dag.py
[2025-10-15T09:35:15.080+0000] {processor.py:830} INFO - Processing file /opt/airflow/dags/orchestrator_dag.py for tasks to queue
[2025-10-15T09:35:15.081+0000] {logging_mixin.py:188} INFO - [2025-10-15T09:35:15.081+0000] {dagbag.py:538} INFO - Filling up the DagBag from /opt/airflow/dags/orchestrator_dag.py
[2025-10-15T09:35:15.091+0000] {logging_mixin.py:188} INFO - [2025-10-15T09:35:15.091+0000] {shared_utils.py:452} INFO - Инициализированы пути обработки: ['input_pdf', 'temp_dir', 'output_md', 'logs', 'work_dir']
[2025-10-15T09:35:15.092+0000] {logging_mixin.py:188} INFO - [2025-10-15T09:35:15.092+0000] {shared_utils.py:456} INFO - Настроены URL сервисов: ['document_processor', 'translator', 'quality_assurance', 'airflow']
[2025-10-15T09:35:15.098+0000] {processor.py:840} INFO - DAG(s) 'orchestrator_dag' retrieved from /opt/airflow/dags/orchestrator_dag.py
[2025-10-15T09:35:15.126+0000] {logging_mixin.py:188} INFO - [2025-10-15T09:35:15.125+0000] {dag.py:3036} INFO - Sync 1 DAGs
[2025-10-15T09:35:15.135+0000] {logging_mixin.py:188} INFO - [2025-10-15T09:35:15.135+0000] {dag.py:3823} INFO - Setting next_dagrun for orchestrator_dag to None, run_after=None
[2025-10-15T09:35:15.147+0000] {processor.py:183} INFO - Processing /opt/airflow/dags/orchestrator_dag.py took 0.071 seconds
