[2025-10-15T09:18:02.936+0000] {processor.py:161} INFO - Started process (PID=101) to work on /opt/airflow/dags/translation_pipeline.py
[2025-10-15T09:18:02.937+0000] {processor.py:830} INFO - Processing file /opt/airflow/dags/translation_pipeline.py for tasks to queue
[2025-10-15T09:18:02.938+0000] {logging_mixin.py:188} INFO - [2025-10-15T09:18:02.938+0000] {dagbag.py:538} INFO - Filling up the DagBag from /opt/airflow/dags/translation_pipeline.py
[2025-10-15T09:18:02.955+0000] {logging_mixin.py:188} INFO - [2025-10-15T09:18:02.955+0000] {shared_utils.py:452} INFO - Инициализированы пути обработки: ['input_pdf', 'temp_dir', 'output_md', 'logs', 'work_dir']
[2025-10-15T09:18:02.955+0000] {logging_mixin.py:188} INFO - [2025-10-15T09:18:02.955+0000] {shared_utils.py:456} INFO - Настроены URL сервисов: ['document_processor', 'translator', 'quality_assurance', 'airflow']
[2025-10-15T09:18:02.960+0000] {processor.py:840} INFO - DAG(s) 'translation_pipeline' retrieved from /opt/airflow/dags/translation_pipeline.py
[2025-10-15T09:18:02.972+0000] {logging_mixin.py:188} INFO - [2025-10-15T09:18:02.972+0000] {dag.py:3036} INFO - Sync 1 DAGs
[2025-10-15T09:18:02.984+0000] {logging_mixin.py:188} INFO - [2025-10-15T09:18:02.984+0000] {dag.py:3823} INFO - Setting next_dagrun for translation_pipeline to None, run_after=None
[2025-10-15T09:18:02.997+0000] {processor.py:183} INFO - Processing /opt/airflow/dags/translation_pipeline.py took 0.063 seconds
[2025-10-15T09:18:33.368+0000] {processor.py:161} INFO - Started process (PID=114) to work on /opt/airflow/dags/translation_pipeline.py
[2025-10-15T09:18:33.368+0000] {processor.py:830} INFO - Processing file /opt/airflow/dags/translation_pipeline.py for tasks to queue
[2025-10-15T09:18:33.370+0000] {logging_mixin.py:188} INFO - [2025-10-15T09:18:33.370+0000] {dagbag.py:538} INFO - Filling up the DagBag from /opt/airflow/dags/translation_pipeline.py
[2025-10-15T09:18:33.387+0000] {logging_mixin.py:188} INFO - [2025-10-15T09:18:33.387+0000] {shared_utils.py:452} INFO - Инициализированы пути обработки: ['input_pdf', 'temp_dir', 'output_md', 'logs', 'work_dir']
[2025-10-15T09:18:33.388+0000] {logging_mixin.py:188} INFO - [2025-10-15T09:18:33.388+0000] {shared_utils.py:456} INFO - Настроены URL сервисов: ['document_processor', 'translator', 'quality_assurance', 'airflow']
[2025-10-15T09:18:33.393+0000] {processor.py:840} INFO - DAG(s) 'translation_pipeline' retrieved from /opt/airflow/dags/translation_pipeline.py
[2025-10-15T09:18:33.468+0000] {logging_mixin.py:188} INFO - [2025-10-15T09:18:33.467+0000] {dag.py:3036} INFO - Sync 1 DAGs
[2025-10-15T09:18:33.476+0000] {logging_mixin.py:188} INFO - [2025-10-15T09:18:33.475+0000] {dag.py:3823} INFO - Setting next_dagrun for translation_pipeline to None, run_after=None
[2025-10-15T09:18:33.488+0000] {processor.py:183} INFO - Processing /opt/airflow/dags/translation_pipeline.py took 0.123 seconds
[2025-10-15T09:19:03.821+0000] {processor.py:161} INFO - Started process (PID=127) to work on /opt/airflow/dags/translation_pipeline.py
[2025-10-15T09:19:03.822+0000] {processor.py:830} INFO - Processing file /opt/airflow/dags/translation_pipeline.py for tasks to queue
[2025-10-15T09:19:03.824+0000] {logging_mixin.py:188} INFO - [2025-10-15T09:19:03.824+0000] {dagbag.py:538} INFO - Filling up the DagBag from /opt/airflow/dags/translation_pipeline.py
[2025-10-15T09:19:03.841+0000] {logging_mixin.py:188} INFO - [2025-10-15T09:19:03.841+0000] {shared_utils.py:452} INFO - Инициализированы пути обработки: ['input_pdf', 'temp_dir', 'output_md', 'logs', 'work_dir']
[2025-10-15T09:19:03.842+0000] {logging_mixin.py:188} INFO - [2025-10-15T09:19:03.842+0000] {shared_utils.py:456} INFO - Настроены URL сервисов: ['document_processor', 'translator', 'quality_assurance', 'airflow']
[2025-10-15T09:19:03.847+0000] {processor.py:840} INFO - DAG(s) 'translation_pipeline' retrieved from /opt/airflow/dags/translation_pipeline.py
[2025-10-15T09:19:03.867+0000] {logging_mixin.py:188} INFO - [2025-10-15T09:19:03.867+0000] {dag.py:3036} INFO - Sync 1 DAGs
[2025-10-15T09:19:03.877+0000] {logging_mixin.py:188} INFO - [2025-10-15T09:19:03.877+0000] {dag.py:3823} INFO - Setting next_dagrun for translation_pipeline to None, run_after=None
[2025-10-15T09:19:03.889+0000] {processor.py:183} INFO - Processing /opt/airflow/dags/translation_pipeline.py took 0.070 seconds
[2025-10-15T09:19:34.133+0000] {processor.py:161} INFO - Started process (PID=140) to work on /opt/airflow/dags/translation_pipeline.py
[2025-10-15T09:19:34.133+0000] {processor.py:830} INFO - Processing file /opt/airflow/dags/translation_pipeline.py for tasks to queue
[2025-10-15T09:19:34.135+0000] {logging_mixin.py:188} INFO - [2025-10-15T09:19:34.134+0000] {dagbag.py:538} INFO - Filling up the DagBag from /opt/airflow/dags/translation_pipeline.py
[2025-10-15T09:19:34.153+0000] {logging_mixin.py:188} INFO - [2025-10-15T09:19:34.152+0000] {shared_utils.py:452} INFO - Инициализированы пути обработки: ['input_pdf', 'temp_dir', 'output_md', 'logs', 'work_dir']
[2025-10-15T09:19:34.153+0000] {logging_mixin.py:188} INFO - [2025-10-15T09:19:34.153+0000] {shared_utils.py:456} INFO - Настроены URL сервисов: ['document_processor', 'translator', 'quality_assurance', 'airflow']
[2025-10-15T09:19:34.158+0000] {processor.py:840} INFO - DAG(s) 'translation_pipeline' retrieved from /opt/airflow/dags/translation_pipeline.py
[2025-10-15T09:19:34.177+0000] {logging_mixin.py:188} INFO - [2025-10-15T09:19:34.177+0000] {dag.py:3036} INFO - Sync 1 DAGs
[2025-10-15T09:19:34.187+0000] {logging_mixin.py:188} INFO - [2025-10-15T09:19:34.186+0000] {dag.py:3823} INFO - Setting next_dagrun for translation_pipeline to None, run_after=None
[2025-10-15T09:19:34.198+0000] {processor.py:183} INFO - Processing /opt/airflow/dags/translation_pipeline.py took 0.068 seconds
[2025-10-15T09:20:04.541+0000] {processor.py:161} INFO - Started process (PID=153) to work on /opt/airflow/dags/translation_pipeline.py
[2025-10-15T09:20:04.542+0000] {processor.py:830} INFO - Processing file /opt/airflow/dags/translation_pipeline.py for tasks to queue
[2025-10-15T09:20:04.544+0000] {logging_mixin.py:188} INFO - [2025-10-15T09:20:04.543+0000] {dagbag.py:538} INFO - Filling up the DagBag from /opt/airflow/dags/translation_pipeline.py
[2025-10-15T09:20:04.561+0000] {logging_mixin.py:188} INFO - [2025-10-15T09:20:04.561+0000] {shared_utils.py:452} INFO - Инициализированы пути обработки: ['input_pdf', 'temp_dir', 'output_md', 'logs', 'work_dir']
[2025-10-15T09:20:04.561+0000] {logging_mixin.py:188} INFO - [2025-10-15T09:20:04.561+0000] {shared_utils.py:456} INFO - Настроены URL сервисов: ['document_processor', 'translator', 'quality_assurance', 'airflow']
[2025-10-15T09:20:04.566+0000] {processor.py:840} INFO - DAG(s) 'translation_pipeline' retrieved from /opt/airflow/dags/translation_pipeline.py
[2025-10-15T09:20:04.586+0000] {logging_mixin.py:188} INFO - [2025-10-15T09:20:04.585+0000] {dag.py:3036} INFO - Sync 1 DAGs
[2025-10-15T09:20:04.595+0000] {logging_mixin.py:188} INFO - [2025-10-15T09:20:04.595+0000] {dag.py:3823} INFO - Setting next_dagrun for translation_pipeline to None, run_after=None
[2025-10-15T09:20:04.607+0000] {processor.py:183} INFO - Processing /opt/airflow/dags/translation_pipeline.py took 0.068 seconds
[2025-10-15T09:20:34.866+0000] {processor.py:161} INFO - Started process (PID=166) to work on /opt/airflow/dags/translation_pipeline.py
[2025-10-15T09:20:34.867+0000] {processor.py:830} INFO - Processing file /opt/airflow/dags/translation_pipeline.py for tasks to queue
[2025-10-15T09:20:34.868+0000] {logging_mixin.py:188} INFO - [2025-10-15T09:20:34.868+0000] {dagbag.py:538} INFO - Filling up the DagBag from /opt/airflow/dags/translation_pipeline.py
[2025-10-15T09:20:34.886+0000] {logging_mixin.py:188} INFO - [2025-10-15T09:20:34.886+0000] {shared_utils.py:452} INFO - Инициализированы пути обработки: ['input_pdf', 'temp_dir', 'output_md', 'logs', 'work_dir']
[2025-10-15T09:20:34.886+0000] {logging_mixin.py:188} INFO - [2025-10-15T09:20:34.886+0000] {shared_utils.py:456} INFO - Настроены URL сервисов: ['document_processor', 'translator', 'quality_assurance', 'airflow']
[2025-10-15T09:20:34.891+0000] {processor.py:840} INFO - DAG(s) 'translation_pipeline' retrieved from /opt/airflow/dags/translation_pipeline.py
[2025-10-15T09:20:34.912+0000] {logging_mixin.py:188} INFO - [2025-10-15T09:20:34.911+0000] {dag.py:3036} INFO - Sync 1 DAGs
[2025-10-15T09:20:34.921+0000] {logging_mixin.py:188} INFO - [2025-10-15T09:20:34.921+0000] {dag.py:3823} INFO - Setting next_dagrun for translation_pipeline to None, run_after=None
[2025-10-15T09:20:34.933+0000] {processor.py:183} INFO - Processing /opt/airflow/dags/translation_pipeline.py took 0.069 seconds
[2025-10-15T09:21:05.250+0000] {processor.py:161} INFO - Started process (PID=179) to work on /opt/airflow/dags/translation_pipeline.py
[2025-10-15T09:21:05.250+0000] {processor.py:830} INFO - Processing file /opt/airflow/dags/translation_pipeline.py for tasks to queue
[2025-10-15T09:21:05.252+0000] {logging_mixin.py:188} INFO - [2025-10-15T09:21:05.252+0000] {dagbag.py:538} INFO - Filling up the DagBag from /opt/airflow/dags/translation_pipeline.py
[2025-10-15T09:21:05.269+0000] {logging_mixin.py:188} INFO - [2025-10-15T09:21:05.269+0000] {shared_utils.py:452} INFO - Инициализированы пути обработки: ['input_pdf', 'temp_dir', 'output_md', 'logs', 'work_dir']
[2025-10-15T09:21:05.269+0000] {logging_mixin.py:188} INFO - [2025-10-15T09:21:05.269+0000] {shared_utils.py:456} INFO - Настроены URL сервисов: ['document_processor', 'translator', 'quality_assurance', 'airflow']
[2025-10-15T09:21:05.274+0000] {processor.py:840} INFO - DAG(s) 'translation_pipeline' retrieved from /opt/airflow/dags/translation_pipeline.py
[2025-10-15T09:21:05.294+0000] {logging_mixin.py:188} INFO - [2025-10-15T09:21:05.294+0000] {dag.py:3036} INFO - Sync 1 DAGs
[2025-10-15T09:21:05.303+0000] {logging_mixin.py:188} INFO - [2025-10-15T09:21:05.303+0000] {dag.py:3823} INFO - Setting next_dagrun for translation_pipeline to None, run_after=None
[2025-10-15T09:21:05.315+0000] {processor.py:183} INFO - Processing /opt/airflow/dags/translation_pipeline.py took 0.068 seconds
[2025-10-15T09:21:35.553+0000] {processor.py:161} INFO - Started process (PID=192) to work on /opt/airflow/dags/translation_pipeline.py
[2025-10-15T09:21:35.554+0000] {processor.py:830} INFO - Processing file /opt/airflow/dags/translation_pipeline.py for tasks to queue
[2025-10-15T09:21:35.555+0000] {logging_mixin.py:188} INFO - [2025-10-15T09:21:35.555+0000] {dagbag.py:538} INFO - Filling up the DagBag from /opt/airflow/dags/translation_pipeline.py
[2025-10-15T09:21:35.573+0000] {logging_mixin.py:188} INFO - [2025-10-15T09:21:35.572+0000] {shared_utils.py:452} INFO - Инициализированы пути обработки: ['input_pdf', 'temp_dir', 'output_md', 'logs', 'work_dir']
[2025-10-15T09:21:35.573+0000] {logging_mixin.py:188} INFO - [2025-10-15T09:21:35.573+0000] {shared_utils.py:456} INFO - Настроены URL сервисов: ['document_processor', 'translator', 'quality_assurance', 'airflow']
[2025-10-15T09:21:35.578+0000] {processor.py:840} INFO - DAG(s) 'translation_pipeline' retrieved from /opt/airflow/dags/translation_pipeline.py
[2025-10-15T09:21:35.598+0000] {logging_mixin.py:188} INFO - [2025-10-15T09:21:35.598+0000] {dag.py:3036} INFO - Sync 1 DAGs
[2025-10-15T09:21:35.608+0000] {logging_mixin.py:188} INFO - [2025-10-15T09:21:35.608+0000] {dag.py:3823} INFO - Setting next_dagrun for translation_pipeline to None, run_after=None
[2025-10-15T09:21:35.620+0000] {processor.py:183} INFO - Processing /opt/airflow/dags/translation_pipeline.py took 0.070 seconds
[2025-10-15T09:22:05.955+0000] {processor.py:161} INFO - Started process (PID=205) to work on /opt/airflow/dags/translation_pipeline.py
[2025-10-15T09:22:05.956+0000] {processor.py:830} INFO - Processing file /opt/airflow/dags/translation_pipeline.py for tasks to queue
[2025-10-15T09:22:05.957+0000] {logging_mixin.py:188} INFO - [2025-10-15T09:22:05.957+0000] {dagbag.py:538} INFO - Filling up the DagBag from /opt/airflow/dags/translation_pipeline.py
[2025-10-15T09:22:05.974+0000] {logging_mixin.py:188} INFO - [2025-10-15T09:22:05.974+0000] {shared_utils.py:452} INFO - Инициализированы пути обработки: ['input_pdf', 'temp_dir', 'output_md', 'logs', 'work_dir']
[2025-10-15T09:22:05.974+0000] {logging_mixin.py:188} INFO - [2025-10-15T09:22:05.974+0000] {shared_utils.py:456} INFO - Настроены URL сервисов: ['document_processor', 'translator', 'quality_assurance', 'airflow']
[2025-10-15T09:22:05.980+0000] {processor.py:840} INFO - DAG(s) 'translation_pipeline' retrieved from /opt/airflow/dags/translation_pipeline.py
[2025-10-15T09:22:05.999+0000] {logging_mixin.py:188} INFO - [2025-10-15T09:22:05.999+0000] {dag.py:3036} INFO - Sync 1 DAGs
[2025-10-15T09:22:06.009+0000] {logging_mixin.py:188} INFO - [2025-10-15T09:22:06.009+0000] {dag.py:3823} INFO - Setting next_dagrun for translation_pipeline to None, run_after=None
[2025-10-15T09:22:06.020+0000] {processor.py:183} INFO - Processing /opt/airflow/dags/translation_pipeline.py took 0.067 seconds
[2025-10-15T09:22:36.253+0000] {processor.py:161} INFO - Started process (PID=218) to work on /opt/airflow/dags/translation_pipeline.py
[2025-10-15T09:22:36.254+0000] {processor.py:830} INFO - Processing file /opt/airflow/dags/translation_pipeline.py for tasks to queue
[2025-10-15T09:22:36.255+0000] {logging_mixin.py:188} INFO - [2025-10-15T09:22:36.255+0000] {dagbag.py:538} INFO - Filling up the DagBag from /opt/airflow/dags/translation_pipeline.py
[2025-10-15T09:22:36.272+0000] {logging_mixin.py:188} INFO - [2025-10-15T09:22:36.272+0000] {shared_utils.py:452} INFO - Инициализированы пути обработки: ['input_pdf', 'temp_dir', 'output_md', 'logs', 'work_dir']
[2025-10-15T09:22:36.272+0000] {logging_mixin.py:188} INFO - [2025-10-15T09:22:36.272+0000] {shared_utils.py:456} INFO - Настроены URL сервисов: ['document_processor', 'translator', 'quality_assurance', 'airflow']
[2025-10-15T09:22:36.277+0000] {processor.py:840} INFO - DAG(s) 'translation_pipeline' retrieved from /opt/airflow/dags/translation_pipeline.py
[2025-10-15T09:22:36.297+0000] {logging_mixin.py:188} INFO - [2025-10-15T09:22:36.297+0000] {dag.py:3036} INFO - Sync 1 DAGs
[2025-10-15T09:22:36.307+0000] {logging_mixin.py:188} INFO - [2025-10-15T09:22:36.306+0000] {dag.py:3823} INFO - Setting next_dagrun for translation_pipeline to None, run_after=None
[2025-10-15T09:22:36.318+0000] {processor.py:183} INFO - Processing /opt/airflow/dags/translation_pipeline.py took 0.068 seconds
[2025-10-15T09:23:06.668+0000] {processor.py:161} INFO - Started process (PID=231) to work on /opt/airflow/dags/translation_pipeline.py
[2025-10-15T09:23:06.669+0000] {processor.py:830} INFO - Processing file /opt/airflow/dags/translation_pipeline.py for tasks to queue
[2025-10-15T09:23:06.670+0000] {logging_mixin.py:188} INFO - [2025-10-15T09:23:06.670+0000] {dagbag.py:538} INFO - Filling up the DagBag from /opt/airflow/dags/translation_pipeline.py
[2025-10-15T09:23:06.687+0000] {logging_mixin.py:188} INFO - [2025-10-15T09:23:06.687+0000] {shared_utils.py:452} INFO - Инициализированы пути обработки: ['input_pdf', 'temp_dir', 'output_md', 'logs', 'work_dir']
[2025-10-15T09:23:06.687+0000] {logging_mixin.py:188} INFO - [2025-10-15T09:23:06.687+0000] {shared_utils.py:456} INFO - Настроены URL сервисов: ['document_processor', 'translator', 'quality_assurance', 'airflow']
[2025-10-15T09:23:06.692+0000] {processor.py:840} INFO - DAG(s) 'translation_pipeline' retrieved from /opt/airflow/dags/translation_pipeline.py
[2025-10-15T09:23:06.711+0000] {logging_mixin.py:188} INFO - [2025-10-15T09:23:06.711+0000] {dag.py:3036} INFO - Sync 1 DAGs
[2025-10-15T09:23:06.721+0000] {logging_mixin.py:188} INFO - [2025-10-15T09:23:06.721+0000] {dag.py:3823} INFO - Setting next_dagrun for translation_pipeline to None, run_after=None
[2025-10-15T09:23:06.733+0000] {processor.py:183} INFO - Processing /opt/airflow/dags/translation_pipeline.py took 0.067 seconds
[2025-10-15T09:23:36.963+0000] {processor.py:161} INFO - Started process (PID=244) to work on /opt/airflow/dags/translation_pipeline.py
[2025-10-15T09:23:36.964+0000] {processor.py:830} INFO - Processing file /opt/airflow/dags/translation_pipeline.py for tasks to queue
[2025-10-15T09:23:36.965+0000] {logging_mixin.py:188} INFO - [2025-10-15T09:23:36.965+0000] {dagbag.py:538} INFO - Filling up the DagBag from /opt/airflow/dags/translation_pipeline.py
[2025-10-15T09:23:36.982+0000] {logging_mixin.py:188} INFO - [2025-10-15T09:23:36.982+0000] {shared_utils.py:452} INFO - Инициализированы пути обработки: ['input_pdf', 'temp_dir', 'output_md', 'logs', 'work_dir']
[2025-10-15T09:23:36.982+0000] {logging_mixin.py:188} INFO - [2025-10-15T09:23:36.982+0000] {shared_utils.py:456} INFO - Настроены URL сервисов: ['document_processor', 'translator', 'quality_assurance', 'airflow']
[2025-10-15T09:23:36.987+0000] {processor.py:840} INFO - DAG(s) 'translation_pipeline' retrieved from /opt/airflow/dags/translation_pipeline.py
[2025-10-15T09:23:37.007+0000] {logging_mixin.py:188} INFO - [2025-10-15T09:23:37.007+0000] {dag.py:3036} INFO - Sync 1 DAGs
[2025-10-15T09:23:37.017+0000] {logging_mixin.py:188} INFO - [2025-10-15T09:23:37.017+0000] {dag.py:3823} INFO - Setting next_dagrun for translation_pipeline to None, run_after=None
[2025-10-15T09:23:37.029+0000] {processor.py:183} INFO - Processing /opt/airflow/dags/translation_pipeline.py took 0.068 seconds
[2025-10-15T09:24:07.263+0000] {processor.py:161} INFO - Started process (PID=257) to work on /opt/airflow/dags/translation_pipeline.py
[2025-10-15T09:24:07.264+0000] {processor.py:830} INFO - Processing file /opt/airflow/dags/translation_pipeline.py for tasks to queue
[2025-10-15T09:24:07.265+0000] {logging_mixin.py:188} INFO - [2025-10-15T09:24:07.265+0000] {dagbag.py:538} INFO - Filling up the DagBag from /opt/airflow/dags/translation_pipeline.py
[2025-10-15T09:24:07.282+0000] {logging_mixin.py:188} INFO - [2025-10-15T09:24:07.282+0000] {shared_utils.py:452} INFO - Инициализированы пути обработки: ['input_pdf', 'temp_dir', 'output_md', 'logs', 'work_dir']
[2025-10-15T09:24:07.282+0000] {logging_mixin.py:188} INFO - [2025-10-15T09:24:07.282+0000] {shared_utils.py:456} INFO - Настроены URL сервисов: ['document_processor', 'translator', 'quality_assurance', 'airflow']
[2025-10-15T09:24:07.287+0000] {processor.py:840} INFO - DAG(s) 'translation_pipeline' retrieved from /opt/airflow/dags/translation_pipeline.py
[2025-10-15T09:24:07.307+0000] {logging_mixin.py:188} INFO - [2025-10-15T09:24:07.307+0000] {dag.py:3036} INFO - Sync 1 DAGs
[2025-10-15T09:24:07.317+0000] {logging_mixin.py:188} INFO - [2025-10-15T09:24:07.317+0000] {dag.py:3823} INFO - Setting next_dagrun for translation_pipeline to None, run_after=None
[2025-10-15T09:24:07.328+0000] {processor.py:183} INFO - Processing /opt/airflow/dags/translation_pipeline.py took 0.068 seconds
[2025-10-15T09:24:37.668+0000] {processor.py:161} INFO - Started process (PID=270) to work on /opt/airflow/dags/translation_pipeline.py
[2025-10-15T09:24:37.669+0000] {processor.py:830} INFO - Processing file /opt/airflow/dags/translation_pipeline.py for tasks to queue
[2025-10-15T09:24:37.670+0000] {logging_mixin.py:188} INFO - [2025-10-15T09:24:37.670+0000] {dagbag.py:538} INFO - Filling up the DagBag from /opt/airflow/dags/translation_pipeline.py
[2025-10-15T09:24:37.688+0000] {logging_mixin.py:188} INFO - [2025-10-15T09:24:37.687+0000] {shared_utils.py:452} INFO - Инициализированы пути обработки: ['input_pdf', 'temp_dir', 'output_md', 'logs', 'work_dir']
[2025-10-15T09:24:37.688+0000] {logging_mixin.py:188} INFO - [2025-10-15T09:24:37.688+0000] {shared_utils.py:456} INFO - Настроены URL сервисов: ['document_processor', 'translator', 'quality_assurance', 'airflow']
[2025-10-15T09:24:37.693+0000] {processor.py:840} INFO - DAG(s) 'translation_pipeline' retrieved from /opt/airflow/dags/translation_pipeline.py
[2025-10-15T09:24:37.713+0000] {logging_mixin.py:188} INFO - [2025-10-15T09:24:37.713+0000] {dag.py:3036} INFO - Sync 1 DAGs
[2025-10-15T09:24:37.723+0000] {logging_mixin.py:188} INFO - [2025-10-15T09:24:37.723+0000] {dag.py:3823} INFO - Setting next_dagrun for translation_pipeline to None, run_after=None
[2025-10-15T09:24:37.735+0000] {processor.py:183} INFO - Processing /opt/airflow/dags/translation_pipeline.py took 0.069 seconds
[2025-10-15T09:25:07.959+0000] {processor.py:161} INFO - Started process (PID=283) to work on /opt/airflow/dags/translation_pipeline.py
[2025-10-15T09:25:07.960+0000] {processor.py:830} INFO - Processing file /opt/airflow/dags/translation_pipeline.py for tasks to queue
[2025-10-15T09:25:07.961+0000] {logging_mixin.py:188} INFO - [2025-10-15T09:25:07.961+0000] {dagbag.py:538} INFO - Filling up the DagBag from /opt/airflow/dags/translation_pipeline.py
[2025-10-15T09:25:07.978+0000] {logging_mixin.py:188} INFO - [2025-10-15T09:25:07.978+0000] {shared_utils.py:452} INFO - Инициализированы пути обработки: ['input_pdf', 'temp_dir', 'output_md', 'logs', 'work_dir']
[2025-10-15T09:25:07.978+0000] {logging_mixin.py:188} INFO - [2025-10-15T09:25:07.978+0000] {shared_utils.py:456} INFO - Настроены URL сервисов: ['document_processor', 'translator', 'quality_assurance', 'airflow']
[2025-10-15T09:25:07.983+0000] {processor.py:840} INFO - DAG(s) 'translation_pipeline' retrieved from /opt/airflow/dags/translation_pipeline.py
[2025-10-15T09:25:08.003+0000] {logging_mixin.py:188} INFO - [2025-10-15T09:25:08.003+0000] {dag.py:3036} INFO - Sync 1 DAGs
[2025-10-15T09:25:08.012+0000] {logging_mixin.py:188} INFO - [2025-10-15T09:25:08.012+0000] {dag.py:3823} INFO - Setting next_dagrun for translation_pipeline to None, run_after=None
[2025-10-15T09:25:08.024+0000] {processor.py:183} INFO - Processing /opt/airflow/dags/translation_pipeline.py took 0.067 seconds
[2025-10-15T09:25:38.344+0000] {processor.py:161} INFO - Started process (PID=296) to work on /opt/airflow/dags/translation_pipeline.py
[2025-10-15T09:25:38.344+0000] {processor.py:830} INFO - Processing file /opt/airflow/dags/translation_pipeline.py for tasks to queue
[2025-10-15T09:25:38.345+0000] {logging_mixin.py:188} INFO - [2025-10-15T09:25:38.345+0000] {dagbag.py:538} INFO - Filling up the DagBag from /opt/airflow/dags/translation_pipeline.py
[2025-10-15T09:25:38.362+0000] {logging_mixin.py:188} INFO - [2025-10-15T09:25:38.362+0000] {shared_utils.py:452} INFO - Инициализированы пути обработки: ['input_pdf', 'temp_dir', 'output_md', 'logs', 'work_dir']
[2025-10-15T09:25:38.362+0000] {logging_mixin.py:188} INFO - [2025-10-15T09:25:38.362+0000] {shared_utils.py:456} INFO - Настроены URL сервисов: ['document_processor', 'translator', 'quality_assurance', 'airflow']
[2025-10-15T09:25:38.367+0000] {processor.py:840} INFO - DAG(s) 'translation_pipeline' retrieved from /opt/airflow/dags/translation_pipeline.py
[2025-10-15T09:25:38.387+0000] {logging_mixin.py:188} INFO - [2025-10-15T09:25:38.387+0000] {dag.py:3036} INFO - Sync 1 DAGs
[2025-10-15T09:25:38.397+0000] {logging_mixin.py:188} INFO - [2025-10-15T09:25:38.396+0000] {dag.py:3823} INFO - Setting next_dagrun for translation_pipeline to None, run_after=None
[2025-10-15T09:25:38.408+0000] {processor.py:183} INFO - Processing /opt/airflow/dags/translation_pipeline.py took 0.067 seconds
[2025-10-15T09:26:08.640+0000] {processor.py:161} INFO - Started process (PID=309) to work on /opt/airflow/dags/translation_pipeline.py
[2025-10-15T09:26:08.641+0000] {processor.py:830} INFO - Processing file /opt/airflow/dags/translation_pipeline.py for tasks to queue
[2025-10-15T09:26:08.642+0000] {logging_mixin.py:188} INFO - [2025-10-15T09:26:08.642+0000] {dagbag.py:538} INFO - Filling up the DagBag from /opt/airflow/dags/translation_pipeline.py
[2025-10-15T09:26:08.659+0000] {logging_mixin.py:188} INFO - [2025-10-15T09:26:08.659+0000] {shared_utils.py:452} INFO - Инициализированы пути обработки: ['input_pdf', 'temp_dir', 'output_md', 'logs', 'work_dir']
[2025-10-15T09:26:08.659+0000] {logging_mixin.py:188} INFO - [2025-10-15T09:26:08.659+0000] {shared_utils.py:456} INFO - Настроены URL сервисов: ['document_processor', 'translator', 'quality_assurance', 'airflow']
[2025-10-15T09:26:08.665+0000] {processor.py:840} INFO - DAG(s) 'translation_pipeline' retrieved from /opt/airflow/dags/translation_pipeline.py
[2025-10-15T09:26:08.684+0000] {logging_mixin.py:188} INFO - [2025-10-15T09:26:08.684+0000] {dag.py:3036} INFO - Sync 1 DAGs
[2025-10-15T09:26:08.694+0000] {logging_mixin.py:188} INFO - [2025-10-15T09:26:08.694+0000] {dag.py:3823} INFO - Setting next_dagrun for translation_pipeline to None, run_after=None
[2025-10-15T09:26:08.706+0000] {processor.py:183} INFO - Processing /opt/airflow/dags/translation_pipeline.py took 0.069 seconds
[2025-10-15T09:26:39.012+0000] {processor.py:161} INFO - Started process (PID=322) to work on /opt/airflow/dags/translation_pipeline.py
[2025-10-15T09:26:39.013+0000] {processor.py:830} INFO - Processing file /opt/airflow/dags/translation_pipeline.py for tasks to queue
[2025-10-15T09:26:39.014+0000] {logging_mixin.py:188} INFO - [2025-10-15T09:26:39.014+0000] {dagbag.py:538} INFO - Filling up the DagBag from /opt/airflow/dags/translation_pipeline.py
[2025-10-15T09:26:39.032+0000] {logging_mixin.py:188} INFO - [2025-10-15T09:26:39.031+0000] {shared_utils.py:452} INFO - Инициализированы пути обработки: ['input_pdf', 'temp_dir', 'output_md', 'logs', 'work_dir']
[2025-10-15T09:26:39.032+0000] {logging_mixin.py:188} INFO - [2025-10-15T09:26:39.032+0000] {shared_utils.py:456} INFO - Настроены URL сервисов: ['document_processor', 'translator', 'quality_assurance', 'airflow']
[2025-10-15T09:26:39.037+0000] {processor.py:840} INFO - DAG(s) 'translation_pipeline' retrieved from /opt/airflow/dags/translation_pipeline.py
[2025-10-15T09:26:39.057+0000] {logging_mixin.py:188} INFO - [2025-10-15T09:26:39.057+0000] {dag.py:3036} INFO - Sync 1 DAGs
[2025-10-15T09:26:39.066+0000] {logging_mixin.py:188} INFO - [2025-10-15T09:26:39.066+0000] {dag.py:3823} INFO - Setting next_dagrun for translation_pipeline to None, run_after=None
[2025-10-15T09:26:39.078+0000] {processor.py:183} INFO - Processing /opt/airflow/dags/translation_pipeline.py took 0.068 seconds
[2025-10-15T09:27:09.306+0000] {processor.py:161} INFO - Started process (PID=335) to work on /opt/airflow/dags/translation_pipeline.py
[2025-10-15T09:27:09.307+0000] {processor.py:830} INFO - Processing file /opt/airflow/dags/translation_pipeline.py for tasks to queue
[2025-10-15T09:27:09.309+0000] {logging_mixin.py:188} INFO - [2025-10-15T09:27:09.308+0000] {dagbag.py:538} INFO - Filling up the DagBag from /opt/airflow/dags/translation_pipeline.py
[2025-10-15T09:27:09.326+0000] {logging_mixin.py:188} INFO - [2025-10-15T09:27:09.325+0000] {shared_utils.py:452} INFO - Инициализированы пути обработки: ['input_pdf', 'temp_dir', 'output_md', 'logs', 'work_dir']
[2025-10-15T09:27:09.326+0000] {logging_mixin.py:188} INFO - [2025-10-15T09:27:09.326+0000] {shared_utils.py:456} INFO - Настроены URL сервисов: ['document_processor', 'translator', 'quality_assurance', 'airflow']
[2025-10-15T09:27:09.331+0000] {processor.py:840} INFO - DAG(s) 'translation_pipeline' retrieved from /opt/airflow/dags/translation_pipeline.py
[2025-10-15T09:27:09.352+0000] {logging_mixin.py:188} INFO - [2025-10-15T09:27:09.351+0000] {dag.py:3036} INFO - Sync 1 DAGs
[2025-10-15T09:27:09.361+0000] {logging_mixin.py:188} INFO - [2025-10-15T09:27:09.361+0000] {dag.py:3823} INFO - Setting next_dagrun for translation_pipeline to None, run_after=None
[2025-10-15T09:27:09.373+0000] {processor.py:183} INFO - Processing /opt/airflow/dags/translation_pipeline.py took 0.069 seconds
[2025-10-15T09:27:39.695+0000] {processor.py:161} INFO - Started process (PID=348) to work on /opt/airflow/dags/translation_pipeline.py
[2025-10-15T09:27:39.695+0000] {processor.py:830} INFO - Processing file /opt/airflow/dags/translation_pipeline.py for tasks to queue
[2025-10-15T09:27:39.697+0000] {logging_mixin.py:188} INFO - [2025-10-15T09:27:39.697+0000] {dagbag.py:538} INFO - Filling up the DagBag from /opt/airflow/dags/translation_pipeline.py
[2025-10-15T09:27:39.714+0000] {logging_mixin.py:188} INFO - [2025-10-15T09:27:39.714+0000] {shared_utils.py:452} INFO - Инициализированы пути обработки: ['input_pdf', 'temp_dir', 'output_md', 'logs', 'work_dir']
[2025-10-15T09:27:39.714+0000] {logging_mixin.py:188} INFO - [2025-10-15T09:27:39.714+0000] {shared_utils.py:456} INFO - Настроены URL сервисов: ['document_processor', 'translator', 'quality_assurance', 'airflow']
[2025-10-15T09:27:39.719+0000] {processor.py:840} INFO - DAG(s) 'translation_pipeline' retrieved from /opt/airflow/dags/translation_pipeline.py
[2025-10-15T09:27:39.740+0000] {logging_mixin.py:188} INFO - [2025-10-15T09:27:39.740+0000] {dag.py:3036} INFO - Sync 1 DAGs
[2025-10-15T09:27:39.750+0000] {logging_mixin.py:188} INFO - [2025-10-15T09:27:39.750+0000] {dag.py:3823} INFO - Setting next_dagrun for translation_pipeline to None, run_after=None
[2025-10-15T09:27:39.762+0000] {processor.py:183} INFO - Processing /opt/airflow/dags/translation_pipeline.py took 0.070 seconds
[2025-10-15T09:28:09.994+0000] {processor.py:161} INFO - Started process (PID=361) to work on /opt/airflow/dags/translation_pipeline.py
[2025-10-15T09:28:09.995+0000] {processor.py:830} INFO - Processing file /opt/airflow/dags/translation_pipeline.py for tasks to queue
[2025-10-15T09:28:09.996+0000] {logging_mixin.py:188} INFO - [2025-10-15T09:28:09.996+0000] {dagbag.py:538} INFO - Filling up the DagBag from /opt/airflow/dags/translation_pipeline.py
[2025-10-15T09:28:10.013+0000] {logging_mixin.py:188} INFO - [2025-10-15T09:28:10.013+0000] {shared_utils.py:452} INFO - Инициализированы пути обработки: ['input_pdf', 'temp_dir', 'output_md', 'logs', 'work_dir']
[2025-10-15T09:28:10.013+0000] {logging_mixin.py:188} INFO - [2025-10-15T09:28:10.013+0000] {shared_utils.py:456} INFO - Настроены URL сервисов: ['document_processor', 'translator', 'quality_assurance', 'airflow']
[2025-10-15T09:28:10.018+0000] {processor.py:840} INFO - DAG(s) 'translation_pipeline' retrieved from /opt/airflow/dags/translation_pipeline.py
[2025-10-15T09:28:10.038+0000] {logging_mixin.py:188} INFO - [2025-10-15T09:28:10.038+0000] {dag.py:3036} INFO - Sync 1 DAGs
[2025-10-15T09:28:10.048+0000] {logging_mixin.py:188} INFO - [2025-10-15T09:28:10.047+0000] {dag.py:3823} INFO - Setting next_dagrun for translation_pipeline to None, run_after=None
[2025-10-15T09:28:10.059+0000] {processor.py:183} INFO - Processing /opt/airflow/dags/translation_pipeline.py took 0.067 seconds
[2025-10-15T09:28:40.392+0000] {processor.py:161} INFO - Started process (PID=374) to work on /opt/airflow/dags/translation_pipeline.py
[2025-10-15T09:28:40.393+0000] {processor.py:830} INFO - Processing file /opt/airflow/dags/translation_pipeline.py for tasks to queue
[2025-10-15T09:28:40.394+0000] {logging_mixin.py:188} INFO - [2025-10-15T09:28:40.394+0000] {dagbag.py:538} INFO - Filling up the DagBag from /opt/airflow/dags/translation_pipeline.py
[2025-10-15T09:28:40.411+0000] {logging_mixin.py:188} INFO - [2025-10-15T09:28:40.411+0000] {shared_utils.py:452} INFO - Инициализированы пути обработки: ['input_pdf', 'temp_dir', 'output_md', 'logs', 'work_dir']
[2025-10-15T09:28:40.411+0000] {logging_mixin.py:188} INFO - [2025-10-15T09:28:40.411+0000] {shared_utils.py:456} INFO - Настроены URL сервисов: ['document_processor', 'translator', 'quality_assurance', 'airflow']
[2025-10-15T09:28:40.417+0000] {processor.py:840} INFO - DAG(s) 'translation_pipeline' retrieved from /opt/airflow/dags/translation_pipeline.py
[2025-10-15T09:28:40.437+0000] {logging_mixin.py:188} INFO - [2025-10-15T09:28:40.437+0000] {dag.py:3036} INFO - Sync 1 DAGs
[2025-10-15T09:28:40.448+0000] {logging_mixin.py:188} INFO - [2025-10-15T09:28:40.447+0000] {dag.py:3823} INFO - Setting next_dagrun for translation_pipeline to None, run_after=None
[2025-10-15T09:28:40.460+0000] {processor.py:183} INFO - Processing /opt/airflow/dags/translation_pipeline.py took 0.070 seconds
[2025-10-15T09:29:10.744+0000] {processor.py:161} INFO - Started process (PID=387) to work on /opt/airflow/dags/translation_pipeline.py
[2025-10-15T09:29:10.744+0000] {processor.py:830} INFO - Processing file /opt/airflow/dags/translation_pipeline.py for tasks to queue
[2025-10-15T09:29:10.746+0000] {logging_mixin.py:188} INFO - [2025-10-15T09:29:10.746+0000] {dagbag.py:538} INFO - Filling up the DagBag from /opt/airflow/dags/translation_pipeline.py
[2025-10-15T09:29:10.764+0000] {logging_mixin.py:188} INFO - [2025-10-15T09:29:10.763+0000] {shared_utils.py:452} INFO - Инициализированы пути обработки: ['input_pdf', 'temp_dir', 'output_md', 'logs', 'work_dir']
[2025-10-15T09:29:10.764+0000] {logging_mixin.py:188} INFO - [2025-10-15T09:29:10.764+0000] {shared_utils.py:456} INFO - Настроены URL сервисов: ['document_processor', 'translator', 'quality_assurance', 'airflow']
[2025-10-15T09:29:10.769+0000] {processor.py:840} INFO - DAG(s) 'translation_pipeline' retrieved from /opt/airflow/dags/translation_pipeline.py
[2025-10-15T09:29:10.788+0000] {logging_mixin.py:188} INFO - [2025-10-15T09:29:10.788+0000] {dag.py:3036} INFO - Sync 1 DAGs
[2025-10-15T09:29:10.798+0000] {logging_mixin.py:188} INFO - [2025-10-15T09:29:10.798+0000] {dag.py:3823} INFO - Setting next_dagrun for translation_pipeline to None, run_after=None
[2025-10-15T09:29:10.810+0000] {processor.py:183} INFO - Processing /opt/airflow/dags/translation_pipeline.py took 0.069 seconds
[2025-10-15T09:29:41.044+0000] {processor.py:161} INFO - Started process (PID=400) to work on /opt/airflow/dags/translation_pipeline.py
[2025-10-15T09:29:41.044+0000] {processor.py:830} INFO - Processing file /opt/airflow/dags/translation_pipeline.py for tasks to queue
[2025-10-15T09:29:41.046+0000] {logging_mixin.py:188} INFO - [2025-10-15T09:29:41.045+0000] {dagbag.py:538} INFO - Filling up the DagBag from /opt/airflow/dags/translation_pipeline.py
[2025-10-15T09:29:41.062+0000] {logging_mixin.py:188} INFO - [2025-10-15T09:29:41.062+0000] {shared_utils.py:452} INFO - Инициализированы пути обработки: ['input_pdf', 'temp_dir', 'output_md', 'logs', 'work_dir']
[2025-10-15T09:29:41.063+0000] {logging_mixin.py:188} INFO - [2025-10-15T09:29:41.062+0000] {shared_utils.py:456} INFO - Настроены URL сервисов: ['document_processor', 'translator', 'quality_assurance', 'airflow']
[2025-10-15T09:29:41.068+0000] {processor.py:840} INFO - DAG(s) 'translation_pipeline' retrieved from /opt/airflow/dags/translation_pipeline.py
[2025-10-15T09:29:41.087+0000] {logging_mixin.py:188} INFO - [2025-10-15T09:29:41.087+0000] {dag.py:3036} INFO - Sync 1 DAGs
[2025-10-15T09:29:41.096+0000] {logging_mixin.py:188} INFO - [2025-10-15T09:29:41.096+0000] {dag.py:3823} INFO - Setting next_dagrun for translation_pipeline to None, run_after=None
[2025-10-15T09:29:41.108+0000] {processor.py:183} INFO - Processing /opt/airflow/dags/translation_pipeline.py took 0.067 seconds
[2025-10-15T09:30:11.460+0000] {processor.py:161} INFO - Started process (PID=413) to work on /opt/airflow/dags/translation_pipeline.py
[2025-10-15T09:30:11.461+0000] {processor.py:830} INFO - Processing file /opt/airflow/dags/translation_pipeline.py for tasks to queue
[2025-10-15T09:30:11.463+0000] {logging_mixin.py:188} INFO - [2025-10-15T09:30:11.462+0000] {dagbag.py:538} INFO - Filling up the DagBag from /opt/airflow/dags/translation_pipeline.py
[2025-10-15T09:30:11.480+0000] {logging_mixin.py:188} INFO - [2025-10-15T09:30:11.480+0000] {shared_utils.py:452} INFO - Инициализированы пути обработки: ['input_pdf', 'temp_dir', 'output_md', 'logs', 'work_dir']
[2025-10-15T09:30:11.481+0000] {logging_mixin.py:188} INFO - [2025-10-15T09:30:11.480+0000] {shared_utils.py:456} INFO - Настроены URL сервисов: ['document_processor', 'translator', 'quality_assurance', 'airflow']
[2025-10-15T09:30:11.486+0000] {processor.py:840} INFO - DAG(s) 'translation_pipeline' retrieved from /opt/airflow/dags/translation_pipeline.py
[2025-10-15T09:30:11.507+0000] {logging_mixin.py:188} INFO - [2025-10-15T09:30:11.506+0000] {dag.py:3036} INFO - Sync 1 DAGs
[2025-10-15T09:30:11.517+0000] {logging_mixin.py:188} INFO - [2025-10-15T09:30:11.516+0000] {dag.py:3823} INFO - Setting next_dagrun for translation_pipeline to None, run_after=None
[2025-10-15T09:30:11.529+0000] {processor.py:183} INFO - Processing /opt/airflow/dags/translation_pipeline.py took 0.071 seconds
[2025-10-15T09:30:41.750+0000] {processor.py:161} INFO - Started process (PID=426) to work on /opt/airflow/dags/translation_pipeline.py
[2025-10-15T09:30:41.751+0000] {processor.py:830} INFO - Processing file /opt/airflow/dags/translation_pipeline.py for tasks to queue
[2025-10-15T09:30:41.752+0000] {logging_mixin.py:188} INFO - [2025-10-15T09:30:41.752+0000] {dagbag.py:538} INFO - Filling up the DagBag from /opt/airflow/dags/translation_pipeline.py
[2025-10-15T09:30:41.770+0000] {logging_mixin.py:188} INFO - [2025-10-15T09:30:41.770+0000] {shared_utils.py:452} INFO - Инициализированы пути обработки: ['input_pdf', 'temp_dir', 'output_md', 'logs', 'work_dir']
[2025-10-15T09:30:41.770+0000] {logging_mixin.py:188} INFO - [2025-10-15T09:30:41.770+0000] {shared_utils.py:456} INFO - Настроены URL сервисов: ['document_processor', 'translator', 'quality_assurance', 'airflow']
[2025-10-15T09:30:41.775+0000] {processor.py:840} INFO - DAG(s) 'translation_pipeline' retrieved from /opt/airflow/dags/translation_pipeline.py
[2025-10-15T09:30:41.796+0000] {logging_mixin.py:188} INFO - [2025-10-15T09:30:41.796+0000] {dag.py:3036} INFO - Sync 1 DAGs
[2025-10-15T09:30:41.806+0000] {logging_mixin.py:188} INFO - [2025-10-15T09:30:41.805+0000] {dag.py:3823} INFO - Setting next_dagrun for translation_pipeline to None, run_after=None
[2025-10-15T09:30:41.817+0000] {processor.py:183} INFO - Processing /opt/airflow/dags/translation_pipeline.py took 0.070 seconds
[2025-10-15T09:31:12.141+0000] {processor.py:161} INFO - Started process (PID=439) to work on /opt/airflow/dags/translation_pipeline.py
[2025-10-15T09:31:12.141+0000] {processor.py:830} INFO - Processing file /opt/airflow/dags/translation_pipeline.py for tasks to queue
[2025-10-15T09:31:12.143+0000] {logging_mixin.py:188} INFO - [2025-10-15T09:31:12.142+0000] {dagbag.py:538} INFO - Filling up the DagBag from /opt/airflow/dags/translation_pipeline.py
[2025-10-15T09:31:12.160+0000] {logging_mixin.py:188} INFO - [2025-10-15T09:31:12.160+0000] {shared_utils.py:452} INFO - Инициализированы пути обработки: ['input_pdf', 'temp_dir', 'output_md', 'logs', 'work_dir']
[2025-10-15T09:31:12.160+0000] {logging_mixin.py:188} INFO - [2025-10-15T09:31:12.160+0000] {shared_utils.py:456} INFO - Настроены URL сервисов: ['document_processor', 'translator', 'quality_assurance', 'airflow']
[2025-10-15T09:31:12.165+0000] {processor.py:840} INFO - DAG(s) 'translation_pipeline' retrieved from /opt/airflow/dags/translation_pipeline.py
[2025-10-15T09:31:12.184+0000] {logging_mixin.py:188} INFO - [2025-10-15T09:31:12.184+0000] {dag.py:3036} INFO - Sync 1 DAGs
[2025-10-15T09:31:12.194+0000] {logging_mixin.py:188} INFO - [2025-10-15T09:31:12.194+0000] {dag.py:3823} INFO - Setting next_dagrun for translation_pipeline to None, run_after=None
[2025-10-15T09:31:12.206+0000] {processor.py:183} INFO - Processing /opt/airflow/dags/translation_pipeline.py took 0.068 seconds
[2025-10-15T09:31:42.458+0000] {processor.py:161} INFO - Started process (PID=452) to work on /opt/airflow/dags/translation_pipeline.py
[2025-10-15T09:31:42.459+0000] {processor.py:830} INFO - Processing file /opt/airflow/dags/translation_pipeline.py for tasks to queue
[2025-10-15T09:31:42.460+0000] {logging_mixin.py:188} INFO - [2025-10-15T09:31:42.460+0000] {dagbag.py:538} INFO - Filling up the DagBag from /opt/airflow/dags/translation_pipeline.py
[2025-10-15T09:31:42.477+0000] {logging_mixin.py:188} INFO - [2025-10-15T09:31:42.477+0000] {shared_utils.py:452} INFO - Инициализированы пути обработки: ['input_pdf', 'temp_dir', 'output_md', 'logs', 'work_dir']
[2025-10-15T09:31:42.477+0000] {logging_mixin.py:188} INFO - [2025-10-15T09:31:42.477+0000] {shared_utils.py:456} INFO - Настроены URL сервисов: ['document_processor', 'translator', 'quality_assurance', 'airflow']
[2025-10-15T09:31:42.482+0000] {processor.py:840} INFO - DAG(s) 'translation_pipeline' retrieved from /opt/airflow/dags/translation_pipeline.py
[2025-10-15T09:31:42.502+0000] {logging_mixin.py:188} INFO - [2025-10-15T09:31:42.502+0000] {dag.py:3036} INFO - Sync 1 DAGs
[2025-10-15T09:31:42.512+0000] {logging_mixin.py:188} INFO - [2025-10-15T09:31:42.512+0000] {dag.py:3823} INFO - Setting next_dagrun for translation_pipeline to None, run_after=None
[2025-10-15T09:31:42.523+0000] {processor.py:183} INFO - Processing /opt/airflow/dags/translation_pipeline.py took 0.068 seconds
[2025-10-15T09:32:12.845+0000] {processor.py:161} INFO - Started process (PID=465) to work on /opt/airflow/dags/translation_pipeline.py
[2025-10-15T09:32:12.845+0000] {processor.py:830} INFO - Processing file /opt/airflow/dags/translation_pipeline.py for tasks to queue
[2025-10-15T09:32:12.847+0000] {logging_mixin.py:188} INFO - [2025-10-15T09:32:12.846+0000] {dagbag.py:538} INFO - Filling up the DagBag from /opt/airflow/dags/translation_pipeline.py
[2025-10-15T09:32:12.863+0000] {logging_mixin.py:188} INFO - [2025-10-15T09:32:12.863+0000] {shared_utils.py:452} INFO - Инициализированы пути обработки: ['input_pdf', 'temp_dir', 'output_md', 'logs', 'work_dir']
[2025-10-15T09:32:12.863+0000] {logging_mixin.py:188} INFO - [2025-10-15T09:32:12.863+0000] {shared_utils.py:456} INFO - Настроены URL сервисов: ['document_processor', 'translator', 'quality_assurance', 'airflow']
[2025-10-15T09:32:12.868+0000] {processor.py:840} INFO - DAG(s) 'translation_pipeline' retrieved from /opt/airflow/dags/translation_pipeline.py
[2025-10-15T09:32:12.888+0000] {logging_mixin.py:188} INFO - [2025-10-15T09:32:12.887+0000] {dag.py:3036} INFO - Sync 1 DAGs
[2025-10-15T09:32:12.897+0000] {logging_mixin.py:188} INFO - [2025-10-15T09:32:12.897+0000] {dag.py:3823} INFO - Setting next_dagrun for translation_pipeline to None, run_after=None
[2025-10-15T09:32:12.909+0000] {processor.py:183} INFO - Processing /opt/airflow/dags/translation_pipeline.py took 0.066 seconds
[2025-10-15T09:32:43.162+0000] {processor.py:161} INFO - Started process (PID=478) to work on /opt/airflow/dags/translation_pipeline.py
[2025-10-15T09:32:43.163+0000] {processor.py:830} INFO - Processing file /opt/airflow/dags/translation_pipeline.py for tasks to queue
[2025-10-15T09:32:43.165+0000] {logging_mixin.py:188} INFO - [2025-10-15T09:32:43.164+0000] {dagbag.py:538} INFO - Filling up the DagBag from /opt/airflow/dags/translation_pipeline.py
[2025-10-15T09:32:43.182+0000] {logging_mixin.py:188} INFO - [2025-10-15T09:32:43.182+0000] {shared_utils.py:452} INFO - Инициализированы пути обработки: ['input_pdf', 'temp_dir', 'output_md', 'logs', 'work_dir']
[2025-10-15T09:32:43.183+0000] {logging_mixin.py:188} INFO - [2025-10-15T09:32:43.183+0000] {shared_utils.py:456} INFO - Настроены URL сервисов: ['document_processor', 'translator', 'quality_assurance', 'airflow']
[2025-10-15T09:32:43.188+0000] {processor.py:840} INFO - DAG(s) 'translation_pipeline' retrieved from /opt/airflow/dags/translation_pipeline.py
[2025-10-15T09:32:43.208+0000] {logging_mixin.py:188} INFO - [2025-10-15T09:32:43.208+0000] {dag.py:3036} INFO - Sync 1 DAGs
[2025-10-15T09:32:43.218+0000] {logging_mixin.py:188} INFO - [2025-10-15T09:32:43.218+0000] {dag.py:3823} INFO - Setting next_dagrun for translation_pipeline to None, run_after=None
[2025-10-15T09:32:43.230+0000] {processor.py:183} INFO - Processing /opt/airflow/dags/translation_pipeline.py took 0.070 seconds
[2025-10-15T09:33:13.480+0000] {processor.py:161} INFO - Started process (PID=491) to work on /opt/airflow/dags/translation_pipeline.py
[2025-10-15T09:33:13.481+0000] {processor.py:830} INFO - Processing file /opt/airflow/dags/translation_pipeline.py for tasks to queue
[2025-10-15T09:33:13.482+0000] {logging_mixin.py:188} INFO - [2025-10-15T09:33:13.482+0000] {dagbag.py:538} INFO - Filling up the DagBag from /opt/airflow/dags/translation_pipeline.py
[2025-10-15T09:33:13.499+0000] {logging_mixin.py:188} INFO - [2025-10-15T09:33:13.499+0000] {shared_utils.py:452} INFO - Инициализированы пути обработки: ['input_pdf', 'temp_dir', 'output_md', 'logs', 'work_dir']
[2025-10-15T09:33:13.500+0000] {logging_mixin.py:188} INFO - [2025-10-15T09:33:13.499+0000] {shared_utils.py:456} INFO - Настроены URL сервисов: ['document_processor', 'translator', 'quality_assurance', 'airflow']
[2025-10-15T09:33:13.504+0000] {processor.py:840} INFO - DAG(s) 'translation_pipeline' retrieved from /opt/airflow/dags/translation_pipeline.py
[2025-10-15T09:33:13.524+0000] {logging_mixin.py:188} INFO - [2025-10-15T09:33:13.524+0000] {dag.py:3036} INFO - Sync 1 DAGs
[2025-10-15T09:33:13.644+0000] {logging_mixin.py:188} INFO - [2025-10-15T09:33:13.644+0000] {dag.py:3823} INFO - Setting next_dagrun for translation_pipeline to None, run_after=None
[2025-10-15T09:33:13.655+0000] {processor.py:183} INFO - Processing /opt/airflow/dags/translation_pipeline.py took 0.177 seconds
[2025-10-15T09:33:44.007+0000] {processor.py:161} INFO - Started process (PID=504) to work on /opt/airflow/dags/translation_pipeline.py
[2025-10-15T09:33:44.008+0000] {processor.py:830} INFO - Processing file /opt/airflow/dags/translation_pipeline.py for tasks to queue
[2025-10-15T09:33:44.009+0000] {logging_mixin.py:188} INFO - [2025-10-15T09:33:44.009+0000] {dagbag.py:538} INFO - Filling up the DagBag from /opt/airflow/dags/translation_pipeline.py
[2025-10-15T09:33:44.027+0000] {logging_mixin.py:188} INFO - [2025-10-15T09:33:44.026+0000] {shared_utils.py:452} INFO - Инициализированы пути обработки: ['input_pdf', 'temp_dir', 'output_md', 'logs', 'work_dir']
[2025-10-15T09:33:44.027+0000] {logging_mixin.py:188} INFO - [2025-10-15T09:33:44.027+0000] {shared_utils.py:456} INFO - Настроены URL сервисов: ['document_processor', 'translator', 'quality_assurance', 'airflow']
[2025-10-15T09:33:44.032+0000] {processor.py:840} INFO - DAG(s) 'translation_pipeline' retrieved from /opt/airflow/dags/translation_pipeline.py
[2025-10-15T09:33:44.052+0000] {logging_mixin.py:188} INFO - [2025-10-15T09:33:44.052+0000] {dag.py:3036} INFO - Sync 1 DAGs
[2025-10-15T09:33:44.062+0000] {logging_mixin.py:188} INFO - [2025-10-15T09:33:44.062+0000] {dag.py:3823} INFO - Setting next_dagrun for translation_pipeline to None, run_after=None
[2025-10-15T09:33:44.074+0000] {processor.py:183} INFO - Processing /opt/airflow/dags/translation_pipeline.py took 0.070 seconds
[2025-10-15T09:34:14.404+0000] {processor.py:161} INFO - Started process (PID=517) to work on /opt/airflow/dags/translation_pipeline.py
[2025-10-15T09:34:14.404+0000] {processor.py:830} INFO - Processing file /opt/airflow/dags/translation_pipeline.py for tasks to queue
[2025-10-15T09:34:14.406+0000] {logging_mixin.py:188} INFO - [2025-10-15T09:34:14.405+0000] {dagbag.py:538} INFO - Filling up the DagBag from /opt/airflow/dags/translation_pipeline.py
[2025-10-15T09:34:14.423+0000] {logging_mixin.py:188} INFO - [2025-10-15T09:34:14.423+0000] {shared_utils.py:452} INFO - Инициализированы пути обработки: ['input_pdf', 'temp_dir', 'output_md', 'logs', 'work_dir']
[2025-10-15T09:34:14.423+0000] {logging_mixin.py:188} INFO - [2025-10-15T09:34:14.423+0000] {shared_utils.py:456} INFO - Настроены URL сервисов: ['document_processor', 'translator', 'quality_assurance', 'airflow']
[2025-10-15T09:34:14.428+0000] {processor.py:840} INFO - DAG(s) 'translation_pipeline' retrieved from /opt/airflow/dags/translation_pipeline.py
[2025-10-15T09:34:14.449+0000] {logging_mixin.py:188} INFO - [2025-10-15T09:34:14.449+0000] {dag.py:3036} INFO - Sync 1 DAGs
[2025-10-15T09:34:14.459+0000] {logging_mixin.py:188} INFO - [2025-10-15T09:34:14.459+0000] {dag.py:3823} INFO - Setting next_dagrun for translation_pipeline to None, run_after=None
[2025-10-15T09:34:14.472+0000] {processor.py:183} INFO - Processing /opt/airflow/dags/translation_pipeline.py took 0.071 seconds
[2025-10-15T09:34:44.708+0000] {processor.py:161} INFO - Started process (PID=530) to work on /opt/airflow/dags/translation_pipeline.py
[2025-10-15T09:34:44.708+0000] {processor.py:830} INFO - Processing file /opt/airflow/dags/translation_pipeline.py for tasks to queue
[2025-10-15T09:34:44.710+0000] {logging_mixin.py:188} INFO - [2025-10-15T09:34:44.709+0000] {dagbag.py:538} INFO - Filling up the DagBag from /opt/airflow/dags/translation_pipeline.py
[2025-10-15T09:34:44.727+0000] {logging_mixin.py:188} INFO - [2025-10-15T09:34:44.726+0000] {shared_utils.py:452} INFO - Инициализированы пути обработки: ['input_pdf', 'temp_dir', 'output_md', 'logs', 'work_dir']
[2025-10-15T09:34:44.727+0000] {logging_mixin.py:188} INFO - [2025-10-15T09:34:44.727+0000] {shared_utils.py:456} INFO - Настроены URL сервисов: ['document_processor', 'translator', 'quality_assurance', 'airflow']
[2025-10-15T09:34:44.732+0000] {processor.py:840} INFO - DAG(s) 'translation_pipeline' retrieved from /opt/airflow/dags/translation_pipeline.py
[2025-10-15T09:34:44.751+0000] {logging_mixin.py:188} INFO - [2025-10-15T09:34:44.751+0000] {dag.py:3036} INFO - Sync 1 DAGs
[2025-10-15T09:34:44.760+0000] {logging_mixin.py:188} INFO - [2025-10-15T09:34:44.760+0000] {dag.py:3823} INFO - Setting next_dagrun for translation_pipeline to None, run_after=None
[2025-10-15T09:34:44.772+0000] {processor.py:183} INFO - Processing /opt/airflow/dags/translation_pipeline.py took 0.067 seconds
[2025-10-15T09:35:14.991+0000] {processor.py:161} INFO - Started process (PID=541) to work on /opt/airflow/dags/translation_pipeline.py
[2025-10-15T09:35:14.991+0000] {processor.py:830} INFO - Processing file /opt/airflow/dags/translation_pipeline.py for tasks to queue
[2025-10-15T09:35:14.993+0000] {logging_mixin.py:188} INFO - [2025-10-15T09:35:14.992+0000] {dagbag.py:538} INFO - Filling up the DagBag from /opt/airflow/dags/translation_pipeline.py
[2025-10-15T09:35:15.009+0000] {logging_mixin.py:188} INFO - [2025-10-15T09:35:15.009+0000] {shared_utils.py:452} INFO - Инициализированы пути обработки: ['input_pdf', 'temp_dir', 'output_md', 'logs', 'work_dir']
[2025-10-15T09:35:15.010+0000] {logging_mixin.py:188} INFO - [2025-10-15T09:35:15.010+0000] {shared_utils.py:456} INFO - Настроены URL сервисов: ['document_processor', 'translator', 'quality_assurance', 'airflow']
[2025-10-15T09:35:15.015+0000] {processor.py:840} INFO - DAG(s) 'translation_pipeline' retrieved from /opt/airflow/dags/translation_pipeline.py
[2025-10-15T09:35:15.035+0000] {logging_mixin.py:188} INFO - [2025-10-15T09:35:15.034+0000] {dag.py:3036} INFO - Sync 1 DAGs
[2025-10-15T09:35:15.044+0000] {logging_mixin.py:188} INFO - [2025-10-15T09:35:15.044+0000] {dag.py:3823} INFO - Setting next_dagrun for translation_pipeline to None, run_after=None
[2025-10-15T09:35:15.056+0000] {processor.py:183} INFO - Processing /opt/airflow/dags/translation_pipeline.py took 0.068 seconds
