[2025-10-09T17:02:54.191+0000] {taskinstance.py:1956} INFO - Dependencies all met for dep_context=non-requeueable deps ti=<TaskInstance: orchestrator_dag.trigger_stage3_translation manual__2025-10-09T17:00:14.459166+00:00 [queued]>
[2025-10-09T17:02:54.198+0000] {taskinstance.py:1956} INFO - Dependencies all met for dep_context=requeueable deps ti=<TaskInstance: orchestrator_dag.trigger_stage3_translation manual__2025-10-09T17:00:14.459166+00:00 [queued]>
[2025-10-09T17:02:54.198+0000] {taskinstance.py:2170} INFO - Starting attempt 1 of 2
[2025-10-09T17:02:54.206+0000] {taskinstance.py:2191} INFO - Executing <Task(TriggerDagRunOperator): trigger_stage3_translation> on 2025-10-09 17:00:14.459166+00:00
[2025-10-09T17:02:54.211+0000] {standard_task_runner.py:60} INFO - Started process 1114 to run task
[2025-10-09T17:02:54.213+0000] {standard_task_runner.py:87} INFO - Running: ['***', 'tasks', 'run', 'orchestrator_dag', 'trigger_stage3_translation', 'manual__2025-10-09T17:00:14.459166+00:00', '--job-id', '1282', '--raw', '--subdir', 'DAGS_FOLDER/orchestrator_dag.py', '--cfg-path', '/tmp/tmpbg_kngeu']
[2025-10-09T17:02:54.214+0000] {standard_task_runner.py:88} INFO - Job 1282: Subtask trigger_stage3_translation
[2025-10-09T17:02:54.256+0000] {task_command.py:423} INFO - Running <TaskInstance: orchestrator_dag.trigger_stage3_translation manual__2025-10-09T17:00:14.459166+00:00 [running]> on host 55aa37341c5f
[2025-10-09T17:02:54.333+0000] {taskinstance.py:2480} INFO - Exporting env vars: AIRFLOW_CTX_DAG_OWNER='pdf-converter' AIRFLOW_CTX_DAG_ID='orchestrator_dag' AIRFLOW_CTX_TASK_ID='trigger_stage3_translation' AIRFLOW_CTX_EXECUTION_DATE='2025-10-09T17:00:14.459166+00:00' AIRFLOW_CTX_TRY_NUMBER='1' AIRFLOW_CTX_DAG_RUN_ID='manual__2025-10-09T17:00:14.459166+00:00'
[2025-10-09T17:02:54.396+0000] {trigger_dagrun.py:210} INFO - Waiting for translation_pipeline on 2025-10-09 17:02:54.333567+00:00 to become allowed state ['success'] ...
[2025-10-09T17:03:24.405+0000] {trigger_dagrun.py:210} INFO - Waiting for translation_pipeline on 2025-10-09 17:02:54.333567+00:00 to become allowed state ['success'] ...
[2025-10-09T17:03:54.414+0000] {trigger_dagrun.py:210} INFO - Waiting for translation_pipeline on 2025-10-09 17:02:54.333567+00:00 to become allowed state ['success'] ...
[2025-10-09T17:04:24.423+0000] {trigger_dagrun.py:210} INFO - Waiting for translation_pipeline on 2025-10-09 17:02:54.333567+00:00 to become allowed state ['success'] ...
[2025-10-09T17:04:54.431+0000] {trigger_dagrun.py:210} INFO - Waiting for translation_pipeline on 2025-10-09 17:02:54.333567+00:00 to become allowed state ['success'] ...
[2025-10-09T17:05:24.440+0000] {trigger_dagrun.py:210} INFO - Waiting for translation_pipeline on 2025-10-09 17:02:54.333567+00:00 to become allowed state ['success'] ...
[2025-10-09T17:05:54.449+0000] {trigger_dagrun.py:210} INFO - Waiting for translation_pipeline on 2025-10-09 17:02:54.333567+00:00 to become allowed state ['success'] ...
[2025-10-09T17:06:24.457+0000] {trigger_dagrun.py:210} INFO - Waiting for translation_pipeline on 2025-10-09 17:02:54.333567+00:00 to become allowed state ['success'] ...
[2025-10-09T17:06:54.466+0000] {trigger_dagrun.py:210} INFO - Waiting for translation_pipeline on 2025-10-09 17:02:54.333567+00:00 to become allowed state ['success'] ...
[2025-10-09T17:07:24.475+0000] {trigger_dagrun.py:210} INFO - Waiting for translation_pipeline on 2025-10-09 17:02:54.333567+00:00 to become allowed state ['success'] ...
[2025-10-09T17:07:54.484+0000] {trigger_dagrun.py:210} INFO - Waiting for translation_pipeline on 2025-10-09 17:02:54.333567+00:00 to become allowed state ['success'] ...
[2025-10-09T17:08:24.492+0000] {trigger_dagrun.py:210} INFO - Waiting for translation_pipeline on 2025-10-09 17:02:54.333567+00:00 to become allowed state ['success'] ...
[2025-10-09T17:08:54.501+0000] {trigger_dagrun.py:210} INFO - Waiting for translation_pipeline on 2025-10-09 17:02:54.333567+00:00 to become allowed state ['success'] ...
[2025-10-09T17:09:24.509+0000] {trigger_dagrun.py:210} INFO - Waiting for translation_pipeline on 2025-10-09 17:02:54.333567+00:00 to become allowed state ['success'] ...
[2025-10-09T17:09:54.518+0000] {trigger_dagrun.py:210} INFO - Waiting for translation_pipeline on 2025-10-09 17:02:54.333567+00:00 to become allowed state ['success'] ...
[2025-10-09T17:10:24.527+0000] {trigger_dagrun.py:210} INFO - Waiting for translation_pipeline on 2025-10-09 17:02:54.333567+00:00 to become allowed state ['success'] ...
[2025-10-09T17:10:54.536+0000] {trigger_dagrun.py:210} INFO - Waiting for translation_pipeline on 2025-10-09 17:02:54.333567+00:00 to become allowed state ['success'] ...
[2025-10-09T17:11:24.545+0000] {trigger_dagrun.py:210} INFO - Waiting for translation_pipeline on 2025-10-09 17:02:54.333567+00:00 to become allowed state ['success'] ...
[2025-10-09T17:11:54.554+0000] {trigger_dagrun.py:210} INFO - Waiting for translation_pipeline on 2025-10-09 17:02:54.333567+00:00 to become allowed state ['success'] ...
[2025-10-09T17:12:24.562+0000] {trigger_dagrun.py:210} INFO - Waiting for translation_pipeline on 2025-10-09 17:02:54.333567+00:00 to become allowed state ['success'] ...
[2025-10-09T17:12:54.571+0000] {trigger_dagrun.py:210} INFO - Waiting for translation_pipeline on 2025-10-09 17:02:54.333567+00:00 to become allowed state ['success'] ...
[2025-10-09T17:13:24.581+0000] {trigger_dagrun.py:210} INFO - Waiting for translation_pipeline on 2025-10-09 17:02:54.333567+00:00 to become allowed state ['success'] ...
[2025-10-09T17:13:54.589+0000] {trigger_dagrun.py:210} INFO - Waiting for translation_pipeline on 2025-10-09 17:02:54.333567+00:00 to become allowed state ['success'] ...
[2025-10-09T17:14:24.598+0000] {trigger_dagrun.py:210} INFO - Waiting for translation_pipeline on 2025-10-09 17:02:54.333567+00:00 to become allowed state ['success'] ...
[2025-10-09T17:14:54.607+0000] {trigger_dagrun.py:210} INFO - Waiting for translation_pipeline on 2025-10-09 17:02:54.333567+00:00 to become allowed state ['success'] ...
[2025-10-09T17:15:24.615+0000] {trigger_dagrun.py:210} INFO - Waiting for translation_pipeline on 2025-10-09 17:02:54.333567+00:00 to become allowed state ['success'] ...
[2025-10-09T17:15:54.624+0000] {trigger_dagrun.py:210} INFO - Waiting for translation_pipeline on 2025-10-09 17:02:54.333567+00:00 to become allowed state ['success'] ...
[2025-10-09T17:16:24.632+0000] {trigger_dagrun.py:210} INFO - Waiting for translation_pipeline on 2025-10-09 17:02:54.333567+00:00 to become allowed state ['success'] ...
[2025-10-09T17:16:54.641+0000] {trigger_dagrun.py:210} INFO - Waiting for translation_pipeline on 2025-10-09 17:02:54.333567+00:00 to become allowed state ['success'] ...
[2025-10-09T17:17:24.649+0000] {trigger_dagrun.py:210} INFO - Waiting for translation_pipeline on 2025-10-09 17:02:54.333567+00:00 to become allowed state ['success'] ...
[2025-10-09T17:17:54.657+0000] {trigger_dagrun.py:210} INFO - Waiting for translation_pipeline on 2025-10-09 17:02:54.333567+00:00 to become allowed state ['success'] ...
[2025-10-09T17:18:24.666+0000] {trigger_dagrun.py:210} INFO - Waiting for translation_pipeline on 2025-10-09 17:02:54.333567+00:00 to become allowed state ['success'] ...
[2025-10-09T17:18:54.675+0000] {trigger_dagrun.py:210} INFO - Waiting for translation_pipeline on 2025-10-09 17:02:54.333567+00:00 to become allowed state ['success'] ...
[2025-10-09T17:19:24.683+0000] {trigger_dagrun.py:210} INFO - Waiting for translation_pipeline on 2025-10-09 17:02:54.333567+00:00 to become allowed state ['success'] ...
[2025-10-09T17:19:54.692+0000] {trigger_dagrun.py:210} INFO - Waiting for translation_pipeline on 2025-10-09 17:02:54.333567+00:00 to become allowed state ['success'] ...
[2025-10-09T17:20:24.700+0000] {trigger_dagrun.py:210} INFO - Waiting for translation_pipeline on 2025-10-09 17:02:54.333567+00:00 to become allowed state ['success'] ...
[2025-10-09T17:20:54.709+0000] {trigger_dagrun.py:210} INFO - Waiting for translation_pipeline on 2025-10-09 17:02:54.333567+00:00 to become allowed state ['success'] ...
[2025-10-09T17:21:24.718+0000] {trigger_dagrun.py:210} INFO - Waiting for translation_pipeline on 2025-10-09 17:02:54.333567+00:00 to become allowed state ['success'] ...
[2025-10-09T17:21:54.727+0000] {trigger_dagrun.py:210} INFO - Waiting for translation_pipeline on 2025-10-09 17:02:54.333567+00:00 to become allowed state ['success'] ...
[2025-10-09T17:22:24.736+0000] {trigger_dagrun.py:210} INFO - Waiting for translation_pipeline on 2025-10-09 17:02:54.333567+00:00 to become allowed state ['success'] ...
[2025-10-09T17:22:54.744+0000] {trigger_dagrun.py:210} INFO - Waiting for translation_pipeline on 2025-10-09 17:02:54.333567+00:00 to become allowed state ['success'] ...
[2025-10-09T17:23:24.753+0000] {trigger_dagrun.py:210} INFO - Waiting for translation_pipeline on 2025-10-09 17:02:54.333567+00:00 to become allowed state ['success'] ...
[2025-10-09T17:23:54.762+0000] {trigger_dagrun.py:210} INFO - Waiting for translation_pipeline on 2025-10-09 17:02:54.333567+00:00 to become allowed state ['success'] ...
[2025-10-09T17:24:24.771+0000] {trigger_dagrun.py:210} INFO - Waiting for translation_pipeline on 2025-10-09 17:02:54.333567+00:00 to become allowed state ['success'] ...
[2025-10-09T17:24:54.780+0000] {trigger_dagrun.py:210} INFO - Waiting for translation_pipeline on 2025-10-09 17:02:54.333567+00:00 to become allowed state ['success'] ...
[2025-10-09T17:25:24.788+0000] {trigger_dagrun.py:210} INFO - Waiting for translation_pipeline on 2025-10-09 17:02:54.333567+00:00 to become allowed state ['success'] ...
[2025-10-09T17:25:54.797+0000] {trigger_dagrun.py:210} INFO - Waiting for translation_pipeline on 2025-10-09 17:02:54.333567+00:00 to become allowed state ['success'] ...
[2025-10-09T17:26:24.805+0000] {trigger_dagrun.py:210} INFO - Waiting for translation_pipeline on 2025-10-09 17:02:54.333567+00:00 to become allowed state ['success'] ...
[2025-10-09T17:26:54.814+0000] {trigger_dagrun.py:210} INFO - Waiting for translation_pipeline on 2025-10-09 17:02:54.333567+00:00 to become allowed state ['success'] ...
[2025-10-09T17:27:24.822+0000] {trigger_dagrun.py:223} INFO - translation_pipeline finished with allowed state success
[2025-10-09T17:27:24.831+0000] {taskinstance.py:1138} INFO - Marking task as SUCCESS. dag_id=orchestrator_dag, task_id=trigger_stage3_translation, execution_date=20251009T170014, start_date=20251009T170254, end_date=20251009T172724
[2025-10-09T17:27:24.860+0000] {local_task_job_runner.py:234} INFO - Task exited with return code 0
[2025-10-09T17:27:24.881+0000] {taskinstance.py:3280} INFO - 1 downstream tasks scheduled from follow-on schedule check
