[2025-10-15T17:21:20.862+0000] {taskinstance.py:1956} INFO - Dependencies all met for dep_context=non-requeueable deps ti=<TaskInstance: orchestrator_dag.notify_orchestrator_completion manual__2025-10-15T17:18:06.319706+00:00 [queued]>
[2025-10-15T17:21:20.868+0000] {taskinstance.py:1956} INFO - Dependencies all met for dep_context=requeueable deps ti=<TaskInstance: orchestrator_dag.notify_orchestrator_completion manual__2025-10-15T17:18:06.319706+00:00 [queued]>
[2025-10-15T17:21:20.869+0000] {taskinstance.py:2170} INFO - Starting attempt 1 of 2
[2025-10-15T17:21:20.877+0000] {taskinstance.py:2191} INFO - Executing <Task(PythonOperator): notify_orchestrator_completion> on 2025-10-15 17:18:06.319706+00:00
[2025-10-15T17:21:20.882+0000] {standard_task_runner.py:60} INFO - Started process 419 to run task
[2025-10-15T17:21:20.884+0000] {standard_task_runner.py:87} INFO - Running: ['***', 'tasks', 'run', 'orchestrator_dag', 'notify_orchestrator_completion', 'manual__2025-10-15T17:18:06.319706+00:00', '--job-id', '1615', '--raw', '--subdir', 'DAGS_FOLDER/orchestrator_dag.py', '--cfg-path', '/tmp/tmp2u34moi_']
[2025-10-15T17:21:20.885+0000] {standard_task_runner.py:88} INFO - Job 1615: Subtask notify_orchestrator_completion
[2025-10-15T17:21:20.931+0000] {task_command.py:423} INFO - Running <TaskInstance: orchestrator_dag.notify_orchestrator_completion manual__2025-10-15T17:18:06.319706+00:00 [running]> on host ee1be49cded6
[2025-10-15T17:21:20.997+0000] {taskinstance.py:2480} INFO - Exporting env vars: AIRFLOW_CTX_DAG_OWNER='pdf-converter' AIRFLOW_CTX_DAG_ID='orchestrator_dag' AIRFLOW_CTX_TASK_ID='notify_orchestrator_completion' AIRFLOW_CTX_EXECUTION_DATE='2025-10-15T17:18:06.319706+00:00' AIRFLOW_CTX_TRY_NUMBER='1' AIRFLOW_CTX_DAG_RUN_ID='manual__2025-10-15T17:18:06.319706+00:00'
[2025-10-15T17:21:21.020+0000] {orchestrator_dag.py:519} INFO - 
🎉 ИСПРАВЛЕННЫЙ PDF КОНВЕЙЕР v4.0 УСПЕШНО ЗАВЕРШЕН!
📄 Файл: test_short.pdf
🌐 Язык: en
⏱️ Время обработки: 0:03:12.363934
🔄 ВЫПОЛНЕННЫЕ ЭТАПЫ:
✅ Stage 1: Document Preprocessing (извлечение контента)
✅ Stage 2: Content Transformation (преобразование в MD)
✅ Stage 3: Translation Pipeline (перевод)
✅ Stage 4: Quality Assurance (валидация)
📊 РЕЗУЛЬТАТЫ:
- Исправленная архитектура: ✅ Применена
- Китайские документы: ✅ Оптимизированы
- Технические термины: ✅ Сохранены
- Итоговый файл: /app/output/en/1760548686_test_short.md
- QA отчет: /app/temp/qa_report_1760548686.json
🚀 СИСТЕМА v4.0 ИСПРАВЛЕНА И ГОТОВА К РАБОТЕ!

[2025-10-15T17:21:21.020+0000] {shared_utils.py:267} INFO - 
✅ УСПЕШНОЕ ЗАВЕРШЕНИЕ
DAG: orchestrator_dag
Task: notify_orchestrator_completion
Время: 2025-10-15T17:21:21.020841
Результат: Обработка завершена

[2025-10-15T17:21:21.020+0000] {python.py:201} INFO - Done. Returned value was: None
[2025-10-15T17:21:21.030+0000] {taskinstance.py:1138} INFO - Marking task as SUCCESS. dag_id=orchestrator_dag, task_id=notify_orchestrator_completion, execution_date=20251015T171806, start_date=20251015T172120, end_date=20251015T172121
[2025-10-15T17:21:21.056+0000] {local_task_job_runner.py:234} INFO - Task exited with return code 0
[2025-10-15T17:21:21.072+0000] {taskinstance.py:3280} INFO - 0 downstream tasks scheduled from follow-on schedule check
