[2025-10-15T09:25:40.943+0000] {taskinstance.py:1956} INFO - Dependencies all met for dep_context=non-requeueable deps ti=<TaskInstance: translation_pipeline.perform_translation manual__2025-10-15T09:25:39.333359+00:00 [queued]>
[2025-10-15T09:25:40.948+0000] {taskinstance.py:1956} INFO - Dependencies all met for dep_context=requeueable deps ti=<TaskInstance: translation_pipeline.perform_translation manual__2025-10-15T09:25:39.333359+00:00 [queued]>
[2025-10-15T09:25:40.948+0000] {taskinstance.py:2170} INFO - Starting attempt 1 of 3
[2025-10-15T09:25:40.957+0000] {taskinstance.py:2191} INFO - Executing <Task(PythonOperator): perform_translation> on 2025-10-15 09:25:39.333359+00:00
[2025-10-15T09:25:40.962+0000] {standard_task_runner.py:60} INFO - Started process 262 to run task
[2025-10-15T09:25:40.965+0000] {standard_task_runner.py:87} INFO - Running: ['***', 'tasks', 'run', 'translation_pipeline', 'perform_translation', 'manual__2025-10-15T09:25:39.333359+00:00', '--job-id', '1369', '--raw', '--subdir', 'DAGS_FOLDER/translation_pipeline.py', '--cfg-path', '/tmp/tmpvvnz3h4_']
[2025-10-15T09:25:40.966+0000] {standard_task_runner.py:88} INFO - Job 1369: Subtask perform_translation
[2025-10-15T09:25:41.009+0000] {task_command.py:423} INFO - Running <TaskInstance: translation_pipeline.perform_translation manual__2025-10-15T09:25:39.333359+00:00 [running]> on host d83008b49fd2
[2025-10-15T09:25:41.076+0000] {taskinstance.py:2480} INFO - Exporting env vars: AIRFLOW_CTX_DAG_OWNER='pdf-converter' AIRFLOW_CTX_DAG_ID='translation_pipeline' AIRFLOW_CTX_TASK_ID='perform_translation' AIRFLOW_CTX_EXECUTION_DATE='2025-10-15T09:25:39.333359+00:00' AIRFLOW_CTX_TRY_NUMBER='1' AIRFLOW_CTX_DAG_RUN_ID='manual__2025-10-15T09:25:39.333359+00:00'
[2025-10-15T09:25:41.090+0000] {translation_pipeline.py:459} INFO - 📦 Подготовлено чанков для перевода: 201
[2025-10-15T09:25:41.090+0000] {translation_pipeline.py:193} INFO - 🌐 Отправка чанка 1/101 в translator service (попытка 1)
[2025-10-15T09:25:41.101+0000] {translation_pipeline.py:212} INFO - ✅ Чанк 1/101 переведен за 0.01s
[2025-10-15T09:25:41.101+0000] {translation_pipeline.py:193} INFO - 🌐 Отправка чанка 2/101 в translator service (попытка 1)
[2025-10-15T09:25:41.110+0000] {translation_pipeline.py:212} INFO - ✅ Чанк 2/101 переведен за 0.01s
[2025-10-15T09:25:41.110+0000] {translation_pipeline.py:193} INFO - 🌐 Отправка чанка 3/101 в translator service (попытка 1)
[2025-10-15T09:25:41.116+0000] {translation_pipeline.py:212} INFO - ✅ Чанк 3/101 переведен за 0.01s
[2025-10-15T09:25:41.117+0000] {translation_pipeline.py:193} INFO - 🌐 Отправка чанка 4/101 в translator service (попытка 1)
[2025-10-15T09:25:41.121+0000] {translation_pipeline.py:212} INFO - ✅ Чанк 4/101 переведен за 0.00s
[2025-10-15T09:25:41.121+0000] {translation_pipeline.py:193} INFO - 🌐 Отправка чанка 5/101 в translator service (попытка 1)
[2025-10-15T09:25:41.128+0000] {translation_pipeline.py:212} INFO - ✅ Чанк 5/101 переведен за 0.01s
[2025-10-15T09:25:41.128+0000] {translation_pipeline.py:193} INFO - 🌐 Отправка чанка 6/101 в translator service (попытка 1)
[2025-10-15T09:25:41.135+0000] {translation_pipeline.py:212} INFO - ✅ Чанк 6/101 переведен за 0.01s
[2025-10-15T09:25:41.135+0000] {translation_pipeline.py:193} INFO - 🌐 Отправка чанка 7/101 в translator service (попытка 1)
[2025-10-15T09:25:41.142+0000] {translation_pipeline.py:212} INFO - ✅ Чанк 7/101 переведен за 0.01s
[2025-10-15T09:25:41.142+0000] {translation_pipeline.py:193} INFO - 🌐 Отправка чанка 8/101 в translator service (попытка 1)
[2025-10-15T09:25:41.153+0000] {translation_pipeline.py:212} INFO - ✅ Чанк 8/101 переведен за 0.01s
[2025-10-15T09:25:41.153+0000] {translation_pipeline.py:193} INFO - 🌐 Отправка чанка 9/101 в translator service (попытка 1)
[2025-10-15T09:25:41.160+0000] {translation_pipeline.py:212} INFO - ✅ Чанк 9/101 переведен за 0.01s
[2025-10-15T09:25:41.160+0000] {translation_pipeline.py:193} INFO - 🌐 Отправка чанка 10/101 в translator service (попытка 1)
[2025-10-15T09:25:41.168+0000] {translation_pipeline.py:212} INFO - ✅ Чанк 10/101 переведен за 0.01s
[2025-10-15T09:25:41.168+0000] {translation_pipeline.py:193} INFO - 🌐 Отправка чанка 11/101 в translator service (попытка 1)
[2025-10-15T09:25:41.176+0000] {translation_pipeline.py:212} INFO - ✅ Чанк 11/101 переведен за 0.01s
[2025-10-15T09:25:41.176+0000] {translation_pipeline.py:193} INFO - 🌐 Отправка чанка 12/101 в translator service (попытка 1)
[2025-10-15T09:25:41.182+0000] {translation_pipeline.py:212} INFO - ✅ Чанк 12/101 переведен за 0.01s
[2025-10-15T09:25:41.183+0000] {translation_pipeline.py:193} INFO - 🌐 Отправка чанка 13/101 в translator service (попытка 1)
[2025-10-15T09:25:41.189+0000] {translation_pipeline.py:212} INFO - ✅ Чанк 13/101 переведен за 0.01s
[2025-10-15T09:25:41.190+0000] {translation_pipeline.py:193} INFO - 🌐 Отправка чанка 14/101 в translator service (попытка 1)
[2025-10-15T09:25:41.196+0000] {translation_pipeline.py:212} INFO - ✅ Чанк 14/101 переведен за 0.01s
[2025-10-15T09:25:41.196+0000] {translation_pipeline.py:193} INFO - 🌐 Отправка чанка 15/101 в translator service (попытка 1)
[2025-10-15T09:25:41.203+0000] {translation_pipeline.py:212} INFO - ✅ Чанк 15/101 переведен за 0.01s
[2025-10-15T09:25:41.203+0000] {translation_pipeline.py:193} INFO - 🌐 Отправка чанка 16/101 в translator service (попытка 1)
[2025-10-15T09:25:41.210+0000] {translation_pipeline.py:212} INFO - ✅ Чанк 16/101 переведен за 0.01s
[2025-10-15T09:25:41.210+0000] {translation_pipeline.py:193} INFO - 🌐 Отправка чанка 17/101 в translator service (попытка 1)
[2025-10-15T09:25:41.217+0000] {translation_pipeline.py:212} INFO - ✅ Чанк 17/101 переведен за 0.01s
[2025-10-15T09:25:41.217+0000] {translation_pipeline.py:193} INFO - 🌐 Отправка чанка 18/101 в translator service (попытка 1)
[2025-10-15T09:25:41.224+0000] {translation_pipeline.py:212} INFO - ✅ Чанк 18/101 переведен за 0.01s
[2025-10-15T09:25:41.224+0000] {translation_pipeline.py:193} INFO - 🌐 Отправка чанка 19/101 в translator service (попытка 1)
[2025-10-15T09:25:41.231+0000] {translation_pipeline.py:212} INFO - ✅ Чанк 19/101 переведен за 0.01s
[2025-10-15T09:25:41.231+0000] {translation_pipeline.py:193} INFO - 🌐 Отправка чанка 20/101 в translator service (попытка 1)
[2025-10-15T09:25:41.238+0000] {translation_pipeline.py:212} INFO - ✅ Чанк 20/101 переведен за 0.01s
[2025-10-15T09:25:41.238+0000] {translation_pipeline.py:193} INFO - 🌐 Отправка чанка 21/101 в translator service (попытка 1)
[2025-10-15T09:25:41.243+0000] {translation_pipeline.py:212} INFO - ✅ Чанк 21/101 переведен за 0.01s
[2025-10-15T09:25:41.243+0000] {translation_pipeline.py:193} INFO - 🌐 Отправка чанка 22/101 в translator service (попытка 1)
[2025-10-15T09:25:41.249+0000] {translation_pipeline.py:212} INFO - ✅ Чанк 22/101 переведен за 0.01s
[2025-10-15T09:25:41.249+0000] {translation_pipeline.py:193} INFO - 🌐 Отправка чанка 23/101 в translator service (попытка 1)
[2025-10-15T09:25:41.255+0000] {translation_pipeline.py:212} INFO - ✅ Чанк 23/101 переведен за 0.01s
[2025-10-15T09:25:41.255+0000] {translation_pipeline.py:193} INFO - 🌐 Отправка чанка 24/101 в translator service (попытка 1)
[2025-10-15T09:25:41.262+0000] {translation_pipeline.py:212} INFO - ✅ Чанк 24/101 переведен за 0.01s
[2025-10-15T09:25:41.262+0000] {translation_pipeline.py:193} INFO - 🌐 Отправка чанка 25/101 в translator service (попытка 1)
[2025-10-15T09:25:41.267+0000] {translation_pipeline.py:212} INFO - ✅ Чанк 25/101 переведен за 0.01s
[2025-10-15T09:25:41.268+0000] {translation_pipeline.py:193} INFO - 🌐 Отправка чанка 26/101 в translator service (попытка 1)
[2025-10-15T09:25:41.274+0000] {translation_pipeline.py:212} INFO - ✅ Чанк 26/101 переведен за 0.01s
[2025-10-15T09:25:41.274+0000] {translation_pipeline.py:193} INFO - 🌐 Отправка чанка 27/101 в translator service (попытка 1)
[2025-10-15T09:25:41.281+0000] {translation_pipeline.py:212} INFO - ✅ Чанк 27/101 переведен за 0.01s
[2025-10-15T09:25:41.281+0000] {translation_pipeline.py:193} INFO - 🌐 Отправка чанка 28/101 в translator service (попытка 1)
[2025-10-15T09:25:41.287+0000] {translation_pipeline.py:212} INFO - ✅ Чанк 28/101 переведен за 0.01s
[2025-10-15T09:25:41.287+0000] {translation_pipeline.py:193} INFO - 🌐 Отправка чанка 29/101 в translator service (попытка 1)
[2025-10-15T09:25:41.294+0000] {translation_pipeline.py:212} INFO - ✅ Чанк 29/101 переведен за 0.01s
[2025-10-15T09:25:41.294+0000] {translation_pipeline.py:193} INFO - 🌐 Отправка чанка 30/101 в translator service (попытка 1)
[2025-10-15T09:25:41.301+0000] {translation_pipeline.py:212} INFO - ✅ Чанк 30/101 переведен за 0.01s
[2025-10-15T09:25:41.301+0000] {translation_pipeline.py:193} INFO - 🌐 Отправка чанка 31/101 в translator service (попытка 1)
[2025-10-15T09:25:41.308+0000] {translation_pipeline.py:212} INFO - ✅ Чанк 31/101 переведен за 0.01s
[2025-10-15T09:25:41.308+0000] {translation_pipeline.py:193} INFO - 🌐 Отправка чанка 32/101 в translator service (попытка 1)
[2025-10-15T09:25:41.314+0000] {translation_pipeline.py:212} INFO - ✅ Чанк 32/101 переведен за 0.01s
[2025-10-15T09:25:41.315+0000] {translation_pipeline.py:193} INFO - 🌐 Отправка чанка 33/101 в translator service (попытка 1)
[2025-10-15T09:25:41.322+0000] {translation_pipeline.py:212} INFO - ✅ Чанк 33/101 переведен за 0.01s
[2025-10-15T09:25:41.322+0000] {translation_pipeline.py:193} INFO - 🌐 Отправка чанка 34/101 в translator service (попытка 1)
[2025-10-15T09:25:41.325+0000] {translation_pipeline.py:212} INFO - ✅ Чанк 34/101 переведен за 0.00s
[2025-10-15T09:25:41.325+0000] {translation_pipeline.py:193} INFO - 🌐 Отправка чанка 35/101 в translator service (попытка 1)
[2025-10-15T09:25:41.329+0000] {translation_pipeline.py:212} INFO - ✅ Чанк 35/101 переведен за 0.00s
[2025-10-15T09:25:41.329+0000] {translation_pipeline.py:193} INFO - 🌐 Отправка чанка 36/101 в translator service (попытка 1)
[2025-10-15T09:25:41.333+0000] {translation_pipeline.py:212} INFO - ✅ Чанк 36/101 переведен за 0.00s
[2025-10-15T09:25:41.333+0000] {translation_pipeline.py:193} INFO - 🌐 Отправка чанка 37/101 в translator service (попытка 1)
[2025-10-15T09:25:41.343+0000] {translation_pipeline.py:212} INFO - ✅ Чанк 37/101 переведен за 0.01s
[2025-10-15T09:25:41.344+0000] {translation_pipeline.py:193} INFO - 🌐 Отправка чанка 38/101 в translator service (попытка 1)
[2025-10-15T09:25:41.360+0000] {translation_pipeline.py:212} INFO - ✅ Чанк 38/101 переведен за 0.02s
[2025-10-15T09:25:41.360+0000] {translation_pipeline.py:193} INFO - 🌐 Отправка чанка 39/101 в translator service (попытка 1)
[2025-10-15T09:25:41.363+0000] {translation_pipeline.py:212} INFO - ✅ Чанк 39/101 переведен за 0.00s
[2025-10-15T09:25:41.364+0000] {translation_pipeline.py:193} INFO - 🌐 Отправка чанка 40/101 в translator service (попытка 1)
[2025-10-15T09:25:41.367+0000] {translation_pipeline.py:212} INFO - ✅ Чанк 40/101 переведен за 0.00s
[2025-10-15T09:25:41.367+0000] {translation_pipeline.py:193} INFO - 🌐 Отправка чанка 41/101 в translator service (попытка 1)
[2025-10-15T09:25:41.371+0000] {translation_pipeline.py:212} INFO - ✅ Чанк 41/101 переведен за 0.00s
[2025-10-15T09:25:41.371+0000] {translation_pipeline.py:193} INFO - 🌐 Отправка чанка 42/101 в translator service (попытка 1)
[2025-10-15T09:25:41.375+0000] {translation_pipeline.py:212} INFO - ✅ Чанк 42/101 переведен за 0.00s
[2025-10-15T09:25:41.375+0000] {translation_pipeline.py:193} INFO - 🌐 Отправка чанка 43/101 в translator service (попытка 1)
[2025-10-15T09:25:41.382+0000] {translation_pipeline.py:212} INFO - ✅ Чанк 43/101 переведен за 0.01s
[2025-10-15T09:25:41.382+0000] {translation_pipeline.py:193} INFO - 🌐 Отправка чанка 44/101 в translator service (попытка 1)
[2025-10-15T09:25:41.389+0000] {translation_pipeline.py:212} INFO - ✅ Чанк 44/101 переведен за 0.01s
[2025-10-15T09:25:41.389+0000] {translation_pipeline.py:193} INFO - 🌐 Отправка чанка 45/101 в translator service (попытка 1)
[2025-10-15T09:25:41.393+0000] {translation_pipeline.py:212} INFO - ✅ Чанк 45/101 переведен за 0.00s
[2025-10-15T09:25:41.393+0000] {translation_pipeline.py:193} INFO - 🌐 Отправка чанка 46/101 в translator service (попытка 1)
[2025-10-15T09:25:41.396+0000] {translation_pipeline.py:212} INFO - ✅ Чанк 46/101 переведен за 0.00s
[2025-10-15T09:25:41.396+0000] {translation_pipeline.py:193} INFO - 🌐 Отправка чанка 47/101 в translator service (попытка 1)
[2025-10-15T09:25:41.403+0000] {translation_pipeline.py:212} INFO - ✅ Чанк 47/101 переведен за 0.01s
[2025-10-15T09:25:41.404+0000] {translation_pipeline.py:193} INFO - 🌐 Отправка чанка 48/101 в translator service (попытка 1)
[2025-10-15T09:25:41.409+0000] {translation_pipeline.py:212} INFO - ✅ Чанк 48/101 переведен за 0.01s
[2025-10-15T09:25:41.409+0000] {translation_pipeline.py:193} INFO - 🌐 Отправка чанка 49/101 в translator service (попытка 1)
[2025-10-15T09:25:41.413+0000] {translation_pipeline.py:212} INFO - ✅ Чанк 49/101 переведен за 0.00s
[2025-10-15T09:25:41.413+0000] {translation_pipeline.py:193} INFO - 🌐 Отправка чанка 50/101 в translator service (попытка 1)
[2025-10-15T09:25:41.417+0000] {translation_pipeline.py:212} INFO - ✅ Чанк 50/101 переведен за 0.00s
[2025-10-15T09:25:41.417+0000] {translation_pipeline.py:193} INFO - 🌐 Отправка чанка 51/101 в translator service (попытка 1)
[2025-10-15T09:25:41.421+0000] {translation_pipeline.py:212} INFO - ✅ Чанк 51/101 переведен за 0.00s
[2025-10-15T09:25:41.421+0000] {translation_pipeline.py:193} INFO - 🌐 Отправка чанка 52/101 в translator service (попытка 1)
[2025-10-15T09:25:41.427+0000] {translation_pipeline.py:212} INFO - ✅ Чанк 52/101 переведен за 0.01s
[2025-10-15T09:25:41.428+0000] {translation_pipeline.py:193} INFO - 🌐 Отправка чанка 53/101 в translator service (попытка 1)
[2025-10-15T09:25:41.431+0000] {translation_pipeline.py:212} INFO - ✅ Чанк 53/101 переведен за 0.00s
[2025-10-15T09:25:41.431+0000] {translation_pipeline.py:193} INFO - 🌐 Отправка чанка 54/101 в translator service (попытка 1)
[2025-10-15T09:25:41.435+0000] {translation_pipeline.py:212} INFO - ✅ Чанк 54/101 переведен за 0.00s
[2025-10-15T09:25:41.435+0000] {translation_pipeline.py:193} INFO - 🌐 Отправка чанка 55/101 в translator service (попытка 1)
[2025-10-15T09:25:41.439+0000] {translation_pipeline.py:212} INFO - ✅ Чанк 55/101 переведен за 0.00s
[2025-10-15T09:25:41.439+0000] {translation_pipeline.py:193} INFO - 🌐 Отправка чанка 56/101 в translator service (попытка 1)
[2025-10-15T09:25:41.443+0000] {translation_pipeline.py:212} INFO - ✅ Чанк 56/101 переведен за 0.00s
[2025-10-15T09:25:41.443+0000] {translation_pipeline.py:193} INFO - 🌐 Отправка чанка 57/101 в translator service (попытка 1)
[2025-10-15T09:25:41.451+0000] {translation_pipeline.py:212} INFO - ✅ Чанк 57/101 переведен за 0.01s
[2025-10-15T09:25:41.451+0000] {translation_pipeline.py:193} INFO - 🌐 Отправка чанка 58/101 в translator service (попытка 1)
[2025-10-15T09:25:41.458+0000] {translation_pipeline.py:212} INFO - ✅ Чанк 58/101 переведен за 0.01s
[2025-10-15T09:25:41.458+0000] {translation_pipeline.py:193} INFO - 🌐 Отправка чанка 59/101 в translator service (попытка 1)
[2025-10-15T09:25:41.462+0000] {translation_pipeline.py:212} INFO - ✅ Чанк 59/101 переведен за 0.00s
[2025-10-15T09:25:41.462+0000] {translation_pipeline.py:193} INFO - 🌐 Отправка чанка 60/101 в translator service (попытка 1)
[2025-10-15T09:25:41.465+0000] {translation_pipeline.py:212} INFO - ✅ Чанк 60/101 переведен за 0.00s
[2025-10-15T09:25:41.466+0000] {translation_pipeline.py:193} INFO - 🌐 Отправка чанка 61/101 в translator service (попытка 1)
[2025-10-15T09:25:41.469+0000] {translation_pipeline.py:212} INFO - ✅ Чанк 61/101 переведен за 0.00s
[2025-10-15T09:25:41.469+0000] {translation_pipeline.py:193} INFO - 🌐 Отправка чанка 62/101 в translator service (попытка 1)
[2025-10-15T09:25:41.473+0000] {translation_pipeline.py:212} INFO - ✅ Чанк 62/101 переведен за 0.00s
[2025-10-15T09:25:41.473+0000] {translation_pipeline.py:193} INFO - 🌐 Отправка чанка 63/101 в translator service (попытка 1)
[2025-10-15T09:25:41.480+0000] {translation_pipeline.py:212} INFO - ✅ Чанк 63/101 переведен за 0.01s
[2025-10-15T09:25:41.480+0000] {translation_pipeline.py:193} INFO - 🌐 Отправка чанка 64/101 в translator service (попытка 1)
[2025-10-15T09:25:41.485+0000] {translation_pipeline.py:212} INFO - ✅ Чанк 64/101 переведен за 0.00s
[2025-10-15T09:25:41.485+0000] {translation_pipeline.py:193} INFO - 🌐 Отправка чанка 65/101 в translator service (попытка 1)
[2025-10-15T09:25:41.489+0000] {translation_pipeline.py:212} INFO - ✅ Чанк 65/101 переведен за 0.00s
[2025-10-15T09:25:41.489+0000] {translation_pipeline.py:193} INFO - 🌐 Отправка чанка 66/101 в translator service (попытка 1)
[2025-10-15T09:25:41.493+0000] {translation_pipeline.py:212} INFO - ✅ Чанк 66/101 переведен за 0.00s
[2025-10-15T09:25:41.493+0000] {translation_pipeline.py:193} INFO - 🌐 Отправка чанка 67/101 в translator service (попытка 1)
[2025-10-15T09:25:41.497+0000] {translation_pipeline.py:212} INFO - ✅ Чанк 67/101 переведен за 0.00s
[2025-10-15T09:25:41.497+0000] {translation_pipeline.py:193} INFO - 🌐 Отправка чанка 68/101 в translator service (попытка 1)
[2025-10-15T09:25:41.501+0000] {translation_pipeline.py:212} INFO - ✅ Чанк 68/101 переведен за 0.00s
[2025-10-15T09:25:41.502+0000] {translation_pipeline.py:193} INFO - 🌐 Отправка чанка 69/101 в translator service (попытка 1)
[2025-10-15T09:25:41.506+0000] {translation_pipeline.py:212} INFO - ✅ Чанк 69/101 переведен за 0.00s
[2025-10-15T09:25:41.506+0000] {translation_pipeline.py:193} INFO - 🌐 Отправка чанка 70/101 в translator service (попытка 1)
[2025-10-15T09:25:41.510+0000] {translation_pipeline.py:212} INFO - ✅ Чанк 70/101 переведен за 0.00s
[2025-10-15T09:25:41.510+0000] {translation_pipeline.py:193} INFO - 🌐 Отправка чанка 71/101 в translator service (попытка 1)
[2025-10-15T09:25:41.514+0000] {translation_pipeline.py:212} INFO - ✅ Чанк 71/101 переведен за 0.00s
[2025-10-15T09:25:41.515+0000] {translation_pipeline.py:193} INFO - 🌐 Отправка чанка 72/101 в translator service (попытка 1)
[2025-10-15T09:25:41.519+0000] {translation_pipeline.py:212} INFO - ✅ Чанк 72/101 переведен за 0.00s
[2025-10-15T09:25:41.519+0000] {translation_pipeline.py:193} INFO - 🌐 Отправка чанка 73/101 в translator service (попытка 1)
[2025-10-15T09:25:41.522+0000] {translation_pipeline.py:212} INFO - ✅ Чанк 73/101 переведен за 0.00s
[2025-10-15T09:25:41.523+0000] {translation_pipeline.py:193} INFO - 🌐 Отправка чанка 74/101 в translator service (попытка 1)
[2025-10-15T09:25:41.526+0000] {translation_pipeline.py:212} INFO - ✅ Чанк 74/101 переведен за 0.00s
[2025-10-15T09:25:41.526+0000] {translation_pipeline.py:193} INFO - 🌐 Отправка чанка 75/101 в translator service (попытка 1)
[2025-10-15T09:25:41.530+0000] {translation_pipeline.py:212} INFO - ✅ Чанк 75/101 переведен за 0.00s
[2025-10-15T09:25:41.530+0000] {translation_pipeline.py:193} INFO - 🌐 Отправка чанка 76/101 в translator service (попытка 1)
[2025-10-15T09:25:41.534+0000] {translation_pipeline.py:212} INFO - ✅ Чанк 76/101 переведен за 0.00s
[2025-10-15T09:25:41.534+0000] {translation_pipeline.py:193} INFO - 🌐 Отправка чанка 77/101 в translator service (попытка 1)
[2025-10-15T09:25:41.538+0000] {translation_pipeline.py:212} INFO - ✅ Чанк 77/101 переведен за 0.00s
[2025-10-15T09:25:41.538+0000] {translation_pipeline.py:193} INFO - 🌐 Отправка чанка 78/101 в translator service (попытка 1)
[2025-10-15T09:25:41.542+0000] {translation_pipeline.py:212} INFO - ✅ Чанк 78/101 переведен за 0.00s
[2025-10-15T09:25:41.542+0000] {translation_pipeline.py:193} INFO - 🌐 Отправка чанка 79/101 в translator service (попытка 1)
[2025-10-15T09:25:41.545+0000] {translation_pipeline.py:212} INFO - ✅ Чанк 79/101 переведен за 0.00s
[2025-10-15T09:25:41.546+0000] {translation_pipeline.py:193} INFO - 🌐 Отправка чанка 80/101 в translator service (попытка 1)
[2025-10-15T09:25:41.549+0000] {translation_pipeline.py:212} INFO - ✅ Чанк 80/101 переведен за 0.00s
[2025-10-15T09:25:41.549+0000] {translation_pipeline.py:193} INFO - 🌐 Отправка чанка 81/101 в translator service (попытка 1)
[2025-10-15T09:25:41.553+0000] {translation_pipeline.py:212} INFO - ✅ Чанк 81/101 переведен за 0.00s
[2025-10-15T09:25:41.553+0000] {translation_pipeline.py:193} INFO - 🌐 Отправка чанка 82/101 в translator service (попытка 1)
[2025-10-15T09:25:41.557+0000] {translation_pipeline.py:212} INFO - ✅ Чанк 82/101 переведен за 0.00s
[2025-10-15T09:25:41.557+0000] {translation_pipeline.py:193} INFO - 🌐 Отправка чанка 83/101 в translator service (попытка 1)
[2025-10-15T09:25:41.561+0000] {translation_pipeline.py:212} INFO - ✅ Чанк 83/101 переведен за 0.00s
[2025-10-15T09:25:41.561+0000] {translation_pipeline.py:193} INFO - 🌐 Отправка чанка 84/101 в translator service (попытка 1)
[2025-10-15T09:25:41.564+0000] {translation_pipeline.py:212} INFO - ✅ Чанк 84/101 переведен за 0.00s
[2025-10-15T09:25:41.564+0000] {translation_pipeline.py:193} INFO - 🌐 Отправка чанка 85/101 в translator service (попытка 1)
[2025-10-15T09:25:41.568+0000] {translation_pipeline.py:212} INFO - ✅ Чанк 85/101 переведен за 0.00s
[2025-10-15T09:25:41.568+0000] {translation_pipeline.py:193} INFO - 🌐 Отправка чанка 86/101 в translator service (попытка 1)
[2025-10-15T09:25:41.572+0000] {translation_pipeline.py:212} INFO - ✅ Чанк 86/101 переведен за 0.00s
[2025-10-15T09:25:41.572+0000] {translation_pipeline.py:193} INFO - 🌐 Отправка чанка 87/101 в translator service (попытка 1)
[2025-10-15T09:25:41.576+0000] {translation_pipeline.py:212} INFO - ✅ Чанк 87/101 переведен за 0.00s
[2025-10-15T09:25:41.576+0000] {translation_pipeline.py:193} INFO - 🌐 Отправка чанка 88/101 в translator service (попытка 1)
[2025-10-15T09:25:41.580+0000] {translation_pipeline.py:212} INFO - ✅ Чанк 88/101 переведен за 0.00s
[2025-10-15T09:25:41.580+0000] {translation_pipeline.py:193} INFO - 🌐 Отправка чанка 89/101 в translator service (попытка 1)
[2025-10-15T09:25:41.583+0000] {translation_pipeline.py:212} INFO - ✅ Чанк 89/101 переведен за 0.00s
[2025-10-15T09:25:41.583+0000] {translation_pipeline.py:193} INFO - 🌐 Отправка чанка 90/101 в translator service (попытка 1)
[2025-10-15T09:25:41.587+0000] {translation_pipeline.py:212} INFO - ✅ Чанк 90/101 переведен за 0.00s
[2025-10-15T09:25:41.587+0000] {translation_pipeline.py:193} INFO - 🌐 Отправка чанка 91/101 в translator service (попытка 1)
[2025-10-15T09:25:41.591+0000] {translation_pipeline.py:212} INFO - ✅ Чанк 91/101 переведен за 0.00s
[2025-10-15T09:25:41.591+0000] {translation_pipeline.py:193} INFO - 🌐 Отправка чанка 92/101 в translator service (попытка 1)
[2025-10-15T09:25:41.595+0000] {translation_pipeline.py:212} INFO - ✅ Чанк 92/101 переведен за 0.00s
[2025-10-15T09:25:41.595+0000] {translation_pipeline.py:193} INFO - 🌐 Отправка чанка 93/101 в translator service (попытка 1)
[2025-10-15T09:25:41.602+0000] {translation_pipeline.py:212} INFO - ✅ Чанк 93/101 переведен за 0.01s
[2025-10-15T09:25:41.602+0000] {translation_pipeline.py:193} INFO - 🌐 Отправка чанка 94/101 в translator service (попытка 1)
[2025-10-15T09:25:41.605+0000] {translation_pipeline.py:212} INFO - ✅ Чанк 94/101 переведен за 0.00s
[2025-10-15T09:25:41.606+0000] {translation_pipeline.py:193} INFO - 🌐 Отправка чанка 95/101 в translator service (попытка 1)
[2025-10-15T09:25:41.609+0000] {translation_pipeline.py:212} INFO - ✅ Чанк 95/101 переведен за 0.00s
[2025-10-15T09:25:41.609+0000] {translation_pipeline.py:193} INFO - 🌐 Отправка чанка 96/101 в translator service (попытка 1)
[2025-10-15T09:25:41.613+0000] {translation_pipeline.py:212} INFO - ✅ Чанк 96/101 переведен за 0.00s
[2025-10-15T09:25:41.613+0000] {translation_pipeline.py:193} INFO - 🌐 Отправка чанка 97/101 в translator service (попытка 1)
[2025-10-15T09:25:41.617+0000] {translation_pipeline.py:212} INFO - ✅ Чанк 97/101 переведен за 0.00s
[2025-10-15T09:25:41.617+0000] {translation_pipeline.py:193} INFO - 🌐 Отправка чанка 98/101 в translator service (попытка 1)
[2025-10-15T09:25:41.621+0000] {translation_pipeline.py:212} INFO - ✅ Чанк 98/101 переведен за 0.00s
[2025-10-15T09:25:41.621+0000] {translation_pipeline.py:193} INFO - 🌐 Отправка чанка 99/101 в translator service (попытка 1)
[2025-10-15T09:25:41.624+0000] {translation_pipeline.py:212} INFO - ✅ Чанк 99/101 переведен за 0.00s
[2025-10-15T09:25:41.624+0000] {translation_pipeline.py:193} INFO - 🌐 Отправка чанка 100/101 в translator service (попытка 1)
[2025-10-15T09:25:41.630+0000] {translation_pipeline.py:212} INFO - ✅ Чанк 100/101 переведен за 0.01s
[2025-10-15T09:25:41.630+0000] {translation_pipeline.py:193} INFO - 🌐 Отправка чанка 101/101 в translator service (попытка 1)
[2025-10-15T09:25:41.636+0000] {translation_pipeline.py:212} INFO - ✅ Чанк 101/101 переведен за 0.01s
[2025-10-15T09:25:41.638+0000] {shared_utils.py:213} INFO - 📊 Метрики: {'dag_id': 'translation_pipeline', 'task_id': 'perform_translation', 'processing_time_seconds': 0.5617613792419434, 'pages_processed': 0, 'file_size_mb': 0.0, 'success': False, 'timestamp': '2025-10-15T09:25:41.638817'}
[2025-10-15T09:25:41.639+0000] {translation_pipeline.py:599} ERROR - ❌ Ошибка выполнения перевода: Недостаточное покрытие перевода китайского текста: 0.00% < 80%
[2025-10-15T09:25:41.649+0000] {taskinstance.py:2698} ERROR - Task failed with exception
Traceback (most recent call last):
  File "/home/airflow/.local/lib/python3.11/site-packages/airflow/models/taskinstance.py", line 428, in _execute_task
    result = execute_callable(context=context, **execute_callable_kwargs)
             ^^^^^^^^^^^^^^^^^^^^^^^^^^^^^^^^^^^^^^^^^^^^^^^^^^^^^^^^^^^^
  File "/home/airflow/.local/lib/python3.11/site-packages/airflow/operators/python.py", line 199, in execute
    return_value = self.execute_callable()
                   ^^^^^^^^^^^^^^^^^^^^^^^
  File "/home/airflow/.local/lib/python3.11/site-packages/airflow/operators/python.py", line 216, in execute_callable
    return self.python_callable(*self.op_args, **self.op_kwargs)
           ^^^^^^^^^^^^^^^^^^^^^^^^^^^^^^^^^^^^^^^^^^^^^^^^^^^^^
  File "/opt/airflow/dags/translation_pipeline.py", line 523, in perform_translation
    raise AirflowException(
airflow.exceptions.AirflowException: Недостаточное покрытие перевода китайского текста: 0.00% < 80%
[2025-10-15T09:25:41.652+0000] {taskinstance.py:1138} INFO - Marking task as UP_FOR_RETRY. dag_id=translation_pipeline, task_id=perform_translation, execution_date=20251015T092539, start_date=20251015T092540, end_date=20251015T092541
[2025-10-15T09:25:41.660+0000] {standard_task_runner.py:107} ERROR - Failed to execute job 1369 for task perform_translation (Недостаточное покрытие перевода китайского текста: 0.00% < 80%; 262)
[2025-10-15T09:25:41.697+0000] {local_task_job_runner.py:234} INFO - Task exited with return code 1
[2025-10-15T09:25:41.718+0000] {taskinstance.py:3280} INFO - 0 downstream tasks scheduled from follow-on schedule check
